
*** Running vivado
    with args -log CPU_IO_Controller_0_0.vds -m64 -product Vivado -mode batch -messageDb vivado.pb -notrace -source CPU_IO_Controller_0_0.tcl



****** Vivado v2024.1.2 (64-bit)
  **** SW Build 5164865 on Thu Sep  5 14:37:11 MDT 2024
  **** IP Build 5164407 on Fri Sep  6 08:18:11 MDT 2024
  **** SharedData Build 5164864 on Thu Sep 05 13:09:09 MDT 2024
  **** Start of session at: Sat Oct 12 00:19:21 2024
    ** Copyright 1986-2022 Xilinx, Inc. All Rights Reserved.
    ** Copyright 2022-2024 Advanced Micro Devices, Inc. All Rights Reserved.

source CPU_IO_Controller_0_0.tcl -notrace
create_project: Time (s): cpu = 00:00:06 ; elapsed = 00:00:05 . Memory (MB): peak = 534.172 ; gain = 147.316
INFO: [IP_Flow 19-234] Refreshing IP repositories
INFO: [IP_Flow 19-1704] No user IP repositories specified
INFO: [IP_Flow 19-2313] Loaded Vivado IP repository 'C:/Xilinx/Vivado/2024.1/data/ip'.
Command: synth_design -top CPU_IO_Controller_0_0 -part xc7z020clg484-1 -incremental_mode off -mode out_of_context
Starting synth_design
Attempting to get a license for feature 'Synthesis' and/or device 'xc7z020'
INFO: [Common 17-349] Got license for feature 'Synthesis' and/or device 'xc7z020'
INFO: [Device 21-403] Loading part xc7z020clg484-1
INFO: [Device 21-9227] Part: xc7z020clg484-1 does not have CEAM library.
INFO: [Synth 8-7079] Multithreading enabled for synth_design using a maximum of 2 processes.
INFO: [Synth 8-7078] Launching helper process for spawning children vivado processes
INFO: [Synth 8-7075] Helper process launched with PID 4416
---------------------------------------------------------------------------------
Starting RTL Elaboration : Time (s): cpu = 00:00:04 ; elapsed = 00:00:04 . Memory (MB): peak = 1424.164 ; gain = 446.586
---------------------------------------------------------------------------------
INFO: [Synth 8-638] synthesizing module 'CPU_IO_Controller_0_0' [y:/C++/Uni-CPU/CPU_Rev3/CPU_Rev3.gen/sources_1/bd/CPU/ip/CPU_IO_Controller_0_0/synth/CPU_IO_Controller_0_0.vhd:72]
INFO: [Synth 8-3491] module 'IO_Controller' declared at 'Y:/C++/Uni-CPU/CPU_Rev3/CPU_Rev3.srcs/sources_1/new/IO-Controller.vhd:5' bound to instance 'U0' of component 'IO_Controller' [y:/C++/Uni-CPU/CPU_Rev3/CPU_Rev3.gen/sources_1/bd/CPU/ip/CPU_IO_Controller_0_0/synth/CPU_IO_Controller_0_0.vhd:105]
INFO: [Synth 8-638] synthesizing module 'IO_Controller' [Y:/C++/Uni-CPU/CPU_Rev3/CPU_Rev3.srcs/sources_1/new/IO-Controller.vhd:21]
INFO: [Synth 8-256] done synthesizing module 'IO_Controller' (0#1) [Y:/C++/Uni-CPU/CPU_Rev3/CPU_Rev3.srcs/sources_1/new/IO-Controller.vhd:21]
INFO: [Synth 8-256] done synthesizing module 'CPU_IO_Controller_0_0' (0#1) [y:/C++/Uni-CPU/CPU_Rev3/CPU_Rev3.gen/sources_1/bd/CPU/ip/CPU_IO_Controller_0_0/synth/CPU_IO_Controller_0_0.vhd:72]
WARNING: [Synth 8-7129] Port data_in[63] in module IO_Controller is either unconnected or has no load
WARNING: [Synth 8-7129] Port data_in[62] in module IO_Controller is either unconnected or has no load
WARNING: [Synth 8-7129] Port data_in[61] in module IO_Controller is either unconnected or has no load
WARNING: [Synth 8-7129] Port data_in[60] in module IO_Controller is either unconnected or has no load
WARNING: [Synth 8-7129] Port data_in[59] in module IO_Controller is either unconnected or has no load
WARNING: [Synth 8-7129] Port data_in[58] in module IO_Controller is either unconnected or has no load
WARNING: [Synth 8-7129] Port data_in[57] in module IO_Controller is either unconnected or has no load
WARNING: [Synth 8-7129] Port data_in[56] in module IO_Controller is either unconnected or has no load
WARNING: [Synth 8-7129] Port data_in[55] in module IO_Controller is either unconnected or has no load
WARNING: [Synth 8-7129] Port data_in[54] in module IO_Controller is either unconnected or has no load
WARNING: [Synth 8-7129] Port data_in[53] in module IO_Controller is either unconnected or has no load
WARNING: [Synth 8-7129] Port data_in[52] in module IO_Controller is either unconnected or has no load
WARNING: [Synth 8-7129] Port data_in[51] in module IO_Controller is either unconnected or has no load
WARNING: [Synth 8-7129] Port data_in[50] in module IO_Controller is either unconnected or has no load
WARNING: [Synth 8-7129] Port data_in[49] in module IO_Controller is either unconnected or has no load
WARNING: [Synth 8-7129] Port data_in[48] in module IO_Controller is either unconnected or has no load
WARNING: [Synth 8-7129] Port data_in[47] in module IO_Controller is either unconnected or has no load
WARNING: [Synth 8-7129] Port data_in[46] in module IO_Controller is either unconnected or has no load
WARNING: [Synth 8-7129] Port data_in[45] in module IO_Controller is either unconnected or has no load
WARNING: [Synth 8-7129] Port data_in[44] in module IO_Controller is either unconnected or has no load
WARNING: [Synth 8-7129] Port data_in[43] in module IO_Controller is either unconnected or has no load
WARNING: [Synth 8-7129] Port data_in[42] in module IO_Controller is either unconnected or has no load
WARNING: [Synth 8-7129] Port data_in[41] in module IO_Controller is either unconnected or has no load
WARNING: [Synth 8-7129] Port data_in[40] in module IO_Controller is either unconnected or has no load
WARNING: [Synth 8-7129] Port data_in[39] in module IO_Controller is either unconnected or has no load
WARNING: [Synth 8-7129] Port data_in[38] in module IO_Controller is either unconnected or has no load
WARNING: [Synth 8-7129] Port data_in[37] in module IO_Controller is either unconnected or has no load
WARNING: [Synth 8-7129] Port data_in[36] in module IO_Controller is either unconnected or has no load
WARNING: [Synth 8-7129] Port data_in[35] in module IO_Controller is either unconnected or has no load
WARNING: [Synth 8-7129] Port data_in[34] in module IO_Controller is either unconnected or has no load
WARNING: [Synth 8-7129] Port data_in[33] in module IO_Controller is either unconnected or has no load
WARNING: [Synth 8-7129] Port data_in[32] in module IO_Controller is either unconnected or has no load
WARNING: [Synth 8-7129] Port data_in[31] in module IO_Controller is either unconnected or has no load
WARNING: [Synth 8-7129] Port data_in[30] in module IO_Controller is either unconnected or has no load
WARNING: [Synth 8-7129] Port data_in[29] in module IO_Controller is either unconnected or has no load
WARNING: [Synth 8-7129] Port data_in[28] in module IO_Controller is either unconnected or has no load
WARNING: [Synth 8-7129] Port data_in[27] in module IO_Controller is either unconnected or has no load
WARNING: [Synth 8-7129] Port data_in[26] in module IO_Controller is either unconnected or has no load
WARNING: [Synth 8-7129] Port data_in[25] in module IO_Controller is either unconnected or has no load
WARNING: [Synth 8-7129] Port data_in[24] in module IO_Controller is either unconnected or has no load
WARNING: [Synth 8-7129] Port data_in[23] in module IO_Controller is either unconnected or has no load
WARNING: [Synth 8-7129] Port data_in[22] in module IO_Controller is either unconnected or has no load
WARNING: [Synth 8-7129] Port data_in[21] in module IO_Controller is either unconnected or has no load
WARNING: [Synth 8-7129] Port data_in[20] in module IO_Controller is either unconnected or has no load
WARNING: [Synth 8-7129] Port data_in[19] in module IO_Controller is either unconnected or has no load
WARNING: [Synth 8-7129] Port data_in[18] in module IO_Controller is either unconnected or has no load
WARNING: [Synth 8-7129] Port data_in[17] in module IO_Controller is either unconnected or has no load
WARNING: [Synth 8-7129] Port data_in[16] in module IO_Controller is either unconnected or has no load
WARNING: [Synth 8-7129] Port data_in[15] in module IO_Controller is either unconnected or has no load
WARNING: [Synth 8-7129] Port data_in[14] in module IO_Controller is either unconnected or has no load
WARNING: [Synth 8-7129] Port data_in[13] in module IO_Controller is either unconnected or has no load
WARNING: [Synth 8-7129] Port data_in[12] in module IO_Controller is either unconnected or has no load
WARNING: [Synth 8-7129] Port data_in[11] in module IO_Controller is either unconnected or has no load
WARNING: [Synth 8-7129] Port data_in[10] in module IO_Controller is either unconnected or has no load
WARNING: [Synth 8-7129] Port data_in[9] in module IO_Controller is either unconnected or has no load
WARNING: [Synth 8-7129] Port data_in[8] in module IO_Controller is either unconnected or has no load
WARNING: [Synth 8-7129] Port data_in[7] in module IO_Controller is either unconnected or has no load
WARNING: [Synth 8-7129] Port data_in[6] in module IO_Controller is either unconnected or has no load
WARNING: [Synth 8-7129] Port data_in[5] in module IO_Controller is either unconnected or has no load
WARNING: [Synth 8-7129] Port data_in[4] in module IO_Controller is either unconnected or has no load
WARNING: [Synth 8-7129] Port data_in[3] in module IO_Controller is either unconnected or has no load
WARNING: [Synth 8-7129] Port data_in[2] in module IO_Controller is either unconnected or has no load
WARNING: [Synth 8-7129] Port data_in[1] in module IO_Controller is either unconnected or has no load
---------------------------------------------------------------------------------
Finished RTL Elaboration : Time (s): cpu = 00:00:05 ; elapsed = 00:00:05 . Memory (MB): peak = 1536.965 ; gain = 559.387
---------------------------------------------------------------------------------
---------------------------------------------------------------------------------
Start Handling Custom Attributes
---------------------------------------------------------------------------------
---------------------------------------------------------------------------------
Finished Handling Custom Attributes : Time (s): cpu = 00:00:05 ; elapsed = 00:00:05 . Memory (MB): peak = 1536.965 ; gain = 559.387
---------------------------------------------------------------------------------
---------------------------------------------------------------------------------
Finished RTL Optimization Phase 1 : Time (s): cpu = 00:00:05 ; elapsed = 00:00:05 . Memory (MB): peak = 1536.965 ; gain = 559.387
---------------------------------------------------------------------------------
Netlist sorting complete. Time (s): cpu = 00:00:00 ; elapsed = 00:00:00.002 . Memory (MB): peak = 1536.965 ; gain = 0.000
INFO: [Project 1-570] Preparing netlist for logic optimization

Processing XDC Constraints
Initializing timing engine
Completed Processing XDC Constraints

Netlist sorting complete. Time (s): cpu = 00:00:00 ; elapsed = 00:00:00 . Memory (MB): peak = 1609.715 ; gain = 0.000
INFO: [Project 1-111] Unisim Transformation Summary:
No Unisim elements were transformed.

Constraint Validation Runtime : Time (s): cpu = 00:00:00 ; elapsed = 00:00:00.024 . Memory (MB): peak = 1609.980 ; gain = 0.266
INFO: [Designutils 20-5008] Incremental synthesis strategy off
---------------------------------------------------------------------------------
Finished Constraint Validation : Time (s): cpu = 00:00:10 ; elapsed = 00:00:10 . Memory (MB): peak = 1609.980 ; gain = 632.402
---------------------------------------------------------------------------------
---------------------------------------------------------------------------------
Start Loading Part and Timing Information
---------------------------------------------------------------------------------
Loading part: xc7z020clg484-1
---------------------------------------------------------------------------------
Finished Loading Part and Timing Information : Time (s): cpu = 00:00:10 ; elapsed = 00:00:10 . Memory (MB): peak = 1609.980 ; gain = 632.402
---------------------------------------------------------------------------------
---------------------------------------------------------------------------------
Start Applying 'set_property' XDC Constraints
---------------------------------------------------------------------------------
---------------------------------------------------------------------------------
Finished applying 'set_property' XDC Constraints : Time (s): cpu = 00:00:10 ; elapsed = 00:00:10 . Memory (MB): peak = 1609.980 ; gain = 632.402
---------------------------------------------------------------------------------
---------------------------------------------------------------------------------
Finished RTL Optimization Phase 2 : Time (s): cpu = 00:00:10 ; elapsed = 00:00:10 . Memory (MB): peak = 1609.980 ; gain = 632.402
---------------------------------------------------------------------------------
---------------------------------------------------------------------------------
Start RTL Component Statistics 
---------------------------------------------------------------------------------
Detailed RTL Component Info : 
+---Registers : 
	               64 Bit    Registers := 1     
	                1 Bit    Registers := 3     
+---Muxes : 
	   2 Input   64 Bit        Muxes := 1     
	   4 Input   64 Bit        Muxes := 1     
	   2 Input    1 Bit        Muxes := 4     
	   4 Input    1 Bit        Muxes := 4     
---------------------------------------------------------------------------------
Finished RTL Component Statistics 
---------------------------------------------------------------------------------
---------------------------------------------------------------------------------
Start Part Resource Summary
---------------------------------------------------------------------------------
Part Resources:
DSPs: 220 (col length:60)
BRAMs: 280 (col length: RAMB18 60 RAMB36 30)
---------------------------------------------------------------------------------
Finished Part Resource Summary
---------------------------------------------------------------------------------
---------------------------------------------------------------------------------
Start Cross Boundary and Area Optimization
---------------------------------------------------------------------------------
WARNING: [Synth 8-7080] Parallel synthesis criteria is not met
WARNING: [Synth 8-7129] Port data_in[63] in module CPU_IO_Controller_0_0 is either unconnected or has no load
WARNING: [Synth 8-7129] Port data_in[62] in module CPU_IO_Controller_0_0 is either unconnected or has no load
WARNING: [Synth 8-7129] Port data_in[61] in module CPU_IO_Controller_0_0 is either unconnected or has no load
WARNING: [Synth 8-7129] Port data_in[60] in module CPU_IO_Controller_0_0 is either unconnected or has no load
WARNING: [Synth 8-7129] Port data_in[59] in module CPU_IO_Controller_0_0 is either unconnected or has no load
WARNING: [Synth 8-7129] Port data_in[58] in module CPU_IO_Controller_0_0 is either unconnected or has no load
WARNING: [Synth 8-7129] Port data_in[57] in module CPU_IO_Controller_0_0 is either unconnected or has no load
WARNING: [Synth 8-7129] Port data_in[56] in module CPU_IO_Controller_0_0 is either unconnected or has no load
WARNING: [Synth 8-7129] Port data_in[55] in module CPU_IO_Controller_0_0 is either unconnected or has no load
WARNING: [Synth 8-7129] Port data_in[54] in module CPU_IO_Controller_0_0 is either unconnected or has no load
WARNING: [Synth 8-7129] Port data_in[53] in module CPU_IO_Controller_0_0 is either unconnected or has no load
WARNING: [Synth 8-7129] Port data_in[52] in module CPU_IO_Controller_0_0 is either unconnected or has no load
WARNING: [Synth 8-7129] Port data_in[51] in module CPU_IO_Controller_0_0 is either unconnected or has no load
WARNING: [Synth 8-7129] Port data_in[50] in module CPU_IO_Controller_0_0 is either unconnected or has no load
WARNING: [Synth 8-7129] Port data_in[49] in module CPU_IO_Controller_0_0 is either unconnected or has no load
WARNING: [Synth 8-7129] Port data_in[48] in module CPU_IO_Controller_0_0 is either unconnected or has no load
WARNING: [Synth 8-7129] Port data_in[47] in module CPU_IO_Controller_0_0 is either unconnected or has no load
WARNING: [Synth 8-7129] Port data_in[46] in module CPU_IO_Controller_0_0 is either unconnected or has no load
WARNING: [Synth 8-7129] Port data_in[45] in module CPU_IO_Controller_0_0 is either unconnected or has no load
WARNING: [Synth 8-7129] Port data_in[44] in module CPU_IO_Controller_0_0 is either unconnected or has no load
WARNING: [Synth 8-7129] Port data_in[43] in module CPU_IO_Controller_0_0 is either unconnected or has no load
WARNING: [Synth 8-7129] Port data_in[42] in module CPU_IO_Controller_0_0 is either unconnected or has no load
WARNING: [Synth 8-7129] Port data_in[41] in module CPU_IO_Controller_0_0 is either unconnected or has no load
WARNING: [Synth 8-7129] Port data_in[40] in module CPU_IO_Controller_0_0 is either unconnected or has no load
WARNING: [Synth 8-7129] Port data_in[39] in module CPU_IO_Controller_0_0 is either unconnected or has no load
WARNING: [Synth 8-7129] Port data_in[38] in module CPU_IO_Controller_0_0 is either unconnected or has no load
WARNING: [Synth 8-7129] Port data_in[37] in module CPU_IO_Controller_0_0 is either unconnected or has no load
WARNING: [Synth 8-7129] Port data_in[36] in module CPU_IO_Controller_0_0 is either unconnected or has no load
WARNING: [Synth 8-7129] Port data_in[35] in module CPU_IO_Controller_0_0 is either unconnected or has no load
WARNING: [Synth 8-7129] Port data_in[34] in module CPU_IO_Controller_0_0 is either unconnected or has no load
WARNING: [Synth 8-7129] Port data_in[33] in module CPU_IO_Controller_0_0 is either unconnected or has no load
WARNING: [Synth 8-7129] Port data_in[32] in module CPU_IO_Controller_0_0 is either unconnected or has no load
WARNING: [Synth 8-7129] Port data_in[31] in module CPU_IO_Controller_0_0 is either unconnected or has no load
WARNING: [Synth 8-7129] Port data_in[30] in module CPU_IO_Controller_0_0 is either unconnected or has no load
WARNING: [Synth 8-7129] Port data_in[29] in module CPU_IO_Controller_0_0 is either unconnected or has no load
WARNING: [Synth 8-7129] Port data_in[28] in module CPU_IO_Controller_0_0 is either unconnected or has no load
WARNING: [Synth 8-7129] Port data_in[27] in module CPU_IO_Controller_0_0 is either unconnected or has no load
INFO: [Common 17-14] Message 'Synth 8-7129' appears 100 times and further instances of the messages will be disabled. Use the Tcl command set_msg_config to change the current settings.
---------------------------------------------------------------------------------
Finished Cross Boundary and Area Optimization : Time (s): cpu = 00:00:11 ; elapsed = 00:00:11 . Memory (MB): peak = 1609.980 ; gain = 632.402
---------------------------------------------------------------------------------
---------------------------------------------------------------------------------
Start Applying XDC Timing Constraints
---------------------------------------------------------------------------------
---------------------------------------------------------------------------------
Finished Applying XDC Timing Constraints : Time (s): cpu = 00:00:15 ; elapsed = 00:00:15 . Memory (MB): peak = 1609.980 ; gain = 632.402
---------------------------------------------------------------------------------
---------------------------------------------------------------------------------
Start Timing Optimization
---------------------------------------------------------------------------------
---------------------------------------------------------------------------------
Finished Timing Optimization : Time (s): cpu = 00:00:15 ; elapsed = 00:00:15 . Memory (MB): peak = 1609.980 ; gain = 632.402
---------------------------------------------------------------------------------
---------------------------------------------------------------------------------
Start Technology Mapping
---------------------------------------------------------------------------------
---------------------------------------------------------------------------------
Finished Technology Mapping : Time (s): cpu = 00:00:15 ; elapsed = 00:00:15 . Memory (MB): peak = 1609.980 ; gain = 632.402
---------------------------------------------------------------------------------
---------------------------------------------------------------------------------
Start IO Insertion
---------------------------------------------------------------------------------
---------------------------------------------------------------------------------
Start Flattening Before IO Insertion
---------------------------------------------------------------------------------
---------------------------------------------------------------------------------
Finished Flattening Before IO Insertion
---------------------------------------------------------------------------------
---------------------------------------------------------------------------------
Start Final Netlist Cleanup
---------------------------------------------------------------------------------
---------------------------------------------------------------------------------
Finished Final Netlist Cleanup
---------------------------------------------------------------------------------
---------------------------------------------------------------------------------
Finished IO Insertion : Time (s): cpu = 00:00:18 ; elapsed = 00:00:18 . Memory (MB): peak = 1609.980 ; gain = 632.402
---------------------------------------------------------------------------------
---------------------------------------------------------------------------------
Start Renaming Generated Instances
---------------------------------------------------------------------------------
---------------------------------------------------------------------------------
Finished Renaming Generated Instances : Time (s): cpu = 00:00:18 ; elapsed = 00:00:18 . Memory (MB): peak = 1609.980 ; gain = 632.402
---------------------------------------------------------------------------------
---------------------------------------------------------------------------------
Start Rebuilding User Hierarchy
---------------------------------------------------------------------------------
---------------------------------------------------------------------------------
Finished Rebuilding User Hierarchy : Time (s): cpu = 00:00:18 ; elapsed = 00:00:18 . Memory (MB): peak = 1609.980 ; gain = 632.402
---------------------------------------------------------------------------------
---------------------------------------------------------------------------------
Start Renaming Generated Ports
---------------------------------------------------------------------------------
---------------------------------------------------------------------------------
Finished Renaming Generated Ports : Time (s): cpu = 00:00:18 ; elapsed = 00:00:18 . Memory (MB): peak = 1609.980 ; gain = 632.402
---------------------------------------------------------------------------------
---------------------------------------------------------------------------------
Start Handling Custom Attributes
---------------------------------------------------------------------------------
---------------------------------------------------------------------------------
Finished Handling Custom Attributes : Time (s): cpu = 00:00:18 ; elapsed = 00:00:18 . Memory (MB): peak = 1609.980 ; gain = 632.402
---------------------------------------------------------------------------------
---------------------------------------------------------------------------------
Start Renaming Generated Nets
---------------------------------------------------------------------------------
---------------------------------------------------------------------------------
Finished Renaming Generated Nets : Time (s): cpu = 00:00:18 ; elapsed = 00:00:18 . Memory (MB): peak = 1609.980 ; gain = 632.402
---------------------------------------------------------------------------------
---------------------------------------------------------------------------------
Start Writing Synthesis Report
---------------------------------------------------------------------------------

Report BlackBoxes: 
+-+--------------+----------+
| |BlackBox name |Instances |
+-+--------------+----------+
+-+--------------+----------+

Report Cell Usage: 
+------+-----+------+
|      |Cell |Count |
+------+-----+------+
|1     |LUT3 |     1|
|2     |LUT4 |     1|
|3     |LUT5 |     2|
|4     |LUT6 |     2|
|5     |FDCE |     4|
+------+-----+------+
---------------------------------------------------------------------------------
Finished Writing Synthesis Report : Time (s): cpu = 00:00:18 ; elapsed = 00:00:18 . Memory (MB): peak = 1609.980 ; gain = 632.402
---------------------------------------------------------------------------------
Synthesis finished with 0 errors, 0 critical warnings and 64 warnings.
Synthesis Optimization Runtime : Time (s): cpu = 00:00:12 ; elapsed = 00:00:17 . Memory (MB): peak = 1609.980 ; gain = 559.387
Synthesis Optimization Complete : Time (s): cpu = 00:00:18 ; elapsed = 00:00:18 . Memory (MB): peak = 1609.980 ; gain = 632.402
INFO: [Project 1-571] Translating synthesized netlist
Netlist sorting complete. Time (s): cpu = 00:00:00 ; elapsed = 00:00:00.001 . Memory (MB): peak = 1609.980 ; gain = 0.000
INFO: [Project 1-570] Preparing netlist for logic optimization
INFO: [Opt 31-138] Pushed 0 inverter(s) to 0 load pin(s).
Netlist sorting complete. Time (s): cpu = 00:00:00 ; elapsed = 00:00:00 . Memory (MB): peak = 1609.980 ; gain = 0.000
INFO: [Project 1-111] Unisim Transformation Summary:
No Unisim elements were transformed.

Synth Design complete | Checksum: 46cc5be8
INFO: [Common 17-83] Releasing license: Synthesis
23 Infos, 101 Warnings, 0 Critical Warnings and 0 Errors encountered.
synth_design completed successfully
synth_design: Time (s): cpu = 00:00:21 ; elapsed = 00:00:22 . Memory (MB): peak = 1609.980 ; gain = 1061.902
Write ShapeDB Complete: Time (s): cpu = 00:00:00 ; elapsed = 00:00:00.001 . Memory (MB): peak = 1609.980 ; gain = 0.000
INFO: [Common 17-1381] The checkpoint 'Y:/C++/Uni-CPU/CPU_Rev3/CPU_Rev3.runs/CPU_IO_Controller_0_0_synth_1/CPU_IO_Controller_0_0.dcp' has been generated.
INFO: [Vivado 12-24828] Executing command : report_utilization -file CPU_IO_Controller_0_0_utilization_synth.rpt -pb CPU_IO_Controller_0_0_utilization_synth.pb
INFO: [Common 17-206] Exiting Vivado at Sat Oct 12 00:19:52 2024...
