srcscan starts
INFO: analyzing module BUS (VERI-9002)
INFO: analyzing module CU (VERI-9002)
C:/Users/zingy/AppData/Local/Temp/VivadoEditorAssist4194948690142313483.tmp(30): INFO: undeclared symbol 'DeviceSelect', assumed default net type 'wire' (VERI-2561)
C:/Users/zingy/AppData/Local/Temp/VivadoEditorAssist4194948690142313483.tmp(35): WARNING: data object 'CIR' is already declared (VERI-2170)
C:/Users/zingy/AppData/Local/Temp/VivadoEditorAssist4194948690142313483.tmp(32): INFO: previous declaration of 'CIR' is from here (VERI-1967)
C:/Users/zingy/AppData/Local/Temp/VivadoEditorAssist4194948690142313483.tmp(35): WARNING: second declaration of 'CIR' is ignored (VERI-1329)
C:/Users/zingy/AppData/Local/Temp/VivadoEditorAssist4194948690142313483.tmp(49): ERROR: procedural assignment to a non-register Control is not permitted, left-hand side should be reg/integer/time/genvar (VERI-9037)
C:/Users/zingy/AppData/Local/Temp/VivadoEditorAssist4194948690142313483.tmp(50): ERROR: procedural assignment to a non-register Data is not permitted, left-hand side should be reg/integer/time/genvar (VERI-9037)
C:/Users/zingy/AppData/Local/Temp/VivadoEditorAssist4194948690142313483.tmp(51): ERROR: procedural assignment to a non-register Address is not permitted, left-hand side should be reg/integer/time/genvar (VERI-9037)
C:/Users/zingy/AppData/Local/Temp/VivadoEditorAssist4194948690142313483.tmp(52): ERROR: procedural assignment to a non-register SendClock is not permitted, left-hand side should be reg/integer/time/genvar (VERI-9037)
C:/Users/zingy/AppData/Local/Temp/VivadoEditorAssist4194948690142313483.tmp(59): ERROR: procedural assignment to a non-register Control is not permitted, left-hand side should be reg/integer/time/genvar (VERI-9037)
C:/Users/zingy/AppData/Local/Temp/VivadoEditorAssist4194948690142313483.tmp(60): ERROR: procedural assignment to a non-register Data is not permitted, left-hand side should be reg/integer/time/genvar (VERI-9037)
C:/Users/zingy/AppData/Local/Temp/VivadoEditorAssist4194948690142313483.tmp(61): ERROR: procedural assignment to a non-register Address is not permitted, left-hand side should be reg/integer/time/genvar (VERI-9037)
C:/Users/zingy/AppData/Local/Temp/VivadoEditorAssist4194948690142313483.tmp(62): ERROR: procedural assignment to a non-register SendClock is not permitted, left-hand side should be reg/integer/time/genvar (VERI-9037)
C:/Users/zingy/AppData/Local/Temp/VivadoEditorAssist4194948690142313483.tmp(66): ERROR: procedural assignment to a non-register Address is not permitted, left-hand side should be reg/integer/time/genvar (VERI-9037)
C:/Users/zingy/AppData/Local/Temp/VivadoEditorAssist4194948690142313483.tmp(67): ERROR: procedural assignment to a non-register Control is not permitted, left-hand side should be reg/integer/time/genvar (VERI-9037)
C:/Users/zingy/AppData/Local/Temp/VivadoEditorAssist4194948690142313483.tmp(68): ERROR: procedural assignment to a non-register SendClock is not permitted, left-hand side should be reg/integer/time/genvar (VERI-9037)
C:/Users/zingy/AppData/Local/Temp/VivadoEditorAssist4194948690142313483.tmp(74): ERROR: procedural assignment to a non-register Data is not permitted, left-hand side should be reg/integer/time/genvar (VERI-9037)
C:/Users/zingy/AppData/Local/Temp/VivadoEditorAssist4194948690142313483.tmp(75): ERROR: procedural assignment to a non-register SendClock is not permitted, left-hand side should be reg/integer/time/genvar (VERI-9037)
INFO: analyzing module ALU (VERI-9002)
C:/Users/zingy/AppData/Local/Temp/VivadoEditorAssist771345573301213171.tmp(34): INFO: undeclared symbol 'DeviceSelect', assumed default net type 'wire' (VERI-2561)
INFO: analyzing module MM (VERI-9002)
C:/Users/zingy/AppData/Local/Temp/VivadoEditorAssist3196655405592650317.tmp(17): INFO: undeclared symbol 'DeviceSelect', assumed default net type 'wire' (VERI-2561)
INFO: analyzing module BusMerger (VERI-9002)
INFO: analyzing module DeviceSelector (VERI-9002)
INFO: analyzing module IOController (VERI-9002)
INFO: analyzing module ZYNQ_wrapper (VERI-9002)
srcscan exits with return value 0
