Vivado Simulator v2024.1
Copyright 1986-2022 Xilinx, Inc. All Rights Reserved.
Copyright 2022-2024 Advanced Micro Devices, Inc. All Rights Reserved.
Running: C:/Xilinx/Vivado/2024.1/bin/unwrapped/win64.o/xelab.exe --incr --debug typical --relax --mt 2 -L CPU -L xilinx_vip -L unisims_ver -L secureip --snapshot CPU_TB_func_impl CPU.CPU_TB CPU.glbl -log elaborate.log 
Using 2 slave threads.
WARNING: [XSIM 43-3431] One or more environment variables have been detected which affect the operation of the C compiler. These are typically not set in standard installations and are not tested by AMD, however they may be appropriate for your system, so the flow will attempt to continue.  If errors occur, try running xelab with the "-mt off -v 1" switches to see more information from the C compiler. The following environment variables have been detected:
Starting static elaboration
Pass Through NonSizing Optimizer
Completed static elaboration
Starting simulation data flow analysis
Completed simulation data flow analysis
Time Resolution for simulation is 1ps
Compiling package std.standard
Compiling package std.textio
Compiling package ieee.std_logic_1164
Compiling package ieee.std_logic_arith
Compiling package ieee.std_logic_unsigned
Compiling package ieee.numeric_std
Compiling package unisim.vcomponents
Compiling package ieee.vital_timing
Compiling package ieee.vital_primitives
Compiling package unisim.vpkg
Compiling package ieee.std_logic_signed
Compiling package ieee.std_logic_textio
Compiling module CPU.glbl
Compiling architecture pullup_v of entity unisim.PULLUP [pullup_default]
Compiling architecture lut6_v of entity unisim.LUT6 [\LUT6(init="01000111010001000100...]
Compiling architecture lut6_v of entity unisim.LUT6 [\LUT6(init="10111010101111111000...]
Compiling architecture lut2_v of entity unisim.LUT2 [\LUT2(init="0001")(0,3)\]
Compiling architecture lut4_v of entity unisim.LUT4 [\LUT4(init="1000111110000000")(0...]
Compiling architecture lut5_v of entity unisim.LUT5 [\LUT5(init="00111010001100000011...]
Compiling architecture lut3_v of entity unisim.LUT3 [\LUT3(init="10111000")(0,7)\]
Compiling architecture fdce_v of entity unisim.FDCE [fdce_default]
Compiling architecture lut5_v of entity unisim.LUT5 [\LUT5(init="00000000000000000000...]
Compiling architecture fdre_v of entity unisim.FDRE [fdre_default]
Compiling architecture lut5_v of entity unisim.LUT5 [\LUT5(init="11110111011101111011...]
Compiling architecture lut3_v of entity unisim.LUT3 [\LUT3(init="01000000")(0,7)\]
Compiling architecture lut5_v of entity unisim.LUT5 [\LUT5(init="11101111111111110000...]
Compiling architecture lut2_v of entity unisim.LUT2 [\LUT2(init="1000")(0,3)\]
Compiling architecture lut6_v of entity unisim.LUT6 [\LUT6(init="11111100111111111111...]
Compiling architecture lut3_v of entity unisim.LUT3 [\LUT3(init="00000110")(0,7)\]
Compiling architecture lut6_v of entity unisim.LUT6 [\LUT6(init="11111100111111111111...]
Compiling architecture lut6_v of entity unisim.LUT6 [\LUT6(init="11111111111111111111...]
Compiling architecture lut5_v of entity unisim.LUT5 [\LUT5(init="00000000000000000000...]
Compiling architecture structure of entity cpu.Setup_AXI_Master_0_3_AXI_Master [setup_axi_master_0_3_axi_master_...]
Compiling architecture structure of entity cpu.Setup_AXI_Master_0_3 [setup_axi_master_0_3_default]
Compiling architecture lut6_v of entity unisim.LUT6 [\LUT6(init="11111110101010100001...]
Compiling architecture lut5_v of entity unisim.LUT5 [\LUT5(init="11111111000111010001...]
Compiling architecture lut6_v of entity unisim.LUT6 [\LUT6(init="11110101111101011111...]
Compiling architecture lut6_v of entity unisim.LUT6 [\LUT6(init="11011101010111010000...]
Compiling architecture lut6_v of entity unisim.LUT6 [\LUT6(init="11111111111111111111...]
Compiling architecture lut6_v of entity unisim.LUT6 [\LUT6(init="00000000010000000101...]
Compiling architecture lut6_v of entity unisim.LUT6 [\LUT6(init="10000000000000001000...]
Compiling architecture lut6_v of entity unisim.LUT6 [\LUT6(init="11111111111111111111...]
Compiling architecture lut6_v of entity unisim.LUT6 [\LUT6(init="00000100000001000101...]
Compiling architecture lut6_v of entity unisim.LUT6 [\LUT6(init="00000100010101010000...]
Compiling architecture lut6_v of entity unisim.LUT6 [\LUT6(init="11111111111111111111...]
Compiling architecture lut6_v of entity unisim.LUT6 [\LUT6(init="11111111101010111010...]
Compiling architecture lut6_v of entity unisim.LUT6 [\LUT6(init="11001101100010001100...]
Compiling architecture lut6_v of entity unisim.LUT6 [\LUT6(init="11000000000000001000...]
Compiling architecture lut6_v of entity unisim.LUT6 [\LUT6(init="11101010111010101110...]
Compiling architecture lut6_v of entity unisim.LUT6 [\LUT6(init="00000000000000000000...]
Compiling architecture lut6_v of entity unisim.LUT6 [\LUT6(init="11101110111011101010...]
Compiling architecture lut6_v of entity unisim.LUT6 [\LUT6(init="11111111111111111111...]
Compiling architecture lut5_v of entity unisim.LUT5 [\LUT5(init="11111111010100110101...]
Compiling architecture lut6_v of entity unisim.LUT6 [\LUT6(init="11111010111110101111...]
Compiling architecture lut6_v of entity unisim.LUT6 [\LUT6(init="00100000101010101010...]
Compiling architecture lut6_v of entity unisim.LUT6 [\LUT6(init="00000000000000000000...]
Compiling architecture lut6_v of entity unisim.LUT6 [\LUT6(init="11111111111111111111...]
Compiling architecture lut6_v of entity unisim.LUT6 [\LUT6(init="11111111111111111111...]
Compiling architecture lut6_v of entity unisim.LUT6 [\LUT6(init="00001000100010001000...]
Compiling architecture lut6_v of entity unisim.LUT6 [\LUT6(init="11111111111111111010...]
Compiling architecture lut6_v of entity unisim.LUT6 [\LUT6(init="01010101010101010101...]
Compiling architecture lut6_v of entity unisim.LUT6 [\LUT6(init="11111111111111110000...]
Compiling architecture lut2_v of entity unisim.LUT2 [\LUT2(init="0110")(0,3)\]
Compiling architecture lut6_v of entity unisim.LUT6 [\LUT6(init="00000000000000000100...]
Compiling architecture lut6_v of entity unisim.LUT6 [\LUT6(init="11111111111111111111...]
Compiling architecture lut5_v of entity unisim.LUT5 [\LUT5(init="11111111101011101010...]
Compiling architecture lut6_v of entity unisim.LUT6 [\LUT6(init="00000000000000000000...]
Compiling architecture lut4_v of entity unisim.LUT4 [\LUT4(init="0100111101000100")(0...]
Compiling architecture lut2_v of entity unisim.LUT2 [\LUT2(init="1011")(0,3)\]
Compiling architecture lut5_v of entity unisim.LUT5 [\LUT5(init="10111011101110001000...]
Compiling architecture lut6_v of entity unisim.LUT6 [\LUT6(init="11110101111111111111...]
Compiling architecture lut6_v of entity unisim.LUT6 [\LUT6(init="11111111111111111111...]
Compiling architecture lut6_v of entity unisim.LUT6 [\LUT6(init="00000000000000000000...]
Compiling architecture lut6_v of entity unisim.LUT6 [\LUT6(init="00001111111111110100...]
Compiling architecture lut6_v of entity unisim.LUT6 [\LUT6(init="11001111110011111100...]
Compiling architecture lut6_v of entity unisim.LUT6 [\LUT6(init="11110111000000001111...]
Compiling architecture lut4_v of entity unisim.LUT4 [\LUT4(init="1111111010101010")(0...]
Compiling architecture lut3_v of entity unisim.LUT3 [\LUT3(init="01000101")(0,7)\]
Compiling architecture lut3_v of entity unisim.LUT3 [\LUT3(init="00001110")(0,7)\]
Compiling architecture lut6_v of entity unisim.LUT6 [\LUT6(init="11111111111011101111...]
Compiling architecture lut6_v of entity unisim.LUT6 [\LUT6(init="01011101000000000101...]
Compiling architecture lut6_v of entity unisim.LUT6 [\LUT6(init="01110000011100000111...]
Compiling architecture lut5_v of entity unisim.LUT5 [\LUT5(init="11111111101010000000...]
Compiling architecture lut5_v of entity unisim.LUT5 [\LUT5(init="01010101010101010000...]
Compiling architecture lut6_v of entity unisim.LUT6 [\LUT6(init="11101111111011111110...]
Compiling architecture lut6_v of entity unisim.LUT6 [\LUT6(init="11111110111011101111...]
Compiling architecture lut6_v of entity unisim.LUT6 [\LUT6(init="11111111111111110000...]
Compiling architecture lut6_v of entity unisim.LUT6 [\LUT6(init="11111111111111111111...]
Compiling architecture lut6_v of entity unisim.LUT6 [\LUT6(init="10001010000000001000...]
Compiling architecture lut6_v of entity unisim.LUT6 [\LUT6(init="01000001010101011111...]
Compiling architecture lut6_v of entity unisim.LUT6 [\LUT6(init="01110111010101010111...]
Compiling architecture lut3_v of entity unisim.LUT3 [\LUT3(init="10000000")(0,7)\]
Compiling architecture lut6_v of entity unisim.LUT6 [\LUT6(init="00010000010101010001...]
Compiling architecture lut6_v of entity unisim.LUT6 [\LUT6(init="00001000101010100010...]
Compiling architecture lut6_v of entity unisim.LUT6 [\LUT6(init="11101110001011100010...]
Compiling architecture lut3_v of entity unisim.LUT3 [\LUT3(init="00101111")(0,7)\]
Compiling architecture lut3_v of entity unisim.LUT3 [\LUT3(init="01110000")(0,7)\]
Compiling architecture lut4_v of entity unisim.LUT4 [\LUT4(init="0100010001000000")(0...]
Compiling architecture lut6_v of entity unisim.LUT6 [\LUT6(init="11111111111111111111...]
Compiling architecture lut5_v of entity unisim.LUT5 [\LUT5(init="10001010101111101011...]
Compiling architecture lut2_v of entity unisim.LUT2 [\LUT2(init="1110")(0,3)\]
Compiling architecture lut6_v of entity unisim.LUT6 [\LUT6(init="11111111111111111111...]
Compiling architecture lut6_v of entity unisim.LUT6 [\LUT6(init="11111111111111111111...]
Compiling architecture lut6_v of entity unisim.LUT6 [\LUT6(init="11111111111111111111...]
Compiling architecture lut5_v of entity unisim.LUT5 [\LUT5(init="11111111111011111110...]
Compiling architecture lut6_v of entity unisim.LUT6 [\LUT6(init="00100000001000000010...]
Compiling architecture lut3_v of entity unisim.LUT3 [\LUT3(init="00000100")(0,7)\]
Compiling architecture lut6_v of entity unisim.LUT6 [\LUT6(init="00000000000000000000...]
Compiling architecture lut4_v of entity unisim.LUT4 [\LUT4(init="1111110111111111")(0...]
Compiling architecture lut6_v of entity unisim.LUT6 [\LUT6(init="11101110111011101110...]
Compiling architecture lut6_v of entity unisim.LUT6 [\LUT6(init="00001010101010100010...]
Compiling architecture lut6_v of entity unisim.LUT6 [\LUT6(init="00101110111011100010...]
Compiling architecture lut5_v of entity unisim.LUT5 [\LUT5(init="11111111111111111111...]
Compiling architecture lut6_v of entity unisim.LUT6 [\LUT6(init="11111111111111111111...]
Compiling architecture lut3_v of entity unisim.LUT3 [\LUT3(init="10111101")(0,7)\]
Compiling architecture lut6_v of entity unisim.LUT6 [\LUT6(init="00000000000000000000...]
Compiling architecture lut6_v of entity unisim.LUT6 [\LUT6(init="11111111111111111111...]
Compiling architecture lut6_v of entity unisim.LUT6 [\LUT6(init="00110000110111110011...]
Compiling architecture lut5_v of entity unisim.LUT5 [\LUT5(init="11111111111111110011...]
Compiling architecture lut3_v of entity unisim.LUT3 [\LUT3(init="00011111")(0,7)\]
Compiling architecture lut6_v of entity unisim.LUT6 [\LUT6(init="00000000000000000000...]
Compiling architecture lut5_v of entity unisim.LUT5 [\LUT5(init="00001001000011111111...]
Compiling architecture lut3_v of entity unisim.LUT3 [\LUT3(init="10001100")(0,7)\]
Compiling architecture lut6_v of entity unisim.LUT6 [\LUT6(init="10101010000000000000...]
Compiling architecture lut2_v of entity unisim.LUT2 [\LUT2(init="0111")(0,3)\]
Compiling architecture lut6_v of entity unisim.LUT6 [\LUT6(init="00000000000000000000...]
Compiling architecture lut6_v of entity unisim.LUT6 [\LUT6(init="00000000000000000000...]
Compiling architecture lut6_v of entity unisim.LUT6 [\LUT6(init="10001000101010000000...]
Compiling architecture lut6_v of entity unisim.LUT6 [\LUT6(init="00000000000000000000...]
Compiling architecture lut6_v of entity unisim.LUT6 [\LUT6(init="11101110111010101110...]
Compiling architecture lut5_v of entity unisim.LUT5 [\LUT5(init="11111111101011001010...]
Compiling architecture lut5_v of entity unisim.LUT5 [\LUT5(init="11111111110010101100...]
Compiling architecture lut6_v of entity unisim.LUT6 [\LUT6(init="11101110111011001110...]
Compiling architecture lut6_v of entity unisim.LUT6 [\LUT6(init="11111111111111111111...]
Compiling architecture lut6_v of entity unisim.LUT6 [\LUT6(init="11101110111011111010...]
Compiling architecture lut6_v of entity unisim.LUT6 [\LUT6(init="10111011101110111011...]
Compiling architecture lut5_v of entity unisim.LUT5 [\LUT5(init="10101010101010101010...]
Compiling architecture lut5_v of entity unisim.LUT5 [\LUT5(init="10001000100000001111...]
Compiling architecture lut4_v of entity unisim.LUT4 [\LUT4(init="1010101010101011")(0...]
Compiling architecture lut4_v of entity unisim.LUT4 [\LUT4(init="1111111111011111")(0...]
Compiling architecture lut6_v of entity unisim.LUT6 [\LUT6(init="00000000000011001100...]
Compiling architecture lut5_v of entity unisim.LUT5 [\LUT5(init="01001100010011001111...]
Compiling architecture lut5_v of entity unisim.LUT5 [\LUT5(init="01000100111101001111...]
Compiling architecture lut5_v of entity unisim.LUT5 [\LUT5(init="01011101000011001111...]
Compiling architecture lut6_v of entity unisim.LUT6 [\LUT6(init="11001111110111011111...]
Compiling architecture lut3_v of entity unisim.LUT3 [\LUT3(init="10111010")(0,7)\]
Compiling architecture lut6_v of entity unisim.LUT6 [\LUT6(init="00000000000000000000...]
Compiling architecture lut5_v of entity unisim.LUT5 [\LUT5(init="11011101111110111101...]
Compiling architecture lut6_v of entity unisim.LUT6 [\LUT6(init="11111111111111111111...]
Compiling architecture lut6_v of entity unisim.LUT6 [\LUT6(init="01000100010001000100...]
Compiling architecture lut6_v of entity unisim.LUT6 [\LUT6(init="00010001111100001111...]
Compiling architecture lut6_v of entity unisim.LUT6 [\LUT6(init="11111100111111110101...]
Compiling architecture lut6_v of entity unisim.LUT6 [\LUT6(init="00000000000000000000...]
Compiling architecture lut2_v of entity unisim.LUT2 [\LUT2(init="0010")(0,3)\]
Compiling architecture lut6_v of entity unisim.LUT6 [\LUT6(init="11101010111010101110...]
Compiling architecture lut6_v of entity unisim.LUT6 [\LUT6(init="00000000000000000000...]
Compiling architecture lut3_v of entity unisim.LUT3 [\LUT3(init="00001000")(0,7)\]
Compiling architecture lut6_v of entity unisim.LUT6 [\LUT6(init="00000000000000000000...]
Compiling architecture lut6_v of entity unisim.LUT6 [\LUT6(init="00001000010100100000...]
Compiling architecture lut5_v of entity unisim.LUT5 [\LUT5(init="00000000000000000000...]
Compiling architecture carry4_v of entity unisim.CARRY4 [carry4_default]
Compiling architecture lut4_v of entity unisim.LUT4 [\LUT4(init="1111000100000000")(0...]
Compiling architecture lut6_v of entity unisim.LUT6 [\LUT6(init="01111111111111101111...]
Compiling architecture lut6_v of entity unisim.LUT6 [\LUT6(init="11111111111111110111...]
Compiling architecture lut6_v of entity unisim.LUT6 [\LUT6(init="11010010111111111111...]
Compiling architecture lut6_v of entity unisim.LUT6 [\LUT6(init="11111111111111110110...]
Compiling architecture lut5_v of entity unisim.LUT5 [\LUT5(init="11111111011011110000...]
Compiling architecture lut5_v of entity unisim.LUT5 [\LUT5(init="11111111011111110000...]
Compiling architecture lut6_v of entity unisim.LUT6 [\LUT6(init="11111111111111111111...]
Compiling architecture lut6_v of entity unisim.LUT6 [\LUT6(init="11111111111111111111...]
Compiling architecture lut5_v of entity unisim.LUT5 [\LUT5(init="01101111111111110000...]
Compiling architecture lut6_v of entity unisim.LUT6 [\LUT6(init="01000000010000001111...]
Compiling architecture lut5_v of entity unisim.LUT5 [\LUT5(init="00010000111111110001...]
Compiling architecture lut5_v of entity unisim.LUT5 [\LUT5(init="01000100010011110100...]
Compiling architecture lut5_v of entity unisim.LUT5 [\LUT5(init="01000100010001000100...]
Compiling architecture lut6_v of entity unisim.LUT6 [\LUT6(init="11111111111111110010...]
Compiling architecture lut5_v of entity unisim.LUT5 [\LUT5(init="00000000000000000010...]
Compiling architecture lut4_v of entity unisim.LUT4 [\LUT4(init="0000000100000000")(0...]
Compiling architecture lut6_v of entity unisim.LUT6 [\LUT6(init="00000000000000000000...]
Compiling architecture lut4_v of entity unisim.LUT4 [\LUT4(init="0101010101111111")(0...]
Compiling architecture lut4_v of entity unisim.LUT4 [\LUT4(init="0000000000000001")(0...]
Compiling architecture lut3_v of entity unisim.LUT3 [\LUT3(init="10111111")(0,7)\]
Compiling architecture lut6_v of entity unisim.LUT6 [\LUT6(init="00000000000000001111...]
Compiling architecture lut4_v of entity unisim.LUT4 [\LUT4(init="1011111111111111")(0...]
Compiling architecture lut6_v of entity unisim.LUT6 [\LUT6(init="00000000000000000000...]
Compiling architecture lut1_v of entity unisim.LUT1 [\LUT1(init="0001")(0,3)\]
Compiling architecture bufg_v of entity unisim.BUFG [bufg_default]
Compiling architecture structure of entity cpu.Setup_CPU_0_2_ClockDivider [setup_cpu_0_2_clockdivider_defau...]
Compiling architecture lut5_v of entity unisim.LUT5 [\LUT5(init="10101100101010101010...]
Compiling architecture lut5_v of entity unisim.LUT5 [\LUT5(init="10101010101010101110...]
Compiling architecture lut6_v of entity unisim.LUT6 [\LUT6(init="00000000000000000000...]
Compiling architecture lut6_v of entity unisim.LUT6 [\LUT6(init="00000010000000100000...]
Compiling architecture lut4_v of entity unisim.LUT4 [\LUT4(init="1111111111111110")(0...]
Compiling architecture lut5_v of entity unisim.LUT5 [\LUT5(init="11111111100011110000...]
Compiling architecture lut6_v of entity unisim.LUT6 [\LUT6(init="10101010101011101111...]
Compiling architecture lut5_v of entity unisim.LUT5 [\LUT5(init="00000000000000000000...]
Compiling architecture lut6_v of entity unisim.LUT6 [\LUT6(init="10001000100010001000...]
Compiling architecture lut6_v of entity unisim.LUT6 [\LUT6(init="11111111111111101111...]
Compiling architecture lut6_v of entity unisim.LUT6 [\LUT6(init="00000000000000000000...]
Compiling architecture lut5_v of entity unisim.LUT5 [\LUT5(init="11111111110111110000...]
Compiling architecture lut6_v of entity unisim.LUT6 [\LUT6(init="01010100111111110101...]
Compiling architecture lut6_v of entity unisim.LUT6 [\LUT6(init="00000000000000000000...]
Compiling architecture lut6_v of entity unisim.LUT6 [\LUT6(init="00000000000000000000...]
Compiling architecture lut6_v of entity unisim.LUT6 [\LUT6(init="11111111111111111111...]
Compiling architecture lut3_v of entity unisim.LUT3 [\LUT3(init="00000001")(0,7)\]
Compiling architecture lut5_v of entity unisim.LUT5 [\LUT5(init="11111111111110111111...]
Compiling architecture lut4_v of entity unisim.LUT4 [\LUT4(init="1111111111111101")(0...]
Compiling architecture lut6_v of entity unisim.LUT6 [\LUT6(init="11111111001100001111...]
Compiling architecture lut5_v of entity unisim.LUT5 [\LUT5(init="11111111010011110000...]
Compiling architecture lut6_v of entity unisim.LUT6 [\LUT6(init="00000000000000001111...]
Compiling architecture lut6_v of entity unisim.LUT6 [\LUT6(init="11111111111111110010...]
Compiling architecture lut5_v of entity unisim.LUT5 [\LUT5(init="11110011001000100000...]
Compiling architecture lut5_v of entity unisim.LUT5 [\LUT5(init="10101010101010101111...]
Compiling architecture lut6_v of entity unisim.LUT6 [\LUT6(init="11111111000000001111...]
Compiling architecture lut6_v of entity unisim.LUT6 [\LUT6(init="10101010101010101010...]
Compiling architecture lut4_v of entity unisim.LUT4 [\LUT4(init="1010101010001010")(0...]
Compiling architecture lut6_v of entity unisim.LUT6 [\LUT6(init="11111111111111111111...]
Compiling architecture lut6_v of entity unisim.LUT6 [\LUT6(init="11111111111111111111...]
Compiling architecture lut6_v of entity unisim.LUT6 [\LUT6(init="11111111111111111111...]
Compiling architecture lut6_v of entity unisim.LUT6 [\LUT6(init="10001010100010101000...]
Compiling architecture lut6_v of entity unisim.LUT6 [\LUT6(init="00000000000000000000...]
Compiling architecture lut5_v of entity unisim.LUT5 [\LUT5(init="00000000000000000000...]
Compiling architecture lut6_v of entity unisim.LUT6 [\LUT6(init="00000000000000000000...]
Compiling architecture lut6_v of entity unisim.LUT6 [\LUT6(init="00000001000000000000...]
Compiling architecture lut4_v of entity unisim.LUT4 [\LUT4(init="1111111111101111")(0...]
Compiling architecture lut6_v of entity unisim.LUT6 [\LUT6(init="11001100110011001100...]
Compiling architecture lut5_v of entity unisim.LUT5 [\LUT5(init="11111111000001000000...]
Compiling architecture lut3_v of entity unisim.LUT3 [\LUT3(init="11100000")(0,7)\]
Compiling architecture lut6_v of entity unisim.LUT6 [\LUT6(init="11101110111111101110...]
Compiling architecture lut6_v of entity unisim.LUT6 [\LUT6(init="01100000011000000000...]
Compiling architecture lut6_v of entity unisim.LUT6 [\LUT6(init="11111111111111111111...]
Compiling architecture lut6_v of entity unisim.LUT6 [\LUT6(init="10101011101010111010...]
Compiling architecture lut6_v of entity unisim.LUT6 [\LUT6(init="11111111111111111111...]
Compiling architecture lut6_v of entity unisim.LUT6 [\LUT6(init="10111000101110111011...]
Compiling architecture lut4_v of entity unisim.LUT4 [\LUT4(init="1110101100101000")(0...]
Compiling architecture lut6_v of entity unisim.LUT6 [\LUT6(init="11101110111111101111...]
Compiling architecture lut6_v of entity unisim.LUT6 [\LUT6(init="11100100000000000000...]
Compiling architecture lut4_v of entity unisim.LUT4 [\LUT4(init="0100000000000000")(0...]
Compiling architecture lut6_v of entity unisim.LUT6 [\LUT6(init="10111011101110001011...]
Compiling architecture lut6_v of entity unisim.LUT6 [\LUT6(init="11111111110011111101...]
Compiling architecture lut6_v of entity unisim.LUT6 [\LUT6(init="10111011101110111011...]
Compiling architecture lut6_v of entity unisim.LUT6 [\LUT6(init="00000000000000000000...]
Compiling architecture lut6_v of entity unisim.LUT6 [\LUT6(init="11101010111010101110...]
Compiling architecture lut6_v of entity unisim.LUT6 [\LUT6(init="11011111110111011101...]
Compiling architecture lut6_v of entity unisim.LUT6 [\LUT6(init="10111011101110111011...]
Compiling architecture lut6_v of entity unisim.LUT6 [\LUT6(init="11111111111110100000...]
Compiling architecture lut6_v of entity unisim.LUT6 [\LUT6(init="10101010101010101010...]
Compiling architecture lut5_v of entity unisim.LUT5 [\LUT5(init="00000010000000100000...]
Compiling architecture lut6_v of entity unisim.LUT6 [\LUT6(init="10101010101010101010...]
Compiling architecture lut3_v of entity unisim.LUT3 [\LUT3(init="10001011")(0,7)\]
Compiling architecture lut6_v of entity unisim.LUT6 [\LUT6(init="11101010101010101110...]
Compiling architecture lut6_v of entity unisim.LUT6 [\LUT6(init="11110100111101001111...]
Compiling architecture lut6_v of entity unisim.LUT6 [\LUT6(init="01000111000000001111...]
Compiling architecture lut6_v of entity unisim.LUT6 [\LUT6(init="11111111111111111111...]
Compiling architecture lut6_v of entity unisim.LUT6 [\LUT6(init="11111111101100001111...]
Compiling architecture lut6_v of entity unisim.LUT6 [\LUT6(init="00000000000000000000...]
Compiling architecture lut6_v of entity unisim.LUT6 [\LUT6(init="00010000111111110001...]
Compiling architecture lut5_v of entity unisim.LUT5 [\LUT5(init="00000000111000100000...]
Compiling architecture lut6_v of entity unisim.LUT6 [\LUT6(init="11111111111111111111...]
Compiling architecture lut6_v of entity unisim.LUT6 [\LUT6(init="11101110111011101110...]
Compiling architecture lut6_v of entity unisim.LUT6 [\LUT6(init="00000000111111110000...]
Compiling architecture lut6_v of entity unisim.LUT6 [\LUT6(init="11111000111110001111...]
Compiling architecture lut6_v of entity unisim.LUT6 [\LUT6(init="11110100111101111111...]
Compiling architecture lut6_v of entity unisim.LUT6 [\LUT6(init="11101110111011101110...]
Compiling architecture lut6_v of entity unisim.LUT6 [\LUT6(init="11111111111111111111...]
Compiling architecture lut6_v of entity unisim.LUT6 [\LUT6(init="11111011000010001110...]
Compiling architecture lut6_v of entity unisim.LUT6 [\LUT6(init="00001011000010000100...]
Compiling architecture lut6_v of entity unisim.LUT6 [\LUT6(init="11111111101110101111...]
Compiling architecture lut6_v of entity unisim.LUT6 [\LUT6(init="11000000110011001000...]
Compiling architecture lut5_v of entity unisim.LUT5 [\LUT5(init="11111111111111110000...]
Compiling architecture lut6_v of entity unisim.LUT6 [\LUT6(init="00000000000000000000...]
Compiling architecture lut5_v of entity unisim.LUT5 [\LUT5(init="00110000000000000101...]
Compiling architecture lut6_v of entity unisim.LUT6 [\LUT6(init="00000000000000000000...]
Compiling architecture lut6_v of entity unisim.LUT6 [\LUT6(init="11110100111101001111...]
Compiling architecture lut6_v of entity unisim.LUT6 [\LUT6(init="11111111111111111111...]
Compiling architecture lut6_v of entity unisim.LUT6 [\LUT6(init="11111111111111111111...]
Compiling architecture lut6_v of entity unisim.LUT6 [\LUT6(init="01000100111101000100...]
Compiling architecture lut6_v of entity unisim.LUT6 [\LUT6(init="11111111111111111111...]
Compiling architecture lut6_v of entity unisim.LUT6 [\LUT6(init="11111111111111111111...]
Compiling architecture lut6_v of entity unisim.LUT6 [\LUT6(init="01000000010000000100...]
Compiling architecture lut5_v of entity unisim.LUT5 [\LUT5(init="11111010101011101010...]
Compiling architecture lut6_v of entity unisim.LUT6 [\LUT6(init="11111111001000001111...]
Compiling architecture lut6_v of entity unisim.LUT6 [\LUT6(init="11101011001010001111...]
Compiling architecture lut3_v of entity unisim.LUT3 [\LUT3(init="11111101")(0,7)\]
Compiling architecture lut6_v of entity unisim.LUT6 [\LUT6(init="11111111101110101111...]
Compiling architecture lut6_v of entity unisim.LUT6 [\LUT6(init="11001100110000001000...]
Compiling architecture lut5_v of entity unisim.LUT5 [\LUT5(init="11001111101010101111...]
Compiling architecture lut6_v of entity unisim.LUT6 [\LUT6(init="01000000111111110100...]
Compiling architecture lut6_v of entity unisim.LUT6 [\LUT6(init="10001010000000001000...]
Compiling architecture lut6_v of entity unisim.LUT6 [\LUT6(init="10101010111111111010...]
Compiling architecture lut6_v of entity unisim.LUT6 [\LUT6(init="11111111111111111111...]
Compiling architecture lut6_v of entity unisim.LUT6 [\LUT6(init="11111111111111111111...]
Compiling architecture lut4_v of entity unisim.LUT4 [\LUT4(init="1111011111111111")(0...]
Compiling architecture lut6_v of entity unisim.LUT6 [\LUT6(init="11111111111111111111...]
Compiling architecture lut6_v of entity unisim.LUT6 [\LUT6(init="00000000000000000000...]
Compiling architecture lut6_v of entity unisim.LUT6 [\LUT6(init="11111111111111111111...]
Compiling architecture lut6_v of entity unisim.LUT6 [\LUT6(init="11101110101010101110...]
Compiling architecture lut6_v of entity unisim.LUT6 [\LUT6(init="11110010111100101101...]
Compiling architecture lut6_v of entity unisim.LUT6 [\LUT6(init="11111111111111111111...]
Compiling architecture lut6_v of entity unisim.LUT6 [\LUT6(init="11111111111111111111...]
Compiling architecture lut6_v of entity unisim.LUT6 [\LUT6(init="00000000000000000000...]
Compiling architecture lut6_v of entity unisim.LUT6 [\LUT6(init="11001100110010001100...]
Compiling architecture lut6_v of entity unisim.LUT6 [\LUT6(init="11111111111111101010...]
Compiling architecture lut6_v of entity unisim.LUT6 [\LUT6(init="11111101111111010010...]
Compiling architecture lut6_v of entity unisim.LUT6 [\LUT6(init="10101111101000001100...]
Compiling architecture lut5_v of entity unisim.LUT5 [\LUT5(init="11101111111010100010...]
Compiling architecture lut6_v of entity unisim.LUT6 [\LUT6(init="11110000111111111111...]
Compiling architecture lut6_v of entity unisim.LUT6 [\LUT6(init="11111111111111111111...]
Compiling architecture lut6_v of entity unisim.LUT6 [\LUT6(init="11111111111111110100...]
Compiling architecture lut6_v of entity unisim.LUT6 [\LUT6(init="00000000000000000000...]
Compiling architecture lut6_v of entity unisim.LUT6 [\LUT6(init="11100010000000000000...]
Compiling architecture lut6_v of entity unisim.LUT6 [\LUT6(init="11111111111111111111...]
Compiling architecture lut6_v of entity unisim.LUT6 [\LUT6(init="11111111000111010000...]
Compiling architecture lut6_v of entity unisim.LUT6 [\LUT6(init="01010000010000000000...]
Compiling architecture lut6_v of entity unisim.LUT6 [\LUT6(init="11101110111011101110...]
Compiling architecture lut6_v of entity unisim.LUT6 [\LUT6(init="11111111111111111111...]
Compiling architecture lut6_v of entity unisim.LUT6 [\LUT6(init="11111111000000001011...]
Compiling architecture lut6_v of entity unisim.LUT6 [\LUT6(init="11111111111111101111...]
Compiling architecture lut4_v of entity unisim.LUT4 [\LUT4(init="0000000000001000")(0...]
Compiling architecture lut5_v of entity unisim.LUT5 [\LUT5(init="11111111111111110000...]
Compiling architecture lut5_v of entity unisim.LUT5 [\LUT5(init="00000000101011000000...]
Compiling architecture lut5_v of entity unisim.LUT5 [\LUT5(init="00011101111111111111...]
Compiling architecture lut5_v of entity unisim.LUT5 [\LUT5(init="01000100000000000000...]
Compiling architecture lut6_v of entity unisim.LUT6 [\LUT6(init="11111111000001111111...]
Compiling architecture lut6_v of entity unisim.LUT6 [\LUT6(init="11111110111111101111...]
Compiling architecture lut6_v of entity unisim.LUT6 [\LUT6(init="11111111111111111111...]
Compiling architecture lut4_v of entity unisim.LUT4 [\LUT4(init="0000110001000100")(0...]
Compiling architecture lut6_v of entity unisim.LUT6 [\LUT6(init="11110100111101001111...]
Compiling architecture lut6_v of entity unisim.LUT6 [\LUT6(init="11111111111111111111...]
Compiling architecture lut6_v of entity unisim.LUT6 [\LUT6(init="11111111001000000010...]
Compiling architecture lut4_v of entity unisim.LUT4 [\LUT4(init="1111111111110100")(0...]
Compiling architecture lut6_v of entity unisim.LUT6 [\LUT6(init="10101010101010110000...]
Compiling architecture lut6_v of entity unisim.LUT6 [\LUT6(init="10001010100010101000...]
Compiling architecture lut4_v of entity unisim.LUT4 [\LUT4(init="1011001100111111")(0...]
Compiling architecture lut4_v of entity unisim.LUT4 [\LUT4(init="1111111011111111")(0...]
Compiling architecture lut4_v of entity unisim.LUT4 [\LUT4(init="1101111111111111")(0...]
Compiling architecture lut5_v of entity unisim.LUT5 [\LUT5(init="11111111111111111111...]
Compiling architecture lut6_v of entity unisim.LUT6 [\LUT6(init="00000000000000000000...]
Compiling architecture lut6_v of entity unisim.LUT6 [\LUT6(init="10001010100010101000...]
Compiling architecture lut6_v of entity unisim.LUT6 [\LUT6(init="00000000000000000000...]
Compiling architecture lut5_v of entity unisim.LUT5 [\LUT5(init="00000000000000000000...]
Compiling architecture lut6_v of entity unisim.LUT6 [\LUT6(init="00000000000000000000...]
Compiling architecture lut6_v of entity unisim.LUT6 [\LUT6(init="00100011001000110000...]
Compiling architecture lut5_v of entity unisim.LUT5 [\LUT5(init="11111011111111111111...]
Compiling architecture lut6_v of entity unisim.LUT6 [\LUT6(init="11111111111111111111...]
Compiling architecture lut4_v of entity unisim.LUT4 [\LUT4(init="0010101000100010")(0...]
Compiling architecture lut6_v of entity unisim.LUT6 [\LUT6(init="10111000111111111011...]
Compiling architecture lut5_v of entity unisim.LUT5 [\LUT5(init="00100000001011110010...]
Compiling architecture lut3_v of entity unisim.LUT3 [\LUT3(init="01111111")(0,7)\]
Compiling architecture lut6_v of entity unisim.LUT6 [\LUT6(init="00000000110101111111...]
Compiling architecture lut3_v of entity unisim.LUT3 [\LUT3(init="10001010")(0,7)\]
Compiling architecture lut6_v of entity unisim.LUT6 [\LUT6(init="11111111111111111000...]
Compiling architecture lut6_v of entity unisim.LUT6 [\LUT6(init="11111111111111111111...]
Compiling architecture lut6_v of entity unisim.LUT6 [\LUT6(init="00010000000000001111...]
Compiling architecture lut6_v of entity unisim.LUT6 [\LUT6(init="00110000000000000010...]
Compiling architecture lut6_v of entity unisim.LUT6 [\LUT6(init="11111111111111111111...]
Compiling architecture lut6_v of entity unisim.LUT6 [\LUT6(init="11111111011101111000...]
Compiling architecture lut6_v of entity unisim.LUT6 [\LUT6(init="11111111111111111111...]
Compiling architecture lut3_v of entity unisim.LUT3 [\LUT3(init="11010000")(0,7)\]
Compiling architecture lut6_v of entity unisim.LUT6 [\LUT6(init="10111000000000000000...]
Compiling architecture muxf7_v of entity unisim.MUXF7 [muxf7_default]
Compiling architecture fdpe_v of entity unisim.FDPE [fdpe_default]
Compiling architecture lut6_v of entity unisim.LUT6 [\LUT6(init="11001111111011101110...]
Compiling architecture lut4_v of entity unisim.LUT4 [\LUT4(init="0100000001000100")(0...]
Compiling architecture lut5_v of entity unisim.LUT5 [\LUT5(init="01010101010001111100...]
Compiling architecture lut6_v of entity unisim.LUT6 [\LUT6(init="11110000111111111000...]
Compiling architecture lut6_v of entity unisim.LUT6 [\LUT6(init="01110100011100000111...]
Compiling architecture lut5_v of entity unisim.LUT5 [\LUT5(init="00000001111101011111...]
Compiling architecture lut6_v of entity unisim.LUT6 [\LUT6(init="11111111111111111111...]
Compiling architecture lut6_v of entity unisim.LUT6 [\LUT6(init="00000000000000000000...]
Compiling architecture lut6_v of entity unisim.LUT6 [\LUT6(init="10101010101010101010...]
Compiling architecture lut4_v of entity unisim.LUT4 [\LUT4(init="0000000010000000")(0...]
Compiling architecture lut3_v of entity unisim.LUT3 [\LUT3(init="11111110")(0,7)\]
Compiling architecture lut6_v of entity unisim.LUT6 [\LUT6(init="01010101000001111111...]
Compiling architecture lut6_v of entity unisim.LUT6 [\LUT6(init="11111111101011101010...]
Compiling architecture lut6_v of entity unisim.LUT6 [\LUT6(init="10000000100010101000...]
Compiling architecture lut6_v of entity unisim.LUT6 [\LUT6(init="11010101111101011111...]
Compiling architecture lut6_v of entity unisim.LUT6 [\LUT6(init="11111111111111111111...]
Compiling architecture lut6_v of entity unisim.LUT6 [\LUT6(init="11111011111111111111...]
Compiling architecture lut6_v of entity unisim.LUT6 [\LUT6(init="10001000100010001000...]
Compiling architecture lut6_v of entity unisim.LUT6 [\LUT6(init="00000000000000000000...]
Compiling architecture lut6_v of entity unisim.LUT6 [\LUT6(init="11001010111110100000...]
Compiling architecture lut6_v of entity unisim.LUT6 [\LUT6(init="10001000111110001000...]
Compiling architecture lut3_v of entity unisim.LUT3 [\LUT3(init="11011111")(0,7)\]
Compiling architecture lut6_v of entity unisim.LUT6 [\LUT6(init="11001111101011111010...]
Compiling architecture lut5_v of entity unisim.LUT5 [\LUT5(init="10101010101110000011...]
Compiling architecture lut3_v of entity unisim.LUT3 [\LUT3(init="10101000")(0,7)\]
Compiling architecture lut5_v of entity unisim.LUT5 [\LUT5(init="01010101101110000011...]
Compiling architecture lut5_v of entity unisim.LUT5 [\LUT5(init="00000000011100001010...]
Compiling architecture lut6_v of entity unisim.LUT6 [\LUT6(init="00000000000100001111...]
Compiling architecture lut6_v of entity unisim.LUT6 [\LUT6(init="00000000000000000000...]
Compiling architecture lut6_v of entity unisim.LUT6 [\LUT6(init="11111111111111111111...]
Compiling architecture lut4_v of entity unisim.LUT4 [\LUT4(init="0000000000010000")(0...]
Compiling architecture lut6_v of entity unisim.LUT6 [\LUT6(init="01100101011001011010...]
Compiling architecture lut6_v of entity unisim.LUT6 [\LUT6(init="11111111111111111111...]
Compiling architecture lut6_v of entity unisim.LUT6 [\LUT6(init="11111111111111111111...]
Compiling architecture lut4_v of entity unisim.LUT4 [\LUT4(init="1111111111010101")(0...]
Compiling architecture lut6_v of entity unisim.LUT6 [\LUT6(init="00000000000000000001...]
Compiling architecture lut6_v of entity unisim.LUT6 [\LUT6(init="00000000000000000000...]
Compiling architecture lut6_v of entity unisim.LUT6 [\LUT6(init="10101010101010101010...]
Compiling architecture lut6_v of entity unisim.LUT6 [\LUT6(init="00000000000000000000...]
Compiling architecture lut6_v of entity unisim.LUT6 [\LUT6(init="00000000000000000000...]
Compiling architecture lut6_v of entity unisim.LUT6 [\LUT6(init="00000000000000000000...]
Compiling architecture lut5_v of entity unisim.LUT5 [\LUT5(init="00000000001000000000...]
Compiling architecture lut5_v of entity unisim.LUT5 [\LUT5(init="11111111111111111111...]
Compiling architecture lut4_v of entity unisim.LUT4 [\LUT4(init="1111110100000000")(0...]
Compiling architecture lut6_v of entity unisim.LUT6 [\LUT6(init="11111111111111110100...]
Compiling architecture lut4_v of entity unisim.LUT4 [\LUT4(init="1111111000000000")(0...]
Compiling architecture lut4_v of entity unisim.LUT4 [\LUT4(init="1111010000000000")(0...]
Compiling architecture lut5_v of entity unisim.LUT5 [\LUT5(init="11110100111101001111...]
Compiling architecture lut6_v of entity unisim.LUT6 [\LUT6(init="01010101010101010100...]
Compiling architecture lut6_v of entity unisim.LUT6 [\LUT6(init="01000000010001000100...]
Compiling architecture lut6_v of entity unisim.LUT6 [\LUT6(init="11111111111111111111...]
Compiling architecture lut6_v of entity unisim.LUT6 [\LUT6(init="10001000100000001010...]
Compiling architecture lut5_v of entity unisim.LUT5 [\LUT5(init="10111000111111111011...]
Compiling architecture lut6_v of entity unisim.LUT6 [\LUT6(init="10101010101111111010...]
Compiling architecture lut5_v of entity unisim.LUT5 [\LUT5(init="10101010111000100010...]
Compiling architecture lut6_v of entity unisim.LUT6 [\LUT6(init="11011000100010001101...]
Compiling architecture lut5_v of entity unisim.LUT5 [\LUT5(init="11000000101000001100...]
Compiling architecture lut6_v of entity unisim.LUT6 [\LUT6(init="11111111111111111111...]
Compiling architecture lut6_v of entity unisim.LUT6 [\LUT6(init="11111111111111111111...]
Compiling architecture lut5_v of entity unisim.LUT5 [\LUT5(init="10101010101010100000...]
Compiling architecture lut6_v of entity unisim.LUT6 [\LUT6(init="11011101110111011000...]
Compiling architecture lut6_v of entity unisim.LUT6 [\LUT6(init="11010000000000001111...]
Compiling architecture lut6_v of entity unisim.LUT6 [\LUT6(init="01000111011101110100...]
Compiling architecture lut6_v of entity unisim.LUT6 [\LUT6(init="11011111010111111100...]
Compiling architecture lut5_v of entity unisim.LUT5 [\LUT5(init="11110000111111111000...]
Compiling architecture lut6_v of entity unisim.LUT6 [\LUT6(init="11111111111011111111...]
Compiling architecture lut6_v of entity unisim.LUT6 [\LUT6(init="11110000000000001000...]
Compiling architecture lut6_v of entity unisim.LUT6 [\LUT6(init="11111111111111111111...]
Compiling architecture lut6_v of entity unisim.LUT6 [\LUT6(init="11111111111111111111...]
Compiling architecture lut4_v of entity unisim.LUT4 [\LUT4(init="0100010011010100")(0...]
Compiling architecture lut4_v of entity unisim.LUT4 [\LUT4(init="0010111100000010")(0...]
Compiling architecture lut4_v of entity unisim.LUT4 [\LUT4(init="1001000000001001")(0...]
Compiling architecture lut5_v of entity unisim.LUT5 [\LUT5(init="00000000000000110000...]
Compiling architecture lut4_v of entity unisim.LUT4 [\LUT4(init="0010000011110010")(0...]
Compiling architecture lut3_v of entity unisim.LUT3 [\LUT3(init="01001111")(0,7)\]
Compiling architecture lut6_v of entity unisim.LUT6 [\LUT6(init="11111100010111000101...]
Compiling architecture lut6_v of entity unisim.LUT6 [\LUT6(init="00000000000000000000...]
Compiling architecture lut6_v of entity unisim.LUT6 [\LUT6(init="10001000100010001000...]
Compiling architecture lut5_v of entity unisim.LUT5 [\LUT5(init="00000000000000000001...]
Compiling architecture lut6_v of entity unisim.LUT6 [\LUT6(init="11111111111111111111...]
Compiling architecture lut6_v of entity unisim.LUT6 [\LUT6(init="00000000000000000000...]
Compiling architecture lut5_v of entity unisim.LUT5 [\LUT5(init="00000000000000000000...]
Compiling architecture lut6_v of entity unisim.LUT6 [\LUT6(init="11111111101111111010...]
Compiling architecture lut6_v of entity unisim.LUT6 [\LUT6(init="11101111111011111110...]
Compiling architecture lut6_v of entity unisim.LUT6 [\LUT6(init="11111111111111111000...]
Compiling architecture lut6_v of entity unisim.LUT6 [\LUT6(init="00000000000000000001...]
Compiling architecture lut6_v of entity unisim.LUT6 [\LUT6(init="10111111101111111000...]
Compiling architecture lut6_v of entity unisim.LUT6 [\LUT6(init="11011111111111111101...]
Compiling architecture lut6_v of entity unisim.LUT6 [\LUT6(init="11111111111111111111...]
Compiling architecture lut2_v of entity unisim.LUT2 [\LUT2(init="1001")(0,3)\]
Compiling architecture lut6_v of entity unisim.LUT6 [\LUT6(init="10010000000010010000...]
Compiling architecture lut4_v of entity unisim.LUT4 [\LUT4(init="0010001010110010")(0...]
Compiling architecture lut6_v of entity unisim.LUT6 [\LUT6(init="11111111111111111111...]
Compiling architecture lut6_v of entity unisim.LUT6 [\LUT6(init="00000000000000000000...]
Compiling architecture lut5_v of entity unisim.LUT5 [\LUT5(init="00010000000000000000...]
Compiling architecture lut6_v of entity unisim.LUT6 [\LUT6(init="00000000000000000000...]
Compiling architecture lut5_v of entity unisim.LUT5 [\LUT5(init="11111111001101111111...]
Compiling architecture lut5_v of entity unisim.LUT5 [\LUT5(init="01101010101010101010...]
Compiling architecture lut6_v of entity unisim.LUT6 [\LUT6(init="11111111111111111111...]
Compiling architecture lut6_v of entity unisim.LUT6 [\LUT6(init="00000000000000000000...]
Compiling architecture lut6_v of entity unisim.LUT6 [\LUT6(init="11011111110111011101...]
Compiling architecture lut4_v of entity unisim.LUT4 [\LUT4(init="1111111011101110")(0...]
Compiling architecture lut4_v of entity unisim.LUT4 [\LUT4(init="1111111100010000")(0...]
Compiling architecture lut6_v of entity unisim.LUT6 [\LUT6(init="11000101111101011100...]
Compiling architecture lut6_v of entity unisim.LUT6 [\LUT6(init="11111111111111111111...]
Compiling architecture lut6_v of entity unisim.LUT6 [\LUT6(init="11111111111111111111...]
Compiling architecture lut6_v of entity unisim.LUT6 [\LUT6(init="11111111111111111111...]
Compiling architecture lut6_v of entity unisim.LUT6 [\LUT6(init="00000000000000000000...]
Compiling architecture lut4_v of entity unisim.LUT4 [\LUT4(init="0000000000000010")(0...]
Compiling architecture lut6_v of entity unisim.LUT6 [\LUT6(init="00101111001000101111...]
Compiling architecture lut6_v of entity unisim.LUT6 [\LUT6(init="00100010111100101111...]
Compiling architecture lut6_v of entity unisim.LUT6 [\LUT6(init="00001000000010001111...]
Compiling architecture lut6_v of entity unisim.LUT6 [\LUT6(init="11100010111111111111...]
Compiling architecture lut5_v of entity unisim.LUT5 [\LUT5(init="11001010000010101100...]
Compiling architecture lut5_v of entity unisim.LUT5 [\LUT5(init="10111011101111111111...]
Compiling architecture lut6_v of entity unisim.LUT6 [\LUT6(init="10111000101110111011...]
Compiling architecture lut5_v of entity unisim.LUT5 [\LUT5(init="00000101001111111111...]
Compiling architecture lut5_v of entity unisim.LUT5 [\LUT5(init="01010000001111110101...]
Compiling architecture lut6_v of entity unisim.LUT6 [\LUT6(init="11111110101010101111...]
Compiling architecture lut6_v of entity unisim.LUT6 [\LUT6(init="11101110101010101110...]
Compiling architecture lut3_v of entity unisim.LUT3 [\LUT3(init="10001111")(0,7)\]
Compiling architecture lut6_v of entity unisim.LUT6 [\LUT6(init="10101110000001001111...]
Compiling architecture lut5_v of entity unisim.LUT5 [\LUT5(init="11111111111111111010...]
Compiling architecture lut6_v of entity unisim.LUT6 [\LUT6(init="00000000000000000000...]
Compiling architecture lut6_v of entity unisim.LUT6 [\LUT6(init="00000000000000000000...]
Compiling architecture lut6_v of entity unisim.LUT6 [\LUT6(init="10000000101010101000...]
Compiling architecture lut5_v of entity unisim.LUT5 [\LUT5(init="00110101000011110011...]
Compiling architecture lut6_v of entity unisim.LUT6 [\LUT6(init="10101010000000001010...]
Compiling architecture lut6_v of entity unisim.LUT6 [\LUT6(init="11101110111011101110...]
Compiling architecture lut6_v of entity unisim.LUT6 [\LUT6(init="11111111000000001011...]
Compiling architecture lut5_v of entity unisim.LUT5 [\LUT5(init="01010101001100000101...]
Compiling architecture lut6_v of entity unisim.LUT6 [\LUT6(init="11111111111111111111...]
Compiling architecture lut5_v of entity unisim.LUT5 [\LUT5(init="11111100000010100000...]
Compiling architecture lut6_v of entity unisim.LUT6 [\LUT6(init="11111110111011101110...]
Compiling architecture lut6_v of entity unisim.LUT6 [\LUT6(init="10000000101010101000...]
Compiling architecture lut6_v of entity unisim.LUT6 [\LUT6(init="01010101001100110000...]
Compiling architecture lut6_v of entity unisim.LUT6 [\LUT6(init="11111111111111101110...]
Compiling architecture lut6_v of entity unisim.LUT6 [\LUT6(init="11110000111111111100...]
Compiling architecture lut6_v of entity unisim.LUT6 [\LUT6(init="11111110111111101110...]
Compiling architecture lut6_v of entity unisim.LUT6 [\LUT6(init="00000000101110000000...]
Compiling architecture lut5_v of entity unisim.LUT5 [\LUT5(init="10111011101110111011...]
Compiling architecture lut5_v of entity unisim.LUT5 [\LUT5(init="00001111110010100000...]
Compiling architecture lut5_v of entity unisim.LUT5 [\LUT5(init="10111000101110111011...]
Compiling architecture lut6_v of entity unisim.LUT6 [\LUT6(init="10101010101010101010...]
Compiling architecture lut6_v of entity unisim.LUT6 [\LUT6(init="11110000111111111010...]
Compiling architecture lut6_v of entity unisim.LUT6 [\LUT6(init="00001111000000000101...]
Compiling architecture lut5_v of entity unisim.LUT5 [\LUT5(init="11110000001101011111...]
Compiling architecture lut6_v of entity unisim.LUT6 [\LUT6(init="11111111111111111111...]
Compiling architecture lut6_v of entity unisim.LUT6 [\LUT6(init="11111111111111111111...]
Compiling architecture lut6_v of entity unisim.LUT6 [\LUT6(init="10101000101010000000...]
Compiling architecture lut5_v of entity unisim.LUT5 [\LUT5(init="11110101001100001111...]
Compiling architecture lut6_v of entity unisim.LUT6 [\LUT6(init="11001100111111111111...]
Compiling architecture lut6_v of entity unisim.LUT6 [\LUT6(init="10101000101010001010...]
Compiling architecture lut5_v of entity unisim.LUT5 [\LUT5(init="10101010110011111010...]
Compiling architecture lut6_v of entity unisim.LUT6 [\LUT6(init="11111110111011101110...]
Compiling architecture lut6_v of entity unisim.LUT6 [\LUT6(init="11111010101110101111...]
Compiling architecture lut5_v of entity unisim.LUT5 [\LUT5(init="11101010111110101111...]
Compiling architecture lut5_v of entity unisim.LUT5 [\LUT5(init="00000000111100001100...]
Compiling architecture lut6_v of entity unisim.LUT6 [\LUT6(init="10001000101110001000...]
Compiling architecture lut5_v of entity unisim.LUT5 [\LUT5(init="00000000000000000101...]
Compiling architecture lut5_v of entity unisim.LUT5 [\LUT5(init="00000000000000000000...]
Compiling architecture lut6_v of entity unisim.LUT6 [\LUT6(init="10001000101110111000...]
Compiling architecture lut5_v of entity unisim.LUT5 [\LUT5(init="11111100000011000101...]
Compiling architecture lut6_v of entity unisim.LUT6 [\LUT6(init="01000100010001001100...]
Compiling architecture lut6_v of entity unisim.LUT6 [\LUT6(init="11001101111111011100...]
Compiling architecture lut5_v of entity unisim.LUT5 [\LUT5(init="00010001000100010000...]
Compiling architecture lut4_v of entity unisim.LUT4 [\LUT4(init="1110101011111010")(0...]
Compiling architecture lut6_v of entity unisim.LUT6 [\LUT6(init="10101100101000001111...]
Compiling architecture lut6_v of entity unisim.LUT6 [\LUT6(init="11111110101011101111...]
Compiling architecture lut5_v of entity unisim.LUT5 [\LUT5(init="01000100010000000100...]
Compiling architecture lut6_v of entity unisim.LUT6 [\LUT6(init="00000000101010100000...]
Compiling architecture lut6_v of entity unisim.LUT6 [\LUT6(init="10111000100010001111...]
Compiling architecture lut5_v of entity unisim.LUT5 [\LUT5(init="11111111111111111010...]
Compiling architecture lut5_v of entity unisim.LUT5 [\LUT5(init="00001000000010100000...]
Compiling architecture lut6_v of entity unisim.LUT6 [\LUT6(init="00000000000000000000...]
Compiling architecture lut4_v of entity unisim.LUT4 [\LUT4(init="0000001000000000")(0...]
Compiling architecture lut5_v of entity unisim.LUT5 [\LUT5(init="11001100110011001100...]
Compiling architecture lut3_v of entity unisim.LUT3 [\LUT3(init="00110001")(0,7)\]
Compiling architecture lut4_v of entity unisim.LUT4 [\LUT4(init="1010101010101100")(0...]
Compiling architecture lut4_v of entity unisim.LUT4 [\LUT4(init="1111111000000010")(0...]
Compiling architecture lut6_v of entity unisim.LUT6 [\LUT6(init="00000000111100001110...]
Compiling architecture lut6_v of entity unisim.LUT6 [\LUT6(init="00000000000000000000...]
Compiling architecture lut4_v of entity unisim.LUT4 [\LUT4(init="0011001011011100")(0...]
Compiling architecture lut4_v of entity unisim.LUT4 [\LUT4(init="0110011101100100")(0...]
Compiling architecture lut6_v of entity unisim.LUT6 [\LUT6(init="10111011101010101010...]
Compiling architecture lut6_v of entity unisim.LUT6 [\LUT6(init="00001010000010101111...]
Compiling architecture lut6_v of entity unisim.LUT6 [\LUT6(init="11101110101010101010...]
Compiling architecture lut6_v of entity unisim.LUT6 [\LUT6(init="10001000100010001000...]
Compiling architecture lut6_v of entity unisim.LUT6 [\LUT6(init="11111011000010001111...]
Compiling architecture lut6_v of entity unisim.LUT6 [\LUT6(init="10111010100010101111...]
Compiling architecture lut6_v of entity unisim.LUT6 [\LUT6(init="11001111111110101100...]
Compiling architecture lut6_v of entity unisim.LUT6 [\LUT6(init="10101100110011111010...]
Compiling architecture lut6_v of entity unisim.LUT6 [\LUT6(init="10111010111110101000...]
Compiling architecture lut6_v of entity unisim.LUT6 [\LUT6(init="10101010000010001111...]
Compiling architecture lut6_v of entity unisim.LUT6 [\LUT6(init="11111111111100111111...]
Compiling architecture lut6_v of entity unisim.LUT6 [\LUT6(init="11111011101010101111...]
Compiling architecture lut6_v of entity unisim.LUT6 [\LUT6(init="00001100000011000000...]
Compiling architecture lut6_v of entity unisim.LUT6 [\LUT6(init="00000000111100101111...]
Compiling architecture lut6_v of entity unisim.LUT6 [\LUT6(init="00000100000001000000...]
Compiling architecture lut6_v of entity unisim.LUT6 [\LUT6(init="00001000000010000000...]
Compiling architecture lut5_v of entity unisim.LUT5 [\LUT5(init="11110100111111111111...]
Compiling architecture lut6_v of entity unisim.LUT6 [\LUT6(init="00100010001010100000...]
Compiling architecture lut4_v of entity unisim.LUT4 [\LUT4(init="0101011100000000")(0...]
Compiling architecture lut4_v of entity unisim.LUT4 [\LUT4(init="1110111111100000")(0...]
Compiling architecture lut6_v of entity unisim.LUT6 [\LUT6(init="01000100010001000100...]
Compiling architecture lut6_v of entity unisim.LUT6 [\LUT6(init="11001111110011111100...]
Compiling architecture lut5_v of entity unisim.LUT5 [\LUT5(init="00001110111111110000...]
Compiling architecture lut6_v of entity unisim.LUT6 [\LUT6(init="00000100010001000000...]
Compiling architecture lut5_v of entity unisim.LUT5 [\LUT5(init="10101000111111111010...]
Compiling architecture lut6_v of entity unisim.LUT6 [\LUT6(init="11111011101110111111...]
Compiling architecture lut6_v of entity unisim.LUT6 [\LUT6(init="11111111111111111111...]
Compiling architecture lut3_v of entity unisim.LUT3 [\LUT3(init="00101010")(0,7)\]
Compiling architecture lut6_v of entity unisim.LUT6 [\LUT6(init="00001010101010101010...]
Compiling architecture lut6_v of entity unisim.LUT6 [\LUT6(init="11111111010000001111...]
Compiling architecture lut6_v of entity unisim.LUT6 [\LUT6(init="11000000000000101111...]
Compiling architecture lut6_v of entity unisim.LUT6 [\LUT6(init="00100010101010101010...]
Compiling architecture lut4_v of entity unisim.LUT4 [\LUT4(init="0111111100000000")(0...]
Compiling architecture lut3_v of entity unisim.LUT3 [\LUT3(init="10000001")(0,7)\]
Compiling architecture lut6_v of entity unisim.LUT6 [\LUT6(init="10000000000000111000...]
Compiling architecture lut6_v of entity unisim.LUT6 [\LUT6(init="11110011111100111111...]
Compiling architecture lut6_v of entity unisim.LUT6 [\LUT6(init="00000000000000100000...]
Compiling architecture lut6_v of entity unisim.LUT6 [\LUT6(init="11111111111111111111...]
Compiling architecture lut5_v of entity unisim.LUT5 [\LUT5(init="11111110111111100111...]
Compiling architecture lut6_v of entity unisim.LUT6 [\LUT6(init="11111111111111110100...]
Compiling architecture lut6_v of entity unisim.LUT6 [\LUT6(init="11111000111110001111...]
Compiling architecture lut6_v of entity unisim.LUT6 [\LUT6(init="11111111111111111111...]
Compiling architecture lut6_v of entity unisim.LUT6 [\LUT6(init="00100000000000000000...]
Compiling architecture lut6_v of entity unisim.LUT6 [\LUT6(init="10100010101000101010...]
Compiling architecture lut5_v of entity unisim.LUT5 [\LUT5(init="00000000000000000000...]
Compiling architecture lut6_v of entity unisim.LUT6 [\LUT6(init="11111111010101011111...]
Compiling architecture lut6_v of entity unisim.LUT6 [\LUT6(init="00000001000000010000...]
Compiling architecture lut5_v of entity unisim.LUT5 [\LUT5(init="00010101000000000001...]
Compiling architecture lut6_v of entity unisim.LUT6 [\LUT6(init="10101000101010001010...]
Compiling architecture lut6_v of entity unisim.LUT6 [\LUT6(init="00100000001000000010...]
Compiling architecture lut6_v of entity unisim.LUT6 [\LUT6(init="11111111111111110000...]
Compiling architecture lut6_v of entity unisim.LUT6 [\LUT6(init="00000010000000000000...]
Compiling architecture lut4_v of entity unisim.LUT4 [\LUT4(init="0001100000000000")(0...]
Compiling architecture lut6_v of entity unisim.LUT6 [\LUT6(init="00000000000000000000...]
Compiling architecture lut6_v of entity unisim.LUT6 [\LUT6(init="00000000000000000000...]
Compiling architecture lut6_v of entity unisim.LUT6 [\LUT6(init="00000000000000000000...]
Compiling architecture lut6_v of entity unisim.LUT6 [\LUT6(init="11111111111111111111...]
Compiling architecture lut6_v of entity unisim.LUT6 [\LUT6(init="00000000000000000000...]
Compiling architecture lut4_v of entity unisim.LUT4 [\LUT4(init="0000000000000100")(0...]
Compiling architecture lut6_v of entity unisim.LUT6 [\LUT6(init="11111111111111111111...]
Compiling architecture lut6_v of entity unisim.LUT6 [\LUT6(init="00000000000000000000...]
Compiling architecture lut6_v of entity unisim.LUT6 [\LUT6(init="01010000010100000100...]
Compiling architecture lut4_v of entity unisim.LUT4 [\LUT4(init="1111111101000000")(0...]
Compiling architecture lut6_v of entity unisim.LUT6 [\LUT6(init="10001000100010001111...]
Compiling architecture lut5_v of entity unisim.LUT5 [\LUT5(init="00000000000001001111...]
Compiling architecture lut6_v of entity unisim.LUT6 [\LUT6(init="00000000000000001010...]
Compiling architecture lut6_v of entity unisim.LUT6 [\LUT6(init="11111111111111111111...]
Compiling architecture lut6_v of entity unisim.LUT6 [\LUT6(init="00000000000000000000...]
Compiling architecture lut5_v of entity unisim.LUT5 [\LUT5(init="00000000000000010000...]
Compiling architecture lut5_v of entity unisim.LUT5 [\LUT5(init="11111111111111101111...]
Compiling architecture lut6_v of entity unisim.LUT6 [\LUT6(init="00100010001000100000...]
Compiling architecture lut5_v of entity unisim.LUT5 [\LUT5(init="11111111111111111111...]
Compiling architecture lut6_v of entity unisim.LUT6 [\LUT6(init="11111111101010101010...]
Compiling architecture lut6_v of entity unisim.LUT6 [\LUT6(init="00001111000000000000...]
Compiling architecture lut6_v of entity unisim.LUT6 [\LUT6(init="11111111111111111111...]
Compiling architecture lut6_v of entity unisim.LUT6 [\LUT6(init="00000000000000000000...]
Compiling architecture lut6_v of entity unisim.LUT6 [\LUT6(init="11101111111111111110...]
Compiling architecture lut6_v of entity unisim.LUT6 [\LUT6(init="11111111111111111111...]
Compiling architecture lut6_v of entity unisim.LUT6 [\LUT6(init="10101110101011101010...]
Compiling architecture lut6_v of entity unisim.LUT6 [\LUT6(init="00000000000000000000...]
Compiling architecture lut5_v of entity unisim.LUT5 [\LUT5(init="00001000000010001010...]
Compiling architecture lut6_v of entity unisim.LUT6 [\LUT6(init="00000000000000000000...]
Compiling architecture lut6_v of entity unisim.LUT6 [\LUT6(init="11111111111111111111...]
Compiling architecture lut6_v of entity unisim.LUT6 [\LUT6(init="11101110111011101110...]
Compiling architecture lut6_v of entity unisim.LUT6 [\LUT6(init="10101010101010100000...]
Compiling architecture lut6_v of entity unisim.LUT6 [\LUT6(init="01000000000000000000...]
Compiling architecture lut6_v of entity unisim.LUT6 [\LUT6(init="11101010111010101110...]
Compiling architecture lut6_v of entity unisim.LUT6 [\LUT6(init="01000100010001000100...]
Compiling architecture lut6_v of entity unisim.LUT6 [\LUT6(init="00000000000100000000...]
Compiling architecture lut3_v of entity unisim.LUT3 [\LUT3(init="11001110")(0,7)\]
Compiling architecture lut6_v of entity unisim.LUT6 [\LUT6(init="11111111001000101111...]
Compiling architecture lut6_v of entity unisim.LUT6 [\LUT6(init="00000000000000000000...]
Compiling architecture lut3_v of entity unisim.LUT3 [\LUT3(init="00000010")(0,7)\]
Compiling architecture lut6_v of entity unisim.LUT6 [\LUT6(init="10101010101010101010...]
Compiling architecture lut6_v of entity unisim.LUT6 [\LUT6(init="11111111011111110111...]
Compiling architecture lut6_v of entity unisim.LUT6 [\LUT6(init="01000101010001000101...]
Compiling architecture lut5_v of entity unisim.LUT5 [\LUT5(init="00000000000011001011...]
Compiling architecture lut6_v of entity unisim.LUT6 [\LUT6(init="10101010101010101010...]
Compiling architecture lut6_v of entity unisim.LUT6 [\LUT6(init="00000000000000000000...]
Compiling architecture lut4_v of entity unisim.LUT4 [\LUT4(init="0011001100011100")(0...]
Compiling architecture lut6_v of entity unisim.LUT6 [\LUT6(init="11001100110011001100...]
Compiling architecture lut6_v of entity unisim.LUT6 [\LUT6(init="00000000000000000000...]
Compiling architecture lut4_v of entity unisim.LUT4 [\LUT4(init="0000100010101000")(0...]
Compiling architecture lut6_v of entity unisim.LUT6 [\LUT6(init="11011101110111111101...]
Compiling architecture lut6_v of entity unisim.LUT6 [\LUT6(init="00000000000000000000...]
Compiling architecture lut6_v of entity unisim.LUT6 [\LUT6(init="11111111111111111111...]
Compiling architecture lut6_v of entity unisim.LUT6 [\LUT6(init="00000000000000000000...]
Compiling architecture lut6_v of entity unisim.LUT6 [\LUT6(init="11111111111111110000...]
Compiling architecture lut6_v of entity unisim.LUT6 [\LUT6(init="10001010100010101000...]
Compiling architecture lut6_v of entity unisim.LUT6 [\LUT6(init="11111111111111101111...]
Compiling architecture lut6_v of entity unisim.LUT6 [\LUT6(init="11111111111111111111...]
Compiling architecture lut5_v of entity unisim.LUT5 [\LUT5(init="00000000111111110111...]
Compiling architecture lut6_v of entity unisim.LUT6 [\LUT6(init="11011101110111011101...]
Compiling architecture lut6_v of entity unisim.LUT6 [\LUT6(init="00000000000000000000...]
Compiling architecture lut4_v of entity unisim.LUT4 [\LUT4(init="0000000100010001")(0...]
Compiling architecture lut6_v of entity unisim.LUT6 [\LUT6(init="01010101011111110101...]
Compiling architecture lut6_v of entity unisim.LUT6 [\LUT6(init="00000000000000100000...]
Compiling architecture lut6_v of entity unisim.LUT6 [\LUT6(init="00000000000000000101...]
Compiling architecture lut3_v of entity unisim.LUT3 [\LUT3(init="00000111")(0,7)\]
Compiling architecture lut6_v of entity unisim.LUT6 [\LUT6(init="10001010100010000000...]
Compiling architecture lut4_v of entity unisim.LUT4 [\LUT4(init="1111101100001000")(0...]
Compiling architecture lut6_v of entity unisim.LUT6 [\LUT6(init="00001111000000110010...]
Compiling architecture lut5_v of entity unisim.LUT5 [\LUT5(init="01100110001000000110...]
Compiling architecture lut6_v of entity unisim.LUT6 [\LUT6(init="11101110101011101111...]
Compiling architecture lut6_v of entity unisim.LUT6 [\LUT6(init="11111111111111111110...]
Compiling architecture lut6_v of entity unisim.LUT6 [\LUT6(init="00000000000000000000...]
Compiling architecture lut6_v of entity unisim.LUT6 [\LUT6(init="00000000000001000000...]
Compiling architecture lut6_v of entity unisim.LUT6 [\LUT6(init="10101010101010101010...]
Compiling architecture lut5_v of entity unisim.LUT5 [\LUT5(init="11111111111111111100...]
Compiling architecture lut6_v of entity unisim.LUT6 [\LUT6(init="00000000000000000000...]
Compiling architecture lut6_v of entity unisim.LUT6 [\LUT6(init="11111111111111111111...]
Compiling architecture lut6_v of entity unisim.LUT6 [\LUT6(init="11011111110111111101...]
Compiling architecture lut6_v of entity unisim.LUT6 [\LUT6(init="00000000000000000000...]
Compiling architecture lut6_v of entity unisim.LUT6 [\LUT6(init="00000000000011001111...]
Compiling architecture lut6_v of entity unisim.LUT6 [\LUT6(init="00100010101000100010...]
Compiling architecture lut6_v of entity unisim.LUT6 [\LUT6(init="10101010101010101110...]
Compiling architecture lut6_v of entity unisim.LUT6 [\LUT6(init="11111111111111110011...]
Compiling architecture lut6_v of entity unisim.LUT6 [\LUT6(init="11111111001011110010...]
Compiling architecture lut5_v of entity unisim.LUT5 [\LUT5(init="10100011111100111010...]
Compiling architecture lut6_v of entity unisim.LUT6 [\LUT6(init="00001110000000000000...]
Compiling architecture lut6_v of entity unisim.LUT6 [\LUT6(init="11111110111111101110...]
Compiling architecture lut6_v of entity unisim.LUT6 [\LUT6(init="11101110111011101111...]
Compiling architecture lut6_v of entity unisim.LUT6 [\LUT6(init="00000000000000000000...]
Compiling architecture lut6_v of entity unisim.LUT6 [\LUT6(init="10101011101010101010...]
Compiling architecture lut6_v of entity unisim.LUT6 [\LUT6(init="10101010101010101010...]
Compiling architecture lut6_v of entity unisim.LUT6 [\LUT6(init="00000000000000000100...]
Compiling architecture lut4_v of entity unisim.LUT4 [\LUT4(init="1110000000001111")(0...]
Compiling architecture lut6_v of entity unisim.LUT6 [\LUT6(init="10111010101010101011...]
Compiling architecture lut6_v of entity unisim.LUT6 [\LUT6(init="11111111111101110101...]
Compiling architecture lut4_v of entity unisim.LUT4 [\LUT4(init="1101111011011001")(0...]
Compiling architecture lut6_v of entity unisim.LUT6 [\LUT6(init="11101110101011101010...]
Compiling architecture lut5_v of entity unisim.LUT5 [\LUT5(init="00000000000000001111...]
Compiling architecture lut4_v of entity unisim.LUT4 [\LUT4(init="1110111111111111")(0...]
Compiling architecture lut5_v of entity unisim.LUT5 [\LUT5(init="11110010111111000000...]
Compiling architecture lut6_v of entity unisim.LUT6 [\LUT6(init="11111111111111001100...]
Compiling architecture lut6_v of entity unisim.LUT6 [\LUT6(init="11111111111111110001...]
Compiling architecture lut6_v of entity unisim.LUT6 [\LUT6(init="10101010101010101010...]
Compiling architecture lut6_v of entity unisim.LUT6 [\LUT6(init="11111110111110101111...]
Compiling architecture lut6_v of entity unisim.LUT6 [\LUT6(init="11111110111111101111...]
Compiling architecture lut6_v of entity unisim.LUT6 [\LUT6(init="00010101000101010001...]
Compiling architecture lut6_v of entity unisim.LUT6 [\LUT6(init="11111111111111111011...]
Compiling architecture lut6_v of entity unisim.LUT6 [\LUT6(init="11111111111111111111...]
Compiling architecture lut6_v of entity unisim.LUT6 [\LUT6(init="00100000001000000000...]
Compiling architecture lut6_v of entity unisim.LUT6 [\LUT6(init="00000000000000000000...]
Compiling architecture lut4_v of entity unisim.LUT4 [\LUT4(init="1111111101000101")(0...]
Compiling architecture lut6_v of entity unisim.LUT6 [\LUT6(init="11000000110000000000...]
Compiling architecture lut6_v of entity unisim.LUT6 [\LUT6(init="11111111111111111111...]
Compiling architecture lut6_v of entity unisim.LUT6 [\LUT6(init="01010101111111010101...]
Compiling architecture lut6_v of entity unisim.LUT6 [\LUT6(init="01111111011111110101...]
Compiling architecture lut6_v of entity unisim.LUT6 [\LUT6(init="01010101010101010101...]
Compiling architecture lut5_v of entity unisim.LUT5 [\LUT5(init="11111111111111110101...]
Compiling architecture lut6_v of entity unisim.LUT6 [\LUT6(init="11000000110000001100...]
Compiling architecture lut6_v of entity unisim.LUT6 [\LUT6(init="00000000010001000000...]
Compiling architecture lut6_v of entity unisim.LUT6 [\LUT6(init="11111111000011111111...]
Compiling architecture lut6_v of entity unisim.LUT6 [\LUT6(init="00100010001000100010...]
Compiling architecture lut6_v of entity unisim.LUT6 [\LUT6(init="10000000000000001000...]
Compiling architecture lut6_v of entity unisim.LUT6 [\LUT6(init="10101010101010101010...]
Compiling architecture lut6_v of entity unisim.LUT6 [\LUT6(init="01000100010011110100...]
Compiling architecture lut6_v of entity unisim.LUT6 [\LUT6(init="00000000000000000000...]
Compiling architecture lut6_v of entity unisim.LUT6 [\LUT6(init="11011101110111011101...]
Compiling architecture lut6_v of entity unisim.LUT6 [\LUT6(init="00000000000000000000...]
Compiling architecture lut6_v of entity unisim.LUT6 [\LUT6(init="11111111111111111111...]
Compiling architecture lut6_v of entity unisim.LUT6 [\LUT6(init="10000000100000001000...]
Compiling architecture lut6_v of entity unisim.LUT6 [\LUT6(init="00000000000000000000...]
Compiling architecture lut6_v of entity unisim.LUT6 [\LUT6(init="01010101011111111010...]
Compiling architecture lut6_v of entity unisim.LUT6 [\LUT6(init="11111111111111111111...]
Compiling architecture lut6_v of entity unisim.LUT6 [\LUT6(init="00000000000000001000...]
Compiling architecture lut6_v of entity unisim.LUT6 [\LUT6(init="11111111111111111111...]
Compiling architecture lut5_v of entity unisim.LUT5 [\LUT5(init="00000000000001000000...]
Compiling architecture lut6_v of entity unisim.LUT6 [\LUT6(init="11111111111111111111...]
Compiling architecture lut6_v of entity unisim.LUT6 [\LUT6(init="11001111110011111110...]
Compiling architecture lut6_v of entity unisim.LUT6 [\LUT6(init="11000111000000001100...]
Compiling architecture lut6_v of entity unisim.LUT6 [\LUT6(init="10111011101110111011...]
Compiling architecture lut6_v of entity unisim.LUT6 [\LUT6(init="00000100000000000000...]
Compiling architecture lut6_v of entity unisim.LUT6 [\LUT6(init="00000100010001000000...]
Compiling architecture lut5_v of entity unisim.LUT5 [\LUT5(init="11111111111111111111...]
Compiling architecture lut6_v of entity unisim.LUT6 [\LUT6(init="00111101001111010011...]
Compiling architecture lut6_v of entity unisim.LUT6 [\LUT6(init="00000000000000000000...]
Compiling architecture lut6_v of entity unisim.LUT6 [\LUT6(init="11111111111111111111...]
Compiling architecture lut6_v of entity unisim.LUT6 [\LUT6(init="11111111111111111111...]
Compiling architecture lut5_v of entity unisim.LUT5 [\LUT5(init="00001000000000001111...]
Compiling architecture lut6_v of entity unisim.LUT6 [\LUT6(init="00000000000000100000...]
Compiling architecture lut6_v of entity unisim.LUT6 [\LUT6(init="11011101110111011101...]
Compiling architecture lut6_v of entity unisim.LUT6 [\LUT6(init="00000000000000000000...]
Compiling architecture lut6_v of entity unisim.LUT6 [\LUT6(init="00000000000000000000...]
Compiling architecture lut6_v of entity unisim.LUT6 [\LUT6(init="11111111111111111111...]
Compiling architecture lut6_v of entity unisim.LUT6 [\LUT6(init="00000000000000000000...]
Compiling architecture lut6_v of entity unisim.LUT6 [\LUT6(init="11101111111011111110...]
Compiling architecture lut6_v of entity unisim.LUT6 [\LUT6(init="00000000000000000000...]
Compiling architecture structure of entity cpu.Setup_CPU_0_2_CPU [setup_cpu_0_2_cpu_default]
Compiling architecture structure of entity cpu.Setup_CPU_0_2 [setup_cpu_0_2_default]
Compiling architecture vcc_v of entity unisim.VCC [vcc_default]
Compiling architecture structure of entity cpu.Setup_auto_pc_0_axi_protocol_converter_v2_1_31_axi_protocol_converter [setup_auto_pc_0_axi_protocol_con...]
Compiling architecture structure of entity cpu.Setup_auto_pc_0 [setup_auto_pc_0_default]
Compiling architecture lut6_v of entity unisim.LUT6 [\LUT6(init="10111111111111111111...]
Compiling architecture lut6_v of entity unisim.LUT6 [\LUT6(init="11111111011100001111...]
Compiling architecture lut6_v of entity unisim.LUT6 [\LUT6(init="11110100010001001111...]
Compiling architecture structure of entity cpu.\Setup_auto_us_0_axi_register_slice_v2_1_31_axic_register_slice__parameterized2\ [\Setup_auto_us_0_axi_register_sl...]
Compiling architecture structure of entity cpu.Setup_auto_us_0_axi_register_slice_v2_1_31_axi_register_slice [setup_auto_us_0_axi_register_sli...]
Compiling architecture fdse_v of entity unisim.FDSE [fdse_default]
Compiling architecture lut5_v of entity unisim.LUT5 [\LUT5(init="10111111111111111100...]
Compiling architecture lut6_v of entity unisim.LUT6 [\LUT6(init="11101010101010100010...]
Compiling architecture lut2_v of entity unisim.LUT2 [\LUT2(init="0100")(0,3)\]
Compiling architecture lut5_v of entity unisim.LUT5 [\LUT5(init="10001010101010101011...]
Compiling architecture lut3_v of entity unisim.LUT3 [\LUT3(init="11110010")(0,7)\]
Compiling architecture lut6_v of entity unisim.LUT6 [\LUT6(init="01111111111111111111...]
Compiling architecture lut4_v of entity unisim.LUT4 [\LUT4(init="1010101011111110")(0...]
Compiling architecture lut6_v of entity unisim.LUT6 [\LUT6(init="00111010101010101010...]
Compiling architecture lut6_v of entity unisim.LUT6 [\LUT6(init="01011001110011001100...]
Compiling architecture lut6_v of entity unisim.LUT6 [\LUT6(init="11001100110011000101...]
Compiling architecture lut3_v of entity unisim.LUT3 [\LUT3(init="11110100")(0,7)\]
Compiling architecture lut6_v of entity unisim.LUT6 [\LUT6(init="11010000000000000000...]
Compiling architecture lut4_v of entity unisim.LUT4 [\LUT4(init="1110101000000000")(0...]
Compiling architecture lut4_v of entity unisim.LUT4 [\LUT4(init="0010001100100000")(0...]
Compiling architecture lut4_v of entity unisim.LUT4 [\LUT4(init="1010101110101010")(0...]
Compiling architecture lut5_v of entity unisim.LUT5 [\LUT5(init="10000000111111111000...]
Compiling architecture structure of entity cpu.Setup_auto_us_0_axi_dwidth_converter_v2_1_31_r_upsizer [setup_auto_us_0_axi_dwidth_conve...]
Compiling architecture lut5_v of entity unisim.LUT5 [\LUT5(init="10101000000000001111...]
Compiling architecture lut6_v of entity unisim.LUT6 [\LUT6(init="10011001100110011001...]
Compiling architecture lut5_v of entity unisim.LUT5 [\LUT5(init="10101001101010010110...]
Compiling architecture lut6_v of entity unisim.LUT6 [\LUT6(init="10101010101010100110...]
Compiling architecture lut6_v of entity unisim.LUT6 [\LUT6(init="01000100010001000100...]
Compiling architecture lut6_v of entity unisim.LUT6 [\LUT6(init="10101010011010101010...]
Compiling architecture lut6_v of entity unisim.LUT6 [\LUT6(init="11011101110101010101...]
Compiling architecture lut6_v of entity unisim.LUT6 [\LUT6(init="11111101000000001111...]
Compiling architecture srlc32e_v of entity unisim.SRLC32E [\SRLC32E(0,31)\]
Compiling architecture lut6_v of entity unisim.LUT6 [\LUT6(init="00000000111111111111...]
Compiling architecture lut5_v of entity unisim.LUT5 [\LUT5(init="00000000000000001000...]
Compiling architecture lut4_v of entity unisim.LUT4 [\LUT4(init="0001000100000001")(0...]
Compiling architecture lut5_v of entity unisim.LUT5 [\LUT5(init="11111110000000100000...]
Compiling architecture lut5_v of entity unisim.LUT5 [\LUT5(init="10001000100010101000...]
Compiling architecture lut6_v of entity unisim.LUT6 [\LUT6(init="01010101010101111111...]
Compiling architecture lut6_v of entity unisim.LUT6 [\LUT6(init="00000000000000000000...]
Compiling architecture lut3_v of entity unisim.LUT3 [\LUT3(init="00001101")(0,7)\]
Compiling architecture lut6_v of entity unisim.LUT6 [\LUT6(init="01010100010101110000...]
Compiling architecture lut5_v of entity unisim.LUT5 [\LUT5(init="11100010000000000001...]
Compiling architecture lut5_v of entity unisim.LUT5 [\LUT5(init="01010101010101111111...]
Compiling architecture lut6_v of entity unisim.LUT6 [\LUT6(init="10011010100101010110...]
Compiling architecture lut5_v of entity unisim.LUT5 [\LUT5(init="01000100010001010100...]
Compiling architecture lut6_v of entity unisim.LUT6 [\LUT6(init="10010000000000001001...]
Compiling architecture lut4_v of entity unisim.LUT4 [\LUT4(init="1010101110101000")(0...]
Compiling architecture lut6_v of entity unisim.LUT6 [\LUT6(init="10011001100110101001...]
Compiling architecture lut5_v of entity unisim.LUT5 [\LUT5(init="11111110000000100000...]
Compiling architecture lut3_v of entity unisim.LUT3 [\LUT3(init="11111000")(0,7)\]
Compiling architecture lut4_v of entity unisim.LUT4 [\LUT4(init="0111011111110111")(0...]
Compiling architecture lut5_v of entity unisim.LUT5 [\LUT5(init="00000000000000000000...]
Compiling architecture lut5_v of entity unisim.LUT5 [\LUT5(init="10101000000000000000...]
Compiling architecture structure of entity cpu.Setup_auto_us_0_generic_baseblocks_v2_1_2_command_fifo_1 [setup_auto_us_0_generic_basebloc...]
Compiling architecture structure of entity cpu.\Setup_auto_us_0_axi_dwidth_converter_v2_1_31_a_upsizer__parameterized0\ [\Setup_auto_us_0_axi_dwidth_conv...]
Compiling architecture gnd_v of entity unisim.GND [gnd_default]
Compiling architecture lut4_v of entity unisim.LUT4 [\LUT4(init="1011000000000000")(0...]
Compiling architecture lut3_v of entity unisim.LUT3 [\LUT3(init="11111011")(0,7)\]
Compiling architecture structure of entity cpu.Setup_auto_us_0_axi_dwidth_converter_v2_1_31_w_upsizer [setup_auto_us_0_axi_dwidth_conve...]
Compiling architecture lut4_v of entity unisim.LUT4 [\LUT4(init="1111101100000000")(0...]
Compiling architecture lut4_v of entity unisim.LUT4 [\LUT4(init="1000111110001000")(0...]
Compiling architecture lut3_v of entity unisim.LUT3 [\LUT3(init="10110000")(0,7)\]
Compiling architecture structure of entity cpu.Setup_auto_us_0_generic_baseblocks_v2_1_2_command_fifo [setup_auto_us_0_generic_basebloc...]
Compiling architecture structure of entity cpu.Setup_auto_us_0_axi_dwidth_converter_v2_1_31_a_upsizer [setup_auto_us_0_axi_dwidth_conve...]
Compiling architecture lut3_v of entity unisim.LUT3 [\LUT3(init="00010100")(0,7)\]
Compiling architecture lut4_v of entity unisim.LUT4 [\LUT4(init="0110100101100110")(0...]
Compiling architecture lut2_v of entity unisim.LUT2 [\LUT2(init="1101")(0,3)\]
Compiling architecture lut6_v of entity unisim.LUT6 [\LUT6(init="00000000100000001111...]
Compiling architecture fdre_v of entity unisim.FDRE [\FDRE(init='1')\]
Compiling architecture lut5_v of entity unisim.LUT5 [\LUT5(init="01010111111101110000...]
Compiling architecture structure of entity cpu.\Setup_auto_us_0_axi_register_slice_v2_1_31_axic_register_slice__parameterized3\ [\Setup_auto_us_0_axi_register_sl...]
Compiling architecture structure of entity cpu.\Setup_auto_us_0_axi_register_slice_v2_1_31_axic_register_slice__parameterized3_0\ [\Setup_auto_us_0_axi_register_sl...]
Compiling architecture structure of entity cpu.\Setup_auto_us_0_axi_register_slice_v2_1_31_axi_register_slice__parameterized0\ [\Setup_auto_us_0_axi_register_sl...]
Compiling architecture structure of entity cpu.Setup_auto_us_0_axi_dwidth_converter_v2_1_31_axi_upsizer [setup_auto_us_0_axi_dwidth_conve...]
Compiling architecture structure of entity cpu.Setup_auto_us_0_axi_dwidth_converter_v2_1_31_top [setup_auto_us_0_axi_dwidth_conve...]
Compiling architecture structure of entity cpu.Setup_auto_us_0 [setup_auto_us_0_default]
Compiling architecture structure of entity cpu.s00_couplers_imp_TK11N1 [s00_couplers_imp_tk11n1_default]
Compiling architecture structure of entity cpu.Setup_axi_interconnect_0_1 [setup_axi_interconnect_0_1_defau...]
Compiling architecture lut3_v of entity unisim.LUT3 [\LUT3(init="10101100")(0,7)\]
Compiling architecture structure of entity cpu.Setup_blk_mem_gen_0_0_blk_mem_gen_mux [setup_blk_mem_gen_0_0_blk_mem_ge...]
Compiling architecture rb36_internal_vhdl_v of entity unisim.RB36_INTERNAL_VHDL [\RB36_INTERNAL_VHDL(doa_reg=1,in...]
Compiling architecture ramb36e1_v of entity unisim.RAMB36E1 [\RAMB36E1(doa_reg=1,init_00="000...]
Compiling architecture structure of entity cpu.Setup_blk_mem_gen_0_0_blk_mem_gen_prim_wrapper_init [setup_blk_mem_gen_0_0_blk_mem_ge...]
Compiling architecture structure of entity cpu.Setup_blk_mem_gen_0_0_blk_mem_gen_prim_width [setup_blk_mem_gen_0_0_blk_mem_ge...]
Compiling architecture rb36_internal_vhdl_v of entity unisim.RB36_INTERNAL_VHDL [\RB36_INTERNAL_VHDL(doa_reg=1,in...]
Compiling architecture ramb36e1_v of entity unisim.RAMB36E1 [\RAMB36E1(doa_reg=1,init_00="000...]
Compiling architecture structure of entity cpu.\Setup_blk_mem_gen_0_0_blk_mem_gen_prim_wrapper_init__parameterized9\ [\Setup_blk_mem_gen_0_0_blk_mem_g...]
Compiling architecture structure of entity cpu.\Setup_blk_mem_gen_0_0_blk_mem_gen_prim_width__parameterized9\ [\Setup_blk_mem_gen_0_0_blk_mem_g...]
Compiling architecture rb36_internal_vhdl_v of entity unisim.RB36_INTERNAL_VHDL [\RB36_INTERNAL_VHDL(doa_reg=1,in...]
Compiling architecture ramb36e1_v of entity unisim.RAMB36E1 [\RAMB36E1(doa_reg=1,rdaddr_colli...]
Compiling architecture structure of entity cpu.\Setup_blk_mem_gen_0_0_blk_mem_gen_prim_wrapper_init__parameterized0_15\ [\Setup_blk_mem_gen_0_0_blk_mem_g...]
Compiling architecture structure of entity cpu.\Setup_blk_mem_gen_0_0_blk_mem_gen_prim_width__parameterized0\ [\Setup_blk_mem_gen_0_0_blk_mem_g...]
Compiling architecture structure of entity cpu.\Setup_blk_mem_gen_0_0_blk_mem_gen_prim_wrapper_init__parameterized0_14\ [\Setup_blk_mem_gen_0_0_blk_mem_g...]
Compiling architecture structure of entity cpu.\Setup_blk_mem_gen_0_0_blk_mem_gen_prim_width__parameterized0_0\ [\Setup_blk_mem_gen_0_0_blk_mem_g...]
Compiling architecture structure of entity cpu.\Setup_blk_mem_gen_0_0_blk_mem_gen_prim_wrapper_init__parameterized0_13\ [\Setup_blk_mem_gen_0_0_blk_mem_g...]
Compiling architecture structure of entity cpu.\Setup_blk_mem_gen_0_0_blk_mem_gen_prim_width__parameterized0_1\ [\Setup_blk_mem_gen_0_0_blk_mem_g...]
Compiling architecture rb36_internal_vhdl_v of entity unisim.RB36_INTERNAL_VHDL [\RB36_INTERNAL_VHDL(doa_reg=1,in...]
Compiling architecture ramb36e1_v of entity unisim.RAMB36E1 [\RAMB36E1(doa_reg=1,init_00="000...]
Compiling architecture structure of entity cpu.\Setup_blk_mem_gen_0_0_blk_mem_gen_prim_wrapper_init__parameterized13\ [\Setup_blk_mem_gen_0_0_blk_mem_g...]
Compiling architecture structure of entity cpu.\Setup_blk_mem_gen_0_0_blk_mem_gen_prim_width__parameterized13\ [\Setup_blk_mem_gen_0_0_blk_mem_g...]
Compiling architecture structure of entity cpu.\Setup_blk_mem_gen_0_0_blk_mem_gen_prim_wrapper_init__parameterized0_12\ [\Setup_blk_mem_gen_0_0_blk_mem_g...]
Compiling architecture structure of entity cpu.\Setup_blk_mem_gen_0_0_blk_mem_gen_prim_width__parameterized0_2\ [\Setup_blk_mem_gen_0_0_blk_mem_g...]
Compiling architecture structure of entity cpu.\Setup_blk_mem_gen_0_0_blk_mem_gen_prim_wrapper_init__parameterized0_11\ [\Setup_blk_mem_gen_0_0_blk_mem_g...]
Compiling architecture structure of entity cpu.\Setup_blk_mem_gen_0_0_blk_mem_gen_prim_width__parameterized0_3\ [\Setup_blk_mem_gen_0_0_blk_mem_g...]
Compiling architecture rb36_internal_vhdl_v of entity unisim.RB36_INTERNAL_VHDL [\RB36_INTERNAL_VHDL(doa_reg=1,in...]
Compiling architecture ramb36e1_v of entity unisim.RAMB36E1 [\RAMB36E1(doa_reg=1,init_00="000...]
Compiling architecture structure of entity cpu.\Setup_blk_mem_gen_0_0_blk_mem_gen_prim_wrapper_init__parameterized1\ [\Setup_blk_mem_gen_0_0_blk_mem_g...]
Compiling architecture structure of entity cpu.\Setup_blk_mem_gen_0_0_blk_mem_gen_prim_width__parameterized1\ [\Setup_blk_mem_gen_0_0_blk_mem_g...]
Compiling architecture structure of entity cpu.\Setup_blk_mem_gen_0_0_blk_mem_gen_prim_wrapper_init__parameterized0_10\ [\Setup_blk_mem_gen_0_0_blk_mem_g...]
Compiling architecture structure of entity cpu.\Setup_blk_mem_gen_0_0_blk_mem_gen_prim_width__parameterized0_4\ [\Setup_blk_mem_gen_0_0_blk_mem_g...]
Compiling architecture rb36_internal_vhdl_v of entity unisim.RB36_INTERNAL_VHDL [\RB36_INTERNAL_VHDL(doa_reg=1,in...]
Compiling architecture ramb36e1_v of entity unisim.RAMB36E1 [\RAMB36E1(doa_reg=1,init_00="000...]
Compiling architecture structure of entity cpu.\Setup_blk_mem_gen_0_0_blk_mem_gen_prim_wrapper_init__parameterized3\ [\Setup_blk_mem_gen_0_0_blk_mem_g...]
Compiling architecture structure of entity cpu.\Setup_blk_mem_gen_0_0_blk_mem_gen_prim_width__parameterized3\ [\Setup_blk_mem_gen_0_0_blk_mem_g...]
Compiling architecture structure of entity cpu.\Setup_blk_mem_gen_0_0_blk_mem_gen_prim_wrapper_init__parameterized0_9\ [\Setup_blk_mem_gen_0_0_blk_mem_g...]
Compiling architecture structure of entity cpu.\Setup_blk_mem_gen_0_0_blk_mem_gen_prim_width__parameterized0_5\ [\Setup_blk_mem_gen_0_0_blk_mem_g...]
Compiling architecture rb36_internal_vhdl_v of entity unisim.RB36_INTERNAL_VHDL [\RB36_INTERNAL_VHDL(doa_reg=1,in...]
Compiling architecture ramb36e1_v of entity unisim.RAMB36E1 [\RAMB36E1(doa_reg=1,init_00="000...]
Compiling architecture structure of entity cpu.\Setup_blk_mem_gen_0_0_blk_mem_gen_prim_wrapper_init__parameterized5\ [\Setup_blk_mem_gen_0_0_blk_mem_g...]
Compiling architecture structure of entity cpu.\Setup_blk_mem_gen_0_0_blk_mem_gen_prim_width__parameterized5\ [\Setup_blk_mem_gen_0_0_blk_mem_g...]
Compiling architecture structure of entity cpu.\Setup_blk_mem_gen_0_0_blk_mem_gen_prim_wrapper_init__parameterized0_8\ [\Setup_blk_mem_gen_0_0_blk_mem_g...]
Compiling architecture structure of entity cpu.\Setup_blk_mem_gen_0_0_blk_mem_gen_prim_width__parameterized0_6\ [\Setup_blk_mem_gen_0_0_blk_mem_g...]
Compiling architecture rb36_internal_vhdl_v of entity unisim.RB36_INTERNAL_VHDL [\RB36_INTERNAL_VHDL(doa_reg=1,in...]
Compiling architecture ramb36e1_v of entity unisim.RAMB36E1 [\RAMB36E1(doa_reg=1,init_00="000...]
Compiling architecture structure of entity cpu.\Setup_blk_mem_gen_0_0_blk_mem_gen_prim_wrapper_init__parameterized7\ [\Setup_blk_mem_gen_0_0_blk_mem_g...]
Compiling architecture structure of entity cpu.\Setup_blk_mem_gen_0_0_blk_mem_gen_prim_width__parameterized7\ [\Setup_blk_mem_gen_0_0_blk_mem_g...]
Compiling architecture structure of entity cpu.\Setup_blk_mem_gen_0_0_blk_mem_gen_prim_wrapper_init__parameterized0\ [\Setup_blk_mem_gen_0_0_blk_mem_g...]
Compiling architecture structure of entity cpu.\Setup_blk_mem_gen_0_0_blk_mem_gen_prim_width__parameterized0_7\ [\Setup_blk_mem_gen_0_0_blk_mem_g...]
Compiling architecture structure of entity cpu.Setup_blk_mem_gen_0_0_blk_mem_gen_generic_cstr [setup_blk_mem_gen_0_0_blk_mem_ge...]
Compiling architecture structure of entity cpu.Setup_blk_mem_gen_0_0_blk_mem_gen_top [setup_blk_mem_gen_0_0_blk_mem_ge...]
Compiling architecture structure of entity cpu.Setup_blk_mem_gen_0_0_blk_mem_gen_v8_4_8_synth [setup_blk_mem_gen_0_0_blk_mem_ge...]
Compiling architecture structure of entity cpu.Setup_blk_mem_gen_0_0_blk_mem_gen_v8_4_8 [setup_blk_mem_gen_0_0_blk_mem_ge...]
Compiling architecture structure of entity cpu.Setup_blk_mem_gen_0_0 [setup_blk_mem_gen_0_0_default]
Compiling architecture bibuf_v of entity unisim.BIBUF [bibuf_default]
Compiling architecture ps7_v of entity unisim.PS7 [\PS7:cpu_tb:uut:setup_i:processi...]
Compiling architecture structure of entity cpu.Setup_processing_system7_0_0_processing_system7_v5_5_processing_system7 [\Setup_processing_system7_0_0_pr...]
Compiling architecture structure of entity cpu.Setup_processing_system7_0_0 [\Setup_processing_system7_0_0:cp...]
Compiling architecture lut5_v of entity unisim.LUT5 [\LUT5(init="11101010101010101010...]
Compiling architecture structure of entity cpu.Setup_rst_ps7_0_50M_0_cdc_sync [setup_rst_ps7_0_50m_0_cdc_sync_d...]
Compiling architecture structure of entity cpu.Setup_rst_ps7_0_50M_0_cdc_sync_0 [setup_rst_ps7_0_50m_0_cdc_sync_0...]
Compiling architecture srl16e_v of entity unisim.SRL16E [\SRL16E(init="1111111111111111")...]
Compiling architecture structure of entity cpu.Setup_rst_ps7_0_50M_0_lpf [setup_rst_ps7_0_50m_0_lpf_defaul...]
Compiling architecture lut3_v of entity unisim.LUT3 [\LUT3(init="01111000")(0,7)\]
Compiling architecture lut4_v of entity unisim.LUT4 [\LUT4(init="0111111110000000")(0...]
Compiling architecture lut5_v of entity unisim.LUT5 [\LUT5(init="01111111111111111000...]
Compiling architecture lut6_v of entity unisim.LUT6 [\LUT6(init="01111111111111111111...]
Compiling architecture structure of entity cpu.Setup_rst_ps7_0_50M_0_upcnt_n [setup_rst_ps7_0_50m_0_upcnt_n_de...]
Compiling architecture lut4_v of entity unisim.LUT4 [\LUT4(init="1001000000000000")(0...]
Compiling architecture fdse_v of entity unisim.FDSE [\FDSE(init='0')\]
Compiling architecture lut4_v of entity unisim.LUT4 [\LUT4(init="0000000000011000")(0...]
Compiling architecture lut4_v of entity unisim.LUT4 [\LUT4(init="0000010010000000")(0...]
Compiling architecture structure of entity cpu.Setup_rst_ps7_0_50M_0_sequence_psr [setup_rst_ps7_0_50m_0_sequence_p...]
Compiling architecture structure of entity cpu.Setup_rst_ps7_0_50M_0_proc_sys_reset [setup_rst_ps7_0_50m_0_proc_sys_r...]
Compiling architecture structure of entity cpu.Setup_rst_ps7_0_50M_0 [setup_rst_ps7_0_50m_0_default]
Compiling architecture structure of entity cpu.Setup_util_vector_logic_0_0 [setup_util_vector_logic_0_0_defa...]
Compiling architecture structure of entity cpu.Setup [\Setup:cpu_tb:uut:setup_i:\]
Compiling architecture structure of entity cpu.Setup_wrapper [\Setup_wrapper:cpu_tb:uut:\]
Compiling architecture behavioral of entity cpu.\cpu_tb:cpu_tb:\
Built simulation snapshot CPU_TB_func_impl
