INFO: [VRFC 10-163] Analyzing VHDL file "Y:/C++/Uni-CPU/CPURev2/CPURev2.sim/sim_1/synth/func/xsim/Setup_wrapper_func_synth.vhd" into library CPU
INFO: [VRFC 10-3107] analyzing entity 'Setup_AXI_Master_0_3_AXI_Master'
INFO: [VRFC 10-3107] analyzing entity 'Setup_CPU_0_2_ALU'
INFO: [VRFC 10-3107] analyzing entity 'Setup_CPU_0_2_ClockDivider'
INFO: [VRFC 10-3107] analyzing entity 'Setup_auto_pc_0_axi_protocol_converter_v2_1_31_axi_protocol_converter'
INFO: [VRFC 10-3107] analyzing entity 'Setup_auto_us_0_axi_dwidth_converter_v2_1_31_r_upsizer'
INFO: [VRFC 10-3107] analyzing entity 'Setup_auto_us_0_axi_dwidth_converter_v2_1_31_w_upsizer'
INFO: [VRFC 10-3107] analyzing entity '\Setup_auto_us_0_axi_register_slice_v2_1_31_axic_register_slice__parameterized2\'
INFO: [VRFC 10-3107] analyzing entity '\Setup_auto_us_0_axi_register_slice_v2_1_31_axic_register_slice__parameterized3\'
INFO: [VRFC 10-3107] analyzing entity '\Setup_auto_us_0_axi_register_slice_v2_1_31_axic_register_slice__parameterized3_0\'
INFO: [VRFC 10-3107] analyzing entity 'Setup_auto_us_0_generic_baseblocks_v2_1_2_command_fifo'
INFO: [VRFC 10-3107] analyzing entity 'Setup_auto_us_0_generic_baseblocks_v2_1_2_command_fifo_1'
INFO: [VRFC 10-3107] analyzing entity 'Setup_processing_system7_0_0_processing_system7_v5_5_processing_system7'
INFO: [VRFC 10-3107] analyzing entity 'Setup_rst_ps7_0_50M_0_cdc_sync'
INFO: [VRFC 10-3107] analyzing entity 'Setup_rst_ps7_0_50M_0_cdc_sync_0'
INFO: [VRFC 10-3107] analyzing entity 'Setup_rst_ps7_0_50M_0_upcnt_n'
INFO: [VRFC 10-3107] analyzing entity 'Setup_util_vector_logic_0_0'
INFO: [VRFC 10-3107] analyzing entity 'Setup_util_vector_logic_1_0'
INFO: [VRFC 10-3107] analyzing entity 'Setup_blk_mem_gen_0_0_bindec'
INFO: [VRFC 10-3107] analyzing entity 'Setup_blk_mem_gen_0_0_blk_mem_gen_mux'
INFO: [VRFC 10-3107] analyzing entity 'Setup_blk_mem_gen_0_0_blk_mem_gen_prim_wrapper'
INFO: [VRFC 10-3107] analyzing entity '\Setup_blk_mem_gen_0_0_blk_mem_gen_prim_wrapper__parameterized0\'
INFO: [VRFC 10-3107] analyzing entity '\Setup_blk_mem_gen_0_0_blk_mem_gen_prim_wrapper__parameterized0_12\'
INFO: [VRFC 10-3107] analyzing entity '\Setup_blk_mem_gen_0_0_blk_mem_gen_prim_wrapper__parameterized0_13\'
INFO: [VRFC 10-3107] analyzing entity '\Setup_blk_mem_gen_0_0_blk_mem_gen_prim_wrapper__parameterized0_14\'
INFO: [VRFC 10-3107] analyzing entity '\Setup_blk_mem_gen_0_0_blk_mem_gen_prim_wrapper__parameterized0_15\'
INFO: [VRFC 10-3107] analyzing entity '\Setup_blk_mem_gen_0_0_blk_mem_gen_prim_wrapper__parameterized0_16\'
INFO: [VRFC 10-3107] analyzing entity '\Setup_blk_mem_gen_0_0_blk_mem_gen_prim_wrapper__parameterized0_17\'
INFO: [VRFC 10-3107] analyzing entity '\Setup_blk_mem_gen_0_0_blk_mem_gen_prim_wrapper__parameterized0_18\'
INFO: [VRFC 10-3107] analyzing entity '\Setup_blk_mem_gen_0_0_blk_mem_gen_prim_wrapper__parameterized0_19\'
INFO: [VRFC 10-3107] analyzing entity '\Setup_blk_mem_gen_0_0_blk_mem_gen_prim_wrapper__parameterized0_20\'
INFO: [VRFC 10-3107] analyzing entity '\Setup_blk_mem_gen_0_0_blk_mem_gen_prim_wrapper__parameterized0_21\'
INFO: [VRFC 10-3107] analyzing entity '\Setup_blk_mem_gen_0_0_blk_mem_gen_prim_wrapper__parameterized0_22\'
INFO: [VRFC 10-3107] analyzing entity '\Setup_blk_mem_gen_0_0_blk_mem_gen_prim_wrapper__parameterized0_23\'
INFO: [VRFC 10-3107] analyzing entity '\Setup_blk_mem_gen_0_0_blk_mem_gen_prim_wrapper__parameterized0_24\'
INFO: [VRFC 10-3107] analyzing entity 'Setup_AXI_Master_0_3'
INFO: [VRFC 10-3107] analyzing entity 'Setup_CPU_0_2_CPU'
INFO: [VRFC 10-3107] analyzing entity 'Setup_auto_pc_0'
INFO: [VRFC 10-3107] analyzing entity 'Setup_auto_us_0_axi_dwidth_converter_v2_1_31_a_upsizer'
INFO: [VRFC 10-3107] analyzing entity '\Setup_auto_us_0_axi_dwidth_converter_v2_1_31_a_upsizer__parameterized0\'
INFO: [VRFC 10-3107] analyzing entity 'Setup_auto_us_0_axi_register_slice_v2_1_31_axi_register_slice'
INFO: [VRFC 10-3107] analyzing entity '\Setup_auto_us_0_axi_register_slice_v2_1_31_axi_register_slice__parameterized0\'
INFO: [VRFC 10-3107] analyzing entity 'Setup_processing_system7_0_0'
INFO: [VRFC 10-3107] analyzing entity 'Setup_rst_ps7_0_50M_0_lpf'
INFO: [VRFC 10-3107] analyzing entity 'Setup_rst_ps7_0_50M_0_sequence_psr'
INFO: [VRFC 10-3107] analyzing entity 'Setup_blk_mem_gen_0_0_blk_mem_gen_prim_width'
INFO: [VRFC 10-3107] analyzing entity '\Setup_blk_mem_gen_0_0_blk_mem_gen_prim_width__parameterized0\'
INFO: [VRFC 10-3107] analyzing entity '\Setup_blk_mem_gen_0_0_blk_mem_gen_prim_width__parameterized0_0\'
INFO: [VRFC 10-3107] analyzing entity '\Setup_blk_mem_gen_0_0_blk_mem_gen_prim_width__parameterized0_1\'
INFO: [VRFC 10-3107] analyzing entity '\Setup_blk_mem_gen_0_0_blk_mem_gen_prim_width__parameterized0_10\'
INFO: [VRFC 10-3107] analyzing entity '\Setup_blk_mem_gen_0_0_blk_mem_gen_prim_width__parameterized0_11\'
INFO: [VRFC 10-3107] analyzing entity '\Setup_blk_mem_gen_0_0_blk_mem_gen_prim_width__parameterized0_3\'
INFO: [VRFC 10-3107] analyzing entity '\Setup_blk_mem_gen_0_0_blk_mem_gen_prim_width__parameterized0_4\'
INFO: [VRFC 10-3107] analyzing entity '\Setup_blk_mem_gen_0_0_blk_mem_gen_prim_width__parameterized0_5\'
INFO: [VRFC 10-3107] analyzing entity '\Setup_blk_mem_gen_0_0_blk_mem_gen_prim_width__parameterized0_6\'
INFO: [VRFC 10-3107] analyzing entity '\Setup_blk_mem_gen_0_0_blk_mem_gen_prim_width__parameterized0_7\'
INFO: [VRFC 10-3107] analyzing entity '\Setup_blk_mem_gen_0_0_blk_mem_gen_prim_width__parameterized0_8\'
INFO: [VRFC 10-3107] analyzing entity '\Setup_blk_mem_gen_0_0_blk_mem_gen_prim_width__parameterized0_9\'
INFO: [VRFC 10-3107] analyzing entity '\Setup_blk_mem_gen_0_0_blk_mem_gen_prim_width__parameterized12\'
INFO: [VRFC 10-3107] analyzing entity '\Setup_blk_mem_gen_0_0_blk_mem_gen_prim_width__parameterized12_2\'
INFO: [VRFC 10-3107] analyzing entity 'Setup_CPU_0_2'
INFO: [VRFC 10-3107] analyzing entity 'Setup_auto_us_0_axi_dwidth_converter_v2_1_31_axi_upsizer'
INFO: [VRFC 10-3107] analyzing entity 'Setup_rst_ps7_0_50M_0_proc_sys_reset'
INFO: [VRFC 10-3107] analyzing entity 'Setup_blk_mem_gen_0_0_blk_mem_gen_generic_cstr'
INFO: [VRFC 10-3107] analyzing entity 'Setup_auto_us_0_axi_dwidth_converter_v2_1_31_top'
INFO: [VRFC 10-3107] analyzing entity 'Setup_rst_ps7_0_50M_0'
INFO: [VRFC 10-3107] analyzing entity 'Setup_blk_mem_gen_0_0_blk_mem_gen_top'
INFO: [VRFC 10-3107] analyzing entity 'Setup_auto_us_0'
INFO: [VRFC 10-3107] analyzing entity 'Setup_blk_mem_gen_0_0_blk_mem_gen_v8_4_8_synth'
INFO: [VRFC 10-3107] analyzing entity 's00_couplers_imp_TK11N1'
INFO: [VRFC 10-3107] analyzing entity 'Setup_blk_mem_gen_0_0_blk_mem_gen_v8_4_8'
INFO: [VRFC 10-3107] analyzing entity 'Setup_axi_interconnect_0_1'
INFO: [VRFC 10-3107] analyzing entity 'Setup_blk_mem_gen_0_0'
INFO: [VRFC 10-3107] analyzing entity 'Setup'
INFO: [VRFC 10-3107] analyzing entity 'Setup_wrapper'
