Vivado Simulator v2024.1
Copyright 1986-2022 Xilinx, Inc. All Rights Reserved.
Copyright 2022-2024 Advanced Micro Devices, Inc. All Rights Reserved.
Running: C:/Xilinx/Vivado/2024.1/bin/unwrapped/win64.o/xelab.exe --incr --debug typical --relax --mt 2 -L CPU -L xilinx_vip -L unisims_ver -L secureip --snapshot Setup_wrapper_func_synth CPU.Setup_wrapper CPU.glbl -log elaborate.log 
Using 2 slave threads.
WARNING: [XSIM 43-3431] One or more environment variables have been detected which affect the operation of the C compiler. These are typically not set in standard installations and are not tested by AMD, however they may be appropriate for your system, so the flow will attempt to continue.  If errors occur, try running xelab with the "-mt off -v 1" switches to see more information from the C compiler. The following environment variables have been detected:
Starting static elaboration
Pass Through NonSizing Optimizer
Completed static elaboration
Starting simulation data flow analysis
Completed simulation data flow analysis
Time Resolution for simulation is 1ps
Compiling package std.standard
Compiling package std.textio
Compiling package ieee.std_logic_1164
Compiling package ieee.numeric_std
Compiling package unisim.vcomponents
Compiling package ieee.vital_timing
Compiling package ieee.vital_primitives
Compiling package unisim.vpkg
Compiling package ieee.std_logic_arith
Compiling package ieee.std_logic_signed
Compiling package ieee.std_logic_textio
Compiling module CPU.glbl
Compiling architecture pullup_v of entity unisim.PULLUP [pullup_default]
Compiling architecture gnd_v of entity unisim.GND [gnd_default]
Compiling architecture lut6_v of entity unisim.LUT6 [\LUT6(init="01000111010001000100...]
Compiling architecture lut6_v of entity unisim.LUT6 [\LUT6(init="10111010101111111000...]
Compiling architecture lut4_v of entity unisim.LUT4 [\LUT4(init="0000000000001101")(0...]
Compiling architecture lut5_v of entity unisim.LUT5 [\LUT5(init="10001111100011111000...]
Compiling architecture lut5_v of entity unisim.LUT5 [\LUT5(init="00111010001100000011...]
Compiling architecture lut3_v of entity unisim.LUT3 [\LUT3(init="10111000")(0,7)\]
Compiling architecture fdce_v of entity unisim.FDCE [fdce_default]
Compiling architecture lut6_v of entity unisim.LUT6 [\LUT6(init="00000000000000000000...]
Compiling architecture fdre_v of entity unisim.FDRE [fdre_default]
Compiling architecture lut6_v of entity unisim.LUT6 [\LUT6(init="11111111011101110111...]
Compiling architecture lut3_v of entity unisim.LUT3 [\LUT3(init="01000000")(0,7)\]
Compiling architecture lut2_v of entity unisim.LUT2 [\LUT2(init="0001")(0,3)\]
Compiling architecture lut5_v of entity unisim.LUT5 [\LUT5(init="00000000000000000000...]
Compiling architecture lut6_v of entity unisim.LUT6 [\LUT6(init="11101110111111111111...]
Compiling architecture lut2_v of entity unisim.LUT2 [\LUT2(init="1000")(0,3)\]
Compiling architecture lut6_v of entity unisim.LUT6 [\LUT6(init="11111100111111111111...]
Compiling architecture lut6_v of entity unisim.LUT6 [\LUT6(init="11111100111111111111...]
Compiling architecture lut6_v of entity unisim.LUT6 [\LUT6(init="11111111111111111111...]
Compiling architecture lut5_v of entity unisim.LUT5 [\LUT5(init="00000000000000000000...]
Compiling architecture structure of entity cpu.Setup_AXI_Master_0_3_AXI_Master [setup_axi_master_0_3_axi_master_...]
Compiling architecture structure of entity cpu.Setup_AXI_Master_0_3 [setup_axi_master_0_3_default]
Compiling architecture lut2_v of entity unisim.LUT2 [\LUT2(init="0110")(0,3)\]
Compiling architecture carry4_v of entity unisim.CARRY4 [carry4_default]
Compiling architecture ldce_v of entity unisim.LDCE [ldce_default]
Compiling architecture lut2_v of entity unisim.LUT2 [\LUT2(init="0010")(0,3)\]
Compiling architecture fdpe_v of entity unisim.FDPE [fdpe_default]
Compiling architecture structure of entity cpu.Setup_CPU_0_2_ALU [setup_cpu_0_2_alu_default]
Compiling architecture lut5_v of entity unisim.LUT5 [\LUT5(init="11111111111111100000...]
Compiling architecture lut1_v of entity unisim.LUT1 [\LUT1(init="0001")(0,3)\]
Compiling architecture lut5_v of entity unisim.LUT5 [\LUT5(init="11111111111111100000...]
Compiling architecture lut4_v of entity unisim.LUT4 [\LUT4(init="1111111111111110")(0...]
Compiling architecture lut5_v of entity unisim.LUT5 [\LUT5(init="11111111111111111111...]
Compiling architecture lut5_v of entity unisim.LUT5 [\LUT5(init="11111111111111111111...]
Compiling architecture structure of entity cpu.Setup_CPU_0_2_ClockDivider [setup_cpu_0_2_clockdivider_defau...]
Compiling architecture structure of entity cpu.Setup_CPU_0_2_CPU [setup_cpu_0_2_cpu_default]
Compiling architecture structure of entity cpu.Setup_CPU_0_2 [setup_cpu_0_2_default]
Compiling architecture vcc_v of entity unisim.VCC [vcc_default]
Compiling architecture structure of entity cpu.Setup_auto_pc_0_axi_protocol_converter_v2_1_31_axi_protocol_converter [setup_auto_pc_0_axi_protocol_con...]
Compiling architecture structure of entity cpu.Setup_auto_pc_0 [setup_auto_pc_0_default]
Compiling architecture lut6_v of entity unisim.LUT6 [\LUT6(init="10111111111111111111...]
Compiling architecture lut6_v of entity unisim.LUT6 [\LUT6(init="11111111011100001111...]
Compiling architecture lut6_v of entity unisim.LUT6 [\LUT6(init="11110100010001001111...]
Compiling architecture structure of entity cpu.\Setup_auto_us_0_axi_register_slice_v2_1_31_axic_register_slice__parameterized2\ [\Setup_auto_us_0_axi_register_sl...]
Compiling architecture structure of entity cpu.Setup_auto_us_0_axi_register_slice_v2_1_31_axi_register_slice [setup_auto_us_0_axi_register_sli...]
Compiling architecture lut5_v of entity unisim.LUT5 [\LUT5(init="00001000000000000000...]
Compiling architecture fdse_v of entity unisim.FDSE [fdse_default]
Compiling architecture lut6_v of entity unisim.LUT6 [\LUT6(init="00101111111111111111...]
Compiling architecture lut6_v of entity unisim.LUT6 [\LUT6(init="11101010101010100010...]
Compiling architecture lut6_v of entity unisim.LUT6 [\LUT6(init="11001010110011001100...]
Compiling architecture lut5_v of entity unisim.LUT5 [\LUT5(init="11111111111110101100...]
Compiling architecture lut4_v of entity unisim.LUT4 [\LUT4(init="1111111111100010")(0...]
Compiling architecture lut6_v of entity unisim.LUT6 [\LUT6(init="01111111111111111111...]
Compiling architecture lut6_v of entity unisim.LUT6 [\LUT6(init="11111111111111111111...]
Compiling architecture lut6_v of entity unisim.LUT6 [\LUT6(init="00111010101010101010...]
Compiling architecture lut3_v of entity unisim.LUT3 [\LUT3(init="10111010")(0,7)\]
Compiling architecture lut6_v of entity unisim.LUT6 [\LUT6(init="01011001110011001100...]
Compiling architecture lut6_v of entity unisim.LUT6 [\LUT6(init="11001100110011000101...]
Compiling architecture lut3_v of entity unisim.LUT3 [\LUT3(init="11110100")(0,7)\]
Compiling architecture lut4_v of entity unisim.LUT4 [\LUT4(init="1110101000000000")(0...]
Compiling architecture lut2_v of entity unisim.LUT2 [\LUT2(init="1110")(0,3)\]
Compiling architecture lut6_v of entity unisim.LUT6 [\LUT6(init="11001010111111111100...]
Compiling architecture lut5_v of entity unisim.LUT5 [\LUT5(init="10101010101010111010...]
Compiling architecture lut6_v of entity unisim.LUT6 [\LUT6(init="00000000000000000000...]
Compiling architecture lut5_v of entity unisim.LUT5 [\LUT5(init="10000000111111111000...]
Compiling architecture lut4_v of entity unisim.LUT4 [\LUT4(init="1011111110100000")(0...]
Compiling architecture structure of entity cpu.Setup_auto_us_0_axi_dwidth_converter_v2_1_31_r_upsizer [setup_auto_us_0_axi_dwidth_conve...]
Compiling architecture lut5_v of entity unisim.LUT5 [\LUT5(init="10101000000000001111...]
Compiling architecture lut6_v of entity unisim.LUT6 [\LUT6(init="10011001100110011001...]
Compiling architecture lut5_v of entity unisim.LUT5 [\LUT5(init="10101001101010010110...]
Compiling architecture lut6_v of entity unisim.LUT6 [\LUT6(init="10101010101010100110...]
Compiling architecture lut6_v of entity unisim.LUT6 [\LUT6(init="01000100010001000100...]
Compiling architecture lut6_v of entity unisim.LUT6 [\LUT6(init="10101010011010101010...]
Compiling architecture lut6_v of entity unisim.LUT6 [\LUT6(init="11011101110101010101...]
Compiling architecture srlc32e_v of entity unisim.SRLC32E [\SRLC32E(0,31)\]
Compiling architecture lut3_v of entity unisim.LUT3 [\LUT3(init="00000001")(0,7)\]
Compiling architecture lut6_v of entity unisim.LUT6 [\LUT6(init="00010001000100010000...]
Compiling architecture lut3_v of entity unisim.LUT3 [\LUT3(init="10110000")(0,7)\]
Compiling architecture lut6_v of entity unisim.LUT6 [\LUT6(init="00000000111111111111...]
Compiling architecture lut5_v of entity unisim.LUT5 [\LUT5(init="00000000000000001000...]
Compiling architecture lut4_v of entity unisim.LUT4 [\LUT4(init="0001000100000001")(0...]
Compiling architecture lut5_v of entity unisim.LUT5 [\LUT5(init="11111110000000100000...]
Compiling architecture lut5_v of entity unisim.LUT5 [\LUT5(init="10001000100010101000...]
Compiling architecture lut6_v of entity unisim.LUT6 [\LUT6(init="01010101010101111111...]
Compiling architecture lut5_v of entity unisim.LUT5 [\LUT5(init="00000000000000000000...]
Compiling architecture lut3_v of entity unisim.LUT3 [\LUT3(init="00001101")(0,7)\]
Compiling architecture lut3_v of entity unisim.LUT3 [\LUT3(init="10001111")(0,7)\]
Compiling architecture lut2_v of entity unisim.LUT2 [\LUT2(init="1011")(0,3)\]
Compiling architecture lut6_v of entity unisim.LUT6 [\LUT6(init="01010100010101110000...]
Compiling architecture lut6_v of entity unisim.LUT6 [\LUT6(init="01010110101001100000...]
Compiling architecture lut5_v of entity unisim.LUT5 [\LUT5(init="01010101010101111111...]
Compiling architecture lut6_v of entity unisim.LUT6 [\LUT6(init="10011010100101010110...]
Compiling architecture lut6_v of entity unisim.LUT6 [\LUT6(init="10110010101100101011...]
Compiling architecture lut5_v of entity unisim.LUT5 [\LUT5(init="11111111111111111111...]
Compiling architecture lut6_v of entity unisim.LUT6 [\LUT6(init="10010000000000001001...]
Compiling architecture lut4_v of entity unisim.LUT4 [\LUT4(init="1010101110101000")(0...]
Compiling architecture lut6_v of entity unisim.LUT6 [\LUT6(init="10011001100110101001...]
Compiling architecture lut5_v of entity unisim.LUT5 [\LUT5(init="11111110000000100000...]
Compiling architecture lut5_v of entity unisim.LUT5 [\LUT5(init="00000000000000000000...]
Compiling architecture lut3_v of entity unisim.LUT3 [\LUT3(init="11111000")(0,7)\]
Compiling architecture lut6_v of entity unisim.LUT6 [\LUT6(init="11111111111100001111...]
Compiling architecture lut4_v of entity unisim.LUT4 [\LUT4(init="0111011111110111")(0...]
Compiling architecture lut6_v of entity unisim.LUT6 [\LUT6(init="00000000000000000000...]
Compiling architecture lut6_v of entity unisim.LUT6 [\LUT6(init="10101000101010001010...]
Compiling architecture lut5_v of entity unisim.LUT5 [\LUT5(init="10101000000000000000...]
Compiling architecture structure of entity cpu.Setup_auto_us_0_generic_baseblocks_v2_1_2_command_fifo_1 [setup_auto_us_0_generic_basebloc...]
Compiling architecture structure of entity cpu.\Setup_auto_us_0_axi_dwidth_converter_v2_1_31_a_upsizer__parameterized0\ [\Setup_auto_us_0_axi_dwidth_conv...]
Compiling architecture lut6_v of entity unisim.LUT6 [\LUT6(init="10110000000000001011...]
Compiling architecture lut4_v of entity unisim.LUT4 [\LUT4(init="1011101010001010")(0...]
Compiling architecture lut5_v of entity unisim.LUT5 [\LUT5(init="11111111111111110000...]
Compiling architecture lut4_v of entity unisim.LUT4 [\LUT4(init="0010111101110000")(0...]
Compiling architecture lut5_v of entity unisim.LUT5 [\LUT5(init="10101100110011000101...]
Compiling architecture lut5_v of entity unisim.LUT5 [\LUT5(init="11011000110100100111...]
Compiling architecture lut4_v of entity unisim.LUT4 [\LUT4(init="0011101010011010")(0...]
Compiling architecture lut5_v of entity unisim.LUT5 [\LUT5(init="01110000011100001111...]
Compiling architecture lut6_v of entity unisim.LUT6 [\LUT6(init="00110011001100111111...]
Compiling architecture lut4_v of entity unisim.LUT4 [\LUT4(init="1111111010101110")(0...]
Compiling architecture lut5_v of entity unisim.LUT5 [\LUT5(init="10101010101010101100...]
Compiling architecture lut5_v of entity unisim.LUT5 [\LUT5(init="11111111111010101110...]
Compiling architecture lut6_v of entity unisim.LUT6 [\LUT6(init="11111000100010001111...]
Compiling architecture lut6_v of entity unisim.LUT6 [\LUT6(init="00000000000000000000...]
Compiling architecture lut6_v of entity unisim.LUT6 [\LUT6(init="10101010101010101010...]
Compiling architecture lut6_v of entity unisim.LUT6 [\LUT6(init="11010000000000001101...]
Compiling architecture structure of entity cpu.Setup_auto_us_0_axi_dwidth_converter_v2_1_31_w_upsizer [setup_auto_us_0_axi_dwidth_conve...]
Compiling architecture lut6_v of entity unisim.LUT6 [\LUT6(init="10101010101010101010...]
Compiling architecture lut6_v of entity unisim.LUT6 [\LUT6(init="10101000000010000000...]
Compiling architecture lut6_v of entity unisim.LUT6 [\LUT6(init="01000000000000001111...]
Compiling architecture lut3_v of entity unisim.LUT3 [\LUT3(init="00001000")(0,7)\]
Compiling architecture lut6_v of entity unisim.LUT6 [\LUT6(init="11111111111111111111...]
Compiling architecture lut6_v of entity unisim.LUT6 [\LUT6(init="00000000000000000000...]
Compiling architecture lut6_v of entity unisim.LUT6 [\LUT6(init="11111111111111111111...]
Compiling architecture lut6_v of entity unisim.LUT6 [\LUT6(init="10001000100010000000...]
Compiling architecture lut6_v of entity unisim.LUT6 [\LUT6(init="11110101101000001101...]
Compiling architecture lut4_v of entity unisim.LUT4 [\LUT4(init="1000000011111111")(0...]
Compiling architecture lut6_v of entity unisim.LUT6 [\LUT6(init="00010000000000000000...]
Compiling architecture lut5_v of entity unisim.LUT5 [\LUT5(init="11111111111111101010...]
Compiling architecture lut6_v of entity unisim.LUT6 [\LUT6(init="01000000000000000000...]
Compiling architecture lut3_v of entity unisim.LUT3 [\LUT3(init="10000000")(0,7)\]
Compiling architecture lut6_v of entity unisim.LUT6 [\LUT6(init="01000101000000000101...]
Compiling architecture lut5_v of entity unisim.LUT5 [\LUT5(init="00001000100000000000...]
Compiling architecture lut4_v of entity unisim.LUT4 [\LUT4(init="0101010001010111")(0...]
Compiling architecture lut5_v of entity unisim.LUT5 [\LUT5(init="11110010111111110000...]
Compiling architecture lut5_v of entity unisim.LUT5 [\LUT5(init="11111111011111111111...]
Compiling architecture structure of entity cpu.Setup_auto_us_0_generic_baseblocks_v2_1_2_command_fifo [setup_auto_us_0_generic_basebloc...]
Compiling architecture structure of entity cpu.Setup_auto_us_0_axi_dwidth_converter_v2_1_31_a_upsizer [setup_auto_us_0_axi_dwidth_conve...]
Compiling architecture lut3_v of entity unisim.LUT3 [\LUT3(init="00000010")(0,7)\]
Compiling architecture lut5_v of entity unisim.LUT5 [\LUT5(init="11111111111110111111...]
Compiling architecture lut6_v of entity unisim.LUT6 [\LUT6(init="00000011000000100000...]
Compiling architecture lut6_v of entity unisim.LUT6 [\LUT6(init="01010010000000000101...]
Compiling architecture lut6_v of entity unisim.LUT6 [\LUT6(init="00000000000000000000...]
Compiling architecture lut6_v of entity unisim.LUT6 [\LUT6(init="11101110111011101110...]
Compiling architecture lut4_v of entity unisim.LUT4 [\LUT4(init="0000100100000110")(0...]
Compiling architecture lut6_v of entity unisim.LUT6 [\LUT6(init="00000000000000000000...]
Compiling architecture lut6_v of entity unisim.LUT6 [\LUT6(init="01010101010101010101...]
Compiling architecture lut5_v of entity unisim.LUT5 [\LUT5(init="00000000000000001001...]
Compiling architecture lut3_v of entity unisim.LUT3 [\LUT3(init="11101111")(0,7)\]
Compiling architecture lut4_v of entity unisim.LUT4 [\LUT4(init="1111111111110001")(0...]
Compiling architecture lut6_v of entity unisim.LUT6 [\LUT6(init="11111111111011110000...]
Compiling architecture lut6_v of entity unisim.LUT6 [\LUT6(init="00000000000000000000...]
Compiling architecture lut6_v of entity unisim.LUT6 [\LUT6(init="00101010101010100010...]
Compiling architecture lut5_v of entity unisim.LUT5 [\LUT5(init="00100000101010100010...]
Compiling architecture lut5_v of entity unisim.LUT5 [\LUT5(init="00000011000000100000...]
Compiling architecture lut5_v of entity unisim.LUT5 [\LUT5(init="10000000000000001111...]
Compiling architecture lut3_v of entity unisim.LUT3 [\LUT3(init="00000100")(0,7)\]
Compiling architecture lut6_v of entity unisim.LUT6 [\LUT6(init="00000000000000000000...]
Compiling architecture lut4_v of entity unisim.LUT4 [\LUT4(init="0000000000000100")(0...]
Compiling architecture lut6_v of entity unisim.LUT6 [\LUT6(init="00000000000000001010...]
Compiling architecture lut6_v of entity unisim.LUT6 [\LUT6(init="11111111111111111010...]
Compiling architecture lut6_v of entity unisim.LUT6 [\LUT6(init="00000000000011110000...]
Compiling architecture lut5_v of entity unisim.LUT5 [\LUT5(init="00000101000001010011...]
Compiling architecture lut3_v of entity unisim.LUT3 [\LUT3(init="01110000")(0,7)\]
Compiling architecture lut6_v of entity unisim.LUT6 [\LUT6(init="10101010101010100110...]
Compiling architecture lut3_v of entity unisim.LUT3 [\LUT3(init="11011111")(0,7)\]
Compiling architecture lut6_v of entity unisim.LUT6 [\LUT6(init="00000000111010100000...]
Compiling architecture lut5_v of entity unisim.LUT5 [\LUT5(init="11101000111010001110...]
Compiling architecture lut3_v of entity unisim.LUT3 [\LUT3(init="10101000")(0,7)\]
Compiling architecture lut6_v of entity unisim.LUT6 [\LUT6(init="11111111111111110100...]
Compiling architecture lut4_v of entity unisim.LUT4 [\LUT4(init="0100000010111111")(0...]
Compiling architecture lut6_v of entity unisim.LUT6 [\LUT6(init="00000000010000001111...]
Compiling architecture lut6_v of entity unisim.LUT6 [\LUT6(init="11111101111111110000...]
Compiling architecture lut5_v of entity unisim.LUT5 [\LUT5(init="11111100111101111111...]
Compiling architecture lut6_v of entity unisim.LUT6 [\LUT6(init="00000000000000000000...]
Compiling architecture lut6_v of entity unisim.LUT6 [\LUT6(init="11100000111111110000...]
Compiling architecture lut5_v of entity unisim.LUT5 [\LUT5(init="10000000100000001000...]
Compiling architecture lut6_v of entity unisim.LUT6 [\LUT6(init="00000000000000000000...]
Compiling architecture lut4_v of entity unisim.LUT4 [\LUT4(init="1110000000000000")(0...]
Compiling architecture lut5_v of entity unisim.LUT5 [\LUT5(init="00000000000001010101...]
Compiling architecture lut6_v of entity unisim.LUT6 [\LUT6(init="00000000000000000000...]
Compiling architecture lut6_v of entity unisim.LUT6 [\LUT6(init="00000000100000001111...]
Compiling architecture fdre_v of entity unisim.FDRE [\FDRE(init='1')\]
Compiling architecture lut5_v of entity unisim.LUT5 [\LUT5(init="01010111111101110000...]
Compiling architecture structure of entity cpu.\Setup_auto_us_0_axi_register_slice_v2_1_31_axic_register_slice__parameterized3\ [\Setup_auto_us_0_axi_register_sl...]
Compiling architecture lut6_v of entity unisim.LUT6 [\LUT6(init="11111111111111111111...]
Compiling architecture lut6_v of entity unisim.LUT6 [\LUT6(init="00000000100010100000...]
Compiling architecture lut6_v of entity unisim.LUT6 [\LUT6(init="11000000100000000011...]
Compiling architecture lut4_v of entity unisim.LUT4 [\LUT4(init="0110010100010010")(0...]
Compiling architecture lut6_v of entity unisim.LUT6 [\LUT6(init="01000100110001000000...]
Compiling architecture lut5_v of entity unisim.LUT5 [\LUT5(init="00000000000000000000...]
Compiling architecture lut4_v of entity unisim.LUT4 [\LUT4(init="0000000000011110")(0...]
Compiling architecture lut6_v of entity unisim.LUT6 [\LUT6(init="11111111111111111111...]
Compiling architecture lut6_v of entity unisim.LUT6 [\LUT6(init="00000000000000000000...]
Compiling architecture lut6_v of entity unisim.LUT6 [\LUT6(init="10001000100010001000...]
Compiling architecture lut5_v of entity unisim.LUT5 [\LUT5(init="00001011000000001111...]
Compiling architecture lut5_v of entity unisim.LUT5 [\LUT5(init="10101010101010101010...]
Compiling architecture lut5_v of entity unisim.LUT5 [\LUT5(init="11111111000000000000...]
Compiling architecture lut6_v of entity unisim.LUT6 [\LUT6(init="00000100000001000000...]
Compiling architecture lut3_v of entity unisim.LUT3 [\LUT3(init="11111011")(0,7)\]
Compiling architecture lut6_v of entity unisim.LUT6 [\LUT6(init="01010101010101010101...]
Compiling architecture lut6_v of entity unisim.LUT6 [\LUT6(init="11111111111111111111...]
Compiling architecture lut6_v of entity unisim.LUT6 [\LUT6(init="01010101010101011010...]
Compiling architecture lut5_v of entity unisim.LUT5 [\LUT5(init="00010001000100000000...]
Compiling architecture lut4_v of entity unisim.LUT4 [\LUT4(init="1001101010101010")(0...]
Compiling architecture lut6_v of entity unisim.LUT6 [\LUT6(init="10100010101000101000...]
Compiling architecture lut5_v of entity unisim.LUT5 [\LUT5(init="01101010101010101010...]
Compiling architecture lut6_v of entity unisim.LUT6 [\LUT6(init="00000000000000001010...]
Compiling architecture lut6_v of entity unisim.LUT6 [\LUT6(init="00000000000000000000...]
Compiling architecture lut5_v of entity unisim.LUT5 [\LUT5(init="11111111111111111111...]
Compiling architecture lut5_v of entity unisim.LUT5 [\LUT5(init="01010101010101010101...]
Compiling architecture lut6_v of entity unisim.LUT6 [\LUT6(init="11111111111111101111...]
Compiling architecture lut3_v of entity unisim.LUT3 [\LUT3(init="11110010")(0,7)\]
Compiling architecture lut3_v of entity unisim.LUT3 [\LUT3(init="11010000")(0,7)\]
Compiling architecture lut6_v of entity unisim.LUT6 [\LUT6(init="01010110010101100101...]
Compiling architecture lut5_v of entity unisim.LUT5 [\LUT5(init="00100010110100101101...]
Compiling architecture lut6_v of entity unisim.LUT6 [\LUT6(init="00000000011101000000...]
Compiling architecture lut5_v of entity unisim.LUT5 [\LUT5(init="11111111111101011111...]
Compiling architecture lut5_v of entity unisim.LUT5 [\LUT5(init="00010101000000000001...]
Compiling architecture lut6_v of entity unisim.LUT6 [\LUT6(init="00000000111111110000...]
Compiling architecture lut6_v of entity unisim.LUT6 [\LUT6(init="11111111110111110000...]
Compiling architecture lut3_v of entity unisim.LUT3 [\LUT3(init="00001110")(0,7)\]
Compiling architecture lut6_v of entity unisim.LUT6 [\LUT6(init="00001010000010100000...]
Compiling architecture lut6_v of entity unisim.LUT6 [\LUT6(init="11101111111011111110...]
Compiling architecture lut3_v of entity unisim.LUT3 [\LUT3(init="10001011")(0,7)\]
Compiling architecture lut5_v of entity unisim.LUT5 [\LUT5(init="11111111111111111111...]
Compiling architecture lut4_v of entity unisim.LUT4 [\LUT4(init="0101010000000000")(0...]
Compiling architecture lut6_v of entity unisim.LUT6 [\LUT6(init="00011111000100010001...]
Compiling architecture lut6_v of entity unisim.LUT6 [\LUT6(init="11011111110111111101...]
Compiling architecture structure of entity cpu.\Setup_auto_us_0_axi_register_slice_v2_1_31_axic_register_slice__parameterized3_0\ [\Setup_auto_us_0_axi_register_sl...]
Compiling architecture structure of entity cpu.\Setup_auto_us_0_axi_register_slice_v2_1_31_axi_register_slice__parameterized0\ [\Setup_auto_us_0_axi_register_sl...]
Compiling architecture structure of entity cpu.Setup_auto_us_0_axi_dwidth_converter_v2_1_31_axi_upsizer [setup_auto_us_0_axi_dwidth_conve...]
Compiling architecture structure of entity cpu.Setup_auto_us_0_axi_dwidth_converter_v2_1_31_top [setup_auto_us_0_axi_dwidth_conve...]
Compiling architecture structure of entity cpu.Setup_auto_us_0 [setup_auto_us_0_default]
Compiling architecture structure of entity cpu.s00_couplers_imp_TK11N1 [s00_couplers_imp_tk11n1_default]
Compiling architecture structure of entity cpu.Setup_axi_interconnect_0_1 [setup_axi_interconnect_0_1_defau...]
Compiling architecture structure of entity cpu.Setup_blk_mem_gen_0_0_bindec [setup_blk_mem_gen_0_0_bindec_def...]
Compiling architecture structure of entity cpu.Setup_blk_mem_gen_0_0_blk_mem_gen_mux [setup_blk_mem_gen_0_0_blk_mem_ge...]
Compiling architecture rb18_internal_vhdl_v of entity unisim.RB18_INTERNAL_VHDL [\RB18_INTERNAL_VHDL(bram_size=18...]
Compiling architecture ramb18e1_v of entity unisim.RAMB18E1 [\RAMB18E1(doa_reg=1,rdaddr_colli...]
Compiling architecture structure of entity cpu.Setup_blk_mem_gen_0_0_blk_mem_gen_prim_wrapper [setup_blk_mem_gen_0_0_blk_mem_ge...]
Compiling architecture structure of entity cpu.Setup_blk_mem_gen_0_0_blk_mem_gen_prim_width [setup_blk_mem_gen_0_0_blk_mem_ge...]
Compiling architecture rb36_internal_vhdl_v of entity unisim.RB36_INTERNAL_VHDL [\RB36_INTERNAL_VHDL(doa_reg=1,in...]
Compiling architecture ramb36e1_v of entity unisim.RAMB36E1 [\RAMB36E1(doa_reg=1,rdaddr_colli...]
Compiling architecture structure of entity cpu.\Setup_blk_mem_gen_0_0_blk_mem_gen_prim_wrapper__parameterized0_24\ [\Setup_blk_mem_gen_0_0_blk_mem_g...]
Compiling architecture structure of entity cpu.\Setup_blk_mem_gen_0_0_blk_mem_gen_prim_width__parameterized0\ [\Setup_blk_mem_gen_0_0_blk_mem_g...]
Compiling architecture structure of entity cpu.\Setup_blk_mem_gen_0_0_blk_mem_gen_prim_wrapper__parameterized0_23\ [\Setup_blk_mem_gen_0_0_blk_mem_g...]
Compiling architecture structure of entity cpu.\Setup_blk_mem_gen_0_0_blk_mem_gen_prim_width__parameterized0_0\ [\Setup_blk_mem_gen_0_0_blk_mem_g...]
Compiling architecture structure of entity cpu.\Setup_blk_mem_gen_0_0_blk_mem_gen_prim_wrapper__parameterized0_22\ [\Setup_blk_mem_gen_0_0_blk_mem_g...]
Compiling architecture structure of entity cpu.\Setup_blk_mem_gen_0_0_blk_mem_gen_prim_width__parameterized0_1\ [\Setup_blk_mem_gen_0_0_blk_mem_g...]
Compiling architecture structure of entity cpu.\Setup_blk_mem_gen_0_0_blk_mem_gen_prim_wrapper__parameterized0_21\ [\Setup_blk_mem_gen_0_0_blk_mem_g...]
Compiling architecture structure of entity cpu.\Setup_blk_mem_gen_0_0_blk_mem_gen_prim_width__parameterized12\ [\Setup_blk_mem_gen_0_0_blk_mem_g...]
Compiling architecture structure of entity cpu.\Setup_blk_mem_gen_0_0_blk_mem_gen_prim_wrapper__parameterized0_20\ [\Setup_blk_mem_gen_0_0_blk_mem_g...]
Compiling architecture structure of entity cpu.\Setup_blk_mem_gen_0_0_blk_mem_gen_prim_width__parameterized12_2\ [\Setup_blk_mem_gen_0_0_blk_mem_g...]
Compiling architecture structure of entity cpu.\Setup_blk_mem_gen_0_0_blk_mem_gen_prim_wrapper__parameterized0_19\ [\Setup_blk_mem_gen_0_0_blk_mem_g...]
Compiling architecture structure of entity cpu.\Setup_blk_mem_gen_0_0_blk_mem_gen_prim_width__parameterized0_3\ [\Setup_blk_mem_gen_0_0_blk_mem_g...]
Compiling architecture structure of entity cpu.\Setup_blk_mem_gen_0_0_blk_mem_gen_prim_wrapper__parameterized0_18\ [\Setup_blk_mem_gen_0_0_blk_mem_g...]
Compiling architecture structure of entity cpu.\Setup_blk_mem_gen_0_0_blk_mem_gen_prim_width__parameterized0_4\ [\Setup_blk_mem_gen_0_0_blk_mem_g...]
Compiling architecture structure of entity cpu.\Setup_blk_mem_gen_0_0_blk_mem_gen_prim_wrapper__parameterized0_17\ [\Setup_blk_mem_gen_0_0_blk_mem_g...]
Compiling architecture structure of entity cpu.\Setup_blk_mem_gen_0_0_blk_mem_gen_prim_width__parameterized0_5\ [\Setup_blk_mem_gen_0_0_blk_mem_g...]
Compiling architecture structure of entity cpu.\Setup_blk_mem_gen_0_0_blk_mem_gen_prim_wrapper__parameterized0_16\ [\Setup_blk_mem_gen_0_0_blk_mem_g...]
Compiling architecture structure of entity cpu.\Setup_blk_mem_gen_0_0_blk_mem_gen_prim_width__parameterized0_6\ [\Setup_blk_mem_gen_0_0_blk_mem_g...]
Compiling architecture structure of entity cpu.\Setup_blk_mem_gen_0_0_blk_mem_gen_prim_wrapper__parameterized0_15\ [\Setup_blk_mem_gen_0_0_blk_mem_g...]
Compiling architecture structure of entity cpu.\Setup_blk_mem_gen_0_0_blk_mem_gen_prim_width__parameterized0_7\ [\Setup_blk_mem_gen_0_0_blk_mem_g...]
Compiling architecture structure of entity cpu.\Setup_blk_mem_gen_0_0_blk_mem_gen_prim_wrapper__parameterized0_14\ [\Setup_blk_mem_gen_0_0_blk_mem_g...]
Compiling architecture structure of entity cpu.\Setup_blk_mem_gen_0_0_blk_mem_gen_prim_width__parameterized0_8\ [\Setup_blk_mem_gen_0_0_blk_mem_g...]
Compiling architecture structure of entity cpu.\Setup_blk_mem_gen_0_0_blk_mem_gen_prim_wrapper__parameterized0_13\ [\Setup_blk_mem_gen_0_0_blk_mem_g...]
Compiling architecture structure of entity cpu.\Setup_blk_mem_gen_0_0_blk_mem_gen_prim_width__parameterized0_9\ [\Setup_blk_mem_gen_0_0_blk_mem_g...]
Compiling architecture structure of entity cpu.\Setup_blk_mem_gen_0_0_blk_mem_gen_prim_wrapper__parameterized0_12\ [\Setup_blk_mem_gen_0_0_blk_mem_g...]
Compiling architecture structure of entity cpu.\Setup_blk_mem_gen_0_0_blk_mem_gen_prim_width__parameterized0_10\ [\Setup_blk_mem_gen_0_0_blk_mem_g...]
Compiling architecture structure of entity cpu.\Setup_blk_mem_gen_0_0_blk_mem_gen_prim_wrapper__parameterized0\ [\Setup_blk_mem_gen_0_0_blk_mem_g...]
Compiling architecture structure of entity cpu.\Setup_blk_mem_gen_0_0_blk_mem_gen_prim_width__parameterized0_11\ [\Setup_blk_mem_gen_0_0_blk_mem_g...]
Compiling architecture structure of entity cpu.Setup_blk_mem_gen_0_0_blk_mem_gen_generic_cstr [setup_blk_mem_gen_0_0_blk_mem_ge...]
Compiling architecture structure of entity cpu.Setup_blk_mem_gen_0_0_blk_mem_gen_top [setup_blk_mem_gen_0_0_blk_mem_ge...]
Compiling architecture structure of entity cpu.Setup_blk_mem_gen_0_0_blk_mem_gen_v8_4_8_synth [setup_blk_mem_gen_0_0_blk_mem_ge...]
Compiling architecture structure of entity cpu.Setup_blk_mem_gen_0_0_blk_mem_gen_v8_4_8 [setup_blk_mem_gen_0_0_blk_mem_ge...]
Compiling architecture structure of entity cpu.Setup_blk_mem_gen_0_0 [setup_blk_mem_gen_0_0_default]
Compiling architecture bibuf_v of entity unisim.BIBUF [bibuf_default]
Compiling architecture ps7_v of entity unisim.PS7 [\PS7:setup_wrapper:setup_i:proce...]
Compiling architecture bufg_v of entity unisim.BUFG [bufg_default]
Compiling architecture lut1_v of entity unisim.LUT1 [\LUT1(init="0010")(0,3)\]
Compiling architecture structure of entity cpu.Setup_processing_system7_0_0_processing_system7_v5_5_processing_system7 [\Setup_processing_system7_0_0_pr...]
Compiling architecture structure of entity cpu.Setup_processing_system7_0_0 [\Setup_processing_system7_0_0:se...]
Compiling architecture lut5_v of entity unisim.LUT5 [\LUT5(init="11101010101010101010...]
Compiling architecture structure of entity cpu.Setup_rst_ps7_0_50M_0_cdc_sync [setup_rst_ps7_0_50m_0_cdc_sync_d...]
Compiling architecture structure of entity cpu.Setup_rst_ps7_0_50M_0_cdc_sync_0 [setup_rst_ps7_0_50m_0_cdc_sync_0...]
Compiling architecture srl16e_v of entity unisim.SRL16E [\SRL16E(init="1111111111111111")...]
Compiling architecture lut4_v of entity unisim.LUT4 [\LUT4(init="1111111111111101")(0...]
Compiling architecture structure of entity cpu.Setup_rst_ps7_0_50M_0_lpf [setup_rst_ps7_0_50m_0_lpf_defaul...]
Compiling architecture lut3_v of entity unisim.LUT3 [\LUT3(init="01111000")(0,7)\]
Compiling architecture lut4_v of entity unisim.LUT4 [\LUT4(init="0111111110000000")(0...]
Compiling architecture lut5_v of entity unisim.LUT5 [\LUT5(init="01111111111111111000...]
Compiling architecture lut6_v of entity unisim.LUT6 [\LUT6(init="01111111111111111111...]
Compiling architecture structure of entity cpu.Setup_rst_ps7_0_50M_0_upcnt_n [setup_rst_ps7_0_50m_0_upcnt_n_de...]
Compiling architecture lut4_v of entity unisim.LUT4 [\LUT4(init="0000000010010000")(0...]
Compiling architecture lut4_v of entity unisim.LUT4 [\LUT4(init="1001000000000000")(0...]
Compiling architecture fdse_v of entity unisim.FDSE [\FDSE(init='0')\]
Compiling architecture lut4_v of entity unisim.LUT4 [\LUT4(init="0000000000011000")(0...]
Compiling architecture lut4_v of entity unisim.LUT4 [\LUT4(init="0000010010000000")(0...]
Compiling architecture structure of entity cpu.Setup_rst_ps7_0_50M_0_sequence_psr [setup_rst_ps7_0_50m_0_sequence_p...]
Compiling architecture structure of entity cpu.Setup_rst_ps7_0_50M_0_proc_sys_reset [setup_rst_ps7_0_50m_0_proc_sys_r...]
Compiling architecture structure of entity cpu.Setup_rst_ps7_0_50M_0 [setup_rst_ps7_0_50m_0_default]
Compiling architecture structure of entity cpu.Setup_util_vector_logic_0_0 [setup_util_vector_logic_0_0_defa...]
Compiling architecture structure of entity cpu.Setup_util_vector_logic_1_0 [setup_util_vector_logic_1_0_defa...]
Compiling architecture structure of entity cpu.Setup [\Setup:setup_wrapper:setup_i:\]
Compiling architecture obuf_v of entity unisim.OBUF [\OBUF(1,9)(1,7)(1,4)\]
Compiling architecture ibuf_v of entity unisim.IBUF [\IBUF(1,9)(1,1)(1,4)(1,7)\]
Compiling architecture structure of entity cpu.\setup_wrapper:setup_wrapper:\
Built simulation snapshot Setup_wrapper_func_synth
