Copyright 1986-2022 Xilinx, Inc. All Rights Reserved. Copyright 2022-2024 Advanced Micro Devices, Inc. All Rights Reserved.
-------------------------------------------------------------------------------------------------------------------------------------------------------
| Tool Version     : Vivado v.2024.1.2 (win64) Build 5164865 Thu Sep  5 14:37:11 MDT 2024
| Date             : Wed Oct 16 17:48:36 2024
| Host             : DESKTOP-PSI4IU2 running 64-bit major release  (build 9200)
| Command          : report_power -file CPU_wrapper_power_routed.rpt -pb CPU_wrapper_power_summary_routed.pb -rpx CPU_wrapper_power_routed.rpx
| Design           : CPU_wrapper
| Device           : xc7z020clg484-1
| Design State     : routed
| Grade            : commercial
| Process          : typical
| Characterization : Production
-------------------------------------------------------------------------------------------------------------------------------------------------------

Power Report

Table of Contents
-----------------
1. Summary
1.1 On-Chip Components
1.2 Power Supply Summary
1.3 Confidence Level
2. Settings
2.1 Environment
2.2 Clock Constraints
3. Detailed Reports
3.1 By Hierarchy

1. Summary
----------

+--------------------------+--------------+
| Total On-Chip Power (W)  | 1.887        |
| Design Power Budget (W)  | Unspecified* |
| Power Budget Margin (W)  | NA           |
| Dynamic (W)              | 1.726        |
| Device Static (W)        | 0.161        |
| Effective TJA (C/W)      | 11.5         |
| Max Ambient (C)          | 63.2         |
| Junction Temperature (C) | 46.8         |
| Confidence Level         | Low          |
| Setting File             | ---          |
| Simulation Activity File | ---          |
| Design Nets Matched      | NA           |
+--------------------------+--------------+
* Specify Design Power Budget using, set_operating_conditions -design_power_budget <value in Watts>


1.1 On-Chip Components
----------------------

+-------------------------+-----------+----------+-----------+-----------------+
| On-Chip                 | Power (W) | Used     | Available | Utilization (%) |
+-------------------------+-----------+----------+-----------+-----------------+
| Clocks                  |     0.008 |       10 |       --- |             --- |
| Slice Logic             |     0.140 |    18668 |       --- |             --- |
|   LUT as Logic          |     0.118 |    12312 |     53200 |           23.14 |
|   CARRY4                |     0.021 |     1517 |     13300 |           11.41 |
|   F7/F8 Muxes           |    <0.001 |      655 |     53200 |            1.23 |
|   Register              |    <0.001 |     2546 |    106400 |            2.39 |
|   BUFG                  |    <0.001 |        6 |        32 |           18.75 |
|   Others                |     0.000 |      513 |       --- |             --- |
|   LUT as Shift Register |     0.000 |        1 |     17400 |           <0.01 |
| Signals                 |     0.143 |    16737 |       --- |             --- |
| Block RAM               |    <0.001 |       90 |       140 |           64.29 |
| MMCM                    |     0.107 |        1 |         4 |           25.00 |
| DSPs                    |     0.023 |       16 |       220 |            7.27 |
| I/O                     |     0.030 |       26 |       200 |           13.00 |
| PS7                     |     1.274 |        1 |       --- |             --- |
| Static Power            |     0.161 |          |           |                 |
| Total                   |     1.887 |          |           |                 |
+-------------------------+-----------+----------+-----------+-----------------+


1.2 Power Supply Summary
------------------------

+-----------+-------------+-----------+-------------+------------+-------------+-------------+------------+
| Source    | Voltage (V) | Total (A) | Dynamic (A) | Static (A) | Powerup (A) | Budget (A)  | Margin (A) |
+-----------+-------------+-----------+-------------+------------+-------------+-------------+------------+
| Vccint    |       1.000 |     0.336 |       0.316 |      0.020 |       NA    | Unspecified | NA         |
| Vccaux    |       1.800 |     0.079 |       0.063 |      0.016 |       NA    | Unspecified | NA         |
| Vcco33    |       3.300 |     0.008 |       0.007 |      0.001 |       NA    | Unspecified | NA         |
| Vcco25    |       2.500 |     0.000 |       0.000 |      0.000 |       NA    | Unspecified | NA         |
| Vcco18    |       1.800 |     0.000 |       0.000 |      0.000 |       NA    | Unspecified | NA         |
| Vcco15    |       1.500 |     0.000 |       0.000 |      0.000 |       NA    | Unspecified | NA         |
| Vcco135   |       1.350 |     0.000 |       0.000 |      0.000 |       NA    | Unspecified | NA         |
| Vcco12    |       1.200 |     0.000 |       0.000 |      0.000 |       NA    | Unspecified | NA         |
| Vccaux_io |       1.800 |     0.000 |       0.000 |      0.000 |       NA    | Unspecified | NA         |
| Vccbram   |       1.000 |     0.007 |       0.000 |      0.007 |       NA    | Unspecified | NA         |
| MGTAVcc   |       1.000 |     0.000 |       0.000 |      0.000 |       NA    | Unspecified | NA         |
| MGTAVtt   |       1.200 |     0.000 |       0.000 |      0.000 |       NA    | Unspecified | NA         |
| MGTVccaux |       1.800 |     0.000 |       0.000 |      0.000 |       NA    | Unspecified | NA         |
| Vccpint   |       1.000 |     0.698 |       0.666 |      0.032 |       NA    | Unspecified | NA         |
| Vccpaux   |       1.800 |     0.036 |       0.026 |      0.010 |       NA    | Unspecified | NA         |
| Vccpll    |       1.800 |     0.018 |       0.015 |      0.003 |       NA    | Unspecified | NA         |
| Vcco_ddr  |       1.500 |     0.356 |       0.354 |      0.002 |       NA    | Unspecified | NA         |
| Vcco_mio0 |       3.300 |     0.001 |       0.000 |      0.001 |       NA    | Unspecified | NA         |
| Vcco_mio1 |       3.300 |     0.002 |       0.001 |      0.001 |       NA    | Unspecified | NA         |
| Vccadc    |       1.800 |     0.020 |       0.000 |      0.020 |       NA    | Unspecified | NA         |
+-----------+-------------+-----------+-------------+------------+-------------+-------------+------------+


1.3 Confidence Level
--------------------

+-----------------------------+------------+--------------------------------------------------------+--------------------------------------------------------------------------------------------------------------------+
| User Input Data             | Confidence | Details                                                | Action                                                                                                             |
+-----------------------------+------------+--------------------------------------------------------+--------------------------------------------------------------------------------------------------------------------+
| Design implementation state | High       | Design is routed                                       |                                                                                                                    |
| Clock nodes activity        | Low        | User specified less than 75% of clocks                 | Provide missing clock activity with a constraint file, simulation results or by editing the "By Clock Domain" view |
| I/O nodes activity          | Low        | More than 75% of inputs are missing user specification | Provide missing input activity with simulation results or by editing the "By Resource Type -> I/Os" view           |
| Internal nodes activity     | Medium     | User specified less than 25% of internal nodes         | Provide missing internal nodes activity with simulation results or by editing the "By Resource Type" views         |
| Device models               | High       | Device models are Production                           |                                                                                                                    |
|                             |            |                                                        |                                                                                                                    |
| Overall confidence level    | Low        |                                                        |                                                                                                                    |
+-----------------------------+------------+--------------------------------------------------------+--------------------------------------------------------------------------------------------------------------------+


2. Settings
-----------

2.1 Environment
---------------

+-----------------------+------------------------+
| Ambient Temp (C)      | 25.0                   |
| ThetaJA (C/W)         | 11.5                   |
| Airflow (LFM)         | 250                    |
| Heat Sink             | none                   |
| ThetaSA (C/W)         | 0.0                    |
| Board Selection       | medium (10"x10")       |
| # of Board Layers     | 8to11 (8 to 11 Layers) |
| Board Temperature (C) | 25.0                   |
+-----------------------+------------------------+


2.2 Clock Constraints
---------------------

+-------------------+-----------------------------------------------------------------------------+-----------------+
| Clock             | Domain                                                                      | Constraint (ns) |
+-------------------+-----------------------------------------------------------------------------+-----------------+
| clk_10            | CPU_i/gmii_to_rgmii_0/U0/i_CPU_gmii_to_rgmii_0_0_clocking/clk_10            |           100.0 |
| clk_fpga_0        | CPU_i/processing_system7_0/inst/FCLK_CLK_unbuffered[0]                      |             5.0 |
| clkfbout          | CPU_i/gmii_to_rgmii_0/U0/i_CPU_gmii_to_rgmii_0_0_clocking/clkfbout          |             5.0 |
| gmii_clk_125m_out | CPU_i/gmii_to_rgmii_0/U0/i_CPU_gmii_to_rgmii_0_0_clocking/gmii_clk_125m_out |             8.0 |
| gmii_clk_25m_out  | CPU_i/gmii_to_rgmii_0/U0/i_CPU_gmii_to_rgmii_0_0_clocking/gmii_clk_25m_out  |            40.0 |
| gmii_clk_2_5m_out | CPU_i/gmii_to_rgmii_0/U0/i_CPU_gmii_to_rgmii_0_0_clocking/gmii_clk_2_5m_out |           400.0 |
+-------------------+-----------------------------------------------------------------------------+-----------------+


3. Detailed Reports
-------------------

3.1 By Hierarchy
----------------

+--------------------------+-----------+
| Name                     | Power (W) |
+--------------------------+-----------+
| CPU_wrapper              |     1.726 |
|   CPU_i                  |     1.721 |
|     CPUClockDivider_0    |     0.001 |
|       U0                 |     0.001 |
|     CPU_Module_0         |     0.289 |
|       U0                 |     0.289 |
|     LCD_Controller_0     |     0.010 |
|       U0                 |     0.010 |
|     gmii_to_rgmii_0      |     0.140 |
|       U0                 |     0.140 |
|     processing_system7_0 |     1.276 |
|       inst               |     1.276 |
|     ram                  |     0.002 |
|       U0                 |     0.002 |
|   MDIO_PHY_0_mdio_iobuf  |     0.001 |
+--------------------------+-----------+


