Copyright 1986-2022 Xilinx, Inc. All Rights Reserved. Copyright 2022-2024 Advanced Micro Devices, Inc. All Rights Reserved.
---------------------------------------------------------------------------------------------------------------------------------------------
| Tool Version : Vivado v.2024.1 (win64) Build 5076996 Wed May 22 18:37:14 MDT 2024
| Date         : Thu Oct 10 15:29:53 2024
| Host         : PopTop running 64-bit major release  (build 9200)
| Command      : report_control_sets -verbose -file CPU_wrapper_control_sets_placed.rpt
| Design       : CPU_wrapper
| Device       : xc7z020
---------------------------------------------------------------------------------------------------------------------------------------------

Control Set Information

Table of Contents
-----------------
1. Summary
2. Histogram
3. Flip-Flop Distribution
4. Detailed Control Set Information

1. Summary
----------

+----------------------------------------------------------+-------+
|                          Status                          | Count |
+----------------------------------------------------------+-------+
| Total control sets                                       |    23 |
|    Minimum number of control sets                        |    23 |
|    Addition due to synthesis replication                 |     0 |
|    Addition due to physical synthesis replication        |     0 |
| Unused register locations in slices containing registers |    80 |
+----------------------------------------------------------+-------+
* Control sets can be merged at opt_design using control_set_merge or merge_equivalent_drivers
** Run report_qor_suggestions for automated merging and remapping suggestions


2. Histogram
------------

+--------------------+-------+
|       Fanout       | Count |
+--------------------+-------+
| Total control sets |    23 |
| >= 0 to < 4        |     1 |
| >= 4 to < 6        |     7 |
| >= 6 to < 8        |     1 |
| >= 8 to < 10       |     0 |
| >= 10 to < 12      |     3 |
| >= 12 to < 14      |     2 |
| >= 14 to < 16      |     2 |
| >= 16              |     7 |
+--------------------+-------+
* Control sets can be remapped at either synth_design or opt_design


3. Flip-Flop Distribution
-------------------------

+--------------+-----------------------+------------------------+-----------------+--------------+
| Clock Enable | Synchronous Set/Reset | Asynchronous Set/Reset | Total Registers | Total Slices |
+--------------+-----------------------+------------------------+-----------------+--------------+
| No           | No                    | No                     |              90 |           31 |
| No           | No                    | Yes                    |              58 |           17 |
| No           | Yes                   | No                     |              46 |           14 |
| Yes          | No                    | No                     |              36 |            8 |
| Yes          | No                    | Yes                    |               0 |            0 |
| Yes          | Yes                   | No                     |              90 |           26 |
+--------------+-----------------------+------------------------+-----------------+--------------+


4. Detailed Control Set Information
-----------------------------------

+----------------------------------------------------------------------------------------------------------------------------------------------------------------------------------+----------------------------------------------------------------------------------------------------------------------------------------------+-------------------------------------------------------------------------------------------------------------------------------------------------------------------------+------------------+----------------+--------------+
|                                                                                   Clock Signal                                                                                   |                                                                 Enable Signal                                                                |                                                                             Set/Reset Signal                                                                            | Slice Load Count | Bel Load Count | Bels / Slice |
+----------------------------------------------------------------------------------------------------------------------------------------------------------------------------------+----------------------------------------------------------------------------------------------------------------------------------------------+-------------------------------------------------------------------------------------------------------------------------------------------------------------------------+------------------+----------------+--------------+
|  CPU_i/processing_system7_0/inst/FCLK_CLK0                                                                                                                                       |                                                                                                                                              | CPU_i/proc_sys_reset_0/U0/EXT_LPF/lpf_int                                                                                                                               |                1 |              3 |         3.00 |
|  CPU_i/processing_system7_0/inst/FCLK_CLK0                                                                                                                                       | CPU_i/gmii_to_rgmii_0/U0/i_gmii_to_rgmii_block/CPU_gmii_to_rgmii_0_0_core/i_gmii_to_rgmii/i_MANAGEMENT/MDIO_INTERFACE_1/BIT_COUNT            |                                                                                                                                                                         |                2 |              4 |         2.00 |
|  CPU_i/gmii_to_rgmii_0/U0/i_gmii_to_rgmii_block/gmii_tx_clk                                                                                                                      |                                                                                                                                              | CPU_i/gmii_to_rgmii_0/U0/i_gmii_to_rgmii_block/CPU_gmii_to_rgmii_0_0_core/i_gmii_to_rgmii/tx_reset_async_reg_n_0                                                        |                1 |              5 |         5.00 |
|  CPU_i/processing_system7_0/inst/FCLK_CLK0                                                                                                                                       |                                                                                                                                              | CPU_i/gmii_to_rgmii_0/U0/i_gmii_to_rgmii_block/CPU_gmii_to_rgmii_0_0_core/i_gmii_to_rgmii/reset_in                                                                      |                1 |              5 |         5.00 |
|  CPU_i/processing_system7_0/inst/FCLK_CLK0                                                                                                                                       |                                                                                                                                              | CPU_i/gmii_to_rgmii_0/U0/i_CPU_gmii_to_rgmii_0_0_clocking/tx_reset                                                                                                      |                1 |              5 |         5.00 |
|  CPU_i/processing_system7_0/inst/FCLK_CLK0                                                                                                                                       | CPU_i/gmii_to_rgmii_0/U0/i_gmii_to_rgmii_block/CPU_gmii_to_rgmii_0_0_core/i_gmii_to_rgmii/i_MANAGEMENT/MDIO_INTERFACE_1/ADDR_WR[4]_i_1_n_0   | CPU_i/gmii_to_rgmii_0/U0/i_gmii_to_rgmii_block/CPU_gmii_to_rgmii_0_0_core/i_gmii_to_rgmii/i_reset_sync_mgmt_reset/reset_out                                             |                1 |              5 |         5.00 |
|  CPU_i/processing_system7_0/inst/FCLK_CLK0                                                                                                                                       | CPU_i/gmii_to_rgmii_0/U0/i_gmii_to_rgmii_block/CPU_gmii_to_rgmii_0_0_core/i_gmii_to_rgmii/i_MANAGEMENT/EXT_PHY_ID_REG                        | CPU_i/gmii_to_rgmii_0/U0/i_gmii_to_rgmii_block/CPU_gmii_to_rgmii_0_0_core/i_gmii_to_rgmii/i_reset_sync_mgmt_reset/reset_out                                             |                2 |              5 |         2.50 |
|  CPU_i/processing_system7_0/inst/FCLK_CLK0                                                                                                                                       | CPU_i/gmii_to_rgmii_0/U0/i_gmii_to_rgmii_block/CPU_gmii_to_rgmii_0_0_core/i_gmii_to_rgmii/i_MANAGEMENT/EXT_PHY_SPEED_REG_ID_REG              | CPU_i/gmii_to_rgmii_0/U0/i_gmii_to_rgmii_block/CPU_gmii_to_rgmii_0_0_core/i_gmii_to_rgmii/i_reset_sync_mgmt_reset/reset_out                                             |                1 |              5 |         5.00 |
|  CPU_i/processing_system7_0/inst/FCLK_CLK0                                                                                                                                       | CPU_i/proc_sys_reset_0/U0/SEQ/seq_cnt_en                                                                                                     | CPU_i/proc_sys_reset_0/U0/SEQ/SEQ_COUNTER/clear                                                                                                                         |                1 |              6 |         6.00 |
|  CPU_i/gmii_to_rgmii_0/U0/i_gmii_to_rgmii_block/gmii_tx_clk                                                                                                                      |                                                                                                                                              | CPU_i/gmii_to_rgmii_0/U0/i_gmii_to_rgmii_block/CPU_gmii_to_rgmii_0_0_core/i_gmii_to_rgmii/gmii_to_rgmii_core_non_versal.i_gmii_to_rgmii/i_reset_sync_tx_reset/reset_out |                3 |             10 |         3.33 |
|  CPU_i/processing_system7_0/inst/FCLK_CLK0                                                                                                                                       |                                                                                                                                              | CPU_i/util_vector_logic_0/Res[0]                                                                                                                                        |                2 |             10 |         5.00 |
|  CPU_i/processing_system7_0/inst/FCLK_CLK0                                                                                                                                       | CPU_i/gmii_to_rgmii_0/U0/i_gmii_to_rgmii_block/CPU_gmii_to_rgmii_0_0_core/i_gmii_to_rgmii/i_MANAGEMENT/AN_COMPLETE_BIT_LOC_REG               | CPU_i/gmii_to_rgmii_0/U0/i_gmii_to_rgmii_block/CPU_gmii_to_rgmii_0_0_core/i_gmii_to_rgmii/i_reset_sync_mgmt_reset/reset_out                                             |                2 |             10 |         5.00 |
|  CPU_i/gmii_to_rgmii_0/U0/i_gmii_to_rgmii_block/CPU_gmii_to_rgmii_0_0_core/i_gmii_to_rgmii/gmii_to_rgmii_core_non_versal.i_gmii_to_rgmii/gen_rgmii_rx_clk_zq.bufg_rgmii_rx_clk_0 |                                                                                                                                              |                                                                                                                                                                         |                6 |             12 |         2.00 |
|  CPU_i/processing_system7_0/inst/FCLK_CLK0                                                                                                                                       | CPU_i/gmii_to_rgmii_0/U0/i_gmii_to_rgmii_block/CPU_gmii_to_rgmii_0_0_core/i_gmii_to_rgmii/i_MANAGEMENT/EXT_PHY_10M_SPEED_BIT_LOC_REG         | CPU_i/gmii_to_rgmii_0/U0/i_gmii_to_rgmii_block/CPU_gmii_to_rgmii_0_0_core/i_gmii_to_rgmii/i_reset_sync_mgmt_reset/reset_out                                             |                5 |             12 |         2.40 |
|  CPU_i/processing_system7_0/inst/FCLK_CLK0                                                                                                                                       |                                                                                                                                              | CPU_i/gmii_to_rgmii_0/U0/i_CPU_gmii_to_rgmii_0_0_resets/idelayctrl_reset_gen/reset_out                                                                                  |                5 |             15 |         3.00 |
|  CPU_i/processing_system7_0/inst/FCLK_CLK0                                                                                                                                       | CPU_i/gmii_to_rgmii_0/U0/i_gmii_to_rgmii_block/CPU_gmii_to_rgmii_0_0_core/i_gmii_to_rgmii/i_MANAGEMENT/MDC_RISING_REG1                       | CPU_i/gmii_to_rgmii_0/U0/i_gmii_to_rgmii_block/CPU_gmii_to_rgmii_0_0_core/i_gmii_to_rgmii/i_reset_sync_mgmt_reset/reset_out                                             |                6 |             15 |         2.50 |
|  CPU_i/processing_system7_0/inst/FCLK_CLK0                                                                                                                                       | CPU_i/gmii_to_rgmii_0/U0/i_gmii_to_rgmii_block/CPU_gmii_to_rgmii_0_0_core/i_gmii_to_rgmii/i_MANAGEMENT/EXT_PHY_STAT_REG                      | CPU_i/gmii_to_rgmii_0/U0/i_gmii_to_rgmii_block/CPU_gmii_to_rgmii_0_0_core/i_gmii_to_rgmii/i_reset_sync_mgmt_reset/reset_out                                             |                4 |             16 |         4.00 |
|  CPU_i/processing_system7_0/inst/FCLK_CLK0                                                                                                                                       | CPU_i/gmii_to_rgmii_0/U0/i_gmii_to_rgmii_block/CPU_gmii_to_rgmii_0_0_core/i_gmii_to_rgmii/i_MANAGEMENT/EXT_PHY_SPEED_REG                     | CPU_i/gmii_to_rgmii_0/U0/i_gmii_to_rgmii_block/CPU_gmii_to_rgmii_0_0_core/i_gmii_to_rgmii/i_reset_sync_mgmt_reset/reset_out                                             |                4 |             16 |         4.00 |
|  CPU_i/processing_system7_0/inst/FCLK_CLK0                                                                                                                                       |                                                                                                                                              | CPU_i/gmii_to_rgmii_0/U0/i_gmii_to_rgmii_block/CPU_gmii_to_rgmii_0_0_core/i_gmii_to_rgmii/i_reset_sync_mgmt_reset/reset_out                                             |                5 |             18 |         3.60 |
|  CPU_i/gmii_to_rgmii_0/U0/i_gmii_to_rgmii_block/gmii_tx_clk                                                                                                                      |                                                                                                                                              |                                                                                                                                                                         |                6 |             25 |         4.17 |
|  CPU_i/processing_system7_0/inst/FCLK_CLK0                                                                                                                                       | CPU_i/gmii_to_rgmii_0/U0/i_gmii_to_rgmii_block/CPU_gmii_to_rgmii_0_0_core/i_gmii_to_rgmii/i_MANAGEMENT/MDIO_INTERFACE_1/SHIFT_REG[3]_i_1_n_0 |                                                                                                                                                                         |                6 |             32 |         5.33 |
|  CPU_i/processing_system7_0/inst/FCLK_CLK0                                                                                                                                       |                                                                                                                                              | CPU_i/proc_sys_reset_0/U0/mb_reset                                                                                                                                      |               12 |             33 |         2.75 |
|  CPU_i/processing_system7_0/inst/FCLK_CLK0                                                                                                                                       |                                                                                                                                              |                                                                                                                                                                         |               20 |             54 |         2.70 |
+----------------------------------------------------------------------------------------------------------------------------------------------------------------------------------+----------------------------------------------------------------------------------------------------------------------------------------------+-------------------------------------------------------------------------------------------------------------------------------------------------------------------------+------------------+----------------+--------------+


