#-----------------------------------------------------------
# Vivado v2018.3 (64-bit)
# SW Build 2405991 on Thu Dec  6 23:38:27 MST 2018
# IP Build 2404404 on Fri Dec  7 01:43:56 MST 2018
# Start of session at: Sat Apr 29 18:13:51 2023
# Process ID: 26384
# Current directory: E:/Smart_ZYNQ_SP_SL/Petalinux/Petalinux_NET_USB_TEST/NET_TEST
# Command line: vivado.exe -gui_launcher_event rodinguilauncherevent20752 E:\Smart_ZYNQ_SP_SL\Petalinux\Petalinux_NET_USB_TEST\NET_TEST\NET_TEST.xpr
# Log file: E:/Smart_ZYNQ_SP_SL/Petalinux/Petalinux_NET_USB_TEST/NET_TEST/vivado.log
# Journal file: E:/Smart_ZYNQ_SP_SL/Petalinux/Petalinux_NET_USB_TEST/NET_TEST\vivado.jou
#-----------------------------------------------------------
start_gui
open_project E:/Smart_ZYNQ_SP_SL/Petalinux/Petalinux_NET_USB_TEST/NET_TEST/NET_TEST.xpr
INFO: [Project 1-313] Project file moved from 'E:/Smart_ZYNQ_SP_SL/Petalinux/08_Petalinux_NET_TEST/NET_TEST' since last save.
Scanning sources...
Finished scanning sources
INFO: [IP_Flow 19-234] Refreshing IP repositories
INFO: [IP_Flow 19-1704] No user IP repositories specified
INFO: [IP_Flow 19-2313] Loaded Vivado IP repository 'D:/Xilinx/Vivado/2018.3/data/ip'.
update_compile_order -fileset sources_1
open_bd_design {E:/Smart_ZYNQ_SP_SL/Petalinux/Petalinux_NET_USB_TEST/NET_TEST/NET_TEST.srcs/sources_1/bd/ZYNQ/ZYNQ.bd}
Adding cell -- xilinx.com:ip:gmii_to_rgmii:4.0 - gmii_to_rgmii_0
Adding cell -- xilinx.com:ip:processing_system7:5.5 - processing_system7_0
Adding cell -- xilinx.com:ip:util_vector_logic:2.0 - util_vector_logic_0
Successfully read diagram <ZYNQ> from BD file <E:/Smart_ZYNQ_SP_SL/Petalinux/Petalinux_NET_USB_TEST/NET_TEST/NET_TEST.srcs/sources_1/bd/ZYNQ/ZYNQ.bd>
WARNING: [IP_Flow 19-474] Invalid Parameter 'Component_Name'
startgroup
set_property -dict [list CONFIG.PCW_ENET_RESET_ENABLE {0} CONFIG.PCW_USB0_PERIPHERAL_ENABLE {1} CONFIG.PCW_USB0_RESET_ENABLE {1} CONFIG.PCW_USB0_RESET_IO {MIO 46} CONFIG.PCW_I2C_RESET_ENABLE {0} CONFIG.PCW_GPIO_MIO_GPIO_ENABLE {1}] [get_bd_cells processing_system7_0]
endgroup
reset_run ZYNQ_processing_system7_0_0_synth_1
save_bd_design
Wrote  : <E:\Smart_ZYNQ_SP_SL\Petalinux\Petalinux_NET_USB_TEST\NET_TEST\NET_TEST.srcs\sources_1\bd\ZYNQ\ZYNQ.bd> 
Wrote  : <E:/Smart_ZYNQ_SP_SL/Petalinux/Petalinux_NET_USB_TEST/NET_TEST/NET_TEST.srcs/sources_1/bd/ZYNQ/ui/bd_bdecc542.ui> 
reset_run synth_1
launch_runs synth_1 -jobs 32
Wrote  : <E:\Smart_ZYNQ_SP_SL\Petalinux\Petalinux_NET_USB_TEST\NET_TEST\NET_TEST.srcs\sources_1\bd\ZYNQ\ZYNQ.bd> 
VHDL Output written to : E:/Smart_ZYNQ_SP_SL/Petalinux/Petalinux_NET_USB_TEST/NET_TEST/NET_TEST.srcs/sources_1/bd/ZYNQ/synth/ZYNQ.v
VHDL Output written to : E:/Smart_ZYNQ_SP_SL/Petalinux/Petalinux_NET_USB_TEST/NET_TEST/NET_TEST.srcs/sources_1/bd/ZYNQ/sim/ZYNQ.v
VHDL Output written to : E:/Smart_ZYNQ_SP_SL/Petalinux/Petalinux_NET_USB_TEST/NET_TEST/NET_TEST.srcs/sources_1/bd/ZYNQ/hdl/ZYNQ_wrapper.v
INFO: [BD 41-1029] Generation completed for the IP Integrator block processing_system7_0 .
INFO: [BD 41-1029] Generation completed for the IP Integrator block gmii_to_rgmii_0 .
INFO: [BD 41-1029] Generation completed for the IP Integrator block util_vector_logic_0 .
Exporting to file E:/Smart_ZYNQ_SP_SL/Petalinux/Petalinux_NET_USB_TEST/NET_TEST/NET_TEST.srcs/sources_1/bd/ZYNQ/hw_handoff/ZYNQ.hwh
Generated Block Design Tcl file E:/Smart_ZYNQ_SP_SL/Petalinux/Petalinux_NET_USB_TEST/NET_TEST/NET_TEST.srcs/sources_1/bd/ZYNQ/hw_handoff/ZYNQ_bd.tcl
Generated Hardware Definition File E:/Smart_ZYNQ_SP_SL/Petalinux/Petalinux_NET_USB_TEST/NET_TEST/NET_TEST.srcs/sources_1/bd/ZYNQ/synth/ZYNQ.hwdef
[Sat Apr 29 18:16:19 2023] Launched ZYNQ_processing_system7_0_0_synth_1...
Run output will be captured here: E:/Smart_ZYNQ_SP_SL/Petalinux/Petalinux_NET_USB_TEST/NET_TEST/NET_TEST.runs/ZYNQ_processing_system7_0_0_synth_1/runme.log
[Sat Apr 29 18:16:19 2023] Launched synth_1...
Run output will be captured here: E:/Smart_ZYNQ_SP_SL/Petalinux/Petalinux_NET_USB_TEST/NET_TEST/NET_TEST.runs/synth_1/runme.log
launch_runs: Time (s): cpu = 00:00:08 ; elapsed = 00:00:10 . Memory (MB): peak = 1082.758 ; gain = 59.086
launch_runs impl_1 -to_step write_bitstream -jobs 32
[Sat Apr 29 18:36:51 2023] Launched impl_1...
Run output will be captured here: E:/Smart_ZYNQ_SP_SL/Petalinux/Petalinux_NET_USB_TEST/NET_TEST/NET_TEST.runs/impl_1/runme.log
INFO: [Vivado 12-4158] Exported Hardware file is out of date. Exported hardware information may be inconsistent with respect to the current state of the design. It is recommended that you re-export the design and launch SDK otherwise SDK is launched with out of date hardware system file.
launch_sdk -workspace E:/Smart_ZYNQ_SP_SL/Petalinux/Petalinux_NET_USB_TEST/NET_TEST/NET_TEST.sdk -hwspec E:/Smart_ZYNQ_SP_SL/Petalinux/Petalinux_NET_USB_TEST/NET_TEST/NET_TEST.sdk/ZYNQ_wrapper.hdf
INFO: [Vivado 12-393] Launching SDK...
INFO: [Vivado 12-417] Running xsdk -workspace E:/Smart_ZYNQ_SP_SL/Petalinux/Petalinux_NET_USB_TEST/NET_TEST/NET_TEST.sdk -hwspec E:/Smart_ZYNQ_SP_SL/Petalinux/Petalinux_NET_USB_TEST/NET_TEST/NET_TEST.sdk/ZYNQ_wrapper.hdf
INFO: [Vivado 12-3157] SDK launch initiated. Please check console for any further messages.
INFO: [Vivado 12-4158] Exported Hardware file is out of date. Exported hardware information may be inconsistent with respect to the current state of the design. It is recommended that you re-export the design and launch SDK otherwise SDK is launched with out of date hardware system file.
launch_sdk -workspace E:/Smart_ZYNQ_SP_SL/Petalinux/Petalinux_NET_USB_TEST/NET_TEST/NET_TEST.sdk -hwspec E:/Smart_ZYNQ_SP_SL/Petalinux/Petalinux_NET_USB_TEST/NET_TEST/NET_TEST.sdk/ZYNQ_wrapper.hdf
INFO: [Vivado 12-393] Launching SDK...
INFO: [Vivado 12-417] Running xsdk -workspace E:/Smart_ZYNQ_SP_SL/Petalinux/Petalinux_NET_USB_TEST/NET_TEST/NET_TEST.sdk -hwspec E:/Smart_ZYNQ_SP_SL/Petalinux/Petalinux_NET_USB_TEST/NET_TEST/NET_TEST.sdk/ZYNQ_wrapper.hdf
INFO: [Vivado 12-3157] SDK launch initiated. Please check console for any further messages.
WARNING: [IP_Flow 19-474] Invalid Parameter 'Component_Name'
reset_run impl_1 -prev_step 
launch_runs impl_1 -to_step write_bitstream -jobs 32
[Sat Apr 29 19:05:26 2023] Launched impl_1...
Run output will be captured here: E:/Smart_ZYNQ_SP_SL/Petalinux/Petalinux_NET_USB_TEST/NET_TEST/NET_TEST.runs/impl_1/runme.log
file copy -force E:/Smart_ZYNQ_SP_SL/Petalinux/Petalinux_NET_USB_TEST/NET_TEST/NET_TEST.runs/impl_1/ZYNQ_wrapper.sysdef E:/Smart_ZYNQ_SP_SL/Petalinux/Petalinux_NET_USB_TEST/NET_TEST/NET_TEST.sdk/ZYNQ_wrapper.hdf

launch_sdk -workspace E:/Smart_ZYNQ_SP_SL/Petalinux/Petalinux_NET_USB_TEST/NET_TEST/NET_TEST.sdk -hwspec E:/Smart_ZYNQ_SP_SL/Petalinux/Petalinux_NET_USB_TEST/NET_TEST/NET_TEST.sdk/ZYNQ_wrapper.hdf
INFO: [Vivado 12-393] Launching SDK...
INFO: [Vivado 12-417] Running xsdk -workspace E:/Smart_ZYNQ_SP_SL/Petalinux/Petalinux_NET_USB_TEST/NET_TEST/NET_TEST.sdk -hwspec E:/Smart_ZYNQ_SP_SL/Petalinux/Petalinux_NET_USB_TEST/NET_TEST/NET_TEST.sdk/ZYNQ_wrapper.hdf
INFO: [Vivado 12-3157] SDK launch initiated. Please check console for any further messages.
close_project
open_project E:/Smart_ZYNQ_SP_SL/ALL_TEST/PL_HDMI_TEST/03_PL_HDMI_TEST.xpr
Scanning sources...
Finished scanning sources
INFO: [IP_Flow 19-234] Refreshing IP repositories
INFO: [IP_Flow 19-1700] Loaded user IP repository 'e:/Smart_ZYNQ_SP_SL/ALL_TEST/PL_HDMI_TEST/rgb2dvi'.
INFO: [IP_Flow 19-2313] Loaded Vivado IP repository 'D:/Xilinx/Vivado/2018.3/data/ip'.
update_compile_order -fileset sources_1
launch_sdk -workspace E:/Smart_ZYNQ_SP_SL/ALL_TEST/PL_HDMI_TEST/03_PL_HDMI_TEST.sdk -hwspec E:/Smart_ZYNQ_SP_SL/ALL_TEST/PL_HDMI_TEST/03_PL_HDMI_TEST.sdk/top.hdf
INFO: [Vivado 12-393] Launching SDK...
INFO: [Vivado 12-417] Running xsdk -workspace E:/Smart_ZYNQ_SP_SL/ALL_TEST/PL_HDMI_TEST/03_PL_HDMI_TEST.sdk -hwspec E:/Smart_ZYNQ_SP_SL/ALL_TEST/PL_HDMI_TEST/03_PL_HDMI_TEST.sdk/top.hdf
INFO: [Vivado 12-3157] SDK launch initiated. Please check console for any further messages.
launch_sdk -workspace E:/Smart_ZYNQ_SP_SL/ALL_TEST/PL_HDMI_TEST/03_PL_HDMI_TEST.sdk -hwspec E:/Smart_ZYNQ_SP_SL/ALL_TEST/PL_HDMI_TEST/03_PL_HDMI_TEST.sdk/top.hdf
INFO: [Vivado 12-393] Launching SDK...
INFO: [Vivado 12-417] Running xsdk -workspace E:/Smart_ZYNQ_SP_SL/ALL_TEST/PL_HDMI_TEST/03_PL_HDMI_TEST.sdk -hwspec E:/Smart_ZYNQ_SP_SL/ALL_TEST/PL_HDMI_TEST/03_PL_HDMI_TEST.sdk/top.hdf
INFO: [Vivado 12-3157] SDK launch initiated. Please check console for any further messages.
launch_sdk -workspace E:/Smart_ZYNQ_SP_SL/ALL_TEST/PL_HDMI_TEST/03_PL_HDMI_TEST.sdk -hwspec E:/Smart_ZYNQ_SP_SL/ALL_TEST/PL_HDMI_TEST/03_PL_HDMI_TEST.sdk/top.hdf
INFO: [Vivado 12-393] Launching SDK...
INFO: [Vivado 12-417] Running xsdk -workspace E:/Smart_ZYNQ_SP_SL/ALL_TEST/PL_HDMI_TEST/03_PL_HDMI_TEST.sdk -hwspec E:/Smart_ZYNQ_SP_SL/ALL_TEST/PL_HDMI_TEST/03_PL_HDMI_TEST.sdk/top.hdf
INFO: [Vivado 12-3157] SDK launch initiated. Please check console for any further messages.
launch_sdk -workspace E:/Smart_ZYNQ_SP_SL/ALL_TEST/PL_HDMI_TEST/03_PL_HDMI_TEST.sdk -hwspec E:/Smart_ZYNQ_SP_SL/ALL_TEST/PL_HDMI_TEST/03_PL_HDMI_TEST.sdk/top.hdf
INFO: [Vivado 12-393] Launching SDK...
INFO: [Vivado 12-417] Running xsdk -workspace E:/Smart_ZYNQ_SP_SL/ALL_TEST/PL_HDMI_TEST/03_PL_HDMI_TEST.sdk -hwspec E:/Smart_ZYNQ_SP_SL/ALL_TEST/PL_HDMI_TEST/03_PL_HDMI_TEST.sdk/top.hdf
INFO: [Vivado 12-3157] SDK launch initiated. Please check console for any further messages.
exit
INFO: [Common 17-206] Exiting Vivado at Sat Apr 29 19:23:45 2023...
