#-----------------------------------------------------------
# Vivado v2018.3 (64-bit)
# SW Build 2405991 on Thu Dec  6 23:38:27 MST 2018
# IP Build 2404404 on Fri Dec  7 01:43:56 MST 2018
# Start of session at: Sat Aug 19 10:49:56 2023
# Process ID: 25172
# Current directory: E:/PYNQ/Smart_ZYNQ_SP/PYNQ_CONFIG_02/PYNQ_CONFIG
# Command line: vivado.exe -gui_launcher_event rodinguilauncherevent18204 E:\PYNQ\Smart_ZYNQ_SP\PYNQ_CONFIG_02\PYNQ_CONFIG\PYNQ_CONFIG.xpr
# Log file: E:/PYNQ/Smart_ZYNQ_SP/PYNQ_CONFIG_02/PYNQ_CONFIG/vivado.log
# Journal file: E:/PYNQ/Smart_ZYNQ_SP/PYNQ_CONFIG_02/PYNQ_CONFIG\vivado.jou
#-----------------------------------------------------------
start_gui
open_project E:/PYNQ/Smart_ZYNQ_SP/PYNQ_CONFIG_02/PYNQ_CONFIG/PYNQ_CONFIG.xpr
Scanning sources...
Finished scanning sources
INFO: [IP_Flow 19-234] Refreshing IP repositories
INFO: [IP_Flow 19-1704] No user IP repositories specified
INFO: [IP_Flow 19-2313] Loaded Vivado IP repository 'D:/Xilinx/Vivado/2018.3/data/ip'.
update_compile_order -fileset sources_1
reset_run synth_1
launch_runs synth_1 -jobs 32
[Sat Aug 19 10:50:17 2023] Launched synth_1...
Run output will be captured here: E:/PYNQ/Smart_ZYNQ_SP/PYNQ_CONFIG_02/PYNQ_CONFIG/PYNQ_CONFIG.runs/synth_1/runme.log
launch_runs impl_1 -jobs 32
[Sat Aug 19 10:51:18 2023] Launched impl_1...
Run output will be captured here: E:/PYNQ/Smart_ZYNQ_SP/PYNQ_CONFIG_02/PYNQ_CONFIG/PYNQ_CONFIG.runs/impl_1/runme.log
open_bd_design {E:/PYNQ/Smart_ZYNQ_SP/PYNQ_CONFIG_02/PYNQ_CONFIG/PYNQ_CONFIG.srcs/sources_1/bd/ZYNQ/ZYNQ.bd}
Adding cell -- xilinx.com:ip:gmii_to_rgmii:4.0 - gmii_to_rgmii_0
Adding cell -- xilinx.com:ip:processing_system7:5.5 - processing_system7_0
Adding cell -- xilinx.com:ip:util_vector_logic:2.0 - util_vector_logic_0
Successfully read diagram <ZYNQ> from BD file <E:/PYNQ/Smart_ZYNQ_SP/PYNQ_CONFIG_02/PYNQ_CONFIG/PYNQ_CONFIG.srcs/sources_1/bd/ZYNQ/ZYNQ.bd>
WARNING: [IP_Flow 19-474] Invalid Parameter 'Component_Name'
launch_runs impl_1 -to_step write_bitstream -jobs 32
[Sat Aug 19 11:01:47 2023] Launched impl_1...
Run output will be captured here: E:/PYNQ/Smart_ZYNQ_SP/PYNQ_CONFIG_02/PYNQ_CONFIG/PYNQ_CONFIG.runs/impl_1/runme.log
file mkdir E:/PYNQ/Smart_ZYNQ_SP/PYNQ_CONFIG_02/PYNQ_CONFIG/PYNQ_CONFIG.sdk
file copy -force E:/PYNQ/Smart_ZYNQ_SP/PYNQ_CONFIG_02/PYNQ_CONFIG/PYNQ_CONFIG.runs/impl_1/ZYNQ_wrapper.sysdef E:/PYNQ/Smart_ZYNQ_SP/PYNQ_CONFIG_02/PYNQ_CONFIG/PYNQ_CONFIG.sdk/ZYNQ_wrapper.hdf

