#-----------------------------------------------------------
# Vivado v2018.3 (64-bit)
# SW Build 2405991 on Thu Dec  6 23:38:27 MST 2018
# IP Build 2404404 on Fri Dec  7 01:43:56 MST 2018
# Start of session at: Sat Feb 25 11:09:43 2023
# Process ID: 6460
# Current directory: E:/Smart_ZYNQ_7020/Petalinux/08_Petalinux_NET_TEST/NET_TEST
# Command line: vivado.exe -gui_launcher_event rodinguilauncherevent1984 E:\Smart_ZYNQ_7020\Petalinux\08_Petalinux_NET_TEST\NET_TEST\NET_TEST.xpr
# Log file: E:/Smart_ZYNQ_7020/Petalinux/08_Petalinux_NET_TEST/NET_TEST/vivado.log
# Journal file: E:/Smart_ZYNQ_7020/Petalinux/08_Petalinux_NET_TEST/NET_TEST\vivado.jou
#-----------------------------------------------------------
start_gui
open_project E:/Smart_ZYNQ_7020/Petalinux/08_Petalinux_NET_TEST/NET_TEST/NET_TEST.xpr
INFO: [Project 1-313] Project file moved from 'E:/Smart_ZYNQ_7010/Petalinux/08_Petalinux_NET_TEST/NET_TEST' since last save.
Scanning sources...
Finished scanning sources
INFO: [IP_Flow 19-234] Refreshing IP repositories
INFO: [IP_Flow 19-1704] No user IP repositories specified
INFO: [IP_Flow 19-2313] Loaded Vivado IP repository 'D:/Xilinx/Vivado/2018.3/data/ip'.
open_project: Time (s): cpu = 00:00:20 ; elapsed = 00:00:09 . Memory (MB): peak = 835.008 ; gain = 210.312
update_compile_order -fileset sources_1
exit
INFO: [Common 17-206] Exiting Vivado at Sat Feb 25 11:10:55 2023...
