Vivado Simulator v2024.1
Copyright 1986-2022 Xilinx, Inc. All Rights Reserved.
Copyright 2022-2024 Advanced Micro Devices, Inc. All Rights Reserved.
Running: C:/Xilinx/Vivado/2024.1/bin/unwrapped/win64.o/xelab.exe --incr --debug typical --relax --mt 2 -L CPU -L axi_infrastructure_v1_1_0 -L axi_vip_v1_1_17 -L processing_system7_vip_v1_0_19 -L lib_cdc_v1_0_3 -L proc_sys_reset_v5_0_15 -L blk_mem_gen_v8_4_8 -L sim_clk_gen_v1_0_4 -L util_vector_logic_v2_0_4 -L generic_baseblocks_v2_1_2 -L fifo_generator_v13_2_10 -L axi_data_fifo_v2_1_30 -L axi_register_slice_v2_1_31 -L axi_protocol_converter_v2_1_31 -L axi_clock_converter_v2_1_30 -L axi_dwidth_converter_v2_1_31 -L uvm -L xilinx_vip -L unisims_ver -L unimacro_ver -L secureip -L xpm --snapshot CPU_TB_behav CPU.CPU_TB CPU.glbl -log elaborate.log 
Using 2 slave threads.
WARNING: [XSIM 43-3431] One or more environment variables have been detected which affect the operation of the C compiler. These are typically not set in standard installations and are not tested by AMD, however they may be appropriate for your system, so the flow will attempt to continue.  If errors occur, try running xelab with the "-mt off -v 1" switches to see more information from the C compiler. The following environment variables have been detected:
Starting static elaboration
Pass Through NonSizing Optimizer
WARNING: [VRFC 10-9180] module 'axi_register_slice_v2_1_31_axic_register_slice' is instantiated multiple times from VHDL or from both Verilog and VHDL; elaboration result may be incorrect [/wrk/ci/prod/2024.1/sw/continuous/35389/packages/customer/vivado/data/ip/xilinx/axi_register_slice_v2_1/hdl/axi_register_slice_v2_1_vl_rfs.v:1492]
WARNING: [VRFC 10-3091] actual bit length 128 differs from formal bit length 64 for port 'WR_DATA_STRB' [/scratch/proj/xbuilds/SWIP/2024.1_0522_2023/infra/XSIM/lin/.cxl.ip/incl/processing_system7_vip_v1_0_19_axi_gp.v:208]
WARNING: [VRFC 10-3091] actual bit length 12 differs from formal bit length 6 for port 'm_axi_bid' [/wrk/ci/prod/2024.1/sw/continuous/35389/packages/customer/vivado/data/ip/xilinx/processing_system7_vip_v1_0/hdl/processing_system7_vip_v1_0_vl_rfs.sv:5546]
WARNING: [VRFC 10-3091] actual bit length 12 differs from formal bit length 6 for port 'm_axi_rid' [/wrk/ci/prod/2024.1/sw/continuous/35389/packages/customer/vivado/data/ip/xilinx/processing_system7_vip_v1_0/hdl/processing_system7_vip_v1_0_vl_rfs.sv:5564]
WARNING: [VRFC 10-3091] actual bit length 128 differs from formal bit length 64 for port 'WR_DATA_STRB' [/scratch/proj/xbuilds/SWIP/2024.1_0522_2023/infra/XSIM/lin/.cxl.ip/incl/processing_system7_vip_v1_0_19_axi_gp.v:292]
WARNING: [VRFC 10-3091] actual bit length 8 differs from formal bit length 9 for port 'WR_BYTES' [/scratch/proj/xbuilds/SWIP/2024.1_0522_2023/infra/XSIM/lin/.cxl.ip/incl/processing_system7_vip_v1_0_19_axi_hp.v:80]
WARNING: [VRFC 10-3091] actual bit length 8 differs from formal bit length 9 for port 'RD_BYTES' [/scratch/proj/xbuilds/SWIP/2024.1_0522_2023/infra/XSIM/lin/.cxl.ip/incl/processing_system7_vip_v1_0_19_axi_hp.v:89]
WARNING: [VRFC 10-3091] actual bit length 12 differs from formal bit length 6 for port 'm_axi_bid' [/wrk/ci/prod/2024.1/sw/continuous/35389/packages/customer/vivado/data/ip/xilinx/processing_system7_vip_v1_0/hdl/processing_system7_vip_v1_0_vl_rfs.sv:10256]
WARNING: [VRFC 10-3091] actual bit length 12 differs from formal bit length 6 for port 'm_axi_rid' [/wrk/ci/prod/2024.1/sw/continuous/35389/packages/customer/vivado/data/ip/xilinx/processing_system7_vip_v1_0/hdl/processing_system7_vip_v1_0_vl_rfs.sv:10274]
WARNING: [VRFC 10-3091] actual bit length 32 differs from formal bit length 64 for port 'm_axi_rdata' [/wrk/ci/prod/2024.1/sw/continuous/35389/packages/customer/vivado/data/ip/xilinx/processing_system7_vip_v1_0/hdl/processing_system7_vip_v1_0_vl_rfs.sv:10275]
WARNING: [VRFC 10-3091] actual bit length 8 differs from formal bit length 9 for port 'WR_BYTES' [/scratch/proj/xbuilds/SWIP/2024.1_0522_2023/infra/XSIM/lin/.cxl.ip/incl/processing_system7_vip_v1_0_19_axi_hp.v:165]
WARNING: [VRFC 10-3091] actual bit length 8 differs from formal bit length 9 for port 'RD_BYTES' [/scratch/proj/xbuilds/SWIP/2024.1_0522_2023/infra/XSIM/lin/.cxl.ip/incl/processing_system7_vip_v1_0_19_axi_hp.v:174]
WARNING: [VRFC 10-3091] actual bit length 8 differs from formal bit length 9 for port 'WR_BYTES' [/scratch/proj/xbuilds/SWIP/2024.1_0522_2023/infra/XSIM/lin/.cxl.ip/incl/processing_system7_vip_v1_0_19_axi_hp.v:251]
WARNING: [VRFC 10-3091] actual bit length 8 differs from formal bit length 9 for port 'RD_BYTES' [/scratch/proj/xbuilds/SWIP/2024.1_0522_2023/infra/XSIM/lin/.cxl.ip/incl/processing_system7_vip_v1_0_19_axi_hp.v:260]
WARNING: [VRFC 10-3091] actual bit length 8 differs from formal bit length 9 for port 'WR_BYTES' [/scratch/proj/xbuilds/SWIP/2024.1_0522_2023/infra/XSIM/lin/.cxl.ip/incl/processing_system7_vip_v1_0_19_axi_hp.v:337]
WARNING: [VRFC 10-3091] actual bit length 8 differs from formal bit length 9 for port 'RD_BYTES' [/scratch/proj/xbuilds/SWIP/2024.1_0522_2023/infra/XSIM/lin/.cxl.ip/incl/processing_system7_vip_v1_0_19_axi_hp.v:346]
WARNING: [VRFC 10-3091] actual bit length 12 differs from formal bit length 3 for port 'm_axi_bid' [/wrk/ci/prod/2024.1/sw/continuous/35389/packages/customer/vivado/data/ip/xilinx/processing_system7_vip_v1_0/hdl/processing_system7_vip_v1_0_vl_rfs.sv:7157]
WARNING: [VRFC 10-3091] actual bit length 12 differs from formal bit length 3 for port 'm_axi_rid' [/wrk/ci/prod/2024.1/sw/continuous/35389/packages/customer/vivado/data/ip/xilinx/processing_system7_vip_v1_0/hdl/processing_system7_vip_v1_0_vl_rfs.sv:7175]
WARNING: [VRFC 10-3091] actual bit length 32 differs from formal bit length 64 for port 'm_axi_rdata' [/wrk/ci/prod/2024.1/sw/continuous/35389/packages/customer/vivado/data/ip/xilinx/processing_system7_vip_v1_0/hdl/processing_system7_vip_v1_0_vl_rfs.sv:7176]
WARNING: [VRFC 10-5021] port 'aclk2x' is not connected on this instance [/wrk/ci/prod/2024.1/sw/continuous/35389/packages/customer/vivado/data/ip/xilinx/axi_dwidth_converter_v2_1/hdl/axi_dwidth_converter_v2_1_vl_rfs.v:13124]
WARNING: [VRFC 10-5021] port 'aclk2x' is not connected on this instance [/wrk/ci/prod/2024.1/sw/continuous/35389/packages/customer/vivado/data/ip/xilinx/axi_dwidth_converter_v2_1/hdl/axi_dwidth_converter_v2_1_vl_rfs.v:14221]
WARNING: [VRFC 10-5021] port 'ENET0_GMII_RXD' is not connected on this instance [Y:/C++/Uni-CPU/CPURev2/CPURev2.ip_user_files/bd/Setup/ip/Setup_processing_system7_0_0/sim/Setup_processing_system7_0_0.v:275]
WARNING: [VRFC 10-3129] assignment to input 'wr_dv_ocm_gp0' [/wrk/ci/prod/2024.1/sw/continuous/35389/packages/customer/vivado/data/ip/xilinx/processing_system7_vip_v1_0/hdl/processing_system7_vip_v1_0_vl_rfs.sv:4372]
WARNING: [VRFC 10-3129] assignment to input 'wr_dv_ddr_gp0' [/wrk/ci/prod/2024.1/sw/continuous/35389/packages/customer/vivado/data/ip/xilinx/processing_system7_vip_v1_0/hdl/processing_system7_vip_v1_0_vl_rfs.sv:4373]
WARNING: [VRFC 10-3129] assignment to input 'wr_dv_ocm_gp1' [/wrk/ci/prod/2024.1/sw/continuous/35389/packages/customer/vivado/data/ip/xilinx/processing_system7_vip_v1_0/hdl/processing_system7_vip_v1_0_vl_rfs.sv:4394]
WARNING: [VRFC 10-3129] assignment to input 'wr_dv_ddr_gp1' [/wrk/ci/prod/2024.1/sw/continuous/35389/packages/customer/vivado/data/ip/xilinx/processing_system7_vip_v1_0/hdl/processing_system7_vip_v1_0_vl_rfs.sv:4395]
WARNING: [VRFC 10-3129] assignment to input 'wr_dv_ddr_hp0' [/wrk/ci/prod/2024.1/sw/continuous/35389/packages/customer/vivado/data/ip/xilinx/processing_system7_vip_v1_0/hdl/processing_system7_vip_v1_0_vl_rfs.sv:4465]
WARNING: [VRFC 10-3129] assignment to input 'wr_dv_ddr_hp1' [/wrk/ci/prod/2024.1/sw/continuous/35389/packages/customer/vivado/data/ip/xilinx/processing_system7_vip_v1_0/hdl/processing_system7_vip_v1_0_vl_rfs.sv:4483]
WARNING: [VRFC 10-3129] assignment to input 'wr_dv_ddr_hp2' [/wrk/ci/prod/2024.1/sw/continuous/35389/packages/customer/vivado/data/ip/xilinx/processing_system7_vip_v1_0/hdl/processing_system7_vip_v1_0_vl_rfs.sv:4501]
WARNING: [VRFC 10-3129] assignment to input 'wr_dv_ddr_hp3' [/wrk/ci/prod/2024.1/sw/continuous/35389/packages/customer/vivado/data/ip/xilinx/processing_system7_vip_v1_0/hdl/processing_system7_vip_v1_0_vl_rfs.sv:4519]
WARNING: [VRFC 10-3129] assignment to input 'ddr_wr_qos' [/wrk/ci/prod/2024.1/sw/continuous/35389/packages/customer/vivado/data/ip/xilinx/processing_system7_vip_v1_0/hdl/processing_system7_vip_v1_0_vl_rfs.sv:1253]
WARNING: [VRFC 10-3129] assignment to input 'ddr_rd_qos' [/wrk/ci/prod/2024.1/sw/continuous/35389/packages/customer/vivado/data/ip/xilinx/processing_system7_vip_v1_0/hdl/processing_system7_vip_v1_0_vl_rfs.sv:1276]
WARNING: [VRFC 10-3129] assignment to input 'ddr_wr_qos' [/wrk/ci/prod/2024.1/sw/continuous/35389/packages/customer/vivado/data/ip/xilinx/processing_system7_vip_v1_0/hdl/processing_system7_vip_v1_0_vl_rfs.sv:1091]
WARNING: [VRFC 10-3129] assignment to input 'ddr_rd_qos' [/wrk/ci/prod/2024.1/sw/continuous/35389/packages/customer/vivado/data/ip/xilinx/processing_system7_vip_v1_0/hdl/processing_system7_vip_v1_0_vl_rfs.sv:1115]
WARNING: [VRFC 10-3027] 'ocm_wr_strb_port0' was previously declared with a different range [/wrk/ci/prod/2024.1/sw/continuous/35389/packages/customer/vivado/data/ip/xilinx/processing_system7_vip_v1_0/hdl/processing_system7_vip_v1_0_vl_rfs.sv:3809]
WARNING: [VRFC 10-3705] select index 64 into 'wrp_strb' is out of bounds [/wrk/ci/prod/2024.1/sw/continuous/35389/packages/customer/vivado/data/ip/xilinx/processing_system7_vip_v1_0/hdl/processing_system7_vip_v1_0_vl_rfs.sv:6134]
WARNING: [VRFC 10-3705] select index 128 into 'wrp_strb' is out of bounds [/wrk/ci/prod/2024.1/sw/continuous/35389/packages/customer/vivado/data/ip/xilinx/processing_system7_vip_v1_0/hdl/processing_system7_vip_v1_0_vl_rfs.sv:10898]
WARNING: [VRFC 10-3705] select index 128 into 'wrp_strb' is out of bounds [/wrk/ci/prod/2024.1/sw/continuous/35389/packages/customer/vivado/data/ip/xilinx/processing_system7_vip_v1_0/hdl/processing_system7_vip_v1_0_vl_rfs.sv:7772]
WARNING: [VRFC 10-3705] select index 4 into 'wr_fifo_rd_ptr' is out of bounds [/wrk/ci/prod/2024.1/sw/continuous/35389/packages/customer/vivado/data/ip/xilinx/processing_system7_vip_v1_0/hdl/processing_system7_vip_v1_0_vl_rfs.sv:7985]
WARNING: [VRFC 10-3705] select index 4 into 'ar_cnt' is out of bounds [/wrk/ci/prod/2024.1/sw/continuous/35389/packages/customer/vivado/data/ip/xilinx/processing_system7_vip_v1_0/hdl/processing_system7_vip_v1_0_vl_rfs.sv:8124]
WARNING: [VRFC 10-3705] select index 4 into 'wr_rresp_cnt' is out of bounds [/wrk/ci/prod/2024.1/sw/continuous/35389/packages/customer/vivado/data/ip/xilinx/processing_system7_vip_v1_0/hdl/processing_system7_vip_v1_0_vl_rfs.sv:8221]
WARNING: [VRFC 10-3705] select index 4 into 'rd_fifo_wr_ptr' is out of bounds [/wrk/ci/prod/2024.1/sw/continuous/35389/packages/customer/vivado/data/ip/xilinx/processing_system7_vip_v1_0/hdl/processing_system7_vip_v1_0_vl_rfs.sv:8240]
WARNING: [VRFC 10-3705] select index 4 into 'rd_cnt' is out of bounds [/wrk/ci/prod/2024.1/sw/continuous/35389/packages/customer/vivado/data/ip/xilinx/processing_system7_vip_v1_0/hdl/processing_system7_vip_v1_0_vl_rfs.sv:8381]
WARNING: [VRFC 10-3705] select index 4 into 'rresp_time_cnt' is out of bounds [/wrk/ci/prod/2024.1/sw/continuous/35389/packages/customer/vivado/data/ip/xilinx/processing_system7_vip_v1_0/hdl/processing_system7_vip_v1_0_vl_rfs.sv:8386]
WARNING: [VRFC 10-3705] select index 4 into 'rd_fifo_rd_ptr' is out of bounds [/wrk/ci/prod/2024.1/sw/continuous/35389/packages/customer/vivado/data/ip/xilinx/processing_system7_vip_v1_0/hdl/processing_system7_vip_v1_0_vl_rfs.sv:8391]
Completed static elaboration
Starting simulation data flow analysis
Completed simulation data flow analysis
Time Resolution for simulation is 1ps
Compiling package std.standard
Compiling package std.textio
Compiling package ieee.std_logic_1164
Compiling package ieee.std_logic_arith
Compiling package ieee.std_logic_unsigned
Compiling package ieee.numeric_std
Compiling package unisim.vcomponents
Compiling package ieee.vital_timing
Compiling package ieee.vital_primitives
Compiling package unisim.vpkg
Compiling package synopsys.attributes
Compiling package ieee.std_logic_misc
Compiling package vl.vl_types
Compiling module CPU.glbl
Compiling architecture behavioral of entity cpu.AXI_Master [axi_master_default]
Compiling architecture setup_axi_master_0_3_arch of entity cpu.Setup_AXI_Master_0_3 [setup_axi_master_0_3_default]
Compiling architecture behavioral of entity cpu.ClockDivider [clockdivider_default]
Compiling architecture behavioral of entity cpu.ALU [alu_default]
Compiling architecture behavioral of entity cpu.CPU [cpu_default]
Compiling architecture setup_cpu_0_2_arch of entity cpu.Setup_CPU_0_2 [setup_cpu_0_2_default]
Compiling module axi_protocol_converter_v2_1_31.axi_protocol_converter_v2_1_31_a...
Compiling module cpu.Setup_auto_pc_0
Compiling module axi_infrastructure_v1_1_0.axi_infrastructure_v1_1_0_axi2ve...
Compiling module axi_infrastructure_v1_1_0.axi_infrastructure_v1_1_0_vector...
Compiling module axi_register_slice_v2_1_31.axi_register_slice_v2_1_31_axic_...
Compiling module axi_register_slice_v2_1_31.axi_register_slice_v2_1_31_axic_...
Compiling module axi_register_slice_v2_1_31.axi_register_slice_v2_1_31_axic_...
Compiling module axi_register_slice_v2_1_31.axi_register_slice_v2_1_31_axic_...
Compiling module axi_register_slice_v2_1_31.axi_register_slice_v2_1_31_axi_r...
Compiling module generic_baseblocks_v2_1_2.generic_baseblocks_v2_1_2_comman...
Compiling module axi_dwidth_converter_v2_1_31.axi_dwidth_converter_v2_1_31_a_u...
Compiling module axi_dwidth_converter_v2_1_31.axi_dwidth_converter_v2_1_31_w_u...
Compiling module axi_dwidth_converter_v2_1_31.axi_dwidth_converter_v2_1_31_a_u...
Compiling module axi_dwidth_converter_v2_1_31.axi_dwidth_converter_v2_1_31_r_u...
Compiling module axi_infrastructure_v1_1_0.axi_infrastructure_v1_1_0_axi2ve...
Compiling module axi_infrastructure_v1_1_0.axi_infrastructure_v1_1_0_vector...
Compiling module axi_register_slice_v2_1_31.axi_register_slice_v2_1_31_axic_...
Compiling module axi_register_slice_v2_1_31.axi_register_slice_v2_1_31_axic_...
Compiling module axi_register_slice_v2_1_31.axi_register_slice_v2_1_31_axic_...
Compiling module axi_register_slice_v2_1_31.axi_register_slice_v2_1_31_axi_r...
Compiling module axi_dwidth_converter_v2_1_31.axi_dwidth_converter_v2_1_31_axi...
Compiling module axi_dwidth_converter_v2_1_31.axi_dwidth_converter_v2_1_31_top...
Compiling module cpu.Setup_auto_us_0
Compiling architecture structure of entity cpu.s00_couplers_imp_TK11N1 [s00_couplers_imp_tk11n1_default]
Compiling architecture structure of entity cpu.Setup_axi_interconnect_0_1 [setup_axi_interconnect_0_1_defau...]
Compiling module blk_mem_gen_v8_4_8.blk_mem_gen_v8_4_8_output_stage(...
Compiling module blk_mem_gen_v8_4_8.blk_mem_gen_v8_4_8_output_stage(...
Compiling module blk_mem_gen_v8_4_8.blk_mem_gen_v8_4_8_softecc_outpu...
Compiling module blk_mem_gen_v8_4_8.blk_mem_gen_v8_4_8_mem_module(C_...
Compiling module blk_mem_gen_v8_4_8.blk_mem_gen_v8_4_8(C_FAMILY="zyn...
Compiling module cpu.Setup_blk_mem_gen_0_0
Compiling module processing_system7_vip_v1_0_19.processing_system7_vip_v1_0_19_g...
Compiling module processing_system7_vip_v1_0_19.processing_system7_vip_v1_0_19_g...
Compiling module processing_system7_vip_v1_0_19.processing_system7_vip_v1_0_19_a...
Compiling module processing_system7_vip_v1_0_19.processing_system7_vip_v1_0_19_a...
Compiling module processing_system7_vip_v1_0_19.processing_system7_vip_v1_0_19_f...
Compiling module processing_system7_vip_v1_0_19.processing_system7_vip_v1_0_19_a...
Compiling module processing_system7_vip_v1_0_19.processing_system7_vip_v1_0_19_a...
Compiling module processing_system7_vip_v1_0_19.processing_system7_vip_v1_0_19_a...
Compiling module processing_system7_vip_v1_0_19.processing_system7_vip_v1_0_19_a...
Compiling module processing_system7_vip_v1_0_19.processing_system7_vip_v1_0_19_s...
Compiling module processing_system7_vip_v1_0_19.processing_system7_vip_v1_0_19_i...
Compiling module processing_system7_vip_v1_0_19.processing_system7_vip_v1_0_19_s...
Compiling module processing_system7_vip_v1_0_19.processing_system7_vip_v1_0_19_d...
Compiling module processing_system7_vip_v1_0_19.processing_system7_vip_v1_0_19_o...
Compiling module processing_system7_vip_v1_0_19.processing_system7_vip_v1_0_19_o...
Compiling module processing_system7_vip_v1_0_19.processing_system7_vip_v1_0_19_r...
Compiling module processing_system7_vip_v1_0_19.processing_system7_vip_v1_0_19_r...
Compiling module xilinx_vip.axi_vip_axi4pc(WDATA_WIDTH=32,RD...
Compiling module xilinx_vip.cb
Compiling module xilinx_vip.axi_vip_if(C_AXI_PROTOCOL=1,C_AX...
Compiling module axi_vip_v1_1_17.axi_vip_v1_1_17_top(C_AXI_PROTOC...
Compiling module processing_system7_vip_v1_0_19.processing_system7_vip_v1_0_19_a...
Compiling module processing_system7_vip_v1_0_19.processing_system7_vip_v1_0_19_a...
Compiling module xilinx_vip.axi_vip_axi4pc(WDATA_WIDTH=32,RD...
Compiling module xilinx_vip.cb
Compiling module xilinx_vip.axi_vip_if(C_AXI_PROTOCOL=1,C_AX...
Compiling module axi_vip_v1_1_17.axi_vip_v1_1_17_top(C_AXI_PROTOC...
WARNING: [VRFC 10-3705] select index 64 into 'wrp_strb' is out of bounds [/wrk/ci/prod/2024.1/sw/continuous/35389/packages/customer/vivado/data/ip/xilinx/processing_system7_vip_v1_0/hdl/processing_system7_vip_v1_0_vl_rfs.sv:6134]
Compiling module processing_system7_vip_v1_0_19.processing_system7_vip_v1_0_19_a...
Compiling module processing_system7_vip_v1_0_19.processing_system7_vip_v1_0_19_a...
Compiling module xilinx_vip.axi_vip_axi4pc(PROTOCOL=1,RID_WI...
Compiling module xilinx_vip.cb
Compiling module xilinx_vip.axi_vip_if(C_AXI_PROTOCOL=1,C_AX...
Compiling module axi_vip_v1_1_17.axi_vip_v1_1_17_top(C_AXI_PROTOC...
Compiling module processing_system7_vip_v1_0_19.processing_system7_vip_v1_0_19_i...
WARNING: [VRFC 10-3705] select index 128 into 'wrp_strb' is out of bounds [/wrk/ci/prod/2024.1/sw/continuous/35389/packages/customer/vivado/data/ip/xilinx/processing_system7_vip_v1_0/hdl/processing_system7_vip_v1_0_vl_rfs.sv:10898]
Compiling module processing_system7_vip_v1_0_19.processing_system7_vip_v1_0_19_a...
Compiling module processing_system7_vip_v1_0_19.processing_system7_vip_v1_0_19_a...
Compiling module processing_system7_vip_v1_0_19.processing_system7_vip_v1_0_19_a...
Compiling module processing_system7_vip_v1_0_19.processing_system7_vip_v1_0_19_a...
Compiling module xilinx_vip.axi_vip_axi4pc(PROTOCOL=1,RID_WI...
Compiling module xilinx_vip.cb
Compiling module xilinx_vip.axi_vip_if(C_AXI_PROTOCOL=1,C_AX...
Compiling module axi_vip_v1_1_17.axi_vip_v1_1_17_top(C_AXI_PROTOC...
WARNING: [VRFC 10-3705] select index 128 into 'wrp_strb' is out of bounds [/wrk/ci/prod/2024.1/sw/continuous/35389/packages/customer/vivado/data/ip/xilinx/processing_system7_vip_v1_0/hdl/processing_system7_vip_v1_0_vl_rfs.sv:7772]
WARNING: [VRFC 10-3705] select index 4 into 'wr_fifo_rd_ptr' is out of bounds [/wrk/ci/prod/2024.1/sw/continuous/35389/packages/customer/vivado/data/ip/xilinx/processing_system7_vip_v1_0/hdl/processing_system7_vip_v1_0_vl_rfs.sv:7985]
WARNING: [VRFC 10-3705] select index 4 into 'ar_cnt' is out of bounds [/wrk/ci/prod/2024.1/sw/continuous/35389/packages/customer/vivado/data/ip/xilinx/processing_system7_vip_v1_0/hdl/processing_system7_vip_v1_0_vl_rfs.sv:8124]
WARNING: [VRFC 10-3705] select index 4 into 'wr_rresp_cnt' is out of bounds [/wrk/ci/prod/2024.1/sw/continuous/35389/packages/customer/vivado/data/ip/xilinx/processing_system7_vip_v1_0/hdl/processing_system7_vip_v1_0_vl_rfs.sv:8221]
WARNING: [VRFC 10-3705] select index 4 into 'rd_fifo_wr_ptr' is out of bounds [/wrk/ci/prod/2024.1/sw/continuous/35389/packages/customer/vivado/data/ip/xilinx/processing_system7_vip_v1_0/hdl/processing_system7_vip_v1_0_vl_rfs.sv:8240]
WARNING: [VRFC 10-3705] select index 4 into 'rd_cnt' is out of bounds [/wrk/ci/prod/2024.1/sw/continuous/35389/packages/customer/vivado/data/ip/xilinx/processing_system7_vip_v1_0/hdl/processing_system7_vip_v1_0_vl_rfs.sv:8381]
WARNING: [VRFC 10-3705] select index 4 into 'rresp_time_cnt' is out of bounds [/wrk/ci/prod/2024.1/sw/continuous/35389/packages/customer/vivado/data/ip/xilinx/processing_system7_vip_v1_0/hdl/processing_system7_vip_v1_0_vl_rfs.sv:8386]
WARNING: [VRFC 10-3705] select index 4 into 'rd_fifo_rd_ptr' is out of bounds [/wrk/ci/prod/2024.1/sw/continuous/35389/packages/customer/vivado/data/ip/xilinx/processing_system7_vip_v1_0/hdl/processing_system7_vip_v1_0_vl_rfs.sv:8391]
Compiling module processing_system7_vip_v1_0_19.processing_system7_vip_v1_0_19_a...
Compiling module processing_system7_vip_v1_0_19.processing_system7_vip_v1_0_19(C...
Compiling module cpu.Setup_processing_system7_0_0
Compiling architecture fdre_v of entity unisim.FDRE [fdre_default]
Compiling architecture fdre_v of entity unisim.FDRE [\FDRE(init='1')\]
Compiling architecture fdr_v of entity unisim.FDR [fdr_default]
Compiling architecture implementation of entity lib_cdc_v1_0_3.cdc_sync [\cdc_sync(c_vector_width=2,c_mtb...]
Compiling architecture srl16e_v of entity unisim.SRL16E [\SRL16E(init="1111111111111111")...]
Compiling architecture srl16_v of entity unisim.SRL16 [\SRL16(init="1111111111111111")(...]
Compiling architecture imp of entity proc_sys_reset_v5_0_15.lpf [\lpf(c_ext_rst_width=4,c_aux_rst...]
Compiling architecture imp of entity proc_sys_reset_v5_0_15.upcnt_n [\upcnt_n(c_size=6)\]
Compiling architecture imp of entity proc_sys_reset_v5_0_15.sequence_psr [sequence_psr_default]
Compiling architecture imp of entity proc_sys_reset_v5_0_15.proc_sys_reset [\proc_sys_reset(c_family="zynq",...]
Compiling architecture setup_rst_ps7_0_50m_0_arch of entity cpu.Setup_rst_ps7_0_50M_0 [setup_rst_ps7_0_50m_0_default]
Compiling module sim_clk_gen_v1_0_4.sim_clk_gen(CLOCK_PERIOD=20000.0...
Compiling module cpu.Setup_sim_clk_gen_0_0
Compiling module util_vector_logic_v2_0_4.util_vector_logic_v2_0_4_util_ve...
Compiling module cpu.Setup_util_vector_logic_0_0
Compiling package xilinx_vip.axi_vip_pkg
Compiling package xilinx_vip.xil_common_vip_pkg
Compiling package std.std
Compiling architecture structure of entity cpu.Setup [setup_default]
Compiling architecture structure of entity cpu.Setup_wrapper [setup_wrapper_default]
Compiling architecture behavioral of entity cpu.cpu_tb
Built simulation snapshot CPU_TB_behav
