Copyright 1986-2022 Xilinx, Inc. All Rights Reserved. Copyright 2022-2024 Advanced Micro Devices, Inc. All Rights Reserved.
---------------------------------------------------------------------------------------------------------------------------------------------
| Tool Version : Vivado v.2024.1 (win64) Build 5076996 Wed May 22 18:37:14 MDT 2024
| Date         : Wed Jul 31 15:15:54 2024
| Host         : DESKTOP-PSI4IU2 running 64-bit major release  (build 9200)
| Command      : upgrade_project -migrate_output_products
| Project_Path : X:/C++/Uni-CPU/CPURev1/PYNQ_CONFIG.xpr
---------------------------------------------------------------------------------------------------------------------------------------------

Project Status Summary

1. Project IP Status
--------------------
This project contains 0 IP and 1 Block Designs.


1.1 Project IP Instances
+-----------------------------+-------------------------+-------------------------------------+-------------------------------------+
| Instance Name               | Status                  | Reason                              | Recommendation                      |
+-----------------------------+-------------------------+-------------------------------------+-------------------------------------+
| ZYNQ_gmii_to_rgmii_0_0      | Will be Migrated.       |                                     |                                     |
+-----------------------------+-------------------------+-------------------------------------+-------------------------------------+
| ZYNQ_processing_system7_0_0 | Will be Migrated.       |                                     |                                     |
+-----------------------------+-------------------------+-------------------------------------+-------------------------------------+
| ZYNQ_util_vector_logic_0_0  | Will be Migrated.       |                                     |                                     |
+-----------------------------+-------------------------+-------------------------------------+-------------------------------------+


1.2 Project Block Designs
+------+-------------------------+-------------------------------------+-------------------------------------+
| Desi | Status                  | Reason                              | Recommendation                      |
| Name |                         |                                     |                                     |
+------+-------------------------+-------------------------------------+-------------------------------------+
| ZYNQ | Will be Migrated.       |                                     |                                     |
+------+-------------------------+-------------------------------------+-------------------------------------+



