#-----------------------------------------------------------
# Vivado v2024.1 (64-bit)
# SW Build 5076996 on Wed May 22 18:37:14 MDT 2024
# IP Build 5075265 on Wed May 22 21:45:21 MDT 2024
# SharedData Build 5076995 on Wed May 22 18:29:18 MDT 2024
# Start of session at: Wed Jul 31 15:15:18 2024
# Process ID: 12704
# Current directory: X:/C++/Uni-CPU/CPURev1
# Command line: vivado.exe -gui_launcher_event rodinguilauncherevent6068 X:\C++\Uni-CPU\CPURev1\PYNQ_CONFIG.xpr
# Log file: X:/C++/Uni-CPU/CPURev1/vivado.log
# Journal file: X:/C++/Uni-CPU/CPURev1\vivado.jou
# Running On        :DESKTOP-PSI4IU2
# Platform          :Windows Server 2016 or Windows 10
# Operating System  :22631
# Processor Detail  :13th Gen Intel(R) Core(TM) i7-13700K
# CPU Frequency     :3418 MHz
# CPU Physical cores:16
# CPU Logical cores :16
# Host memory       :34335 MB
# Swap memory       :5368 MB
# Total Virtual     :39704 MB
# Available Virtual :32840 MB
#-----------------------------------------------------------
start_gui
open_project X:/C++/Uni-CPU/CPURev1/PYNQ_CONFIG.xpr
WARNING: [Board 49-26] cannot add Board Part xilinx.com:kc705:part0:1.6 available at C:/Xilinx/Vivado/2024.1/data/xhub/boards/XilinxBoardStore/boards/Xilinx/kc705/1.6/board.xml as part xc7k325tffg900-2 specified in board_part file is either invalid or not available
WARNING: [Board 49-26] cannot add Board Part xilinx.com:kcu105:part0:1.6 available at C:/Xilinx/Vivado/2024.1/data/xhub/boards/XilinxBoardStore/boards/Xilinx/kcu105/1.6/board.xml as part xcku040-ffva1156-2-e specified in board_part file is either invalid or not available
WARNING: [Board 49-26] cannot add Board Part xilinx.com:kcu105:part0:1.7 available at C:/Xilinx/Vivado/2024.1/data/xhub/boards/XilinxBoardStore/boards/Xilinx/kcu105/1.7/board.xml as part xcku040-ffva1156-2-e specified in board_part file is either invalid or not available
WARNING: [Board 49-26] cannot add Board Part xilinx.com:kcu1500:part0:1.2 available at C:/Xilinx/Vivado/2024.1/data/xhub/boards/XilinxBoardStore/boards/Xilinx/kcu1500/1.2/board.xml as part xcku115-flvb2104-2-e specified in board_part file is either invalid or not available
WARNING: [Board 49-26] cannot add Board Part xilinx.com:vc707:part0:1.4 available at C:/Xilinx/Vivado/2024.1/data/xhub/boards/XilinxBoardStore/boards/Xilinx/vc707/1.4/board.xml as part xc7vx485tffg1761-2 specified in board_part file is either invalid or not available
WARNING: [Board 49-26] cannot add Board Part xilinx.com:vc709:part0:1.8 available at C:/Xilinx/Vivado/2024.1/data/xhub/boards/XilinxBoardStore/boards/Xilinx/vc709/1.8/board.xml as part xc7vx690tffg1761-2 specified in board_part file is either invalid or not available
WARNING: [Board 49-26] cannot add Board Part xilinx.com:vck190:part0:2.2 available at C:/Xilinx/Vivado/2024.1/data/xhub/boards/XilinxBoardStore/boards/Xilinx/vck190/production/2.2/board.xml as part xcvc1902-vsva2197-2mp-e-s specified in board_part file is either invalid or not available
WARNING: [Board 49-26] cannot add Board Part xilinx.com:vck190:part0:3.0 available at C:/Xilinx/Vivado/2024.1/data/xhub/boards/XilinxBoardStore/boards/Xilinx/vck190/production/3.0/board.xml as part xcvc1902-vsva2197-2mp-e-s specified in board_part file is either invalid or not available
WARNING: [Board 49-26] cannot add Board Part xilinx.com:vck190:part0:3.1 available at C:/Xilinx/Vivado/2024.1/data/xhub/boards/XilinxBoardStore/boards/Xilinx/vck190/production/3.1/board.xml as part xcvc1902-vsva2197-2mp-e-s specified in board_part file is either invalid or not available
WARNING: [Board 49-26] cannot add Board Part xilinx.com:vck190:part0:3.2 available at C:/Xilinx/Vivado/2024.1/data/xhub/boards/XilinxBoardStore/boards/Xilinx/vck190/production/3.2/board.xml as part xcvc1902-vsva2197-2mp-e-s specified in board_part file is either invalid or not available
WARNING: [Board 49-26] cannot add Board Part xilinx.com:vck190:part0:3.3 available at C:/Xilinx/Vivado/2024.1/data/xhub/boards/XilinxBoardStore/boards/Xilinx/vck190/production/3.3/board.xml as part xcvc1902-vsva2197-2mp-e-s specified in board_part file is either invalid or not available
WARNING: [Board 49-26] cannot add Board Part xilinx.com:vck190_newl:part0:1.0 available at C:/Xilinx/Vivado/2024.1/data/xhub/boards/XilinxBoardStore/boards/Xilinx/vck190_newl/production/1.0/board.xml as part xcvc1902-vsva2197-2mp-e-s specified in board_part file is either invalid or not available
WARNING: [Board 49-26] cannot add Board Part xilinx.com:vck190_newl:part0:1.1 available at C:/Xilinx/Vivado/2024.1/data/xhub/boards/XilinxBoardStore/boards/Xilinx/vck190_newl/production/1.1/board.xml as part xcvc1902-vsva2197-2mp-e-s specified in board_part file is either invalid or not available
WARNING: [Board 49-26] cannot add Board Part xilinx.com:vck190_newl:part0:1.2 available at C:/Xilinx/Vivado/2024.1/data/xhub/boards/XilinxBoardStore/boards/Xilinx/vck190_newl/production/1.2/board.xml as part xcvc1902-vsva2197-2mp-e-s specified in board_part file is either invalid or not available
WARNING: [Board 49-26] cannot add Board Part xilinx.com:vcu108:part0:1.6 available at C:/Xilinx/Vivado/2024.1/data/xhub/boards/XilinxBoardStore/boards/Xilinx/vcu108/1.6/board.xml as part xcvu095-ffva2104-2-e specified in board_part file is either invalid or not available
WARNING: [Board 49-26] cannot add Board Part xilinx.com:vcu108:part0:1.7 available at C:/Xilinx/Vivado/2024.1/data/xhub/boards/XilinxBoardStore/boards/Xilinx/vcu108/1.7/board.xml as part xcvu095-ffva2104-2-e specified in board_part file is either invalid or not available
WARNING: [Board 49-26] cannot add Board Part xilinx.com:vcu110:part0:1.4 available at C:/Xilinx/Vivado/2024.1/data/xhub/boards/XilinxBoardStore/boards/Xilinx/vcu110/1.4/board.xml as part xcvu190-flgc2104-2-e specified in board_part file is either invalid or not available
WARNING: [Board 49-26] cannot add Board Part xilinx.com:vcu118:part0:2.0 available at C:/Xilinx/Vivado/2024.1/data/xhub/boards/XilinxBoardStore/boards/Xilinx/vcu118/2.0/board.xml as part xcvu9p-flga2104-2l-e specified in board_part file is either invalid or not available
WARNING: [Board 49-26] cannot add Board Part xilinx.com:vcu118:part0:2.3 available at C:/Xilinx/Vivado/2024.1/data/xhub/boards/XilinxBoardStore/boards/Xilinx/vcu118/2.3/board.xml as part xcvu9p-flga2104-2l-e specified in board_part file is either invalid or not available
WARNING: [Board 49-26] cannot add Board Part xilinx.com:vcu118:part0:2.4 available at C:/Xilinx/Vivado/2024.1/data/xhub/boards/XilinxBoardStore/boards/Xilinx/vcu118/2.4/board.xml as part xcvu9p-flga2104-2l-e specified in board_part file is either invalid or not available
WARNING: [Board 49-26] cannot add Board Part xilinx.com:vcu129:part0:1.0 available at C:/Xilinx/Vivado/2024.1/data/xhub/boards/XilinxBoardStore/boards/Xilinx/vcu129/production/1.0/board.xml as part xcvu29p-fsga2577-2l-e specified in board_part file is either invalid or not available
WARNING: [Board 49-26] cannot add Board Part xilinx.com:vcu1525:part0:1.3 available at C:/Xilinx/Vivado/2024.1/data/xhub/boards/XilinxBoardStore/boards/Xilinx/vcu1525/1.3/board.xml as part xcvu9p-fsgd2104-2l-e specified in board_part file is either invalid or not available
WARNING: [Board 49-26] cannot add Board Part xilinx.com:vek280:part0:1.0 available at C:/Xilinx/Vivado/2024.1/data/xhub/boards/XilinxBoardStore/boards/Xilinx/vek280/production/1.0/board.xml as part xcve2802-vsvh1760-2mp-e-s specified in board_part file is either invalid or not available
WARNING: [Board 49-26] cannot add Board Part xilinx.com:vek280:part0:1.1 available at C:/Xilinx/Vivado/2024.1/data/xhub/boards/XilinxBoardStore/boards/Xilinx/vek280/production/1.1/board.xml as part xcve2802-vsvh1760-2mp-e-s specified in board_part file is either invalid or not available
WARNING: [Board 49-26] cannot add Board Part xilinx.com:vek280:part0:1.2 available at C:/Xilinx/Vivado/2024.1/data/xhub/boards/XilinxBoardStore/boards/Xilinx/vek280/production/1.2/board.xml as part xcve2802-vsvh1760-2mp-e-s specified in board_part file is either invalid or not available
WARNING: [Board 49-26] cannot add Board Part xilinx.com:vek280_es:part0:1.0 available at C:/Xilinx/Vivado/2024.1/data/xhub/boards/XilinxBoardStore/boards/Xilinx/vek280/es/rev_a/1.0/board.xml as part xcve2802-vsvh1760-2lp-e-s-es1 specified in board_part file is either invalid or not available
WARNING: [Board 49-26] cannot add Board Part xilinx.com:vek280_es:part0:1.1 available at C:/Xilinx/Vivado/2024.1/data/xhub/boards/XilinxBoardStore/boards/Xilinx/vek280/es/rev_a/1.1/board.xml as part xcve2802-vsvh1760-2lp-e-s-es1 specified in board_part file is either invalid or not available
WARNING: [Board 49-26] cannot add Board Part xilinx.com:vek280_es_revb:part0:1.0 available at C:/Xilinx/Vivado/2024.1/data/xhub/boards/XilinxBoardStore/boards/Xilinx/vek280/es/rev_b/1.0/board.xml as part xcve2802-vsvh1760-2mp-e-s-es1 specified in board_part file is either invalid or not available
WARNING: [Board 49-26] cannot add Board Part xilinx.com:vek280_es_revb:part0:1.1 available at C:/Xilinx/Vivado/2024.1/data/xhub/boards/XilinxBoardStore/boards/Xilinx/vek280/es/rev_b/1.1/board.xml as part xcve2802-vsvh1760-2mp-e-s-es1 specified in board_part file is either invalid or not available
WARNING: [Board 49-26] cannot add Board Part xilinx.com:vermeo_t1_mpsoc:part0:1.0 available at C:/Xilinx/Vivado/2024.1/data/xhub/boards/XilinxBoardStore/boards/Xilinx/vermeo_t1_mpsoc/1.0/board.xml as part xczu19eg-ffvd1760-2l-e specified in board_part file is either invalid or not available
WARNING: [Board 49-26] cannot add Board Part xilinx.com:vermeo_t1_rfsoc:part0:1.0 available at C:/Xilinx/Vivado/2024.1/data/xhub/boards/XilinxBoardStore/boards/Xilinx/vermeo_t1_rfsoc/1.0/board.xml as part xczu21dr-ffvd1156-2l-e specified in board_part file is either invalid or not available
WARNING: [Board 49-26] cannot add Board Part xilinx.com:vhk158:part0:1.0 available at C:/Xilinx/Vivado/2024.1/data/xhub/boards/XilinxBoardStore/boards/Xilinx/vhk158/production/1.0/board.xml as part xcvh1582-vsva3697-2mp-e-s specified in board_part file is either invalid or not available
WARNING: [Board 49-26] cannot add Board Part xilinx.com:vhk158:part0:1.1 available at C:/Xilinx/Vivado/2024.1/data/xhub/boards/XilinxBoardStore/boards/Xilinx/vhk158/production/1.1/board.xml as part xcvh1582-vsva3697-2mp-e-s specified in board_part file is either invalid or not available
WARNING: [Board 49-26] cannot add Board Part xilinx.com:vhk158_es:part0:1.0 available at C:/Xilinx/Vivado/2024.1/data/xhub/boards/XilinxBoardStore/boards/Xilinx/vhk158/es/1.0/board.xml as part xcvh1582-vsva3697-2mp-e-s-es1 specified in board_part file is either invalid or not available
WARNING: [Board 49-26] cannot add Board Part xilinx.com:vhk158_es:part0:1.1 available at C:/Xilinx/Vivado/2024.1/data/xhub/boards/XilinxBoardStore/boards/Xilinx/vhk158/es/1.1/board.xml as part xcvh1582-vsva3697-2mp-e-s-es1 specified in board_part file is either invalid or not available
WARNING: [Board 49-26] cannot add Board Part xilinx.com:vmk180:part0:2.2 available at C:/Xilinx/Vivado/2024.1/data/xhub/boards/XilinxBoardStore/boards/Xilinx/vmk180/production/2.2/board.xml as part xcvm1802-vsva2197-2mp-e-s specified in board_part file is either invalid or not available
WARNING: [Board 49-26] cannot add Board Part xilinx.com:vmk180:part0:3.0 available at C:/Xilinx/Vivado/2024.1/data/xhub/boards/XilinxBoardStore/boards/Xilinx/vmk180/production/3.0/board.xml as part xcvm1802-vsva2197-2mp-e-s specified in board_part file is either invalid or not available
WARNING: [Board 49-26] cannot add Board Part xilinx.com:vmk180:part0:3.1 available at C:/Xilinx/Vivado/2024.1/data/xhub/boards/XilinxBoardStore/boards/Xilinx/vmk180/production/3.1/board.xml as part xcvm1802-vsva2197-2mp-e-s specified in board_part file is either invalid or not available
WARNING: [Board 49-26] cannot add Board Part xilinx.com:vmk180:part0:3.2 available at C:/Xilinx/Vivado/2024.1/data/xhub/boards/XilinxBoardStore/boards/Xilinx/vmk180/production/3.2/board.xml as part xcvm1802-vsva2197-2mp-e-s specified in board_part file is either invalid or not available
WARNING: [Board 49-26] cannot add Board Part xilinx.com:vmk180_newl:part0:1.0 available at C:/Xilinx/Vivado/2024.1/data/xhub/boards/XilinxBoardStore/boards/Xilinx/vmk180_newl/production/1.0/board.xml as part xcvm1802-vsva2197-2mp-e-s specified in board_part file is either invalid or not available
WARNING: [Board 49-26] cannot add Board Part xilinx.com:vmk180_newl:part0:1.1 available at C:/Xilinx/Vivado/2024.1/data/xhub/boards/XilinxBoardStore/boards/Xilinx/vmk180_newl/production/1.1/board.xml as part xcvm1802-vsva2197-2mp-e-s specified in board_part file is either invalid or not available
WARNING: [Board 49-26] cannot add Board Part xilinx.com:vpk120:part0:1.0 available at C:/Xilinx/Vivado/2024.1/data/xhub/boards/XilinxBoardStore/boards/Xilinx/vpk120/production/1.0/board.xml as part xcvp1202-vsva2785-2mp-e-s specified in board_part file is either invalid or not available
WARNING: [Board 49-26] cannot add Board Part xilinx.com:vpk120:part0:1.1 available at C:/Xilinx/Vivado/2024.1/data/xhub/boards/XilinxBoardStore/boards/Xilinx/vpk120/production/1.1/board.xml as part xcvp1202-vsva2785-2mp-e-s specified in board_part file is either invalid or not available
WARNING: [Board 49-26] cannot add Board Part xilinx.com:vpk120:part0:1.2 available at C:/Xilinx/Vivado/2024.1/data/xhub/boards/XilinxBoardStore/boards/Xilinx/vpk120/production/1.2/board.xml as part xcvp1202-vsva2785-2mp-e-s specified in board_part file is either invalid or not available
WARNING: [Board 49-26] cannot add Board Part xilinx.com:vpk180:part0:1.0 available at C:/Xilinx/Vivado/2024.1/data/xhub/boards/XilinxBoardStore/boards/Xilinx/vpk180/production/1.0/board.xml as part xcvp1802-lsvc4072-2mp-e-s specified in board_part file is either invalid or not available
WARNING: [Board 49-26] cannot add Board Part xilinx.com:vpk180:part0:1.1 available at C:/Xilinx/Vivado/2024.1/data/xhub/boards/XilinxBoardStore/boards/Xilinx/vpk180/production/1.1/board.xml as part xcvp1802-lsvc4072-2mp-e-s specified in board_part file is either invalid or not available
WARNING: [Board 49-26] cannot add Board Part xilinx.com:vpk180:part0:1.2 available at C:/Xilinx/Vivado/2024.1/data/xhub/boards/XilinxBoardStore/boards/Xilinx/vpk180/production/1.2/board.xml as part xcvp1802-lsvc4072-2mp-e-s specified in board_part file is either invalid or not available
WARNING: [Board 49-26] cannot add Board Part xilinx.com:zc706:part0:1.4 available at C:/Xilinx/Vivado/2024.1/data/xhub/boards/XilinxBoardStore/boards/Xilinx/zc706/1.4/board.xml as part xc7z045ffg900-2 specified in board_part file is either invalid or not available
WARNING: [Board 49-26] cannot add Board Part xilinx.com:zcu102:part0:3.3 available at C:/Xilinx/Vivado/2024.1/data/xhub/boards/XilinxBoardStore/boards/Xilinx/zcu102/3.3/board.xml as part xczu9eg-ffvb1156-2-e specified in board_part file is either invalid or not available
WARNING: [Board 49-26] cannot add Board Part xilinx.com:zcu102:part0:3.4 available at C:/Xilinx/Vivado/2024.1/data/xhub/boards/XilinxBoardStore/boards/Xilinx/zcu102/3.4/board.xml as part xczu9eg-ffvb1156-2-e specified in board_part file is either invalid or not available
WARNING: [Board 49-26] cannot add Board Part xilinx.com:zcu111:part0:1.2 available at C:/Xilinx/Vivado/2024.1/data/xhub/boards/XilinxBoardStore/boards/Xilinx/zcu111/1.2/board.xml as part xczu28dr-ffvg1517-2-e specified in board_part file is either invalid or not available
WARNING: [Board 49-26] cannot add Board Part xilinx.com:zcu111:part0:1.3 available at C:/Xilinx/Vivado/2024.1/data/xhub/boards/XilinxBoardStore/boards/Xilinx/zcu111/1.3/board.xml as part xczu28dr-ffvg1517-2-e specified in board_part file is either invalid or not available
WARNING: [Board 49-26] cannot add Board Part xilinx.com:zcu111:part0:1.4 available at C:/Xilinx/Vivado/2024.1/data/xhub/boards/XilinxBoardStore/boards/Xilinx/zcu111/1.4/board.xml as part xczu28dr-ffvg1517-2-e specified in board_part file is either invalid or not available
WARNING: [Board 49-26] cannot add Board Part xilinx.com:zcu1275:part0:1.0 available at C:/Xilinx/Vivado/2024.1/data/xhub/boards/XilinxBoardStore/boards/Xilinx/zcu1275/1.0/board.xml as part xczu29dr-ffvf1760-2-e specified in board_part file is either invalid or not available
WARNING: [Board 49-26] cannot add Board Part xilinx.com:zcu1285:part0:1.0 available at C:/Xilinx/Vivado/2024.1/data/xhub/boards/XilinxBoardStore/boards/Xilinx/zcu1285/1.0/board.xml as part xczu39dr-ffvf1760-2-i specified in board_part file is either invalid or not available
WARNING: [Board 49-26] cannot add Board Part xilinx.com:zcu208:part0:2.0 available at C:/Xilinx/Vivado/2024.1/data/xhub/boards/XilinxBoardStore/boards/Xilinx/zcu208/production/2.0/board.xml as part xczu48dr-fsvg1517-2-e specified in board_part file is either invalid or not available
WARNING: [Board 49-26] cannot add Board Part xilinx.com:zcu208ld:part0:2.0 available at C:/Xilinx/Vivado/2024.1/data/xhub/boards/XilinxBoardStore/boards/Xilinx/zcu208ld/production/2.0/board.xml as part xczu58dr-fsvg1517-2-i specified in board_part file is either invalid or not available
WARNING: [Board 49-26] cannot add Board Part xilinx.com:zcu216:part0:2.0 available at C:/Xilinx/Vivado/2024.1/data/xhub/boards/XilinxBoardStore/boards/Xilinx/zcu216/production/2.0/board.xml as part xczu49dr-ffvf1760-2-e specified in board_part file is either invalid or not available
WARNING: [Board 49-26] cannot add Board Part xilinx.com:zcu216ld:part0:2.0 available at C:/Xilinx/Vivado/2024.1/data/xhub/boards/XilinxBoardStore/boards/Xilinx/zcu216ld/production/2.0/board.xml as part xczu59dr-ffvf1760-2-i specified in board_part file is either invalid or not available
WARNING: [Board 49-26] cannot add Board Part xilinx.com:zcu670:part0:2.0 available at C:/Xilinx/Vivado/2024.1/data/xhub/boards/XilinxBoardStore/boards/Xilinx/zcu670/2.0/board.xml as part xczu67dr-fsve1156-2-i specified in board_part file is either invalid or not available
WARNING: [Board 49-26] cannot add Board Part xilinx.com:zcu670ld:part0:1.0 available at C:/Xilinx/Vivado/2024.1/data/xhub/boards/XilinxBoardStore/boards/Xilinx/zcu670ld/1.0/board.xml as part xczu57dr-fsve1156-2-i specified in board_part file is either invalid or not available
INFO: [Project 1-313] Project file moved from 'E:/PYNQ/Smart_ZYNQ_SP/PYNQ_CONFIG_02/PYNQ_CONFIG' since last save.
Scanning sources...
Finished scanning sources
INFO: [IP_Flow 19-234] Refreshing IP repositories
INFO: [IP_Flow 19-1704] No user IP repositories specified
INFO: [IP_Flow 19-2313] Loaded Vivado IP repository 'C:/Xilinx/Vivado/2024.1/data/ip'.
WARNING: [BD 41-1661] One or more IPs have been locked in the design 'ZYNQ.bd'. Please run report_ip_status for more details and recommendations on how to fix this issue.
List of locked IPs:
ZYNQ_gmii_to_rgmii_0_0
ZYNQ_util_vector_logic_0_0

INFO: [Project 1-230] Project 'PYNQ_CONFIG.xpr' upgraded for this version of Vivado.
open_project: Time (s): cpu = 00:00:13 ; elapsed = 00:00:09 . Memory (MB): peak = 1583.758 ; gain = 368.227
upgrade_project -migrate_output_products
INFO: [BD 41-2710] Migrated 'ZYNQ_processing_system7_0_0.xci'
  Source files are located in 'x:/C++/Uni-CPU/CPURev1/PYNQ_CONFIG.srcs/sources_1/bd/ZYNQ/ip/ZYNQ_processing_system7_0_0'
  Output files are located in 'x:/C++/Uni-CPU/CPURev1/PYNQ_CONFIG.gen/sources_1/bd/ZYNQ/ip/ZYNQ_processing_system7_0_0'.
WARNING: [IP_Flow 19-2162] IP 'ZYNQ_gmii_to_rgmii_0_0' is locked:
* IP definition 'Gmii to Rgmii (4.0)' for IP 'ZYNQ_gmii_to_rgmii_0_0' (customized with software release 2018.3) has a newer minor version in the IP Catalog.
INFO: [BD 41-2710] Migrated 'ZYNQ_gmii_to_rgmii_0_0.xci'
  Source files are located in 'x:/C++/Uni-CPU/CPURev1/PYNQ_CONFIG.srcs/sources_1/bd/ZYNQ/ip/ZYNQ_gmii_to_rgmii_0_0'
  Output files are located in 'x:/C++/Uni-CPU/CPURev1/PYNQ_CONFIG.gen/sources_1/bd/ZYNQ/ip/ZYNQ_gmii_to_rgmii_0_0'.
WARNING: [IP_Flow 19-2162] IP 'ZYNQ_util_vector_logic_0_0' is locked:
* IP definition 'Utility Vector Logic (2.0)' for IP 'ZYNQ_util_vector_logic_0_0' (customized with software release 2018.3) has a different revision in the IP Catalog.
INFO: [BD 41-2710] Migrated 'ZYNQ_util_vector_logic_0_0.xci'
  Source files are located in 'x:/C++/Uni-CPU/CPURev1/PYNQ_CONFIG.srcs/sources_1/bd/ZYNQ/ip/ZYNQ_util_vector_logic_0_0'
  Output files are located in 'x:/C++/Uni-CPU/CPURev1/PYNQ_CONFIG.gen/sources_1/bd/ZYNQ/ip/ZYNQ_util_vector_logic_0_0'.
update_compile_order -fileset sources_1
report_ip_status -name ip_status 
upgrade_ip [get_ips  {ZYNQ_gmii_to_rgmii_0_0 ZYNQ_util_vector_logic_0_0}] -log ip_upgrade.log
Reading block design file <X:/C++/Uni-CPU/CPURev1/PYNQ_CONFIG.srcs/sources_1/bd/ZYNQ/ZYNQ.bd>...
Adding component instance block -- xilinx.com:ip:gmii_to_rgmii:4.0 - gmii_to_rgmii_0
Adding component instance block -- xilinx.com:ip:processing_system7:5.5 - processing_system7_0
Adding component instance block -- xilinx.com:ip:util_vector_logic:2.0 - util_vector_logic_0
Successfully read diagram <ZYNQ> from block design file <X:/C++/Uni-CPU/CPURev1/PYNQ_CONFIG.srcs/sources_1/bd/ZYNQ/ZYNQ.bd>
Upgrading 'X:/C++/Uni-CPU/CPURev1/PYNQ_CONFIG.srcs/sources_1/bd/ZYNQ/ZYNQ.bd'
INFO: [IP_Flow 19-1972] Upgraded ZYNQ_gmii_to_rgmii_0_0 from Gmii to Rgmii 4.0 to Gmii to Rgmii 4.1
INFO: [IP_Flow 19-3422] Upgraded ZYNQ_util_vector_logic_0_0 (Utility Vector Logic 2.0) from revision 1 to revision 4
Wrote  : <X:\C++\Uni-CPU\CPURev1\PYNQ_CONFIG.srcs\sources_1\bd\ZYNQ\ZYNQ.bd> 
Wrote  : <X:/C++/Uni-CPU/CPURev1/PYNQ_CONFIG.srcs/sources_1/bd/ZYNQ/ui/bd_bdecc542.ui> 
INFO: [Coretcl 2-1525] Wrote upgrade log to 'X:/C++/Uni-CPU/CPURev1/ip_upgrade.log'.
export_ip_user_files -of_objects [get_ips {ZYNQ_gmii_to_rgmii_0_0 ZYNQ_util_vector_logic_0_0}] -no_script -sync -force -quiet
generate_target all [get_files  X:/C++/Uni-CPU/CPURev1/PYNQ_CONFIG.srcs/sources_1/bd/ZYNQ/ZYNQ.bd]
WARNING: [BD 5-700] No address spaces matched 'get_bd_addr_spaces -of_objects /processing_system7_0 -filter {path == /processing_system7_0/Data}'
WARNING: [BD 5-699] No address segments matched 'get_bd_addr_segs -of_objects {}'
Wrote  : <X:\C++\Uni-CPU\CPURev1\PYNQ_CONFIG.srcs\sources_1\bd\ZYNQ\ZYNQ.bd> 
Verilog Output written to : x:/C++/Uni-CPU/CPURev1/PYNQ_CONFIG.gen/sources_1/bd/ZYNQ/synth/ZYNQ.v
Verilog Output written to : x:/C++/Uni-CPU/CPURev1/PYNQ_CONFIG.gen/sources_1/bd/ZYNQ/sim/ZYNQ.v
Verilog Output written to : x:/C++/Uni-CPU/CPURev1/PYNQ_CONFIG.gen/sources_1/bd/ZYNQ/hdl/ZYNQ_wrapper.v
INFO: [BD 41-1029] Generation completed for the IP Integrator block gmii_to_rgmii_0 .
INFO: [BD 41-1029] Generation completed for the IP Integrator block util_vector_logic_0 .
Exporting to file x:/C++/Uni-CPU/CPURev1/PYNQ_CONFIG.gen/sources_1/bd/ZYNQ/hw_handoff/ZYNQ.hwh
Generated Hardware Definition File x:/C++/Uni-CPU/CPURev1/PYNQ_CONFIG.gen/sources_1/bd/ZYNQ/synth/ZYNQ.hwdef
catch { config_ip_cache -export [get_ips -all ZYNQ_gmii_to_rgmii_0_0] }
INFO: [IP_Flow 19-6924] IPCACHE: Running cache check for IP inst: ZYNQ_gmii_to_rgmii_0_0
catch { config_ip_cache -export [get_ips -all ZYNQ_util_vector_logic_0_0] }
INFO: [IP_Flow 19-6924] IPCACHE: Running cache check for IP inst: ZYNQ_util_vector_logic_0_0
export_ip_user_files -of_objects [get_files X:/C++/Uni-CPU/CPURev1/PYNQ_CONFIG.srcs/sources_1/bd/ZYNQ/ZYNQ.bd] -no_script -sync -force -quiet
create_ip_run [get_files -of_objects [get_fileset sources_1] X:/C++/Uni-CPU/CPURev1/PYNQ_CONFIG.srcs/sources_1/bd/ZYNQ/ZYNQ.bd]
launch_runs ZYNQ_gmii_to_rgmii_0_0_synth_1 ZYNQ_util_vector_logic_0_0_synth_1 -jobs 16
INFO: [IP_Flow 19-6924] IPCACHE: Running cache check for IP inst: ZYNQ_gmii_to_rgmii_0_0
INFO: [IP_Flow 19-6924] IPCACHE: Running cache check for IP inst: ZYNQ_util_vector_logic_0_0
[Wed Jul 31 15:16:27 2024] Launched ZYNQ_gmii_to_rgmii_0_0_synth_1, ZYNQ_util_vector_logic_0_0_synth_1...
Run output will be captured here:
ZYNQ_gmii_to_rgmii_0_0_synth_1: X:/C++/Uni-CPU/CPURev1/PYNQ_CONFIG.runs/ZYNQ_gmii_to_rgmii_0_0_synth_1/runme.log
ZYNQ_util_vector_logic_0_0_synth_1: X:/C++/Uni-CPU/CPURev1/PYNQ_CONFIG.runs/ZYNQ_util_vector_logic_0_0_synth_1/runme.log
export_simulation -of_objects [get_files X:/C++/Uni-CPU/CPURev1/PYNQ_CONFIG.srcs/sources_1/bd/ZYNQ/ZYNQ.bd] -directory X:/C++/Uni-CPU/CPURev1/PYNQ_CONFIG.ip_user_files/sim_scripts -ip_user_files_dir X:/C++/Uni-CPU/CPURev1/PYNQ_CONFIG.ip_user_files -ipstatic_source_dir X:/C++/Uni-CPU/CPURev1/PYNQ_CONFIG.ip_user_files/ipstatic -lib_map_path [list {modelsim=X:/C++/Uni-CPU/CPURev1/PYNQ_CONFIG.cache/compile_simlib/modelsim} {questa=X:/C++/Uni-CPU/CPURev1/PYNQ_CONFIG.cache/compile_simlib/questa} {riviera=X:/C++/Uni-CPU/CPURev1/PYNQ_CONFIG.cache/compile_simlib/riviera} {activehdl=X:/C++/Uni-CPU/CPURev1/PYNQ_CONFIG.cache/compile_simlib/activehdl}] -use_ip_compiled_libs -force -quiet
file mkdir X:/C++/Uni-CPU/CPURev1/PYNQ_CONFIG.srcs/sources_1/new
close [ open X:/C++/Uni-CPU/CPURev1/PYNQ_CONFIG.srcs/sources_1/new/Types.v w ]
add_files X:/C++/Uni-CPU/CPURev1/PYNQ_CONFIG.srcs/sources_1/new/Types.v
set_property library Types [get_files  X:/C++/Uni-CPU/CPURev1/PYNQ_CONFIG.srcs/sources_1/new/Types.v]
update_compile_order -fileset sources_1
close [ open X:/C++/Uni-CPU/CPURev1/PYNQ_CONFIG.srcs/sources_1/new/Types.sv w ]
add_files X:/C++/Uni-CPU/CPURev1/PYNQ_CONFIG.srcs/sources_1/new/Types.sv
update_compile_order -fileset sources_1
export_ip_user_files -of_objects  [get_files X:/C++/Uni-CPU/CPURev1/PYNQ_CONFIG.srcs/sources_1/new/Types.v] -no_script -reset -force -quiet
remove_files  X:/C++/Uni-CPU/CPURev1/PYNQ_CONFIG.srcs/sources_1/new/Types.v
set_property location {2 675 -213} [get_bd_cells gmii_to_rgmii_0]
set_property location {841 365} [get_bd_intf_ports UART_0_0]
regenerate_bd_layout -routing
regenerate_bd_layout -routing
close [ open X:/C++/Uni-CPU/CPURev1/PYNQ_CONFIG.srcs/sources_1/new/CPU.v w ]
add_files X:/C++/Uni-CPU/CPURev1/PYNQ_CONFIG.srcs/sources_1/new/CPU.v
set_property library CPU [get_files  X:/C++/Uni-CPU/CPURev1/PYNQ_CONFIG.srcs/sources_1/new/CPU.v]
WARNING: [filemgmt 56-199] Attempt to get parsing info during refresh. "On-the-fly" syntax checking information may be incorrect. [x:\C++\Uni-CPU\CPURev1\PYNQ_CONFIG.gen\sources_1\bd\ZYNQ\hdl\ZYNQ_wrapper.v:]
WARNING: [filemgmt 56-199] Attempt to get parsing info during refresh. "On-the-fly" syntax checking information may be incorrect. [X:\C++\Uni-CPU\CPURev1\PYNQ_CONFIG.srcs\sources_1\new\Types.sv:]
WARNING: [filemgmt 56-199] Attempt to get parsing info during refresh. "On-the-fly" syntax checking information may be incorrect. [x:\C++\Uni-CPU\CPURev1\PYNQ_CONFIG.gen\sources_1\bd\ZYNQ\hdl\ZYNQ_wrapper.v:]
WARNING: [filemgmt 56-199] Attempt to get parsing info during refresh. "On-the-fly" syntax checking information may be incorrect. [x:\C++\Uni-CPU\CPURev1\PYNQ_CONFIG.gen\sources_1\bd\ZYNQ\hdl\ZYNQ_wrapper.v:]
ERROR: [Common 17-180] Spawn failed: No error
WARNING: [filemgmt 56-199] Attempt to get parsing info during refresh. "On-the-fly" syntax checking information may be incorrect. [x:\C++\Uni-CPU\CPURev1\PYNQ_CONFIG.gen\sources_1\bd\ZYNQ\hdl\ZYNQ_wrapper.v:]
WARNING: [filemgmt 56-199] Attempt to get parsing info during refresh. "On-the-fly" syntax checking information may be incorrect. [X:\C++\Uni-CPU\CPURev1\PYNQ_CONFIG.srcs\sources_1\new\Types.sv:]
WARNING: [filemgmt 56-199] Attempt to get parsing info during refresh. "On-the-fly" syntax checking information may be incorrect. [x:\C++\Uni-CPU\CPURev1\PYNQ_CONFIG.gen\sources_1\bd\ZYNQ\hdl\ZYNQ_wrapper.v:]
WARNING: [filemgmt 56-199] Attempt to get parsing info during refresh. "On-the-fly" syntax checking information may be incorrect. [x:\C++\Uni-CPU\CPURev1\PYNQ_CONFIG.gen\sources_1\bd\ZYNQ\hdl\ZYNQ_wrapper.v:]
ERROR: [Common 17-180] Spawn failed: No error
update_compile_order -fileset sources_1
WARNING: [filemgmt 56-199] Attempt to get parsing info during refresh. "On-the-fly" syntax checking information may be incorrect. [x:\C++\Uni-CPU\CPURev1\PYNQ_CONFIG.gen\sources_1\bd\ZYNQ\hdl\ZYNQ_wrapper.v:]
WARNING: [filemgmt 56-199] Attempt to get parsing info during refresh. "On-the-fly" syntax checking information may be incorrect. [X:\C++\Uni-CPU\CPURev1\PYNQ_CONFIG.srcs\sources_1\new\Types.sv:]
WARNING: [filemgmt 56-199] Attempt to get parsing info during refresh. "On-the-fly" syntax checking information may be incorrect. [x:\C++\Uni-CPU\CPURev1\PYNQ_CONFIG.gen\sources_1\bd\ZYNQ\hdl\ZYNQ_wrapper.v:]
WARNING: [filemgmt 56-199] Attempt to get parsing info during refresh. "On-the-fly" syntax checking information may be incorrect. [x:\C++\Uni-CPU\CPURev1\PYNQ_CONFIG.gen\sources_1\bd\ZYNQ\hdl\ZYNQ_wrapper.v:]
ERROR: [Common 17-180] Spawn failed: No error
WARNING: [filemgmt 56-199] Attempt to get parsing info during refresh. "On-the-fly" syntax checking information may be incorrect. [x:\C++\Uni-CPU\CPURev1\PYNQ_CONFIG.gen\sources_1\bd\ZYNQ\hdl\ZYNQ_wrapper.v:]
WARNING: [filemgmt 56-199] Attempt to get parsing info during refresh. "On-the-fly" syntax checking information may be incorrect. [X:\C++\Uni-CPU\CPURev1\PYNQ_CONFIG.srcs\sources_1\new\CPU.v:]
WARNING: [filemgmt 56-199] Attempt to get parsing info during refresh. "On-the-fly" syntax checking information may be incorrect. [X:\C++\Uni-CPU\CPURev1\PYNQ_CONFIG.srcs\sources_1\new\Types.sv:]
WARNING: [filemgmt 56-199] Attempt to get parsing info during refresh. "On-the-fly" syntax checking information may be incorrect. [x:\C++\Uni-CPU\CPURev1\PYNQ_CONFIG.gen\sources_1\bd\ZYNQ\hdl\ZYNQ_wrapper.v:]
WARNING: [filemgmt 56-199] Attempt to get parsing info during refresh. "On-the-fly" syntax checking information may be incorrect. [x:\C++\Uni-CPU\CPURev1\PYNQ_CONFIG.gen\sources_1\bd\ZYNQ\hdl\ZYNQ_wrapper.v:]
WARNING: [filemgmt 56-199] Attempt to get parsing info during refresh. "On-the-fly" syntax checking information may be incorrect. [x:\C++\Uni-CPU\CPURev1\PYNQ_CONFIG.gen\sources_1\bd\ZYNQ\hdl\ZYNQ_wrapper.v:]
WARNING: [filemgmt 56-199] Attempt to get parsing info during refresh. "On-the-fly" syntax checking information may be incorrect. [X:\C++\Uni-CPU\CPURev1\PYNQ_CONFIG.srcs\sources_1\new\CPU.v:]
WARNING: [filemgmt 56-199] Attempt to get parsing info during refresh. "On-the-fly" syntax checking information may be incorrect. [X:\C++\Uni-CPU\CPURev1\PYNQ_CONFIG.srcs\sources_1\new\Types.sv:]
WARNING: [filemgmt 56-199] Attempt to get parsing info during refresh. "On-the-fly" syntax checking information may be incorrect. [x:\C++\Uni-CPU\CPURev1\PYNQ_CONFIG.gen\sources_1\bd\ZYNQ\hdl\ZYNQ_wrapper.v:]
WARNING: [filemgmt 56-199] Attempt to get parsing info during refresh. "On-the-fly" syntax checking information may be incorrect. [x:\C++\Uni-CPU\CPURev1\PYNQ_CONFIG.gen\sources_1\bd\ZYNQ\hdl\ZYNQ_wrapper.v:]
WARNING: [filemgmt 56-199] Attempt to get parsing info during refresh. "On-the-fly" syntax checking information may be incorrect. [x:\C++\Uni-CPU\CPURev1\PYNQ_CONFIG.gen\sources_1\bd\ZYNQ\hdl\ZYNQ_wrapper.v:]
WARNING: [filemgmt 56-199] Attempt to get parsing info during refresh. "On-the-fly" syntax checking information may be incorrect. [X:\C++\Uni-CPU\CPURev1\PYNQ_CONFIG.srcs\sources_1\new\CPU.v:]
WARNING: [filemgmt 56-199] Attempt to get parsing info during refresh. "On-the-fly" syntax checking information may be incorrect. [X:\C++\Uni-CPU\CPURev1\PYNQ_CONFIG.srcs\sources_1\new\Types.sv:]
WARNING: [filemgmt 56-199] Attempt to get parsing info during refresh. "On-the-fly" syntax checking information may be incorrect. [x:\C++\Uni-CPU\CPURev1\PYNQ_CONFIG.gen\sources_1\bd\ZYNQ\hdl\ZYNQ_wrapper.v:]
WARNING: [filemgmt 56-199] Attempt to get parsing info during refresh. "On-the-fly" syntax checking information may be incorrect. [x:\C++\Uni-CPU\CPURev1\PYNQ_CONFIG.gen\sources_1\bd\ZYNQ\hdl\ZYNQ_wrapper.v:]
WARNING: [filemgmt 56-199] Attempt to get parsing info during refresh. "On-the-fly" syntax checking information may be incorrect. [x:\C++\Uni-CPU\CPURev1\PYNQ_CONFIG.gen\sources_1\bd\ZYNQ\hdl\ZYNQ_wrapper.v:]
WARNING: [filemgmt 56-199] Attempt to get parsing info during refresh. "On-the-fly" syntax checking information may be incorrect. [X:\C++\Uni-CPU\CPURev1\PYNQ_CONFIG.srcs\sources_1\new\CPU.v:]
WARNING: [filemgmt 56-199] Attempt to get parsing info during refresh. "On-the-fly" syntax checking information may be incorrect. [X:\C++\Uni-CPU\CPURev1\PYNQ_CONFIG.srcs\sources_1\new\Types.sv:]
WARNING: [filemgmt 56-199] Attempt to get parsing info during refresh. "On-the-fly" syntax checking information may be incorrect. [X:\C++\Uni-CPU\CPURev1\PYNQ_CONFIG.srcs\sources_1\new\Types.sv:]
WARNING: [filemgmt 56-199] Attempt to get parsing info during refresh. "On-the-fly" syntax checking information may be incorrect. [X:\C++\Uni-CPU\CPURev1\PYNQ_CONFIG.srcs\sources_1\new\Types.sv:]
WARNING: [filemgmt 56-199] Attempt to get parsing info during refresh. "On-the-fly" syntax checking information may be incorrect. [x:\C++\Uni-CPU\CPURev1\PYNQ_CONFIG.gen\sources_1\bd\ZYNQ\hdl\ZYNQ_wrapper.v:]
WARNING: [filemgmt 56-199] Attempt to get parsing info during refresh. "On-the-fly" syntax checking information may be incorrect. [X:\C++\Uni-CPU\CPURev1\PYNQ_CONFIG.srcs\sources_1\new\CPU.v:]
WARNING: [filemgmt 56-199] Attempt to get parsing info during refresh. "On-the-fly" syntax checking information may be incorrect. [X:\C++\Uni-CPU\CPURev1\PYNQ_CONFIG.srcs\sources_1\new\Types.sv:]
WARNING: [filemgmt 56-199] Attempt to get parsing info during refresh. "On-the-fly" syntax checking information may be incorrect. [x:\C++\Uni-CPU\CPURev1\PYNQ_CONFIG.gen\sources_1\bd\ZYNQ\hdl\ZYNQ_wrapper.v:]
WARNING: [filemgmt 56-199] Attempt to get parsing info during refresh. "On-the-fly" syntax checking information may be incorrect. [x:\C++\Uni-CPU\CPURev1\PYNQ_CONFIG.gen\sources_1\bd\ZYNQ\hdl\ZYNQ_wrapper.v:]
WARNING: [filemgmt 56-199] Attempt to get parsing info during refresh. "On-the-fly" syntax checking information may be incorrect. [x:\C++\Uni-CPU\CPURev1\PYNQ_CONFIG.gen\sources_1\bd\ZYNQ\hdl\ZYNQ_wrapper.v:]
WARNING: [filemgmt 56-199] Attempt to get parsing info during refresh. "On-the-fly" syntax checking information may be incorrect. [x:\C++\Uni-CPU\CPURev1\PYNQ_CONFIG.gen\sources_1\bd\ZYNQ\hdl\ZYNQ_wrapper.v:]
WARNING: [filemgmt 56-199] Attempt to get parsing info during refresh. "On-the-fly" syntax checking information may be incorrect. [X:\C++\Uni-CPU\CPURev1\PYNQ_CONFIG.srcs\sources_1\new\CPU.v:]
WARNING: [filemgmt 56-199] Attempt to get parsing info during refresh. "On-the-fly" syntax checking information may be incorrect. [X:\C++\Uni-CPU\CPURev1\PYNQ_CONFIG.srcs\sources_1\new\Types.sv:]
WARNING: [filemgmt 56-199] Attempt to get parsing info during refresh. "On-the-fly" syntax checking information may be incorrect. [X:\C++\Uni-CPU\CPURev1\PYNQ_CONFIG.srcs\sources_1\new\Types.sv:]
WARNING: [filemgmt 56-199] Attempt to get parsing info during refresh. "On-the-fly" syntax checking information may be incorrect. [X:\C++\Uni-CPU\CPURev1\PYNQ_CONFIG.srcs\sources_1\new\Types.sv:]
create_bd_cell -type module -reference CPU CPU_0
INFO: [IP_Flow 19-5107] Inferred bus interface 'rst_n' of definition 'xilinx.com:signal:reset:1.0' (from Xilinx Repository).
INFO: [IP_Flow 19-5107] Inferred bus interface 'clk' of definition 'xilinx.com:signal:clock:1.0' (from Xilinx Repository).
INFO: [IP_Flow 19-4728] Bus Interface 'rst_n': Added interface parameter 'POLARITY' with value 'ACTIVE_LOW'.
WARNING: [IP_Flow 19-5661] Bus Interface 'clk' does not have any bus interfaces associated with it.
WARNING: [IP_Flow 19-11770] Clock interface 'clk' has no FREQ_HZ parameter.
set_property location {2.5 1255 448} [get_bd_cells CPU_0]
set_property location {3 1232 453} [get_bd_cells CPU_0]
set_property location {2.5 830 452} [get_bd_cells CPU_0]
connect_bd_net [get_bd_pins processing_system7_0/FCLK_CLK0] [get_bd_pins CPU_0/clk]
connect_bd_net [get_bd_pins processing_system7_0/FCLK_RESET0_N] [get_bd_pins CPU_0/rst_n]
set_property location {3 905 450} [get_bd_cells CPU_0]
set_property location {3 788 543} [get_bd_cells CPU_0]
WARNING: [filemgmt 56-199] Attempt to get parsing info during refresh. "On-the-fly" syntax checking information may be incorrect. [x:\C++\Uni-CPU\CPURev1\PYNQ_CONFIG.gen\sources_1\bd\ZYNQ\hdl\ZYNQ_wrapper.v:]
WARNING: [filemgmt 56-199] Attempt to get parsing info during refresh. "On-the-fly" syntax checking information may be incorrect. [X:\C++\Uni-CPU\CPURev1\PYNQ_CONFIG.srcs\sources_1\new\CPU.v:]
WARNING: [filemgmt 56-199] Attempt to get parsing info during refresh. "On-the-fly" syntax checking information may be incorrect. [X:\C++\Uni-CPU\CPURev1\PYNQ_CONFIG.srcs\sources_1\new\Types.sv:]
WARNING: [filemgmt 56-199] Attempt to get parsing info during refresh. "On-the-fly" syntax checking information may be incorrect. [x:\C++\Uni-CPU\CPURev1\PYNQ_CONFIG.gen\sources_1\bd\ZYNQ\hdl\ZYNQ_wrapper.v:]
WARNING: [filemgmt 56-199] Attempt to get parsing info during refresh. "On-the-fly" syntax checking information may be incorrect. [x:\C++\Uni-CPU\CPURev1\PYNQ_CONFIG.gen\sources_1\bd\ZYNQ\hdl\ZYNQ_wrapper.v:]
WARNING: [filemgmt 56-199] Attempt to get parsing info during refresh. "On-the-fly" syntax checking information may be incorrect. [x:\C++\Uni-CPU\CPURev1\PYNQ_CONFIG.gen\sources_1\bd\ZYNQ\hdl\ZYNQ_wrapper.v:]
WARNING: [filemgmt 56-199] Attempt to get parsing info during refresh. "On-the-fly" syntax checking information may be incorrect. [X:\C++\Uni-CPU\CPURev1\PYNQ_CONFIG.srcs\sources_1\new\CPU.v:]
WARNING: [filemgmt 56-199] Attempt to get parsing info during refresh. "On-the-fly" syntax checking information may be incorrect. [X:\C++\Uni-CPU\CPURev1\PYNQ_CONFIG.srcs\sources_1\new\Types.sv:]
WARNING: [filemgmt 56-199] Attempt to get parsing info during refresh. "On-the-fly" syntax checking information may be incorrect. [X:\C++\Uni-CPU\CPURev1\PYNQ_CONFIG.srcs\sources_1\new\Types.sv:]
WARNING: [filemgmt 56-199] Attempt to get parsing info during refresh. "On-the-fly" syntax checking information may be incorrect. [X:\C++\Uni-CPU\CPURev1\PYNQ_CONFIG.srcs\sources_1\new\Types.sv:]
ERROR: [Common 17-180] Spawn failed: No error
WARNING: [filemgmt 56-199] Attempt to get parsing info during refresh. "On-the-fly" syntax checking information may be incorrect. [x:\C++\Uni-CPU\CPURev1\PYNQ_CONFIG.gen\sources_1\bd\ZYNQ\hdl\ZYNQ_wrapper.v:]
WARNING: [filemgmt 56-199] Attempt to get parsing info during refresh. "On-the-fly" syntax checking information may be incorrect. [X:\C++\Uni-CPU\CPURev1\PYNQ_CONFIG.srcs\sources_1\new\CPU.v:]
WARNING: [filemgmt 56-199] Attempt to get parsing info during refresh. "On-the-fly" syntax checking information may be incorrect. [X:\C++\Uni-CPU\CPURev1\PYNQ_CONFIG.srcs\sources_1\new\Types.sv:]
WARNING: [filemgmt 56-199] Attempt to get parsing info during refresh. "On-the-fly" syntax checking information may be incorrect. [x:\C++\Uni-CPU\CPURev1\PYNQ_CONFIG.gen\sources_1\bd\ZYNQ\hdl\ZYNQ_wrapper.v:]
WARNING: [filemgmt 56-199] Attempt to get parsing info during refresh. "On-the-fly" syntax checking information may be incorrect. [x:\C++\Uni-CPU\CPURev1\PYNQ_CONFIG.gen\sources_1\bd\ZYNQ\hdl\ZYNQ_wrapper.v:]
WARNING: [filemgmt 56-199] Attempt to get parsing info during refresh. "On-the-fly" syntax checking information may be incorrect. [x:\C++\Uni-CPU\CPURev1\PYNQ_CONFIG.gen\sources_1\bd\ZYNQ\hdl\ZYNQ_wrapper.v:]
WARNING: [filemgmt 56-199] Attempt to get parsing info during refresh. "On-the-fly" syntax checking information may be incorrect. [X:\C++\Uni-CPU\CPURev1\PYNQ_CONFIG.srcs\sources_1\new\CPU.v:]
WARNING: [filemgmt 56-199] Attempt to get parsing info during refresh. "On-the-fly" syntax checking information may be incorrect. [X:\C++\Uni-CPU\CPURev1\PYNQ_CONFIG.srcs\sources_1\new\Types.sv:]
WARNING: [filemgmt 56-199] Attempt to get parsing info during refresh. "On-the-fly" syntax checking information may be incorrect. [X:\C++\Uni-CPU\CPURev1\PYNQ_CONFIG.srcs\sources_1\new\Types.sv:]
WARNING: [filemgmt 56-199] Attempt to get parsing info during refresh. "On-the-fly" syntax checking information may be incorrect. [X:\C++\Uni-CPU\CPURev1\PYNQ_CONFIG.srcs\sources_1\new\Types.sv:]
WARNING: [filemgmt 56-199] Attempt to get parsing info during refresh. "On-the-fly" syntax checking information may be incorrect. [x:\C++\Uni-CPU\CPURev1\PYNQ_CONFIG.gen\sources_1\bd\ZYNQ\hdl\ZYNQ_wrapper.v:]
WARNING: [filemgmt 56-199] Attempt to get parsing info during refresh. "On-the-fly" syntax checking information may be incorrect. [X:\C++\Uni-CPU\CPURev1\PYNQ_CONFIG.srcs\sources_1\new\CPU.v:]
WARNING: [filemgmt 56-199] Attempt to get parsing info during refresh. "On-the-fly" syntax checking information may be incorrect. [X:\C++\Uni-CPU\CPURev1\PYNQ_CONFIG.srcs\sources_1\new\Types.sv:]
WARNING: [filemgmt 56-199] Attempt to get parsing info during refresh. "On-the-fly" syntax checking information may be incorrect. [x:\C++\Uni-CPU\CPURev1\PYNQ_CONFIG.gen\sources_1\bd\ZYNQ\hdl\ZYNQ_wrapper.v:]
WARNING: [filemgmt 56-199] Attempt to get parsing info during refresh. "On-the-fly" syntax checking information may be incorrect. [x:\C++\Uni-CPU\CPURev1\PYNQ_CONFIG.gen\sources_1\bd\ZYNQ\hdl\ZYNQ_wrapper.v:]
WARNING: [filemgmt 56-199] Attempt to get parsing info during refresh. "On-the-fly" syntax checking information may be incorrect. [x:\C++\Uni-CPU\CPURev1\PYNQ_CONFIG.gen\sources_1\bd\ZYNQ\hdl\ZYNQ_wrapper.v:]
WARNING: [filemgmt 56-199] Attempt to get parsing info during refresh. "On-the-fly" syntax checking information may be incorrect. [X:\C++\Uni-CPU\CPURev1\PYNQ_CONFIG.srcs\sources_1\new\CPU.v:]
WARNING: [filemgmt 56-199] Attempt to get parsing info during refresh. "On-the-fly" syntax checking information may be incorrect. [X:\C++\Uni-CPU\CPURev1\PYNQ_CONFIG.srcs\sources_1\new\Types.sv:]
WARNING: [filemgmt 56-199] Attempt to get parsing info during refresh. "On-the-fly" syntax checking information may be incorrect. [X:\C++\Uni-CPU\CPURev1\PYNQ_CONFIG.srcs\sources_1\new\Types.sv:]
WARNING: [filemgmt 56-199] Attempt to get parsing info during refresh. "On-the-fly" syntax checking information may be incorrect. [X:\C++\Uni-CPU\CPURev1\PYNQ_CONFIG.srcs\sources_1\new\Types.sv:]
WARNING: [filemgmt 56-199] Attempt to get parsing info during refresh. "On-the-fly" syntax checking information may be incorrect. [x:\C++\Uni-CPU\CPURev1\PYNQ_CONFIG.gen\sources_1\bd\ZYNQ\hdl\ZYNQ_wrapper.v:]
WARNING: [filemgmt 56-199] Attempt to get parsing info during refresh. "On-the-fly" syntax checking information may be incorrect. [X:\C++\Uni-CPU\CPURev1\PYNQ_CONFIG.srcs\sources_1\new\CPU.v:]
WARNING: [filemgmt 56-199] Attempt to get parsing info during refresh. "On-the-fly" syntax checking information may be incorrect. [X:\C++\Uni-CPU\CPURev1\PYNQ_CONFIG.srcs\sources_1\new\Types.sv:]
WARNING: [filemgmt 56-199] Attempt to get parsing info during refresh. "On-the-fly" syntax checking information may be incorrect. [x:\C++\Uni-CPU\CPURev1\PYNQ_CONFIG.gen\sources_1\bd\ZYNQ\hdl\ZYNQ_wrapper.v:]
WARNING: [filemgmt 56-199] Attempt to get parsing info during refresh. "On-the-fly" syntax checking information may be incorrect. [x:\C++\Uni-CPU\CPURev1\PYNQ_CONFIG.gen\sources_1\bd\ZYNQ\hdl\ZYNQ_wrapper.v:]
WARNING: [filemgmt 56-199] Attempt to get parsing info during refresh. "On-the-fly" syntax checking information may be incorrect. [x:\C++\Uni-CPU\CPURev1\PYNQ_CONFIG.gen\sources_1\bd\ZYNQ\hdl\ZYNQ_wrapper.v:]
WARNING: [filemgmt 56-199] Attempt to get parsing info during refresh. "On-the-fly" syntax checking information may be incorrect. [X:\C++\Uni-CPU\CPURev1\PYNQ_CONFIG.srcs\sources_1\new\CPU.v:]
WARNING: [filemgmt 56-199] Attempt to get parsing info during refresh. "On-the-fly" syntax checking information may be incorrect. [X:\C++\Uni-CPU\CPURev1\PYNQ_CONFIG.srcs\sources_1\new\Types.sv:]
WARNING: [filemgmt 56-199] Attempt to get parsing info during refresh. "On-the-fly" syntax checking information may be incorrect. [x:\C++\Uni-CPU\CPURev1\PYNQ_CONFIG.gen\sources_1\bd\ZYNQ\hdl\ZYNQ_wrapper.v:]
WARNING: [filemgmt 56-199] Attempt to get parsing info during refresh. "On-the-fly" syntax checking information may be incorrect. [x:\C++\Uni-CPU\CPURev1\PYNQ_CONFIG.gen\sources_1\bd\ZYNQ\hdl\ZYNQ_wrapper.v:]
ERROR: [Common 17-180] Spawn failed: No error
WARNING: [filemgmt 56-199] Attempt to get parsing info during refresh. "On-the-fly" syntax checking information may be incorrect. [x:\C++\Uni-CPU\CPURev1\PYNQ_CONFIG.gen\sources_1\bd\ZYNQ\hdl\ZYNQ_wrapper.v:]
WARNING: [filemgmt 56-199] Attempt to get parsing info during refresh. "On-the-fly" syntax checking information may be incorrect. [X:\C++\Uni-CPU\CPURev1\PYNQ_CONFIG.srcs\sources_1\new\CPU.v:]
WARNING: [filemgmt 56-199] Attempt to get parsing info during refresh. "On-the-fly" syntax checking information may be incorrect. [X:\C++\Uni-CPU\CPURev1\PYNQ_CONFIG.srcs\sources_1\new\Types.sv:]
WARNING: [filemgmt 56-199] Attempt to get parsing info during refresh. "On-the-fly" syntax checking information may be incorrect. [X:\C++\Uni-CPU\CPURev1\PYNQ_CONFIG.srcs\sources_1\new\Types.sv:]
WARNING: [filemgmt 56-199] Attempt to get parsing info during refresh. "On-the-fly" syntax checking information may be incorrect. [X:\C++\Uni-CPU\CPURev1\PYNQ_CONFIG.srcs\sources_1\new\Types.sv:]
ERROR: [Common 17-180] Spawn failed: No error
WARNING: [filemgmt 56-199] Attempt to get parsing info during refresh. "On-the-fly" syntax checking information may be incorrect. [x:\C++\Uni-CPU\CPURev1\PYNQ_CONFIG.gen\sources_1\bd\ZYNQ\hdl\ZYNQ_wrapper.v:]
WARNING: [filemgmt 56-199] Attempt to get parsing info during refresh. "On-the-fly" syntax checking information may be incorrect. [X:\C++\Uni-CPU\CPURev1\PYNQ_CONFIG.srcs\sources_1\new\CPU.v:]
WARNING: [filemgmt 56-199] Attempt to get parsing info during refresh. "On-the-fly" syntax checking information may be incorrect. [X:\C++\Uni-CPU\CPURev1\PYNQ_CONFIG.srcs\sources_1\new\Types.sv:]
WARNING: [filemgmt 56-199] Attempt to get parsing info during refresh. "On-the-fly" syntax checking information may be incorrect. [X:\C++\Uni-CPU\CPURev1\PYNQ_CONFIG.srcs\sources_1\new\CPU.v:]
WARNING: [filemgmt 56-199] Attempt to get parsing info during refresh. "On-the-fly" syntax checking information may be incorrect. [X:\C++\Uni-CPU\CPURev1\PYNQ_CONFIG.srcs\sources_1\new\CPU.v:]
WARNING: [filemgmt 56-199] Attempt to get parsing info during refresh. "On-the-fly" syntax checking information may be incorrect. [x:\C++\Uni-CPU\CPURev1\PYNQ_CONFIG.gen\sources_1\bd\ZYNQ\hdl\ZYNQ_wrapper.v:]
set_property location {3 847 584} [get_bd_cells CPU_0]
set_property location {3 838 582} [get_bd_cells CPU_0]
WARNING: [filemgmt 56-199] Attempt to get parsing info during refresh. "On-the-fly" syntax checking information may be incorrect. [x:\C++\Uni-CPU\CPURev1\PYNQ_CONFIG.gen\sources_1\bd\ZYNQ\hdl\ZYNQ_wrapper.v:]
WARNING: [filemgmt 56-199] Attempt to get parsing info during refresh. "On-the-fly" syntax checking information may be incorrect. [X:\C++\Uni-CPU\CPURev1\PYNQ_CONFIG.srcs\sources_1\new\CPU.v:]
WARNING: [filemgmt 56-199] Attempt to get parsing info during refresh. "On-the-fly" syntax checking information may be incorrect. [X:\C++\Uni-CPU\CPURev1\PYNQ_CONFIG.srcs\sources_1\new\Types.sv:]
WARNING: [filemgmt 56-199] Attempt to get parsing info during refresh. "On-the-fly" syntax checking information may be incorrect. [x:\C++\Uni-CPU\CPURev1\PYNQ_CONFIG.gen\sources_1\bd\ZYNQ\hdl\ZYNQ_wrapper.v:]
WARNING: [filemgmt 56-199] Attempt to get parsing info during refresh. "On-the-fly" syntax checking information may be incorrect. [x:\C++\Uni-CPU\CPURev1\PYNQ_CONFIG.gen\sources_1\bd\ZYNQ\hdl\ZYNQ_wrapper.v:]
ERROR: [Common 17-180] Spawn failed: No error
WARNING: [filemgmt 56-199] Attempt to get parsing info during refresh. "On-the-fly" syntax checking information may be incorrect. [x:\C++\Uni-CPU\CPURev1\PYNQ_CONFIG.gen\sources_1\bd\ZYNQ\hdl\ZYNQ_wrapper.v:]
WARNING: [filemgmt 56-199] Attempt to get parsing info during refresh. "On-the-fly" syntax checking information may be incorrect. [X:\C++\Uni-CPU\CPURev1\PYNQ_CONFIG.srcs\sources_1\new\CPU.v:]
WARNING: [filemgmt 56-199] Attempt to get parsing info during refresh. "On-the-fly" syntax checking information may be incorrect. [X:\C++\Uni-CPU\CPURev1\PYNQ_CONFIG.srcs\sources_1\new\Types.sv:]
WARNING: [filemgmt 56-199] Attempt to get parsing info during refresh. "On-the-fly" syntax checking information may be incorrect. [X:\C++\Uni-CPU\CPURev1\PYNQ_CONFIG.srcs\sources_1\new\Types.sv:]
WARNING: [filemgmt 56-199] Attempt to get parsing info during refresh. "On-the-fly" syntax checking information may be incorrect. [X:\C++\Uni-CPU\CPURev1\PYNQ_CONFIG.srcs\sources_1\new\Types.sv:]
ERROR: [Common 17-180] Spawn failed: No error
WARNING: [filemgmt 56-199] Attempt to get parsing info during refresh. "On-the-fly" syntax checking information may be incorrect. [x:\C++\Uni-CPU\CPURev1\PYNQ_CONFIG.gen\sources_1\bd\ZYNQ\hdl\ZYNQ_wrapper.v:]
WARNING: [filemgmt 56-199] Attempt to get parsing info during refresh. "On-the-fly" syntax checking information may be incorrect. [X:\C++\Uni-CPU\CPURev1\PYNQ_CONFIG.srcs\sources_1\new\CPU.v:]
WARNING: [filemgmt 56-199] Attempt to get parsing info during refresh. "On-the-fly" syntax checking information may be incorrect. [X:\C++\Uni-CPU\CPURev1\PYNQ_CONFIG.srcs\sources_1\new\Types.sv:]
WARNING: [filemgmt 56-199] Attempt to get parsing info during refresh. "On-the-fly" syntax checking information may be incorrect. [x:\C++\Uni-CPU\CPURev1\PYNQ_CONFIG.gen\sources_1\bd\ZYNQ\hdl\ZYNQ_wrapper.v:]
WARNING: [filemgmt 56-199] Attempt to get parsing info during refresh. "On-the-fly" syntax checking information may be incorrect. [x:\C++\Uni-CPU\CPURev1\PYNQ_CONFIG.gen\sources_1\bd\ZYNQ\hdl\ZYNQ_wrapper.v:]
WARNING: [filemgmt 56-199] Attempt to get parsing info during refresh. "On-the-fly" syntax checking information may be incorrect. [x:\C++\Uni-CPU\CPURev1\PYNQ_CONFIG.gen\sources_1\bd\ZYNQ\hdl\ZYNQ_wrapper.v:]
WARNING: [filemgmt 56-199] Attempt to get parsing info during refresh. "On-the-fly" syntax checking information may be incorrect. [X:\C++\Uni-CPU\CPURev1\PYNQ_CONFIG.srcs\sources_1\new\CPU.v:]
WARNING: [filemgmt 56-199] Attempt to get parsing info during refresh. "On-the-fly" syntax checking information may be incorrect. [X:\C++\Uni-CPU\CPURev1\PYNQ_CONFIG.srcs\sources_1\new\Types.sv:]
WARNING: [filemgmt 56-199] Attempt to get parsing info during refresh. "On-the-fly" syntax checking information may be incorrect. [x:\C++\Uni-CPU\CPURev1\PYNQ_CONFIG.gen\sources_1\bd\ZYNQ\hdl\ZYNQ_wrapper.v:]
WARNING: [filemgmt 56-199] Attempt to get parsing info during refresh. "On-the-fly" syntax checking information may be incorrect. [x:\C++\Uni-CPU\CPURev1\PYNQ_CONFIG.gen\sources_1\bd\ZYNQ\hdl\ZYNQ_wrapper.v:]
WARNING: [filemgmt 56-199] Attempt to get parsing info during refresh. "On-the-fly" syntax checking information may be incorrect. [x:\C++\Uni-CPU\CPURev1\PYNQ_CONFIG.gen\sources_1\bd\ZYNQ\hdl\ZYNQ_wrapper.v:]
WARNING: [filemgmt 56-199] Attempt to get parsing info during refresh. "On-the-fly" syntax checking information may be incorrect. [X:\C++\Uni-CPU\CPURev1\PYNQ_CONFIG.srcs\sources_1\new\CPU.v:]
WARNING: [filemgmt 56-199] Attempt to get parsing info during refresh. "On-the-fly" syntax checking information may be incorrect. [X:\C++\Uni-CPU\CPURev1\PYNQ_CONFIG.srcs\sources_1\new\Types.sv:]
WARNING: [filemgmt 56-199] Attempt to get parsing info during refresh. "On-the-fly" syntax checking information may be incorrect. [x:\C++\Uni-CPU\CPURev1\PYNQ_CONFIG.gen\sources_1\bd\ZYNQ\hdl\ZYNQ_wrapper.v:]
WARNING: [filemgmt 56-199] Attempt to get parsing info during refresh. "On-the-fly" syntax checking information may be incorrect. [x:\C++\Uni-CPU\CPURev1\PYNQ_CONFIG.gen\sources_1\bd\ZYNQ\hdl\ZYNQ_wrapper.v:]
WARNING: [filemgmt 56-199] Attempt to get parsing info during refresh. "On-the-fly" syntax checking information may be incorrect. [x:\C++\Uni-CPU\CPURev1\PYNQ_CONFIG.gen\sources_1\bd\ZYNQ\hdl\ZYNQ_wrapper.v:]
WARNING: [filemgmt 56-199] Attempt to get parsing info during refresh. "On-the-fly" syntax checking information may be incorrect. [X:\C++\Uni-CPU\CPURev1\PYNQ_CONFIG.srcs\sources_1\new\CPU.v:]
WARNING: [filemgmt 56-199] Attempt to get parsing info during refresh. "On-the-fly" syntax checking information may be incorrect. [X:\C++\Uni-CPU\CPURev1\PYNQ_CONFIG.srcs\sources_1\new\Types.sv:]
WARNING: [filemgmt 56-199] Attempt to get parsing info during refresh. "On-the-fly" syntax checking information may be incorrect. [x:\C++\Uni-CPU\CPURev1\PYNQ_CONFIG.gen\sources_1\bd\ZYNQ\hdl\ZYNQ_wrapper.v:]
WARNING: [filemgmt 56-199] Attempt to get parsing info during refresh. "On-the-fly" syntax checking information may be incorrect. [x:\C++\Uni-CPU\CPURev1\PYNQ_CONFIG.gen\sources_1\bd\ZYNQ\hdl\ZYNQ_wrapper.v:]
WARNING: [filemgmt 56-199] Attempt to get parsing info during refresh. "On-the-fly" syntax checking information may be incorrect. [x:\C++\Uni-CPU\CPURev1\PYNQ_CONFIG.gen\sources_1\bd\ZYNQ\hdl\ZYNQ_wrapper.v:]
WARNING: [filemgmt 56-199] Attempt to get parsing info during refresh. "On-the-fly" syntax checking information may be incorrect. [X:\C++\Uni-CPU\CPURev1\PYNQ_CONFIG.srcs\sources_1\new\CPU.v:]
WARNING: [filemgmt 56-199] Attempt to get parsing info during refresh. "On-the-fly" syntax checking information may be incorrect. [X:\C++\Uni-CPU\CPURev1\PYNQ_CONFIG.srcs\sources_1\new\Types.sv:]
WARNING: [filemgmt 56-199] Attempt to get parsing info during refresh. "On-the-fly" syntax checking information may be incorrect. [X:\C++\Uni-CPU\CPURev1\PYNQ_CONFIG.srcs\sources_1\new\Types.sv:]
WARNING: [filemgmt 56-199] Attempt to get parsing info during refresh. "On-the-fly" syntax checking information may be incorrect. [X:\C++\Uni-CPU\CPURev1\PYNQ_CONFIG.srcs\sources_1\new\Types.sv:]
ERROR: [Common 17-180] Spawn failed: No error
WARNING: [filemgmt 56-199] Attempt to get parsing info during refresh. "On-the-fly" syntax checking information may be incorrect. [x:\C++\Uni-CPU\CPURev1\PYNQ_CONFIG.gen\sources_1\bd\ZYNQ\hdl\ZYNQ_wrapper.v:]
WARNING: [filemgmt 56-199] Attempt to get parsing info during refresh. "On-the-fly" syntax checking information may be incorrect. [X:\C++\Uni-CPU\CPURev1\PYNQ_CONFIG.srcs\sources_1\new\CPU.v:]
WARNING: [filemgmt 56-199] Attempt to get parsing info during refresh. "On-the-fly" syntax checking information may be incorrect. [X:\C++\Uni-CPU\CPURev1\PYNQ_CONFIG.srcs\sources_1\new\Types.sv:]
WARNING: [filemgmt 56-199] Attempt to get parsing info during refresh. "On-the-fly" syntax checking information may be incorrect. [x:\C++\Uni-CPU\CPURev1\PYNQ_CONFIG.gen\sources_1\bd\ZYNQ\hdl\ZYNQ_wrapper.v:]
WARNING: [filemgmt 56-199] Attempt to get parsing info during refresh. "On-the-fly" syntax checking information may be incorrect. [x:\C++\Uni-CPU\CPURev1\PYNQ_CONFIG.gen\sources_1\bd\ZYNQ\hdl\ZYNQ_wrapper.v:]
WARNING: [filemgmt 56-199] Attempt to get parsing info during refresh. "On-the-fly" syntax checking information may be incorrect. [x:\C++\Uni-CPU\CPURev1\PYNQ_CONFIG.gen\sources_1\bd\ZYNQ\hdl\ZYNQ_wrapper.v:]
WARNING: [filemgmt 56-199] Attempt to get parsing info during refresh. "On-the-fly" syntax checking information may be incorrect. [X:\C++\Uni-CPU\CPURev1\PYNQ_CONFIG.srcs\sources_1\new\CPU.v:]
WARNING: [filemgmt 56-199] Attempt to get parsing info during refresh. "On-the-fly" syntax checking information may be incorrect. [X:\C++\Uni-CPU\CPURev1\PYNQ_CONFIG.srcs\sources_1\new\Types.sv:]
WARNING: [filemgmt 56-199] Attempt to get parsing info during refresh. "On-the-fly" syntax checking information may be incorrect. [X:\C++\Uni-CPU\CPURev1\PYNQ_CONFIG.srcs\sources_1\new\CPU.v:]
WARNING: [filemgmt 56-199] Attempt to get parsing info during refresh. "On-the-fly" syntax checking information may be incorrect. [X:\C++\Uni-CPU\CPURev1\PYNQ_CONFIG.srcs\sources_1\new\CPU.v:]
WARNING: [filemgmt 56-199] Attempt to get parsing info during refresh. "On-the-fly" syntax checking information may be incorrect. [x:\C++\Uni-CPU\CPURev1\PYNQ_CONFIG.gen\sources_1\bd\ZYNQ\hdl\ZYNQ_wrapper.v:]
WARNING: [filemgmt 56-199] Attempt to get parsing info during refresh. "On-the-fly" syntax checking information may be incorrect. [X:\C++\Uni-CPU\CPURev1\PYNQ_CONFIG.srcs\sources_1\new\CPU.v:]
WARNING: [filemgmt 56-199] Attempt to get parsing info during refresh. "On-the-fly" syntax checking information may be incorrect. [X:\C++\Uni-CPU\CPURev1\PYNQ_CONFIG.srcs\sources_1\new\Types.sv:]
WARNING: [filemgmt 56-199] Attempt to get parsing info during refresh. "On-the-fly" syntax checking information may be incorrect. [X:\C++\Uni-CPU\CPURev1\PYNQ_CONFIG.srcs\sources_1\new\Types.sv:]
WARNING: [filemgmt 56-199] Attempt to get parsing info during refresh. "On-the-fly" syntax checking information may be incorrect. [X:\C++\Uni-CPU\CPURev1\PYNQ_CONFIG.srcs\sources_1\new\Types.sv:]
WARNING: [filemgmt 56-199] Attempt to get parsing info during refresh. "On-the-fly" syntax checking information may be incorrect. [x:\C++\Uni-CPU\CPURev1\PYNQ_CONFIG.gen\sources_1\bd\ZYNQ\hdl\ZYNQ_wrapper.v:]
WARNING: [filemgmt 56-199] Attempt to get parsing info during refresh. "On-the-fly" syntax checking information may be incorrect. [X:\C++\Uni-CPU\CPURev1\PYNQ_CONFIG.srcs\sources_1\new\CPU.v:]
WARNING: [filemgmt 56-199] Attempt to get parsing info during refresh. "On-the-fly" syntax checking information may be incorrect. [X:\C++\Uni-CPU\CPURev1\PYNQ_CONFIG.srcs\sources_1\new\Types.sv:]
WARNING: [filemgmt 56-199] Attempt to get parsing info during refresh. "On-the-fly" syntax checking information may be incorrect. [x:\C++\Uni-CPU\CPURev1\PYNQ_CONFIG.gen\sources_1\bd\ZYNQ\hdl\ZYNQ_wrapper.v:]
WARNING: [filemgmt 56-199] Attempt to get parsing info during refresh. "On-the-fly" syntax checking information may be incorrect. [x:\C++\Uni-CPU\CPURev1\PYNQ_CONFIG.gen\sources_1\bd\ZYNQ\hdl\ZYNQ_wrapper.v:]
WARNING: [filemgmt 56-199] Attempt to get parsing info during refresh. "On-the-fly" syntax checking information may be incorrect. [x:\C++\Uni-CPU\CPURev1\PYNQ_CONFIG.gen\sources_1\bd\ZYNQ\hdl\ZYNQ_wrapper.v:]
WARNING: [filemgmt 56-199] Attempt to get parsing info during refresh. "On-the-fly" syntax checking information may be incorrect. [X:\C++\Uni-CPU\CPURev1\PYNQ_CONFIG.srcs\sources_1\new\CPU.v:]
WARNING: [filemgmt 56-199] Attempt to get parsing info during refresh. "On-the-fly" syntax checking information may be incorrect. [X:\C++\Uni-CPU\CPURev1\PYNQ_CONFIG.srcs\sources_1\new\Types.sv:]
WARNING: [filemgmt 56-199] Attempt to get parsing info during refresh. "On-the-fly" syntax checking information may be incorrect. [X:\C++\Uni-CPU\CPURev1\PYNQ_CONFIG.srcs\sources_1\new\Types.sv:]
WARNING: [filemgmt 56-199] Attempt to get parsing info during refresh. "On-the-fly" syntax checking information may be incorrect. [X:\C++\Uni-CPU\CPURev1\PYNQ_CONFIG.srcs\sources_1\new\Types.sv:]
WARNING: [filemgmt 56-199] Attempt to get parsing info during refresh. "On-the-fly" syntax checking information may be incorrect. [x:\C++\Uni-CPU\CPURev1\PYNQ_CONFIG.gen\sources_1\bd\ZYNQ\hdl\ZYNQ_wrapper.v:]
WARNING: [filemgmt 56-199] Attempt to get parsing info during refresh. "On-the-fly" syntax checking information may be incorrect. [X:\C++\Uni-CPU\CPURev1\PYNQ_CONFIG.srcs\sources_1\new\CPU.v:]
WARNING: [filemgmt 56-199] Attempt to get parsing info during refresh. "On-the-fly" syntax checking information may be incorrect. [X:\C++\Uni-CPU\CPURev1\PYNQ_CONFIG.srcs\sources_1\new\Types.sv:]
WARNING: [filemgmt 56-199] Attempt to get parsing info during refresh. "On-the-fly" syntax checking information may be incorrect. [x:\C++\Uni-CPU\CPURev1\PYNQ_CONFIG.gen\sources_1\bd\ZYNQ\hdl\ZYNQ_wrapper.v:]
WARNING: [filemgmt 56-199] Attempt to get parsing info during refresh. "On-the-fly" syntax checking information may be incorrect. [x:\C++\Uni-CPU\CPURev1\PYNQ_CONFIG.gen\sources_1\bd\ZYNQ\hdl\ZYNQ_wrapper.v:]
update_module_reference ZYNQ_CPU_0_0
INFO: [IP_Flow 19-5107] Inferred bus interface 'rst_n' of definition 'xilinx.com:signal:reset:1.0' (from Xilinx Repository).
INFO: [IP_Flow 19-5107] Inferred bus interface 'clk' of definition 'xilinx.com:signal:clock:1.0' (from Xilinx Repository).
INFO: [IP_Flow 19-4728] Bus Interface 'rst_n': Added interface parameter 'POLARITY' with value 'ACTIVE_LOW'.
WARNING: [IP_Flow 19-5661] Bus Interface 'clk' does not have any bus interfaces associated with it.
WARNING: [IP_Flow 19-11770] Clock interface 'clk' has no FREQ_HZ parameter.
INFO: [IP_Flow 19-5107] Inferred bus interface 'rst_n' of definition 'xilinx.com:signal:reset:1.0' (from Xilinx Repository).
INFO: [IP_Flow 19-5107] Inferred bus interface 'clk' of definition 'xilinx.com:signal:clock:1.0' (from Xilinx Repository).
INFO: [IP_Flow 19-4728] Bus Interface 'rst_n': Added interface parameter 'POLARITY' with value 'ACTIVE_LOW'.
WARNING: [IP_Flow 19-5661] Bus Interface 'clk' does not have any bus interfaces associated with it.
WARNING: [IP_Flow 19-11770] Clock interface 'clk' has no FREQ_HZ parameter.
Upgrading 'X:/C++/Uni-CPU/CPURev1/PYNQ_CONFIG.srcs/sources_1/bd/ZYNQ/ZYNQ.bd'
INFO: [IP_Flow 19-3420] Updated ZYNQ_CPU_0_0 to use current project options
WARNING: [IP_Flow 19-4706] Upgraded port 'ddr3_data_in' width 32 differs from original width 16
WARNING: [IP_Flow 19-4706] Upgraded port 'ddr3_data_out' width 32 differs from original width 16
WARNING: [IP_Flow 19-4700] Upgrade has removed port 'address'
WARNING: [IP_Flow 19-4698] Upgrade has added port 'ddr3__address'
WARNING: [IP_Flow 19-4698] Upgrade has added port 'ddr3_bank'
WARNING: [IP_Flow 19-3298] Detected external port differences while upgrading 'ZYNQ_CPU_0_0'. These changes may impact your design.
CRITICAL WARNING: [Coretcl 2-1280] The upgrade of 'ZYNQ_CPU_0_0' has identified issues that may require user intervention. Please verify that the instance is correctly configured, and review any upgrade messages.
Wrote  : <X:\C++\Uni-CPU\CPURev1\PYNQ_CONFIG.srcs\sources_1\bd\ZYNQ\ZYNQ.bd> 
Wrote  : <X:/C++/Uni-CPU/CPURev1/PYNQ_CONFIG.srcs/sources_1/bd/ZYNQ/ui/bd_bdecc542.ui> 
update_compile_order -fileset sources_1
WARNING: [filemgmt 56-199] Attempt to get parsing info during refresh. "On-the-fly" syntax checking information may be incorrect. [x:\C++\Uni-CPU\CPURev1\PYNQ_CONFIG.gen\sources_1\bd\ZYNQ\hdl\ZYNQ_wrapper.v:]
WARNING: [filemgmt 56-199] Attempt to get parsing info during refresh. "On-the-fly" syntax checking information may be incorrect. [X:\C++\Uni-CPU\CPURev1\PYNQ_CONFIG.srcs\sources_1\new\CPU.v:]
WARNING: [filemgmt 56-199] Attempt to get parsing info during refresh. "On-the-fly" syntax checking information may be incorrect. [X:\C++\Uni-CPU\CPURev1\PYNQ_CONFIG.srcs\sources_1\new\Types.sv:]
WARNING: [filemgmt 56-199] Attempt to get parsing info during refresh. "On-the-fly" syntax checking information may be incorrect. [X:\C++\Uni-CPU\CPURev1\PYNQ_CONFIG.srcs\sources_1\new\CPU.v:]
WARNING: [filemgmt 56-199] Attempt to get parsing info during refresh. "On-the-fly" syntax checking information may be incorrect. [X:\C++\Uni-CPU\CPURev1\PYNQ_CONFIG.srcs\sources_1\new\CPU.v:]
set_property location {3 874 601} [get_bd_cells CPU_0]
startgroup
make_bd_pins_external  [get_bd_pins CPU_0/ddr3__address]
endgroup
delete_bd_objs [get_bd_nets CPU_0_ddr3__address] [get_bd_ports ddr3__address_0]
delete_bd_objs [get_bd_intf_nets processing_system7_0_DDR]
delete_bd_objs [get_bd_intf_ports DDR]
undo
INFO: [Common 17-17] undo 'delete_bd_objs [get_bd_intf_ports DDR]'
undo
INFO: [Common 17-17] undo 'delete_bd_objs [get_bd_intf_nets processing_system7_0_DDR]'
undo
INFO: [Common 17-17] undo 'delete_bd_objs [get_bd_nets CPU_0_ddr3__address] [get_bd_ports ddr3__address_0]'
ERROR: [BD 41-1365] The name 'ddr3__address_0' is illegal, it should not contain '__'
ERROR: [Common 17-39] 'undo' failed due to earlier errors.
undo
INFO: [Common 17-17] undo 'endgroup'
INFO: [Common 17-17] undo 'make_bd_pins_external  [get_bd_pins CPU_0/ddr3__address]'
INFO: [Common 17-17] undo 'startgroup'
undo
INFO: [Common 17-17] undo 'set_property location {3 874 601} [get_bd_cells CPU_0]'
set_property location {1104 415} [get_bd_intf_ports DDR]
set_property location {1073 329} [get_bd_intf_ports DDR]
set_property location {3 832 579} [get_bd_cells CPU_0]
WARNING: [filemgmt 56-199] Attempt to get parsing info during refresh. "On-the-fly" syntax checking information may be incorrect. [x:\C++\Uni-CPU\CPURev1\PYNQ_CONFIG.gen\sources_1\bd\ZYNQ\hdl\ZYNQ_wrapper.v:]
WARNING: [filemgmt 56-199] Attempt to get parsing info during refresh. "On-the-fly" syntax checking information may be incorrect. [X:\C++\Uni-CPU\CPURev1\PYNQ_CONFIG.srcs\sources_1\new\CPU.v:]
WARNING: [filemgmt 56-199] Attempt to get parsing info during refresh. "On-the-fly" syntax checking information may be incorrect. [X:\C++\Uni-CPU\CPURev1\PYNQ_CONFIG.srcs\sources_1\new\Types.sv:]
WARNING: [filemgmt 56-199] Attempt to get parsing info during refresh. "On-the-fly" syntax checking information may be incorrect. [x:\C++\Uni-CPU\CPURev1\PYNQ_CONFIG.gen\sources_1\bd\ZYNQ\hdl\ZYNQ_wrapper.v:]
WARNING: [filemgmt 56-199] Attempt to get parsing info during refresh. "On-the-fly" syntax checking information may be incorrect. [x:\C++\Uni-CPU\CPURev1\PYNQ_CONFIG.gen\sources_1\bd\ZYNQ\hdl\ZYNQ_wrapper.v:]
WARNING: [filemgmt 56-199] Attempt to get parsing info during refresh. "On-the-fly" syntax checking information may be incorrect. [x:\C++\Uni-CPU\CPURev1\PYNQ_CONFIG.gen\sources_1\bd\ZYNQ\hdl\ZYNQ_wrapper.v:]
WARNING: [filemgmt 56-199] Attempt to get parsing info during refresh. "On-the-fly" syntax checking information may be incorrect. [X:\C++\Uni-CPU\CPURev1\PYNQ_CONFIG.srcs\sources_1\new\CPU.v:]
WARNING: [filemgmt 56-199] Attempt to get parsing info during refresh. "On-the-fly" syntax checking information may be incorrect. [X:\C++\Uni-CPU\CPURev1\PYNQ_CONFIG.srcs\sources_1\new\Types.sv:]
WARNING: [filemgmt 56-199] Attempt to get parsing info during refresh. "On-the-fly" syntax checking information may be incorrect. [X:\C++\Uni-CPU\CPURev1\PYNQ_CONFIG.srcs\sources_1\new\CPU.v:]
WARNING: [filemgmt 56-199] Attempt to get parsing info during refresh. "On-the-fly" syntax checking information may be incorrect. [X:\C++\Uni-CPU\CPURev1\PYNQ_CONFIG.srcs\sources_1\new\CPU.v:]
WARNING: [filemgmt 56-199] Attempt to get parsing info during refresh. "On-the-fly" syntax checking information may be incorrect. [x:\C++\Uni-CPU\CPURev1\PYNQ_CONFIG.gen\sources_1\bd\ZYNQ\hdl\ZYNQ_wrapper.v:]
WARNING: [filemgmt 56-199] Attempt to get parsing info during refresh. "On-the-fly" syntax checking information may be incorrect. [X:\C++\Uni-CPU\CPURev1\PYNQ_CONFIG.srcs\sources_1\new\CPU.v:]
WARNING: [filemgmt 56-199] Attempt to get parsing info during refresh. "On-the-fly" syntax checking information may be incorrect. [X:\C++\Uni-CPU\CPURev1\PYNQ_CONFIG.srcs\sources_1\new\Types.sv:]
WARNING: [filemgmt 56-199] Attempt to get parsing info during refresh. "On-the-fly" syntax checking information may be incorrect. [x:\C++\Uni-CPU\CPURev1\PYNQ_CONFIG.gen\sources_1\bd\ZYNQ\hdl\ZYNQ_wrapper.v:]
WARNING: [filemgmt 56-199] Attempt to get parsing info during refresh. "On-the-fly" syntax checking information may be incorrect. [x:\C++\Uni-CPU\CPURev1\PYNQ_CONFIG.gen\sources_1\bd\ZYNQ\hdl\ZYNQ_wrapper.v:]
WARNING: [filemgmt 56-199] Attempt to get parsing info during refresh. "On-the-fly" syntax checking information may be incorrect. [x:\C++\Uni-CPU\CPURev1\PYNQ_CONFIG.gen\sources_1\bd\ZYNQ\hdl\ZYNQ_wrapper.v:]
WARNING: [filemgmt 56-199] Attempt to get parsing info during refresh. "On-the-fly" syntax checking information may be incorrect. [x:\C++\Uni-CPU\CPURev1\PYNQ_CONFIG.gen\sources_1\bd\ZYNQ\hdl\ZYNQ_wrapper.v:]
WARNING: [filemgmt 56-199] Attempt to get parsing info during refresh. "On-the-fly" syntax checking information may be incorrect. [X:\C++\Uni-CPU\CPURev1\PYNQ_CONFIG.srcs\sources_1\new\CPU.v:]
WARNING: [filemgmt 56-199] Attempt to get parsing info during refresh. "On-the-fly" syntax checking information may be incorrect. [X:\C++\Uni-CPU\CPURev1\PYNQ_CONFIG.srcs\sources_1\new\Types.sv:]
WARNING: [filemgmt 56-199] Attempt to get parsing info during refresh. "On-the-fly" syntax checking information may be incorrect. [x:\C++\Uni-CPU\CPURev1\PYNQ_CONFIG.gen\sources_1\bd\ZYNQ\hdl\ZYNQ_wrapper.v:]
WARNING: [filemgmt 56-199] Attempt to get parsing info during refresh. "On-the-fly" syntax checking information may be incorrect. [x:\C++\Uni-CPU\CPURev1\PYNQ_CONFIG.gen\sources_1\bd\ZYNQ\hdl\ZYNQ_wrapper.v:]
WARNING: [filemgmt 56-199] Attempt to get parsing info during refresh. "On-the-fly" syntax checking information may be incorrect. [x:\C++\Uni-CPU\CPURev1\PYNQ_CONFIG.gen\sources_1\bd\ZYNQ\hdl\ZYNQ_wrapper.v:]
WARNING: [filemgmt 56-199] Attempt to get parsing info during refresh. "On-the-fly" syntax checking information may be incorrect. [X:\C++\Uni-CPU\CPURev1\PYNQ_CONFIG.srcs\sources_1\new\CPU.v:]
WARNING: [filemgmt 56-199] Attempt to get parsing info during refresh. "On-the-fly" syntax checking information may be incorrect. [X:\C++\Uni-CPU\CPURev1\PYNQ_CONFIG.srcs\sources_1\new\Types.sv:]
WARNING: [filemgmt 56-199] Attempt to get parsing info during refresh. "On-the-fly" syntax checking information may be incorrect. [X:\C++\Uni-CPU\CPURev1\PYNQ_CONFIG.srcs\sources_1\new\Types.sv:]
WARNING: [filemgmt 56-199] Attempt to get parsing info during refresh. "On-the-fly" syntax checking information may be incorrect. [X:\C++\Uni-CPU\CPURev1\PYNQ_CONFIG.srcs\sources_1\new\Types.sv:]
WARNING: [filemgmt 56-199] Attempt to get parsing info during refresh. "On-the-fly" syntax checking information may be incorrect. [x:\C++\Uni-CPU\CPURev1\PYNQ_CONFIG.gen\sources_1\bd\ZYNQ\hdl\ZYNQ_wrapper.v:]
WARNING: [filemgmt 56-199] Attempt to get parsing info during refresh. "On-the-fly" syntax checking information may be incorrect. [X:\C++\Uni-CPU\CPURev1\PYNQ_CONFIG.srcs\sources_1\new\CPU.v:]
WARNING: [filemgmt 56-199] Attempt to get parsing info during refresh. "On-the-fly" syntax checking information may be incorrect. [X:\C++\Uni-CPU\CPURev1\PYNQ_CONFIG.srcs\sources_1\new\Types.sv:]
WARNING: [filemgmt 56-199] Attempt to get parsing info during refresh. "On-the-fly" syntax checking information may be incorrect. [x:\C++\Uni-CPU\CPURev1\PYNQ_CONFIG.gen\sources_1\bd\ZYNQ\hdl\ZYNQ_wrapper.v:]
WARNING: [filemgmt 56-199] Attempt to get parsing info during refresh. "On-the-fly" syntax checking information may be incorrect. [x:\C++\Uni-CPU\CPURev1\PYNQ_CONFIG.gen\sources_1\bd\ZYNQ\hdl\ZYNQ_wrapper.v:]
WARNING: [filemgmt 56-199] Attempt to get parsing info during refresh. "On-the-fly" syntax checking information may be incorrect. [x:\C++\Uni-CPU\CPURev1\PYNQ_CONFIG.gen\sources_1\bd\ZYNQ\hdl\ZYNQ_wrapper.v:]
WARNING: [filemgmt 56-199] Attempt to get parsing info during refresh. "On-the-fly" syntax checking information may be incorrect. [X:\C++\Uni-CPU\CPURev1\PYNQ_CONFIG.srcs\sources_1\new\CPU.v:]
WARNING: [filemgmt 56-199] Attempt to get parsing info during refresh. "On-the-fly" syntax checking information may be incorrect. [X:\C++\Uni-CPU\CPURev1\PYNQ_CONFIG.srcs\sources_1\new\Types.sv:]
WARNING: [filemgmt 56-199] Attempt to get parsing info during refresh. "On-the-fly" syntax checking information may be incorrect. [x:\C++\Uni-CPU\CPURev1\PYNQ_CONFIG.gen\sources_1\bd\ZYNQ\hdl\ZYNQ_wrapper.v:]
WARNING: [filemgmt 56-199] Attempt to get parsing info during refresh. "On-the-fly" syntax checking information may be incorrect. [x:\C++\Uni-CPU\CPURev1\PYNQ_CONFIG.gen\sources_1\bd\ZYNQ\hdl\ZYNQ_wrapper.v:]
update_module_reference ZYNQ_CPU_0_0
INFO: [IP_Flow 19-5107] Inferred bus interface 'rst_n' of definition 'xilinx.com:signal:reset:1.0' (from Xilinx Repository).
INFO: [IP_Flow 19-5107] Inferred bus interface 'clk' of definition 'xilinx.com:signal:clock:1.0' (from Xilinx Repository).
INFO: [IP_Flow 19-4728] Bus Interface 'rst_n': Added interface parameter 'POLARITY' with value 'ACTIVE_LOW'.
WARNING: [IP_Flow 19-5661] Bus Interface 'clk' does not have any bus interfaces associated with it.
WARNING: [IP_Flow 19-11770] Clock interface 'clk' has no FREQ_HZ parameter.
INFO: [IP_Flow 19-5107] Inferred bus interface 'rst_n' of definition 'xilinx.com:signal:reset:1.0' (from Xilinx Repository).
INFO: [IP_Flow 19-5107] Inferred bus interface 'clk' of definition 'xilinx.com:signal:clock:1.0' (from Xilinx Repository).
INFO: [IP_Flow 19-4728] Bus Interface 'rst_n': Added interface parameter 'POLARITY' with value 'ACTIVE_LOW'.
WARNING: [IP_Flow 19-5661] Bus Interface 'clk' does not have any bus interfaces associated with it.
WARNING: [IP_Flow 19-11770] Clock interface 'clk' has no FREQ_HZ parameter.
Upgrading 'X:/C++/Uni-CPU/CPURev1/PYNQ_CONFIG.srcs/sources_1/bd/ZYNQ/ZYNQ.bd'
INFO: [IP_Flow 19-3420] Updated ZYNQ_CPU_0_0 to use current project options
WARNING: [IP_Flow 19-4700] Upgrade has removed port 'ddr3__address'
WARNING: [IP_Flow 19-4698] Upgrade has added port 'ddr3_address'
WARNING: [IP_Flow 19-3298] Detected external port differences while upgrading 'ZYNQ_CPU_0_0'. These changes may impact your design.
