INFO: [VRFC 10-163] Analyzing VHDL file "Y:/C++/Uni-CPU/CPU_Rev3/CPU_Rev3.sim/sim_1/impl/func/xsim/CPU_wrapper_func_impl.vhd" into library xil_defaultlib
INFO: [VRFC 10-3107] analyzing entity 'CPU_CPUClockDivider_0_0_CPUClockDivider'
INFO: [VRFC 10-3107] analyzing entity 'CPU_CPU_Module_0_1_CPU_Module'
INFO: [VRFC 10-3107] analyzing entity 'CPU_ClockDivider_0_0_ClockDivider'
INFO: [VRFC 10-3107] analyzing entity 'CPU_ClockSplitter_1_0_ClockSplitter'
INFO: [VRFC 10-3107] analyzing entity 'CPU_IO_Controller_0_0_IO_Controller'
INFO: [VRFC 10-3107] analyzing entity 'CPU_LCD_Controller_0_0_LCD_Controller'
INFO: [VRFC 10-3107] analyzing entity 'CPU_gmii_to_rgmii_0_0_clocking'
INFO: [VRFC 10-3107] analyzing entity 'CPU_gmii_to_rgmii_0_0_reset_sync'
INFO: [VRFC 10-3107] analyzing entity 'CPU_proc_sys_reset_0_0_cdc_sync'
INFO: [VRFC 10-3107] analyzing entity 'CPU_proc_sys_reset_0_0_cdc_sync_0'
INFO: [VRFC 10-3107] analyzing entity 'CPU_proc_sys_reset_0_0_upcnt_n'
INFO: [VRFC 10-3107] analyzing entity 'CPU_processing_system7_0_0_processing_system7_v5_5_processing_system7'
INFO: [VRFC 10-3107] analyzing entity 'CPU_util_vector_logic_0_0'
INFO: [VRFC 10-3107] analyzing entity 'CPU_gmii_to_rgmii_0_0_MDIO_INTERFACE'
INFO: [VRFC 10-3107] analyzing entity 'CPU_gmii_to_rgmii_0_0_MDIO_SPEED_DEC'
INFO: [VRFC 10-3107] analyzing entity '\CPU_gmii_to_rgmii_0_0_reset_sync__1\'
INFO: [VRFC 10-3107] analyzing entity '\CPU_gmii_to_rgmii_0_0_reset_sync__2\'
INFO: [VRFC 10-3107] analyzing entity '\CPU_gmii_to_rgmii_0_0_reset_sync__3\'
INFO: [VRFC 10-3107] analyzing entity '\CPU_gmii_to_rgmii_0_0_reset_sync__5\'
INFO: [VRFC 10-3107] analyzing entity 'CPU_gmii_to_rgmii_0_0_sync_block'
INFO: [VRFC 10-3107] analyzing entity 'CPU_gmii_to_rgmii_0_0_sync_block_0'
INFO: [VRFC 10-3107] analyzing entity 'CPU_gmii_to_rgmii_0_0_sync_block_1'
INFO: [VRFC 10-3107] analyzing entity '\CPU_gmii_to_rgmii_0_0_sync_block__parameterized1\'
INFO: [VRFC 10-3107] analyzing entity '\CPU_gmii_to_rgmii_0_0_sync_block__parameterized1__1\'
INFO: [VRFC 10-3107] analyzing entity 'CPU_blk_mem_gen_0_0_blk_mem_gen_mux'
INFO: [VRFC 10-3107] analyzing entity 'CPU_blk_mem_gen_0_0_blk_mem_gen_prim_wrapper_init'
INFO: [VRFC 10-3107] analyzing entity '\CPU_blk_mem_gen_0_0_blk_mem_gen_prim_wrapper_init__parameterized0\'
INFO: [VRFC 10-3107] analyzing entity '\CPU_blk_mem_gen_0_0_blk_mem_gen_prim_wrapper_init__parameterized0_100\'
INFO: [VRFC 10-3107] analyzing entity '\CPU_blk_mem_gen_0_0_blk_mem_gen_prim_wrapper_init__parameterized0_101\'
INFO: [VRFC 10-3107] analyzing entity '\CPU_blk_mem_gen_0_0_blk_mem_gen_prim_wrapper_init__parameterized0_102\'
INFO: [VRFC 10-3107] analyzing entity '\CPU_blk_mem_gen_0_0_blk_mem_gen_prim_wrapper_init__parameterized0_103\'
INFO: [VRFC 10-3107] analyzing entity '\CPU_blk_mem_gen_0_0_blk_mem_gen_prim_wrapper_init__parameterized0_104\'
INFO: [VRFC 10-3107] analyzing entity '\CPU_blk_mem_gen_0_0_blk_mem_gen_prim_wrapper_init__parameterized0_105\'
INFO: [VRFC 10-3107] analyzing entity '\CPU_blk_mem_gen_0_0_blk_mem_gen_prim_wrapper_init__parameterized0_106\'
INFO: [VRFC 10-3107] analyzing entity '\CPU_blk_mem_gen_0_0_blk_mem_gen_prim_wrapper_init__parameterized0_107\'
INFO: [VRFC 10-3107] analyzing entity '\CPU_blk_mem_gen_0_0_blk_mem_gen_prim_wrapper_init__parameterized0_108\'
INFO: [VRFC 10-3107] analyzing entity '\CPU_blk_mem_gen_0_0_blk_mem_gen_prim_wrapper_init__parameterized0_109\'
INFO: [VRFC 10-3107] analyzing entity '\CPU_blk_mem_gen_0_0_blk_mem_gen_prim_wrapper_init__parameterized0_55\'
INFO: [VRFC 10-3107] analyzing entity '\CPU_blk_mem_gen_0_0_blk_mem_gen_prim_wrapper_init__parameterized0_56\'
INFO: [VRFC 10-3107] analyzing entity '\CPU_blk_mem_gen_0_0_blk_mem_gen_prim_wrapper_init__parameterized0_57\'
INFO: [VRFC 10-3107] analyzing entity '\CPU_blk_mem_gen_0_0_blk_mem_gen_prim_wrapper_init__parameterized0_58\'
INFO: [VRFC 10-3107] analyzing entity '\CPU_blk_mem_gen_0_0_blk_mem_gen_prim_wrapper_init__parameterized0_59\'
INFO: [VRFC 10-3107] analyzing entity '\CPU_blk_mem_gen_0_0_blk_mem_gen_prim_wrapper_init__parameterized0_60\'
INFO: [VRFC 10-3107] analyzing entity '\CPU_blk_mem_gen_0_0_blk_mem_gen_prim_wrapper_init__parameterized0_61\'
INFO: [VRFC 10-3107] analyzing entity '\CPU_blk_mem_gen_0_0_blk_mem_gen_prim_wrapper_init__parameterized0_62\'
INFO: [VRFC 10-3107] analyzing entity '\CPU_blk_mem_gen_0_0_blk_mem_gen_prim_wrapper_init__parameterized0_63\'
INFO: [VRFC 10-3107] analyzing entity '\CPU_blk_mem_gen_0_0_blk_mem_gen_prim_wrapper_init__parameterized0_64\'
INFO: [VRFC 10-3107] analyzing entity '\CPU_blk_mem_gen_0_0_blk_mem_gen_prim_wrapper_init__parameterized0_65\'
INFO: [VRFC 10-3107] analyzing entity '\CPU_blk_mem_gen_0_0_blk_mem_gen_prim_wrapper_init__parameterized0_66\'
INFO: [VRFC 10-3107] analyzing entity '\CPU_blk_mem_gen_0_0_blk_mem_gen_prim_wrapper_init__parameterized0_67\'
INFO: [VRFC 10-3107] analyzing entity '\CPU_blk_mem_gen_0_0_blk_mem_gen_prim_wrapper_init__parameterized0_68\'
INFO: [VRFC 10-3107] analyzing entity '\CPU_blk_mem_gen_0_0_blk_mem_gen_prim_wrapper_init__parameterized0_69\'
INFO: [VRFC 10-3107] analyzing entity '\CPU_blk_mem_gen_0_0_blk_mem_gen_prim_wrapper_init__parameterized0_70\'
INFO: [VRFC 10-3107] analyzing entity '\CPU_blk_mem_gen_0_0_blk_mem_gen_prim_wrapper_init__parameterized0_71\'
INFO: [VRFC 10-3107] analyzing entity '\CPU_blk_mem_gen_0_0_blk_mem_gen_prim_wrapper_init__parameterized0_72\'
INFO: [VRFC 10-3107] analyzing entity '\CPU_blk_mem_gen_0_0_blk_mem_gen_prim_wrapper_init__parameterized0_73\'
INFO: [VRFC 10-3107] analyzing entity '\CPU_blk_mem_gen_0_0_blk_mem_gen_prim_wrapper_init__parameterized0_74\'
INFO: [VRFC 10-3107] analyzing entity '\CPU_blk_mem_gen_0_0_blk_mem_gen_prim_wrapper_init__parameterized0_75\'
INFO: [VRFC 10-3107] analyzing entity '\CPU_blk_mem_gen_0_0_blk_mem_gen_prim_wrapper_init__parameterized0_76\'
INFO: [VRFC 10-3107] analyzing entity '\CPU_blk_mem_gen_0_0_blk_mem_gen_prim_wrapper_init__parameterized0_77\'
INFO: [VRFC 10-3107] analyzing entity '\CPU_blk_mem_gen_0_0_blk_mem_gen_prim_wrapper_init__parameterized0_78\'
INFO: [VRFC 10-3107] analyzing entity '\CPU_blk_mem_gen_0_0_blk_mem_gen_prim_wrapper_init__parameterized0_79\'
INFO: [VRFC 10-3107] analyzing entity '\CPU_blk_mem_gen_0_0_blk_mem_gen_prim_wrapper_init__parameterized0_80\'
INFO: [VRFC 10-3107] analyzing entity '\CPU_blk_mem_gen_0_0_blk_mem_gen_prim_wrapper_init__parameterized0_81\'
INFO: [VRFC 10-3107] analyzing entity '\CPU_blk_mem_gen_0_0_blk_mem_gen_prim_wrapper_init__parameterized0_82\'
INFO: [VRFC 10-3107] analyzing entity '\CPU_blk_mem_gen_0_0_blk_mem_gen_prim_wrapper_init__parameterized0_83\'
INFO: [VRFC 10-3107] analyzing entity '\CPU_blk_mem_gen_0_0_blk_mem_gen_prim_wrapper_init__parameterized0_84\'
INFO: [VRFC 10-3107] analyzing entity '\CPU_blk_mem_gen_0_0_blk_mem_gen_prim_wrapper_init__parameterized0_85\'
INFO: [VRFC 10-3107] analyzing entity '\CPU_blk_mem_gen_0_0_blk_mem_gen_prim_wrapper_init__parameterized0_86\'
INFO: [VRFC 10-3107] analyzing entity '\CPU_blk_mem_gen_0_0_blk_mem_gen_prim_wrapper_init__parameterized0_87\'
INFO: [VRFC 10-3107] analyzing entity '\CPU_blk_mem_gen_0_0_blk_mem_gen_prim_wrapper_init__parameterized0_88\'
INFO: [VRFC 10-3107] analyzing entity '\CPU_blk_mem_gen_0_0_blk_mem_gen_prim_wrapper_init__parameterized0_89\'
INFO: [VRFC 10-3107] analyzing entity '\CPU_blk_mem_gen_0_0_blk_mem_gen_prim_wrapper_init__parameterized0_90\'
INFO: [VRFC 10-3107] analyzing entity '\CPU_blk_mem_gen_0_0_blk_mem_gen_prim_wrapper_init__parameterized0_91\'
INFO: [VRFC 10-3107] analyzing entity '\CPU_blk_mem_gen_0_0_blk_mem_gen_prim_wrapper_init__parameterized0_92\'
INFO: [VRFC 10-3107] analyzing entity '\CPU_blk_mem_gen_0_0_blk_mem_gen_prim_wrapper_init__parameterized0_93\'
INFO: [VRFC 10-3107] analyzing entity '\CPU_blk_mem_gen_0_0_blk_mem_gen_prim_wrapper_init__parameterized0_94\'
INFO: [VRFC 10-3107] analyzing entity '\CPU_blk_mem_gen_0_0_blk_mem_gen_prim_wrapper_init__parameterized0_95\'
INFO: [VRFC 10-3107] analyzing entity '\CPU_blk_mem_gen_0_0_blk_mem_gen_prim_wrapper_init__parameterized0_96\'
INFO: [VRFC 10-3107] analyzing entity '\CPU_blk_mem_gen_0_0_blk_mem_gen_prim_wrapper_init__parameterized0_97\'
INFO: [VRFC 10-3107] analyzing entity '\CPU_blk_mem_gen_0_0_blk_mem_gen_prim_wrapper_init__parameterized0_98\'
INFO: [VRFC 10-3107] analyzing entity '\CPU_blk_mem_gen_0_0_blk_mem_gen_prim_wrapper_init__parameterized0_99\'
INFO: [VRFC 10-3107] analyzing entity '\CPU_blk_mem_gen_0_0_blk_mem_gen_prim_wrapper_init__parameterized15\'
INFO: [VRFC 10-3107] analyzing entity '\CPU_blk_mem_gen_0_0_blk_mem_gen_prim_wrapper_init__parameterized23\'
INFO: [VRFC 10-3107] analyzing entity '\CPU_blk_mem_gen_0_0_blk_mem_gen_prim_wrapper_init__parameterized31\'
INFO: [VRFC 10-3107] analyzing entity '\CPU_blk_mem_gen_0_0_blk_mem_gen_prim_wrapper_init__parameterized39\'
INFO: [VRFC 10-3107] analyzing entity '\CPU_blk_mem_gen_0_0_blk_mem_gen_prim_wrapper_init__parameterized47\'
INFO: [VRFC 10-3107] analyzing entity '\CPU_blk_mem_gen_0_0_blk_mem_gen_prim_wrapper_init__parameterized55\'
INFO: [VRFC 10-3107] analyzing entity '\CPU_blk_mem_gen_0_0_blk_mem_gen_prim_wrapper_init__parameterized7\'
INFO: [VRFC 10-3107] analyzing entity 'CPU_blk_mem_gen_1_0_bindec'
INFO: [VRFC 10-3107] analyzing entity 'CPU_blk_mem_gen_1_0_bindec_0'
INFO: [VRFC 10-3107] analyzing entity '\CPU_blk_mem_gen_1_0_blk_mem_gen_mux__parameterized0\'
INFO: [VRFC 10-3107] analyzing entity 'CPU_blk_mem_gen_1_0_blk_mem_gen_prim_wrapper_init'
INFO: [VRFC 10-3107] analyzing entity 'CPU_blk_mem_gen_1_0_blk_mem_gen_prim_wrapper_init_6'
INFO: [VRFC 10-3107] analyzing entity '\CPU_blk_mem_gen_1_0_blk_mem_gen_prim_wrapper_init__parameterized0\'
INFO: [VRFC 10-3107] analyzing entity '\CPU_blk_mem_gen_1_0_blk_mem_gen_prim_wrapper_init__parameterized1\'
INFO: [VRFC 10-3107] analyzing entity '\CPU_blk_mem_gen_1_0_blk_mem_gen_prim_wrapper_init__parameterized10\'
INFO: [VRFC 10-3107] analyzing entity '\CPU_blk_mem_gen_1_0_blk_mem_gen_prim_wrapper_init__parameterized11\'
INFO: [VRFC 10-3107] analyzing entity '\CPU_blk_mem_gen_1_0_blk_mem_gen_prim_wrapper_init__parameterized12\'
INFO: [VRFC 10-3107] analyzing entity '\CPU_blk_mem_gen_1_0_blk_mem_gen_prim_wrapper_init__parameterized13\'
INFO: [VRFC 10-3107] analyzing entity '\CPU_blk_mem_gen_1_0_blk_mem_gen_prim_wrapper_init__parameterized14\'
INFO: [VRFC 10-3107] analyzing entity '\CPU_blk_mem_gen_1_0_blk_mem_gen_prim_wrapper_init__parameterized15\'
INFO: [VRFC 10-3107] analyzing entity '\CPU_blk_mem_gen_1_0_blk_mem_gen_prim_wrapper_init__parameterized16\'
INFO: [VRFC 10-3107] analyzing entity '\CPU_blk_mem_gen_1_0_blk_mem_gen_prim_wrapper_init__parameterized17\'
INFO: [VRFC 10-3107] analyzing entity '\CPU_blk_mem_gen_1_0_blk_mem_gen_prim_wrapper_init__parameterized18\'
INFO: [VRFC 10-3107] analyzing entity '\CPU_blk_mem_gen_1_0_blk_mem_gen_prim_wrapper_init__parameterized19\'
INFO: [VRFC 10-3107] analyzing entity '\CPU_blk_mem_gen_1_0_blk_mem_gen_prim_wrapper_init__parameterized20\'
INFO: [VRFC 10-3107] analyzing entity '\CPU_blk_mem_gen_1_0_blk_mem_gen_prim_wrapper_init__parameterized21\'
INFO: [VRFC 10-3107] analyzing entity '\CPU_blk_mem_gen_1_0_blk_mem_gen_prim_wrapper_init__parameterized22\'
INFO: [VRFC 10-3107] analyzing entity '\CPU_blk_mem_gen_1_0_blk_mem_gen_prim_wrapper_init__parameterized23\'
INFO: [VRFC 10-3107] analyzing entity '\CPU_blk_mem_gen_1_0_blk_mem_gen_prim_wrapper_init__parameterized24\'
INFO: [VRFC 10-3107] analyzing entity '\CPU_blk_mem_gen_1_0_blk_mem_gen_prim_wrapper_init__parameterized25\'
INFO: [VRFC 10-3107] analyzing entity '\CPU_blk_mem_gen_1_0_blk_mem_gen_prim_wrapper_init__parameterized3\'
INFO: [VRFC 10-3107] analyzing entity '\CPU_blk_mem_gen_1_0_blk_mem_gen_prim_wrapper_init__parameterized4\'
INFO: [VRFC 10-3107] analyzing entity '\CPU_blk_mem_gen_1_0_blk_mem_gen_prim_wrapper_init__parameterized4_4\'
INFO: [VRFC 10-3107] analyzing entity '\CPU_blk_mem_gen_1_0_blk_mem_gen_prim_wrapper_init__parameterized4_5\'
INFO: [VRFC 10-3107] analyzing entity '\CPU_blk_mem_gen_1_0_blk_mem_gen_prim_wrapper_init__parameterized7\'
INFO: [VRFC 10-3107] analyzing entity '\CPU_blk_mem_gen_1_0_blk_mem_gen_prim_wrapper_init__parameterized8\'
INFO: [VRFC 10-3107] analyzing entity '\CPU_blk_mem_gen_1_0_blk_mem_gen_prim_wrapper_init__parameterized9\'
INFO: [VRFC 10-3107] analyzing entity 'CPU_CPUClockDivider_0_0'
INFO: [VRFC 10-3107] analyzing entity 'CPU_CPU_Module_0_1'
INFO: [VRFC 10-3107] analyzing entity 'CPU_ClockDivider_0_0'
INFO: [VRFC 10-3107] analyzing entity 'CPU_ClockSplitter_1_0'
INFO: [VRFC 10-3107] analyzing entity 'CPU_IO_Controller_0_0'
INFO: [VRFC 10-3107] analyzing entity 'CPU_LCD_Controller_0_0'
INFO: [VRFC 10-3107] analyzing entity 'CPU_gmii_to_rgmii_0_0_resets'
INFO: [VRFC 10-3107] analyzing entity 'CPU_proc_sys_reset_0_0_lpf'
INFO: [VRFC 10-3107] analyzing entity 'CPU_proc_sys_reset_0_0_sequence_psr'
INFO: [VRFC 10-3107] analyzing entity 'CPU_processing_system7_0_0'
INFO: [VRFC 10-3107] analyzing entity 'CPU_gmii_to_rgmii_0_0_MANAGEMENT'
INFO: [VRFC 10-3107] analyzing entity 'CPU_gmii_to_rgmii_0_0_gmii_to_rgmii_core'
INFO: [VRFC 10-3107] analyzing entity 'CPU_blk_mem_gen_0_0_blk_mem_gen_prim_width'
INFO: [VRFC 10-3107] analyzing entity '\CPU_blk_mem_gen_0_0_blk_mem_gen_prim_width__parameterized0\'
INFO: [VRFC 10-3107] analyzing entity '\CPU_blk_mem_gen_0_0_blk_mem_gen_prim_width__parameterized0_0\'
INFO: [VRFC 10-3107] analyzing entity '\CPU_blk_mem_gen_0_0_blk_mem_gen_prim_width__parameterized0_1\'
INFO: [VRFC 10-3107] analyzing entity '\CPU_blk_mem_gen_0_0_blk_mem_gen_prim_width__parameterized0_10\'
INFO: [VRFC 10-3107] analyzing entity '\CPU_blk_mem_gen_0_0_blk_mem_gen_prim_width__parameterized0_11\'
INFO: [VRFC 10-3107] analyzing entity '\CPU_blk_mem_gen_0_0_blk_mem_gen_prim_width__parameterized0_12\'
INFO: [VRFC 10-3107] analyzing entity '\CPU_blk_mem_gen_0_0_blk_mem_gen_prim_width__parameterized0_13\'
INFO: [VRFC 10-3107] analyzing entity '\CPU_blk_mem_gen_0_0_blk_mem_gen_prim_width__parameterized0_14\'
INFO: [VRFC 10-3107] analyzing entity '\CPU_blk_mem_gen_0_0_blk_mem_gen_prim_width__parameterized0_15\'
INFO: [VRFC 10-3107] analyzing entity '\CPU_blk_mem_gen_0_0_blk_mem_gen_prim_width__parameterized0_16\'
INFO: [VRFC 10-3107] analyzing entity '\CPU_blk_mem_gen_0_0_blk_mem_gen_prim_width__parameterized0_17\'
INFO: [VRFC 10-3107] analyzing entity '\CPU_blk_mem_gen_0_0_blk_mem_gen_prim_width__parameterized0_18\'
INFO: [VRFC 10-3107] analyzing entity '\CPU_blk_mem_gen_0_0_blk_mem_gen_prim_width__parameterized0_19\'
INFO: [VRFC 10-3107] analyzing entity '\CPU_blk_mem_gen_0_0_blk_mem_gen_prim_width__parameterized0_2\'
INFO: [VRFC 10-3107] analyzing entity '\CPU_blk_mem_gen_0_0_blk_mem_gen_prim_width__parameterized0_20\'
INFO: [VRFC 10-3107] analyzing entity '\CPU_blk_mem_gen_0_0_blk_mem_gen_prim_width__parameterized0_21\'
INFO: [VRFC 10-3107] analyzing entity '\CPU_blk_mem_gen_0_0_blk_mem_gen_prim_width__parameterized0_22\'
INFO: [VRFC 10-3107] analyzing entity '\CPU_blk_mem_gen_0_0_blk_mem_gen_prim_width__parameterized0_23\'
INFO: [VRFC 10-3107] analyzing entity '\CPU_blk_mem_gen_0_0_blk_mem_gen_prim_width__parameterized0_24\'
INFO: [VRFC 10-3107] analyzing entity '\CPU_blk_mem_gen_0_0_blk_mem_gen_prim_width__parameterized0_25\'
INFO: [VRFC 10-3107] analyzing entity '\CPU_blk_mem_gen_0_0_blk_mem_gen_prim_width__parameterized0_26\'
INFO: [VRFC 10-3107] analyzing entity '\CPU_blk_mem_gen_0_0_blk_mem_gen_prim_width__parameterized0_27\'
INFO: [VRFC 10-3107] analyzing entity '\CPU_blk_mem_gen_0_0_blk_mem_gen_prim_width__parameterized0_28\'
INFO: [VRFC 10-3107] analyzing entity '\CPU_blk_mem_gen_0_0_blk_mem_gen_prim_width__parameterized0_29\'
INFO: [VRFC 10-3107] analyzing entity '\CPU_blk_mem_gen_0_0_blk_mem_gen_prim_width__parameterized0_3\'
INFO: [VRFC 10-3107] analyzing entity '\CPU_blk_mem_gen_0_0_blk_mem_gen_prim_width__parameterized0_30\'
INFO: [VRFC 10-3107] analyzing entity '\CPU_blk_mem_gen_0_0_blk_mem_gen_prim_width__parameterized0_31\'
INFO: [VRFC 10-3107] analyzing entity '\CPU_blk_mem_gen_0_0_blk_mem_gen_prim_width__parameterized0_32\'
INFO: [VRFC 10-3107] analyzing entity '\CPU_blk_mem_gen_0_0_blk_mem_gen_prim_width__parameterized0_33\'
INFO: [VRFC 10-3107] analyzing entity '\CPU_blk_mem_gen_0_0_blk_mem_gen_prim_width__parameterized0_34\'
INFO: [VRFC 10-3107] analyzing entity '\CPU_blk_mem_gen_0_0_blk_mem_gen_prim_width__parameterized0_35\'
INFO: [VRFC 10-3107] analyzing entity '\CPU_blk_mem_gen_0_0_blk_mem_gen_prim_width__parameterized0_36\'
INFO: [VRFC 10-3107] analyzing entity '\CPU_blk_mem_gen_0_0_blk_mem_gen_prim_width__parameterized0_37\'
INFO: [VRFC 10-3107] analyzing entity '\CPU_blk_mem_gen_0_0_blk_mem_gen_prim_width__parameterized0_38\'
INFO: [VRFC 10-3107] analyzing entity '\CPU_blk_mem_gen_0_0_blk_mem_gen_prim_width__parameterized0_39\'
INFO: [VRFC 10-3107] analyzing entity '\CPU_blk_mem_gen_0_0_blk_mem_gen_prim_width__parameterized0_4\'
INFO: [VRFC 10-3107] analyzing entity '\CPU_blk_mem_gen_0_0_blk_mem_gen_prim_width__parameterized0_40\'
INFO: [VRFC 10-3107] analyzing entity '\CPU_blk_mem_gen_0_0_blk_mem_gen_prim_width__parameterized0_41\'
INFO: [VRFC 10-3107] analyzing entity '\CPU_blk_mem_gen_0_0_blk_mem_gen_prim_width__parameterized0_42\'
INFO: [VRFC 10-3107] analyzing entity '\CPU_blk_mem_gen_0_0_blk_mem_gen_prim_width__parameterized0_43\'
INFO: [VRFC 10-3107] analyzing entity '\CPU_blk_mem_gen_0_0_blk_mem_gen_prim_width__parameterized0_44\'
INFO: [VRFC 10-3107] analyzing entity '\CPU_blk_mem_gen_0_0_blk_mem_gen_prim_width__parameterized0_45\'
INFO: [VRFC 10-3107] analyzing entity '\CPU_blk_mem_gen_0_0_blk_mem_gen_prim_width__parameterized0_46\'
INFO: [VRFC 10-3107] analyzing entity '\CPU_blk_mem_gen_0_0_blk_mem_gen_prim_width__parameterized0_47\'
INFO: [VRFC 10-3107] analyzing entity '\CPU_blk_mem_gen_0_0_blk_mem_gen_prim_width__parameterized0_48\'
INFO: [VRFC 10-3107] analyzing entity '\CPU_blk_mem_gen_0_0_blk_mem_gen_prim_width__parameterized0_49\'
INFO: [VRFC 10-3107] analyzing entity '\CPU_blk_mem_gen_0_0_blk_mem_gen_prim_width__parameterized0_5\'
INFO: [VRFC 10-3107] analyzing entity '\CPU_blk_mem_gen_0_0_blk_mem_gen_prim_width__parameterized0_50\'
INFO: [VRFC 10-3107] analyzing entity '\CPU_blk_mem_gen_0_0_blk_mem_gen_prim_width__parameterized0_51\'
INFO: [VRFC 10-3107] analyzing entity '\CPU_blk_mem_gen_0_0_blk_mem_gen_prim_width__parameterized0_52\'
INFO: [VRFC 10-3107] analyzing entity '\CPU_blk_mem_gen_0_0_blk_mem_gen_prim_width__parameterized0_53\'
INFO: [VRFC 10-3107] analyzing entity '\CPU_blk_mem_gen_0_0_blk_mem_gen_prim_width__parameterized0_54\'
INFO: [VRFC 10-3107] analyzing entity '\CPU_blk_mem_gen_0_0_blk_mem_gen_prim_width__parameterized0_6\'
INFO: [VRFC 10-3107] analyzing entity '\CPU_blk_mem_gen_0_0_blk_mem_gen_prim_width__parameterized0_7\'
INFO: [VRFC 10-3107] analyzing entity '\CPU_blk_mem_gen_0_0_blk_mem_gen_prim_width__parameterized0_8\'
INFO: [VRFC 10-3107] analyzing entity '\CPU_blk_mem_gen_0_0_blk_mem_gen_prim_width__parameterized0_9\'
INFO: [VRFC 10-3107] analyzing entity '\CPU_blk_mem_gen_0_0_blk_mem_gen_prim_width__parameterized15\'
INFO: [VRFC 10-3107] analyzing entity '\CPU_blk_mem_gen_0_0_blk_mem_gen_prim_width__parameterized23\'
INFO: [VRFC 10-3107] analyzing entity '\CPU_blk_mem_gen_0_0_blk_mem_gen_prim_width__parameterized31\'
INFO: [VRFC 10-3107] analyzing entity '\CPU_blk_mem_gen_0_0_blk_mem_gen_prim_width__parameterized39\'
INFO: [VRFC 10-3107] analyzing entity '\CPU_blk_mem_gen_0_0_blk_mem_gen_prim_width__parameterized47\'
INFO: [VRFC 10-3107] analyzing entity '\CPU_blk_mem_gen_0_0_blk_mem_gen_prim_width__parameterized55\'
INFO: [VRFC 10-3107] analyzing entity '\CPU_blk_mem_gen_0_0_blk_mem_gen_prim_width__parameterized7\'
INFO: [VRFC 10-3107] analyzing entity 'CPU_blk_mem_gen_1_0_blk_mem_gen_prim_width'
INFO: [VRFC 10-3107] analyzing entity 'CPU_blk_mem_gen_1_0_blk_mem_gen_prim_width_1'
INFO: [VRFC 10-3107] analyzing entity '\CPU_blk_mem_gen_1_0_blk_mem_gen_prim_width__parameterized0\'
INFO: [VRFC 10-3107] analyzing entity '\CPU_blk_mem_gen_1_0_blk_mem_gen_prim_width__parameterized1\'
INFO: [VRFC 10-3107] analyzing entity '\CPU_blk_mem_gen_1_0_blk_mem_gen_prim_width__parameterized10\'
INFO: [VRFC 10-3107] analyzing entity '\CPU_blk_mem_gen_1_0_blk_mem_gen_prim_width__parameterized11\'
INFO: [VRFC 10-3107] analyzing entity '\CPU_blk_mem_gen_1_0_blk_mem_gen_prim_width__parameterized12\'
INFO: [VRFC 10-3107] analyzing entity '\CPU_blk_mem_gen_1_0_blk_mem_gen_prim_width__parameterized13\'
INFO: [VRFC 10-3107] analyzing entity '\CPU_blk_mem_gen_1_0_blk_mem_gen_prim_width__parameterized14\'
INFO: [VRFC 10-3107] analyzing entity '\CPU_blk_mem_gen_1_0_blk_mem_gen_prim_width__parameterized15\'
INFO: [VRFC 10-3107] analyzing entity '\CPU_blk_mem_gen_1_0_blk_mem_gen_prim_width__parameterized16\'
INFO: [VRFC 10-3107] analyzing entity '\CPU_blk_mem_gen_1_0_blk_mem_gen_prim_width__parameterized17\'
INFO: [VRFC 10-3107] analyzing entity '\CPU_blk_mem_gen_1_0_blk_mem_gen_prim_width__parameterized18\'
INFO: [VRFC 10-3107] analyzing entity '\CPU_blk_mem_gen_1_0_blk_mem_gen_prim_width__parameterized19\'
INFO: [VRFC 10-3107] analyzing entity '\CPU_blk_mem_gen_1_0_blk_mem_gen_prim_width__parameterized20\'
INFO: [VRFC 10-3107] analyzing entity '\CPU_blk_mem_gen_1_0_blk_mem_gen_prim_width__parameterized21\'
INFO: [VRFC 10-3107] analyzing entity '\CPU_blk_mem_gen_1_0_blk_mem_gen_prim_width__parameterized22\'
INFO: [VRFC 10-3107] analyzing entity '\CPU_blk_mem_gen_1_0_blk_mem_gen_prim_width__parameterized23\'
INFO: [VRFC 10-3107] analyzing entity '\CPU_blk_mem_gen_1_0_blk_mem_gen_prim_width__parameterized24\'
INFO: [VRFC 10-3107] analyzing entity '\CPU_blk_mem_gen_1_0_blk_mem_gen_prim_width__parameterized25\'
INFO: [VRFC 10-3107] analyzing entity '\CPU_blk_mem_gen_1_0_blk_mem_gen_prim_width__parameterized3\'
INFO: [VRFC 10-3107] analyzing entity '\CPU_blk_mem_gen_1_0_blk_mem_gen_prim_width__parameterized4\'
INFO: [VRFC 10-3107] analyzing entity '\CPU_blk_mem_gen_1_0_blk_mem_gen_prim_width__parameterized4_2\'
INFO: [VRFC 10-3107] analyzing entity '\CPU_blk_mem_gen_1_0_blk_mem_gen_prim_width__parameterized4_3\'
INFO: [VRFC 10-3107] analyzing entity '\CPU_blk_mem_gen_1_0_blk_mem_gen_prim_width__parameterized7\'
INFO: [VRFC 10-3107] analyzing entity '\CPU_blk_mem_gen_1_0_blk_mem_gen_prim_width__parameterized8\'
INFO: [VRFC 10-3107] analyzing entity '\CPU_blk_mem_gen_1_0_blk_mem_gen_prim_width__parameterized9\'
INFO: [VRFC 10-3107] analyzing entity 'CPU_proc_sys_reset_0_0_proc_sys_reset'
INFO: [VRFC 10-3107] analyzing entity 'CPU_gmii_to_rgmii_0_0_gmii_to_rgmii_gen'
INFO: [VRFC 10-3107] analyzing entity 'CPU_blk_mem_gen_0_0_blk_mem_gen_generic_cstr'
INFO: [VRFC 10-3107] analyzing entity 'CPU_blk_mem_gen_1_0_blk_mem_gen_generic_cstr'
INFO: [VRFC 10-3107] analyzing entity 'CPU_proc_sys_reset_0_0'
INFO: [VRFC 10-3107] analyzing entity 'CPU_gmii_to_rgmii_0_0_gmii_to_rgmii_v4_1_16'
INFO: [VRFC 10-3107] analyzing entity 'CPU_blk_mem_gen_0_0_blk_mem_gen_top'
INFO: [VRFC 10-3107] analyzing entity 'CPU_blk_mem_gen_1_0_blk_mem_gen_top'
INFO: [VRFC 10-3107] analyzing entity 'CPU_gmii_to_rgmii_0_0_block'
INFO: [VRFC 10-3107] analyzing entity 'CPU_blk_mem_gen_0_0_blk_mem_gen_v8_4_8_synth'
INFO: [VRFC 10-3107] analyzing entity 'CPU_blk_mem_gen_1_0_blk_mem_gen_v8_4_8_synth'
INFO: [VRFC 10-3107] analyzing entity 'CPU_gmii_to_rgmii_0_0_support'
INFO: [VRFC 10-3107] analyzing entity 'CPU_blk_mem_gen_0_0_blk_mem_gen_v8_4_8'
INFO: [VRFC 10-3107] analyzing entity 'CPU_blk_mem_gen_1_0_blk_mem_gen_v8_4_8'
INFO: [VRFC 10-3107] analyzing entity 'CPU_blk_mem_gen_0_0'
INFO: [VRFC 10-3107] analyzing entity 'CPU_blk_mem_gen_1_0'
INFO: [VRFC 10-3107] analyzing entity 'CPU_gmii_to_rgmii_0_0'
INFO: [VRFC 10-3107] analyzing entity 'CPU'
INFO: [VRFC 10-3107] analyzing entity 'CPU_wrapper'
