
*** Running vivado
    with args -log Everything_CPU_0_0.vds -m64 -product Vivado -mode batch -messageDb vivado.pb -notrace -source Everything_CPU_0_0.tcl



****** Vivado v2024.1 (64-bit)
  **** SW Build 5076996 on Wed May 22 18:37:14 MDT 2024
  **** IP Build 5075265 on Wed May 22 21:45:21 MDT 2024
  **** SharedData Build 5076995 on Wed May 22 18:29:18 MDT 2024
  **** Start of session at: Thu Aug  1 22:13:44 2024
    ** Copyright 1986-2022 Xilinx, Inc. All Rights Reserved.
    ** Copyright 2022-2024 Advanced Micro Devices, Inc. All Rights Reserved.

source Everything_CPU_0_0.tcl -notrace
create_project: Time (s): cpu = 00:00:05 ; elapsed = 00:00:05 . Memory (MB): peak = 531.523 ; gain = 202.047
INFO: [IP_Flow 19-234] Refreshing IP repositories
INFO: [IP_Flow 19-1700] Loaded user IP repository 'y:/C++/Uni-CPU/CPURev1/DVI_Transmitter'.
INFO: [IP_Flow 19-2313] Loaded Vivado IP repository 'C:/Xilinx/Vivado/2024.1/data/ip'.
Command: synth_design -top Everything_CPU_0_0 -part xc7z020clg484-1 -incremental_mode off -mode out_of_context
Starting synth_design
Attempting to get a license for feature 'Synthesis' and/or device 'xc7z020'
INFO: [Common 17-349] Got license for feature 'Synthesis' and/or device 'xc7z020'
INFO: [Device 21-403] Loading part xc7z020clg484-1
INFO: [Device 21-9227] Part: xc7z020clg484-1 does not have CEAM library.
INFO: [Synth 8-7079] Multithreading enabled for synth_design using a maximum of 2 processes.
INFO: [Synth 8-7078] Launching helper process for spawning children vivado processes
INFO: [Synth 8-7075] Helper process launched with PID 980
---------------------------------------------------------------------------------
Starting RTL Elaboration : Time (s): cpu = 00:00:03 ; elapsed = 00:00:03 . Memory (MB): peak = 1419.781 ; gain = 448.324
---------------------------------------------------------------------------------
WARNING: [Synth 8-9400] empty statement in sequential block [Y:/C++/Uni-CPU/CPURev1/PYNQ_CONFIG.srcs/sources_1/new/CPU.v:94]
INFO: [Synth 8-6157] synthesizing module 'Everything_CPU_0_0' [y:/C++/Uni-CPU/CPURev1/PYNQ_CONFIG.gen/sources_1/bd/Everything/ip/Everything_CPU_0_0/synth/Everything_CPU_0_0.v:53]
INFO: [Synth 8-6157] synthesizing module 'CPU' [Y:/C++/Uni-CPU/CPURev1/PYNQ_CONFIG.srcs/sources_1/new/CPU.v:3]
INFO: [Synth 8-6155] done synthesizing module 'CPU' (0#1) [Y:/C++/Uni-CPU/CPURev1/PYNQ_CONFIG.srcs/sources_1/new/CPU.v:3]
INFO: [Synth 8-6155] done synthesizing module 'Everything_CPU_0_0' (0#1) [y:/C++/Uni-CPU/CPURev1/PYNQ_CONFIG.gen/sources_1/bd/Everything/ip/Everything_CPU_0_0/synth/Everything_CPU_0_0.v:53]
WARNING: [Synth 8-6014] Unused sequential element rsp_reg was removed.  [Y:/C++/Uni-CPU/CPURev1/PYNQ_CONFIG.srcs/sources_1/new/CPU.v:90]
WARNING: [Synth 8-6014] Unused sequential element rip_reg was removed.  [Y:/C++/Uni-CPU/CPURev1/PYNQ_CONFIG.srcs/sources_1/new/CPU.v:90]
WARNING: [Synth 8-6014] Unused sequential element status_reg was removed.  [Y:/C++/Uni-CPU/CPURev1/PYNQ_CONFIG.srcs/sources_1/new/CPU.v:91]
WARNING: [Synth 8-6014] Unused sequential element err_reg was removed.  [Y:/C++/Uni-CPU/CPURev1/PYNQ_CONFIG.srcs/sources_1/new/CPU.v:91]
WARNING: [Synth 8-6014] Unused sequential element interrupt_reg was removed.  [Y:/C++/Uni-CPU/CPURev1/PYNQ_CONFIG.srcs/sources_1/new/CPU.v:91]
WARNING: [Synth 8-6014] Unused sequential element page_reg was removed.  [Y:/C++/Uni-CPU/CPURev1/PYNQ_CONFIG.srcs/sources_1/new/CPU.v:92]
WARNING: [Synth 8-6014] Unused sequential element conf_reg was removed.  [Y:/C++/Uni-CPU/CPURev1/PYNQ_CONFIG.srcs/sources_1/new/CPU.v:92]
WARNING: [Synth 8-6014] Unused sequential element IDT_addr_reg was removed.  [Y:/C++/Uni-CPU/CPURev1/PYNQ_CONFIG.srcs/sources_1/new/CPU.v:93]
WARNING: [Synth 8-6014] Unused sequential element IDT_size_reg was removed.  [Y:/C++/Uni-CPU/CPURev1/PYNQ_CONFIG.srcs/sources_1/new/CPU.v:93]
WARNING: [Synth 8-6014] Unused sequential element CIR_reg was removed.  [Y:/C++/Uni-CPU/CPURev1/PYNQ_CONFIG.srcs/sources_1/new/CPU.v:94]
WARNING: [Synth 8-6014] Unused sequential element MAR_reg was removed.  [Y:/C++/Uni-CPU/CPURev1/PYNQ_CONFIG.srcs/sources_1/new/CPU.v:94]
WARNING: [Synth 8-6014] Unused sequential element MDR_reg was removed.  [Y:/C++/Uni-CPU/CPURev1/PYNQ_CONFIG.srcs/sources_1/new/CPU.v:94]
---------------------------------------------------------------------------------
Finished RTL Elaboration : Time (s): cpu = 00:00:04 ; elapsed = 00:00:04 . Memory (MB): peak = 1534.250 ; gain = 562.793
---------------------------------------------------------------------------------
---------------------------------------------------------------------------------
Start Handling Custom Attributes
---------------------------------------------------------------------------------
---------------------------------------------------------------------------------
Finished Handling Custom Attributes : Time (s): cpu = 00:00:04 ; elapsed = 00:00:04 . Memory (MB): peak = 1534.250 ; gain = 562.793
---------------------------------------------------------------------------------
---------------------------------------------------------------------------------
Finished RTL Optimization Phase 1 : Time (s): cpu = 00:00:04 ; elapsed = 00:00:04 . Memory (MB): peak = 1534.250 ; gain = 562.793
---------------------------------------------------------------------------------
Netlist sorting complete. Time (s): cpu = 00:00:00 ; elapsed = 00:00:00 . Memory (MB): peak = 1534.250 ; gain = 0.000
INFO: [Project 1-570] Preparing netlist for logic optimization

Processing XDC Constraints
Initializing timing engine
Completed Processing XDC Constraints

Netlist sorting complete. Time (s): cpu = 00:00:00 ; elapsed = 00:00:00 . Memory (MB): peak = 1573.023 ; gain = 0.000
INFO: [Project 1-111] Unisim Transformation Summary:
No Unisim elements were transformed.

Constraint Validation Runtime : Time (s): cpu = 00:00:00 ; elapsed = 00:00:00.011 . Memory (MB): peak = 1573.312 ; gain = 0.289
INFO: [Designutils 20-5008] Incremental synthesis strategy off
---------------------------------------------------------------------------------
Finished Constraint Validation : Time (s): cpu = 00:00:08 ; elapsed = 00:00:09 . Memory (MB): peak = 1573.312 ; gain = 601.855
---------------------------------------------------------------------------------
---------------------------------------------------------------------------------
Start Loading Part and Timing Information
---------------------------------------------------------------------------------
Loading part: xc7z020clg484-1
---------------------------------------------------------------------------------
Finished Loading Part and Timing Information : Time (s): cpu = 00:00:08 ; elapsed = 00:00:09 . Memory (MB): peak = 1573.312 ; gain = 601.855
---------------------------------------------------------------------------------
---------------------------------------------------------------------------------
Start Applying 'set_property' XDC Constraints
---------------------------------------------------------------------------------
---------------------------------------------------------------------------------
Finished applying 'set_property' XDC Constraints : Time (s): cpu = 00:00:08 ; elapsed = 00:00:09 . Memory (MB): peak = 1573.312 ; gain = 601.855
---------------------------------------------------------------------------------
---------------------------------------------------------------------------------
Finished RTL Optimization Phase 2 : Time (s): cpu = 00:00:08 ; elapsed = 00:00:09 . Memory (MB): peak = 1573.312 ; gain = 601.855
---------------------------------------------------------------------------------
---------------------------------------------------------------------------------
Start RTL Component Statistics 
---------------------------------------------------------------------------------
Detailed RTL Component Info : 
+---Registers : 
	                5 Bit    Registers := 1     
---------------------------------------------------------------------------------
Finished RTL Component Statistics 
---------------------------------------------------------------------------------
---------------------------------------------------------------------------------
Start Part Resource Summary
---------------------------------------------------------------------------------
Part Resources:
DSPs: 220 (col length:60)
BRAMs: 280 (col length: RAMB18 60 RAMB36 30)
---------------------------------------------------------------------------------
Finished Part Resource Summary
---------------------------------------------------------------------------------
---------------------------------------------------------------------------------
Start Cross Boundary and Area Optimization
---------------------------------------------------------------------------------
WARNING: [Synth 8-7080] Parallel synthesis criteria is not met
INFO: [Synth 8-3917] design Everything_CPU_0_0 has port CurrentStageDBG[5] driven by constant 0
---------------------------------------------------------------------------------
Finished Cross Boundary and Area Optimization : Time (s): cpu = 00:00:09 ; elapsed = 00:00:10 . Memory (MB): peak = 1573.312 ; gain = 601.855
---------------------------------------------------------------------------------
---------------------------------------------------------------------------------
Start Applying XDC Timing Constraints
---------------------------------------------------------------------------------
---------------------------------------------------------------------------------
Finished Applying XDC Timing Constraints : Time (s): cpu = 00:00:13 ; elapsed = 00:00:14 . Memory (MB): peak = 1573.312 ; gain = 601.855
---------------------------------------------------------------------------------
---------------------------------------------------------------------------------
Start Timing Optimization
---------------------------------------------------------------------------------
---------------------------------------------------------------------------------
Finished Timing Optimization : Time (s): cpu = 00:00:13 ; elapsed = 00:00:14 . Memory (MB): peak = 1573.312 ; gain = 601.855
---------------------------------------------------------------------------------
---------------------------------------------------------------------------------
Start Technology Mapping
---------------------------------------------------------------------------------
---------------------------------------------------------------------------------
Finished Technology Mapping : Time (s): cpu = 00:00:13 ; elapsed = 00:00:14 . Memory (MB): peak = 1573.312 ; gain = 601.855
---------------------------------------------------------------------------------
---------------------------------------------------------------------------------
Start IO Insertion
---------------------------------------------------------------------------------
---------------------------------------------------------------------------------
Start Flattening Before IO Insertion
---------------------------------------------------------------------------------
---------------------------------------------------------------------------------
Finished Flattening Before IO Insertion
---------------------------------------------------------------------------------
---------------------------------------------------------------------------------
Start Final Netlist Cleanup
---------------------------------------------------------------------------------
---------------------------------------------------------------------------------
Finished Final Netlist Cleanup
---------------------------------------------------------------------------------
---------------------------------------------------------------------------------
Finished IO Insertion : Time (s): cpu = 00:00:15 ; elapsed = 00:00:16 . Memory (MB): peak = 1573.312 ; gain = 601.855
---------------------------------------------------------------------------------
---------------------------------------------------------------------------------
Start Renaming Generated Instances
---------------------------------------------------------------------------------
---------------------------------------------------------------------------------
Finished Renaming Generated Instances : Time (s): cpu = 00:00:15 ; elapsed = 00:00:16 . Memory (MB): peak = 1573.312 ; gain = 601.855
---------------------------------------------------------------------------------
---------------------------------------------------------------------------------
Start Rebuilding User Hierarchy
---------------------------------------------------------------------------------
---------------------------------------------------------------------------------
Finished Rebuilding User Hierarchy : Time (s): cpu = 00:00:15 ; elapsed = 00:00:16 . Memory (MB): peak = 1573.312 ; gain = 601.855
---------------------------------------------------------------------------------
---------------------------------------------------------------------------------
Start Renaming Generated Ports
---------------------------------------------------------------------------------
---------------------------------------------------------------------------------
Finished Renaming Generated Ports : Time (s): cpu = 00:00:15 ; elapsed = 00:00:16 . Memory (MB): peak = 1573.312 ; gain = 601.855
---------------------------------------------------------------------------------
---------------------------------------------------------------------------------
Start Handling Custom Attributes
---------------------------------------------------------------------------------
---------------------------------------------------------------------------------
Finished Handling Custom Attributes : Time (s): cpu = 00:00:15 ; elapsed = 00:00:16 . Memory (MB): peak = 1573.312 ; gain = 601.855
---------------------------------------------------------------------------------
---------------------------------------------------------------------------------
Start Renaming Generated Nets
---------------------------------------------------------------------------------
---------------------------------------------------------------------------------
Finished Renaming Generated Nets : Time (s): cpu = 00:00:15 ; elapsed = 00:00:16 . Memory (MB): peak = 1573.312 ; gain = 601.855
---------------------------------------------------------------------------------
---------------------------------------------------------------------------------
Start Writing Synthesis Report
---------------------------------------------------------------------------------

Report BlackBoxes: 
+-+--------------+----------+
| |BlackBox name |Instances |
+-+--------------+----------+
+-+--------------+----------+

Report Cell Usage: 
+-+-----+------+
| |Cell |Count |
+-+-----+------+
+-+-----+------+
---------------------------------------------------------------------------------
Finished Writing Synthesis Report : Time (s): cpu = 00:00:15 ; elapsed = 00:00:16 . Memory (MB): peak = 1573.312 ; gain = 601.855
---------------------------------------------------------------------------------
Synthesis finished with 0 errors, 0 critical warnings and 1 warnings.
Synthesis Optimization Runtime : Time (s): cpu = 00:00:10 ; elapsed = 00:00:15 . Memory (MB): peak = 1573.312 ; gain = 562.793
Synthesis Optimization Complete : Time (s): cpu = 00:00:15 ; elapsed = 00:00:16 . Memory (MB): peak = 1573.312 ; gain = 601.855
INFO: [Project 1-571] Translating synthesized netlist
Netlist sorting complete. Time (s): cpu = 00:00:00 ; elapsed = 00:00:00 . Memory (MB): peak = 1573.312 ; gain = 0.000
INFO: [Project 1-570] Preparing netlist for logic optimization
INFO: [Opt 31-138] Pushed 0 inverter(s) to 0 load pin(s).
Netlist sorting complete. Time (s): cpu = 00:00:00 ; elapsed = 00:00:00 . Memory (MB): peak = 1573.312 ; gain = 0.000
INFO: [Project 1-111] Unisim Transformation Summary:
No Unisim elements were transformed.

Synth Design complete | Checksum: 8ae52070
INFO: [Common 17-83] Releasing license: Synthesis
22 Infos, 14 Warnings, 0 Critical Warnings and 0 Errors encountered.
synth_design completed successfully
synth_design: Time (s): cpu = 00:00:18 ; elapsed = 00:00:20 . Memory (MB): peak = 1573.312 ; gain = 1026.980
INFO: [Common 17-1381] The checkpoint 'Y:/C++/Uni-CPU/CPURev1/PYNQ_CONFIG.runs/Everything_CPU_0_0_synth_1/Everything_CPU_0_0.dcp' has been generated.
INFO: [Vivado 12-24828] Executing command : report_utilization -file Everything_CPU_0_0_utilization_synth.rpt -pb Everything_CPU_0_0_utilization_synth.pb
INFO: [Common 17-206] Exiting Vivado at Thu Aug  1 22:14:11 2024...
