INFO: [VRFC 10-2263] Analyzing Verilog file "Y:/C++/Uni-CPU/CPURev1/PYNQ_CONFIG.srcs/sources_1/new/CPU.v" into library cpu
INFO: [VRFC 10-311] analyzing module CPU
WARNING: [VRFC 10-2096] empty statement in sequential block [Y:/C++/Uni-CPU/CPURev1/PYNQ_CONFIG.srcs/sources_1/new/CPU.v:94]
INFO: [VRFC 10-2263] Analyzing Verilog file "Y:/C++/Uni-CPU/CPURev1/PYNQ_CONFIG.ip_user_files/bd/ZYNQ/ip/ZYNQ_processing_system7_0_0/sim/ZYNQ_processing_system7_0_0.v" into library cpu
INFO: [VRFC 10-311] analyzing module ZYNQ_processing_system7_0_0
INFO: [VRFC 10-2263] Analyzing Verilog file "Y:/C++/Uni-CPU/CPURev1/PYNQ_CONFIG.ip_user_files/bd/ZYNQ/ip/ZYNQ_util_vector_logic_0_0/sim/ZYNQ_util_vector_logic_0_0.v" into library cpu
INFO: [VRFC 10-311] analyzing module ZYNQ_util_vector_logic_0_0
INFO: [VRFC 10-2263] Analyzing Verilog file "Y:/C++/Uni-CPU/CPURev1/PYNQ_CONFIG.ip_user_files/bd/ZYNQ/sim/ZYNQ.v" into library cpu
INFO: [VRFC 10-311] analyzing module ZYNQ
INFO: [VRFC 10-311] analyzing module ZYNQ_axi_mem_intercon_0
INFO: [VRFC 10-311] analyzing module ZYNQ_ps7_0_axi_periph_0
INFO: [VRFC 10-311] analyzing module m00_couplers_imp_19XPQC4
INFO: [VRFC 10-311] analyzing module s00_couplers_imp_191T45G
INFO: [VRFC 10-311] analyzing module s00_couplers_imp_RIKGIP
INFO: [VRFC 10-311] analyzing module s01_couplers_imp_1YIKKPJ
INFO: [VRFC 10-2263] Analyzing Verilog file "Y:/C++/Uni-CPU/CPURev1/PYNQ_CONFIG.ip_user_files/bd/ZYNQ/ipshared/31a1/src/asyn_rst_syn.v" into library cpu
INFO: [VRFC 10-311] analyzing module asyn_rst_syn
INFO: [VRFC 10-2263] Analyzing Verilog file "Y:/C++/Uni-CPU/CPURev1/PYNQ_CONFIG.ip_user_files/bd/ZYNQ/ipshared/31a1/src/dvi_encoder.v" into library cpu
INFO: [VRFC 10-311] analyzing module dvi_encoder
INFO: [VRFC 10-2263] Analyzing Verilog file "Y:/C++/Uni-CPU/CPURev1/PYNQ_CONFIG.ip_user_files/bd/ZYNQ/ipshared/31a1/src/serializer_10_to_1.v" into library cpu
INFO: [VRFC 10-311] analyzing module serializer_10_to_1
INFO: [VRFC 10-2263] Analyzing Verilog file "Y:/C++/Uni-CPU/CPURev1/PYNQ_CONFIG.ip_user_files/bd/ZYNQ/ipshared/31a1/src/dvi_transmitter_top.v" into library cpu
INFO: [VRFC 10-311] analyzing module dvi_transmitter_top
INFO: [VRFC 10-2263] Analyzing Verilog file "Y:/C++/Uni-CPU/CPURev1/PYNQ_CONFIG.ip_user_files/bd/ZYNQ/ip/ZYNQ_DVI_Transmitter_0_0/sim/ZYNQ_DVI_Transmitter_0_0.v" into library cpu
INFO: [VRFC 10-311] analyzing module ZYNQ_DVI_Transmitter_0_0
INFO: [VRFC 10-2263] Analyzing Verilog file "Y:/C++/Uni-CPU/CPURev1/PYNQ_CONFIG.ip_user_files/bd/ZYNQ/ip/ZYNQ_clk_wiz_0_0/ZYNQ_clk_wiz_0_0_clk_wiz.v" into library cpu
INFO: [VRFC 10-311] analyzing module ZYNQ_clk_wiz_0_0_clk_wiz
INFO: [VRFC 10-2263] Analyzing Verilog file "Y:/C++/Uni-CPU/CPURev1/PYNQ_CONFIG.ip_user_files/bd/ZYNQ/ip/ZYNQ_clk_wiz_0_0/ZYNQ_clk_wiz_0_0.v" into library cpu
INFO: [VRFC 10-311] analyzing module ZYNQ_clk_wiz_0_0
INFO: [VRFC 10-2263] Analyzing Verilog file "Y:/C++/Uni-CPU/CPURev1/PYNQ_CONFIG.ip_user_files/bd/ZYNQ/ip/ZYNQ_util_vector_logic_0_1/sim/ZYNQ_util_vector_logic_0_1.v" into library cpu
INFO: [VRFC 10-311] analyzing module ZYNQ_util_vector_logic_0_1
INFO: [VRFC 10-2263] Analyzing Verilog file "Y:/C++/Uni-CPU/CPURev1/PYNQ_CONFIG.ip_user_files/bd/ZYNQ/ip/ZYNQ_v_axi4s_vid_out_0_0/sim/ZYNQ_v_axi4s_vid_out_0_0.v" into library cpu
INFO: [VRFC 10-311] analyzing module ZYNQ_v_axi4s_vid_out_0_0
INFO: [VRFC 10-2263] Analyzing Verilog file "Y:/C++/Uni-CPU/CPURev1/PYNQ_CONFIG.ip_user_files/bd/ZYNQ/ip/ZYNQ_xbar_0/sim/ZYNQ_xbar_0.v" into library cpu
INFO: [VRFC 10-311] analyzing module ZYNQ_xbar_0
INFO: [VRFC 10-2263] Analyzing Verilog file "Y:/C++/Uni-CPU/CPURev1/PYNQ_CONFIG.ip_user_files/bd/ZYNQ/ip/ZYNQ_auto_pc_0/sim/ZYNQ_auto_pc_0.v" into library cpu
INFO: [VRFC 10-311] analyzing module ZYNQ_auto_pc_0
INFO: [VRFC 10-2263] Analyzing Verilog file "Y:/C++/Uni-CPU/CPURev1/PYNQ_CONFIG.ip_user_files/bd/ZYNQ/ip/ZYNQ_auto_pc_1/sim/ZYNQ_auto_pc_1.v" into library cpu
INFO: [VRFC 10-311] analyzing module ZYNQ_auto_pc_1
INFO: [VRFC 10-2263] Analyzing Verilog file "Y:/C++/Uni-CPU/CPURev1/PYNQ_CONFIG.gen/sources_1/bd/ZYNQ/hdl/ZYNQ_wrapper.v" into library cpu
INFO: [VRFC 10-311] analyzing module ZYNQ_wrapper
INFO: [VRFC 10-2263] Analyzing Verilog file "Y:/C++/Uni-CPU/CPURev1/PYNQ_CONFIG.ip_user_files/bd/Everything/ip/Everything_CPU_0_0/sim/Everything_CPU_0_0.v" into library cpu
INFO: [VRFC 10-311] analyzing module Everything_CPU_0_0
INFO: [VRFC 10-2263] Analyzing Verilog file "Y:/C++/Uni-CPU/CPURev1/PYNQ_CONFIG.ip_user_files/bd/Everything/ip/Everything_ZYNQ_wrapper_0_0/sim/Everything_ZYNQ_wrapper_0_0.v" into library cpu
INFO: [VRFC 10-311] analyzing module Everything_ZYNQ_wrapper_0_0
INFO: [VRFC 10-2263] Analyzing Verilog file "Y:/C++/Uni-CPU/CPURev1/PYNQ_CONFIG.ip_user_files/bd/Everything/sim/Everything.v" into library cpu
INFO: [VRFC 10-311] analyzing module Everything
INFO: [VRFC 10-2263] Analyzing Verilog file "Y:/C++/Uni-CPU/CPURev1/PYNQ_CONFIG.gen/sources_1/bd/Everything/hdl/Everything_wrapper.v" into library cpu
INFO: [VRFC 10-311] analyzing module Everything_wrapper
