
*** Running vivado
    with args -log CPU_Buttn_LED_Switch_0_0.vds -m64 -product Vivado -mode batch -messageDb vivado.pb -notrace -source CPU_Buttn_LED_Switch_0_0.tcl



****** Vivado v2024.1 (64-bit)
  **** SW Build 5076996 on Wed May 22 18:37:14 MDT 2024
  **** IP Build 5075265 on Wed May 22 21:45:21 MDT 2024
  **** SharedData Build 5076995 on Wed May 22 18:29:18 MDT 2024
  **** Start of session at: Thu Oct 10 16:39:18 2024
    ** Copyright 1986-2022 Xilinx, Inc. All Rights Reserved.
    ** Copyright 2022-2024 Advanced Micro Devices, Inc. All Rights Reserved.

source CPU_Buttn_LED_Switch_0_0.tcl -notrace
create_project: Time (s): cpu = 00:00:17 ; elapsed = 00:00:33 . Memory (MB): peak = 532.961 ; gain = 201.684
INFO: [IP_Flow 19-234] Refreshing IP repositories
INFO: [IP_Flow 19-1704] No user IP repositories specified
INFO: [IP_Flow 19-2313] Loaded Vivado IP repository 'C:/Xilinx/Vivado/2024.1/data/ip'.
Command: synth_design -top CPU_Buttn_LED_Switch_0_0 -part xc7z020clg484-1 -incremental_mode off -mode out_of_context
Starting synth_design
Attempting to get a license for feature 'Synthesis' and/or device 'xc7z020'
INFO: [Common 17-349] Got license for feature 'Synthesis' and/or device 'xc7z020'
INFO: [Designutils 20-5008] Incremental synthesis strategy off
INFO: [Synth 8-7079] Multithreading enabled for synth_design using a maximum of 2 processes.
INFO: [Synth 8-7078] Launching helper process for spawning children vivado processes
INFO: [Synth 8-7075] Helper process launched with PID 32452
---------------------------------------------------------------------------------
Starting Synthesize : Time (s): cpu = 00:00:14 ; elapsed = 00:00:23 . Memory (MB): peak = 998.715 ; gain = 448.090
---------------------------------------------------------------------------------
INFO: [Synth 8-638] synthesizing module 'CPU_Buttn_LED_Switch_0_0' [c:/Git/Uni-CPU/CPU_Rev3/CPU_Rev3.gen/sources_1/bd/CPU/ip/CPU_Buttn_LED_Switch_0_0/synth/CPU_Buttn_LED_Switch_0_0.vhd:66]
INFO: [Synth 8-3491] module 'Buttn_LED_Switch' declared at 'C:/Git/Uni-CPU/CPU_Rev3/CPU_Rev3.srcs/sources_1/new/Buttn_LED_Switch.vhd:34' bound to instance 'U0' of component 'Buttn_LED_Switch' [c:/Git/Uni-CPU/CPU_Rev3/CPU_Rev3.gen/sources_1/bd/CPU/ip/CPU_Buttn_LED_Switch_0_0/synth/CPU_Buttn_LED_Switch_0_0.vhd:93]
INFO: [Synth 8-638] synthesizing module 'Buttn_LED_Switch' [C:/Git/Uni-CPU/CPU_Rev3/CPU_Rev3.srcs/sources_1/new/Buttn_LED_Switch.vhd:42]
INFO: [Synth 8-256] done synthesizing module 'Buttn_LED_Switch' (0#1) [C:/Git/Uni-CPU/CPU_Rev3/CPU_Rev3.srcs/sources_1/new/Buttn_LED_Switch.vhd:42]
INFO: [Synth 8-256] done synthesizing module 'CPU_Buttn_LED_Switch_0_0' (0#1) [c:/Git/Uni-CPU/CPU_Rev3/CPU_Rev3.gen/sources_1/bd/CPU/ip/CPU_Buttn_LED_Switch_0_0/synth/CPU_Buttn_LED_Switch_0_0.vhd:66]
---------------------------------------------------------------------------------
Finished Synthesize : Time (s): cpu = 00:00:19 ; elapsed = 00:00:31 . Memory (MB): peak = 1107.086 ; gain = 556.461
---------------------------------------------------------------------------------
---------------------------------------------------------------------------------
Finished Constraint Validation : Time (s): cpu = 00:00:19 ; elapsed = 00:00:32 . Memory (MB): peak = 1107.086 ; gain = 556.461
---------------------------------------------------------------------------------
---------------------------------------------------------------------------------
Start Loading Part and Timing Information
---------------------------------------------------------------------------------
Loading part: xc7z020clg484-1
---------------------------------------------------------------------------------
Finished Loading Part and Timing Information : Time (s): cpu = 00:00:19 ; elapsed = 00:00:32 . Memory (MB): peak = 1107.086 ; gain = 556.461
---------------------------------------------------------------------------------
INFO: [Device 21-403] Loading part xc7z020clg484-1
---------------------------------------------------------------------------------
Finished RTL Optimization Phase 2 : Time (s): cpu = 00:00:19 ; elapsed = 00:00:32 . Memory (MB): peak = 1107.086 ; gain = 556.461
---------------------------------------------------------------------------------
No constraint files found.
---------------------------------------------------------------------------------
Start RTL Component Statistics 
---------------------------------------------------------------------------------
Detailed RTL Component Info : 
+---Registers : 
	                1 Bit    Registers := 1     
+---Muxes : 
	   2 Input    1 Bit        Muxes := 1     
---------------------------------------------------------------------------------
Finished RTL Component Statistics 
---------------------------------------------------------------------------------
---------------------------------------------------------------------------------
Start Part Resource Summary
---------------------------------------------------------------------------------
