#-----------------------------------------------------------
# Vivado v2018.3 (64-bit)
# SW Build 2405991 on Thu Dec  6 23:38:27 MST 2018
# IP Build 2404404 on Fri Dec  7 01:43:56 MST 2018
# Start of session at: Sat Apr 29 11:56:28 2023
# Process ID: 4516
# Current directory: E:/Smart_ZYNQ_SP_SL/Petalinux/08_Petalinux_NET_TEST/NET_TEST
# Command line: vivado.exe -gui_launcher_event rodinguilauncherevent25780 E:\Smart_ZYNQ_SP_SL\Petalinux\08_Petalinux_NET_TEST\NET_TEST\NET_TEST.xpr
# Log file: E:/Smart_ZYNQ_SP_SL/Petalinux/08_Petalinux_NET_TEST/NET_TEST/vivado.log
# Journal file: E:/Smart_ZYNQ_SP_SL/Petalinux/08_Petalinux_NET_TEST/NET_TEST\vivado.jou
#-----------------------------------------------------------
start_gui
open_project E:/Smart_ZYNQ_SP_SL/Petalinux/08_Petalinux_NET_TEST/NET_TEST/NET_TEST.xpr
INFO: [Project 1-313] Project file moved from 'E:/Smart_ZYNQ_7020/Petalinux/08_Petalinux_NET_TEST/NET_TEST' since last save.
Scanning sources...
Finished scanning sources
WARNING: [Project 1-509] GeneratedRun file for 'synth_1' not found
WARNING: [Project 1-509] GeneratedRun file for 'ZYNQ_processing_system7_0_0_synth_1' not found
WARNING: [Project 1-509] GeneratedRun file for 'ZYNQ_gmii_to_rgmii_0_0_synth_1' not found
WARNING: [Project 1-509] GeneratedRun file for 'ZYNQ_util_vector_logic_0_0_synth_1' not found
WARNING: [Project 1-509] GeneratedRun file for 'impl_1' not found
INFO: [IP_Flow 19-234] Refreshing IP repositories
INFO: [IP_Flow 19-1704] No user IP repositories specified
INFO: [IP_Flow 19-2313] Loaded Vivado IP repository 'D:/Xilinx/Vivado/2018.3/data/ip'.
update_compile_order -fileset sources_1
open_bd_design {E:/Smart_ZYNQ_SP_SL/Petalinux/08_Petalinux_NET_TEST/NET_TEST/NET_TEST.srcs/sources_1/bd/ZYNQ/ZYNQ.bd}
Adding cell -- xilinx.com:ip:gmii_to_rgmii:4.0 - gmii_to_rgmii_0
Adding cell -- xilinx.com:ip:processing_system7:5.5 - processing_system7_0
Adding cell -- xilinx.com:ip:util_vector_logic:2.0 - util_vector_logic_0
Successfully read diagram <ZYNQ> from BD file <E:/Smart_ZYNQ_SP_SL/Petalinux/08_Petalinux_NET_TEST/NET_TEST/NET_TEST.srcs/sources_1/bd/ZYNQ/ZYNQ.bd>
set_property part xc7z020clg484-1 [current_project]
WARNING: [IP_Flow 19-2162] IP 'ZYNQ_processing_system7_0_0' is locked:
* Current project part 'xc7z020clg484-1' and the part 'xc7z020clg400-1' used to customize the IP 'ZYNQ_processing_system7_0_0' do not match.
Please select 'Report IP Status' from the 'Tools/Report' menu or run Tcl command 'report_ip_status' for more information.
WARNING: [IP_Flow 19-2162] IP 'ZYNQ_gmii_to_rgmii_0_0' is locked:
* Current project part 'xc7z020clg484-1' and the part 'xc7z020clg400-1' used to customize the IP 'ZYNQ_gmii_to_rgmii_0_0' do not match.
Please select 'Report IP Status' from the 'Tools/Report' menu or run Tcl command 'report_ip_status' for more information.
WARNING: [IP_Flow 19-2162] IP 'ZYNQ_util_vector_logic_0_0' is locked:
* Current project part 'xc7z020clg484-1' and the part 'xc7z020clg400-1' used to customize the IP 'ZYNQ_util_vector_logic_0_0' do not match.
Please select 'Report IP Status' from the 'Tools/Report' menu or run Tcl command 'report_ip_status' for more information.
report_ip_status -name ip_status 
upgrade_ip [get_ips  {ZYNQ_processing_system7_0_0 ZYNQ_gmii_to_rgmii_0_0 ZYNQ_util_vector_logic_0_0}] -log ip_upgrade.log
Upgrading 'E:/Smart_ZYNQ_SP_SL/Petalinux/08_Petalinux_NET_TEST/NET_TEST/NET_TEST.srcs/sources_1/bd/ZYNQ/ZYNQ.bd'
INFO: [IP_Flow 19-3420] Updated ZYNQ_gmii_to_rgmii_0_0 to use current project options
INFO: [IP_Flow 19-3420] Updated ZYNQ_processing_system7_0_0 to use current project options
INFO: [IP_Flow 19-3420] Updated ZYNQ_util_vector_logic_0_0 to use current project options
Wrote  : <E:\Smart_ZYNQ_SP_SL\Petalinux\08_Petalinux_NET_TEST\NET_TEST\NET_TEST.srcs\sources_1\bd\ZYNQ\ZYNQ.bd> 
INFO: [Coretcl 2-1525] Wrote upgrade log to 'E:/Smart_ZYNQ_SP_SL/Petalinux/08_Petalinux_NET_TEST/NET_TEST/ip_upgrade.log'.
export_ip_user_files -of_objects [get_ips {ZYNQ_processing_system7_0_0 ZYNQ_gmii_to_rgmii_0_0 ZYNQ_util_vector_logic_0_0}] -no_script -sync -force -quiet
launch_runs synth_1 -jobs 32
Wrote  : <E:\Smart_ZYNQ_SP_SL\Petalinux\08_Petalinux_NET_TEST\NET_TEST\NET_TEST.srcs\sources_1\bd\ZYNQ\ZYNQ.bd> 
VHDL Output written to : E:/Smart_ZYNQ_SP_SL/Petalinux/08_Petalinux_NET_TEST/NET_TEST/NET_TEST.srcs/sources_1/bd/ZYNQ/synth/ZYNQ.v
VHDL Output written to : E:/Smart_ZYNQ_SP_SL/Petalinux/08_Petalinux_NET_TEST/NET_TEST/NET_TEST.srcs/sources_1/bd/ZYNQ/sim/ZYNQ.v
VHDL Output written to : E:/Smart_ZYNQ_SP_SL/Petalinux/08_Petalinux_NET_TEST/NET_TEST/NET_TEST.srcs/sources_1/bd/ZYNQ/hdl/ZYNQ_wrapper.v
INFO: [BD 41-1029] Generation completed for the IP Integrator block processing_system7_0 .
INFO: [BD 41-1029] Generation completed for the IP Integrator block gmii_to_rgmii_0 .
INFO: [BD 41-1029] Generation completed for the IP Integrator block util_vector_logic_0 .
Exporting to file E:/Smart_ZYNQ_SP_SL/Petalinux/08_Petalinux_NET_TEST/NET_TEST/NET_TEST.srcs/sources_1/bd/ZYNQ/hw_handoff/ZYNQ.hwh
Generated Block Design Tcl file E:/Smart_ZYNQ_SP_SL/Petalinux/08_Petalinux_NET_TEST/NET_TEST/NET_TEST.srcs/sources_1/bd/ZYNQ/hw_handoff/ZYNQ_bd.tcl
Generated Hardware Definition File E:/Smart_ZYNQ_SP_SL/Petalinux/08_Petalinux_NET_TEST/NET_TEST/NET_TEST.srcs/sources_1/bd/ZYNQ/synth/ZYNQ.hwdef
[Sat Apr 29 12:07:46 2023] Launched ZYNQ_gmii_to_rgmii_0_0_synth_1, ZYNQ_util_vector_logic_0_0_synth_1, ZYNQ_processing_system7_0_0_synth_1...
Run output will be captured here:
ZYNQ_gmii_to_rgmii_0_0_synth_1: E:/Smart_ZYNQ_SP_SL/Petalinux/08_Petalinux_NET_TEST/NET_TEST/NET_TEST.runs/ZYNQ_gmii_to_rgmii_0_0_synth_1/runme.log
ZYNQ_util_vector_logic_0_0_synth_1: E:/Smart_ZYNQ_SP_SL/Petalinux/08_Petalinux_NET_TEST/NET_TEST/NET_TEST.runs/ZYNQ_util_vector_logic_0_0_synth_1/runme.log
ZYNQ_processing_system7_0_0_synth_1: E:/Smart_ZYNQ_SP_SL/Petalinux/08_Petalinux_NET_TEST/NET_TEST/NET_TEST.runs/ZYNQ_processing_system7_0_0_synth_1/runme.log
[Sat Apr 29 12:07:46 2023] Launched synth_1...
Run output will be captured here: E:/Smart_ZYNQ_SP_SL/Petalinux/08_Petalinux_NET_TEST/NET_TEST/NET_TEST.runs/synth_1/runme.log
launch_runs: Time (s): cpu = 00:00:07 ; elapsed = 00:00:10 . Memory (MB): peak = 1023.273 ; gain = 92.238
open_bd_design {E:/Smart_ZYNQ_SP_SL/Petalinux/08_Petalinux_NET_TEST/NET_TEST/NET_TEST.srcs/sources_1/bd/ZYNQ/ZYNQ.bd}
WARNING: [IP_Flow 19-474] Invalid Parameter 'Component_Name'
startgroup
set_property -dict [list CONFIG.PCW_UART0_UART0_IO {EMIO}] [get_bd_cells processing_system7_0]
endgroup
startgroup
make_bd_intf_pins_external  [get_bd_intf_pins processing_system7_0/UART_0]
endgroup
save_bd_design
Wrote  : <E:\Smart_ZYNQ_SP_SL\Petalinux\08_Petalinux_NET_TEST\NET_TEST\NET_TEST.srcs\sources_1\bd\ZYNQ\ZYNQ.bd> 
Wrote  : <E:/Smart_ZYNQ_SP_SL/Petalinux/08_Petalinux_NET_TEST/NET_TEST/NET_TEST.srcs/sources_1/bd/ZYNQ/ui/bd_bdecc542.ui> 
reset_run ZYNQ_processing_system7_0_0_synth_1
reset_run synth_1
launch_runs synth_1 -jobs 32
Wrote  : <E:\Smart_ZYNQ_SP_SL\Petalinux\08_Petalinux_NET_TEST\NET_TEST\NET_TEST.srcs\sources_1\bd\ZYNQ\ZYNQ.bd> 
VHDL Output written to : E:/Smart_ZYNQ_SP_SL/Petalinux/08_Petalinux_NET_TEST/NET_TEST/NET_TEST.srcs/sources_1/bd/ZYNQ/synth/ZYNQ.v
VHDL Output written to : E:/Smart_ZYNQ_SP_SL/Petalinux/08_Petalinux_NET_TEST/NET_TEST/NET_TEST.srcs/sources_1/bd/ZYNQ/sim/ZYNQ.v
VHDL Output written to : E:/Smart_ZYNQ_SP_SL/Petalinux/08_Petalinux_NET_TEST/NET_TEST/NET_TEST.srcs/sources_1/bd/ZYNQ/hdl/ZYNQ_wrapper.v
INFO: [BD 41-1029] Generation completed for the IP Integrator block processing_system7_0 .
INFO: [BD 41-1029] Generation completed for the IP Integrator block gmii_to_rgmii_0 .
INFO: [BD 41-1029] Generation completed for the IP Integrator block util_vector_logic_0 .
Exporting to file E:/Smart_ZYNQ_SP_SL/Petalinux/08_Petalinux_NET_TEST/NET_TEST/NET_TEST.srcs/sources_1/bd/ZYNQ/hw_handoff/ZYNQ.hwh
Generated Block Design Tcl file E:/Smart_ZYNQ_SP_SL/Petalinux/08_Petalinux_NET_TEST/NET_TEST/NET_TEST.srcs/sources_1/bd/ZYNQ/hw_handoff/ZYNQ_bd.tcl
Generated Hardware Definition File E:/Smart_ZYNQ_SP_SL/Petalinux/08_Petalinux_NET_TEST/NET_TEST/NET_TEST.srcs/sources_1/bd/ZYNQ/synth/ZYNQ.hwdef
[Sat Apr 29 12:09:18 2023] Launched ZYNQ_processing_system7_0_0_synth_1...
Run output will be captured here: E:/Smart_ZYNQ_SP_SL/Petalinux/08_Petalinux_NET_TEST/NET_TEST/NET_TEST.runs/ZYNQ_processing_system7_0_0_synth_1/runme.log
[Sat Apr 29 12:09:18 2023] Launched synth_1...
Run output will be captured here: E:/Smart_ZYNQ_SP_SL/Petalinux/08_Petalinux_NET_TEST/NET_TEST/NET_TEST.runs/synth_1/runme.log
launch_runs: Time (s): cpu = 00:00:07 ; elapsed = 00:00:09 . Memory (MB): peak = 1211.406 ; gain = 26.348
report_ip_status -name ip_status 
reset_run synth_1
launch_runs impl_1 -to_step write_bitstream -jobs 32
[Sat Apr 29 12:10:30 2023] Launched synth_1...
Run output will be captured here: E:/Smart_ZYNQ_SP_SL/Petalinux/08_Petalinux_NET_TEST/NET_TEST/NET_TEST.runs/synth_1/runme.log
[Sat Apr 29 12:10:30 2023] Launched impl_1...
Run output will be captured here: E:/Smart_ZYNQ_SP_SL/Petalinux/08_Petalinux_NET_TEST/NET_TEST/NET_TEST.runs/impl_1/runme.log
INFO: [Vivado 12-4158] Exported Hardware file is out of date. Exported hardware information may be inconsistent with respect to the current state of the design. It is recommended that you re-export the design and launch SDK otherwise SDK is launched with out of date hardware system file.
launch_sdk -workspace E:/Smart_ZYNQ_SP_SL/Petalinux/08_Petalinux_NET_TEST/NET_TEST/NET_TEST.sdk -hwspec E:/Smart_ZYNQ_SP_SL/Petalinux/08_Petalinux_NET_TEST/NET_TEST/NET_TEST.sdk/ZYNQ_wrapper.hdf
INFO: [Vivado 12-393] Launching SDK...
INFO: [Vivado 12-417] Running xsdk -workspace E:/Smart_ZYNQ_SP_SL/Petalinux/08_Petalinux_NET_TEST/NET_TEST/NET_TEST.sdk -hwspec E:/Smart_ZYNQ_SP_SL/Petalinux/08_Petalinux_NET_TEST/NET_TEST/NET_TEST.sdk/ZYNQ_wrapper.hdf
INFO: [Vivado 12-3157] SDK launch initiated. Please check console for any further messages.
file copy -force E:/Smart_ZYNQ_SP_SL/Petalinux/08_Petalinux_NET_TEST/NET_TEST/NET_TEST.runs/impl_1/ZYNQ_wrapper.sysdef E:/Smart_ZYNQ_SP_SL/Petalinux/08_Petalinux_NET_TEST/NET_TEST/NET_TEST.sdk/ZYNQ_wrapper.hdf

launch_sdk -workspace E:/Smart_ZYNQ_SP_SL/Petalinux/08_Petalinux_NET_TEST/NET_TEST/NET_TEST.sdk -hwspec E:/Smart_ZYNQ_SP_SL/Petalinux/08_Petalinux_NET_TEST/NET_TEST/NET_TEST.sdk/ZYNQ_wrapper.hdf
INFO: [Vivado 12-393] Launching SDK...
INFO: [Vivado 12-417] Running xsdk -workspace E:/Smart_ZYNQ_SP_SL/Petalinux/08_Petalinux_NET_TEST/NET_TEST/NET_TEST.sdk -hwspec E:/Smart_ZYNQ_SP_SL/Petalinux/08_Petalinux_NET_TEST/NET_TEST/NET_TEST.sdk/ZYNQ_wrapper.hdf
INFO: [Vivado 12-3157] SDK launch initiated. Please check console for any further messages.
exit
INFO: [Common 17-206] Exiting Vivado at Sat Apr 29 12:27:04 2023...
