Copyright 1986-2018 Xilinx, Inc. All Rights Reserved.
--------------------------------------------------------------------------------------------------------------------------------------------------------------------------
| Tool Version : Vivado v.2018.3 (win64) Build 2405991 Thu Dec  6 23:38:27 MST 2018
| Date         : Sat Aug 19 10:52:03 2023
| Host         : LAPTOP-IBQPOVJO running 64-bit major release  (build 9200)
| Command      : report_methodology -file ZYNQ_wrapper_methodology_drc_routed.rpt -pb ZYNQ_wrapper_methodology_drc_routed.pb -rpx ZYNQ_wrapper_methodology_drc_routed.rpx
| Design       : ZYNQ_wrapper
| Device       : xc7z020clg484-1
| Speed File   : -1
| Design State : Fully Routed
--------------------------------------------------------------------------------------------------------------------------------------------------------------------------

Report Methodology

Table of Contents
-----------------
1. REPORT SUMMARY
2. REPORT DETAILS

1. REPORT SUMMARY
-----------------
            Netlist: netlist
          Floorplan: design_1
      Design limits: <entire design considered>
             Max violations: <unlimited>
             Violations found: 16
+-----------+----------+---------------------------------------------------+------------+
| Rule      | Severity | Description                                       | Violations |
+-----------+----------+---------------------------------------------------+------------+
| CKBF-1    | Warning  | connects_I_driver_BUFR                            | 1          |
| LUTAR-1   | Warning  | LUT drives async reset alert                      | 2          |
| PDRC-190  | Warning  | Suboptimally placed synchronized register chain   | 5          |
| TIMING-9  | Warning  | Unknown CDC Logic                                 | 1          |
| TIMING-18 | Warning  | Missing input or output delay                     | 5          |
| XDCH-1    | Warning  | Hold option missing in multicycle path constraint | 2          |
+-----------+----------+---------------------------------------------------+------------+

2. REPORT DETAILS
-----------------
CKBF-1#1 Warning
connects_I_driver_BUFR  
The BUFGCTRL cell ZYNQ_i/gmii_to_rgmii_0/U0/i_gmii_to_rgmii_block/i_bufgmux_gmii_clk_25m_2_5m I0 pin is driven by a BUFR cell ZYNQ_i/gmii_to_rgmii_0/U0/i_ZYNQ_gmii_to_rgmii_0_0_clocking/clk10_div_buf. For 7-Series devices, this is not a recommended clock topology. Please analyze your clock network and remove the BUFR to BUFGCTRL cascade.
Related violations: <none>

LUTAR-1#1 Warning
LUT drives async reset alert  
LUT cell ZYNQ_i/gmii_to_rgmii_0/U0/i_ZYNQ_gmii_to_rgmii_0_0_clocking/ZYNQ_gmii_to_rgmii_0_0_core_i_1, with 2 or more inputs, drives asynchronous preset/clear pin(s) ZYNQ_i/gmii_to_rgmii_0/U0/i_gmii_to_rgmii_block/ZYNQ_gmii_to_rgmii_0_0_core/i_gmii_to_rgmii/i_reset_sync_tx_reset/reset_sync1/PRE, ZYNQ_i/gmii_to_rgmii_0/U0/i_gmii_to_rgmii_block/ZYNQ_gmii_to_rgmii_0_0_core/i_gmii_to_rgmii/i_reset_sync_tx_reset/reset_sync2/PRE, ZYNQ_i/gmii_to_rgmii_0/U0/i_gmii_to_rgmii_block/ZYNQ_gmii_to_rgmii_0_0_core/i_gmii_to_rgmii/i_reset_sync_tx_reset/reset_sync3/PRE, ZYNQ_i/gmii_to_rgmii_0/U0/i_gmii_to_rgmii_block/ZYNQ_gmii_to_rgmii_0_0_core/i_gmii_to_rgmii/i_reset_sync_tx_reset/reset_sync4/PRE, ZYNQ_i/gmii_to_rgmii_0/U0/i_gmii_to_rgmii_block/ZYNQ_gmii_to_rgmii_0_0_core/i_gmii_to_rgmii/i_reset_sync_tx_reset/reset_sync5/PRE. The LUT may glitch and trigger an unexpected reset, even if it is a properly timed path.
Related violations: <none>

LUTAR-1#2 Warning
LUT drives async reset alert  
LUT cell ZYNQ_i/gmii_to_rgmii_0/U0/i_gmii_to_rgmii_block/ZYNQ_gmii_to_rgmii_0_0_core/i_gmii_to_rgmii/i_reset_sync_rx_reset/reset_sync1_i_1, with 2 or more inputs, drives asynchronous preset/clear pin(s) ZYNQ_i/gmii_to_rgmii_0/U0/i_gmii_to_rgmii_block/ZYNQ_gmii_to_rgmii_0_0_core/i_gmii_to_rgmii/i_reset_sync_mgmt_reset/reset_sync1/PRE, ZYNQ_i/gmii_to_rgmii_0/U0/i_gmii_to_rgmii_block/ZYNQ_gmii_to_rgmii_0_0_core/i_gmii_to_rgmii/i_reset_sync_mgmt_reset/reset_sync2/PRE, ZYNQ_i/gmii_to_rgmii_0/U0/i_gmii_to_rgmii_block/ZYNQ_gmii_to_rgmii_0_0_core/i_gmii_to_rgmii/i_reset_sync_mgmt_reset/reset_sync3/PRE, ZYNQ_i/gmii_to_rgmii_0/U0/i_gmii_to_rgmii_block/ZYNQ_gmii_to_rgmii_0_0_core/i_gmii_to_rgmii/i_reset_sync_mgmt_reset/reset_sync4/PRE, ZYNQ_i/gmii_to_rgmii_0/U0/i_gmii_to_rgmii_block/ZYNQ_gmii_to_rgmii_0_0_core/i_gmii_to_rgmii/i_reset_sync_mgmt_reset/reset_sync5/PRE. The LUT may glitch and trigger an unexpected reset, even if it is a properly timed path.
Related violations: <none>

PDRC-190#1 Warning
Suboptimally placed synchronized register chain  
The FDPE cell ZYNQ_i/gmii_to_rgmii_0/U0/i_ZYNQ_gmii_to_rgmii_0_0_resets/idelayctrl_reset_gen/reset_sync5 in site SLICE_X101Y111 is part of a synchronized register chain that is suboptimally placed as the load FDPE cell ZYNQ_i/gmii_to_rgmii_0/U0/i_ZYNQ_gmii_to_rgmii_0_0_resets/idelayctrl_reset_gen/reset_sync6 is not placed in the same (SLICE) site.
Related violations: <none>

PDRC-190#2 Warning
Suboptimally placed synchronized register chain  
The FDPE cell ZYNQ_i/gmii_to_rgmii_0/U0/i_gmii_to_rgmii_block/ZYNQ_gmii_to_rgmii_0_0_core/i_gmii_to_rgmii/i_gmii_to_rgmii/i_reset_sync_tx_reset/reset_sync5 in site SLICE_X102Y113 is part of a synchronized register chain that is suboptimally placed as the load FDPE cell ZYNQ_i/gmii_to_rgmii_0/U0/i_gmii_to_rgmii_block/ZYNQ_gmii_to_rgmii_0_0_core/i_gmii_to_rgmii/i_gmii_to_rgmii/i_reset_sync_tx_reset/reset_sync6 is not placed in the same (SLICE) site.
Related violations: <none>

PDRC-190#3 Warning
Suboptimally placed synchronized register chain  
The FDPE cell ZYNQ_i/gmii_to_rgmii_0/U0/i_gmii_to_rgmii_block/ZYNQ_gmii_to_rgmii_0_0_core/i_gmii_to_rgmii/i_reset_sync_mgmt_reset/reset_sync5 in site SLICE_X101Y113 is part of a synchronized register chain that is suboptimally placed as the load FDPE cell ZYNQ_i/gmii_to_rgmii_0/U0/i_gmii_to_rgmii_block/ZYNQ_gmii_to_rgmii_0_0_core/i_gmii_to_rgmii/i_reset_sync_mgmt_reset/reset_sync6 is not placed in the same (SLICE) site.
Related violations: <none>

PDRC-190#4 Warning
Suboptimally placed synchronized register chain  
The FDPE cell ZYNQ_i/gmii_to_rgmii_0/U0/i_gmii_to_rgmii_block/ZYNQ_gmii_to_rgmii_0_0_core/i_gmii_to_rgmii/i_reset_sync_rx_reset/reset_sync5 in site SLICE_X102Y111 is part of a synchronized register chain that is suboptimally placed as the load FDPE cell ZYNQ_i/gmii_to_rgmii_0/U0/i_gmii_to_rgmii_block/ZYNQ_gmii_to_rgmii_0_0_core/i_gmii_to_rgmii/i_reset_sync_rx_reset/reset_sync6 is not placed in the same (SLICE) site.
Related violations: <none>

PDRC-190#5 Warning
Suboptimally placed synchronized register chain  
The FDPE cell ZYNQ_i/gmii_to_rgmii_0/U0/i_gmii_to_rgmii_block/ZYNQ_gmii_to_rgmii_0_0_core/i_gmii_to_rgmii/i_reset_sync_tx_reset/reset_sync5 in site SLICE_X104Y109 is part of a synchronized register chain that is suboptimally placed as the load FDPE cell ZYNQ_i/gmii_to_rgmii_0/U0/i_gmii_to_rgmii_block/ZYNQ_gmii_to_rgmii_0_0_core/i_gmii_to_rgmii/i_reset_sync_tx_reset/reset_sync6 is not placed in the same (SLICE) site.
Related violations: <none>

TIMING-9#1 Warning
Unknown CDC Logic  
One or more asynchronous Clock Domain Crossing has been detected between 2 clock domains through a set_false_path or a set_clock_groups or set_max_delay -datapath_only constraint but no double-registers logic synchronizer has been found on the side of the capture clock. It is recommended to run report_cdc for a complete and detailed CDC coverage. Please consider using XPM_CDC to avoid Critical severities
Related violations: <none>

TIMING-18#1 Warning
Missing input or output delay  
An output delay is missing on RGMII_0_td[0] relative to clock(s) ZYNQ_gmii_to_rgmii_0_0_rgmii_tx_clk
Related violations: <none>

TIMING-18#2 Warning
Missing input or output delay  
An output delay is missing on RGMII_0_td[1] relative to clock(s) ZYNQ_gmii_to_rgmii_0_0_rgmii_tx_clk
Related violations: <none>

TIMING-18#3 Warning
Missing input or output delay  
An output delay is missing on RGMII_0_td[2] relative to clock(s) ZYNQ_gmii_to_rgmii_0_0_rgmii_tx_clk
Related violations: <none>

TIMING-18#4 Warning
Missing input or output delay  
An output delay is missing on RGMII_0_td[3] relative to clock(s) ZYNQ_gmii_to_rgmii_0_0_rgmii_tx_clk
Related violations: <none>

TIMING-18#5 Warning
Missing input or output delay  
An output delay is missing on RGMII_0_tx_ctl relative to clock(s) ZYNQ_gmii_to_rgmii_0_0_rgmii_tx_clk
Related violations: <none>

XDCH-1#1 Warning
Hold option missing in multicycle path constraint  
A multicycle constraint has been set to override the setup relationship, but no multicycle constraint has been defined to change the hold relationship. As a result, the default hold for those paths is derived from the setup and may not be evaluated as expected.
set_multicycle_path -setup -end -fall_from [get_clocks -include_generated_clocks -of_objects [get_pins -of [get_cells -hier -filter {name =~ *i_bufgmux_gmii_clk}] -filter {name =~ *O}]] -fall_to [get_clocks ZYNQ_gmii_to_rgmii_0_0_rgmii_tx_clk] 0
e:/PYNQ/Smart_ZYNQ_SP/PYNQ_CONFIG_02/PYNQ_CONFIG/PYNQ_CONFIG.srcs/sources_1/bd/ZYNQ/ip/ZYNQ_gmii_to_rgmii_0_0/synth/ZYNQ_gmii_to_rgmii_0_0_clocks.xdc (Line: 41)
Related violations: <none>

XDCH-1#2 Warning
Hold option missing in multicycle path constraint  
A multicycle constraint has been set to override the setup relationship, but no multicycle constraint has been defined to change the hold relationship. As a result, the default hold for those paths is derived from the setup and may not be evaluated as expected.
set_multicycle_path -setup -end -rise_from [get_clocks -include_generated_clocks -of_objects [get_pins -of [get_cells -hier -filter {name =~ *i_bufgmux_gmii_clk}] -filter {name =~ *O}]] -rise_to [get_clocks ZYNQ_gmii_to_rgmii_0_0_rgmii_tx_clk] 0
e:/PYNQ/Smart_ZYNQ_SP/PYNQ_CONFIG_02/PYNQ_CONFIG/PYNQ_CONFIG.srcs/sources_1/bd/ZYNQ/ip/ZYNQ_gmii_to_rgmii_0_0/synth/ZYNQ_gmii_to_rgmii_0_0_clocks.xdc (Line: 40)
Related violations: <none>


