Copyright 1986-2018 Xilinx, Inc. All Rights Reserved.
---------------------------------------------------------------------------------------------------------------------------
| Tool Version : Vivado v.2018.3 (win64) Build 2405991 Thu Dec  6 23:38:27 MST 2018
| Date         : Sat Aug 19 10:51:45 2023
| Host         : LAPTOP-IBQPOVJO running 64-bit major release  (build 9200)
| Command      : report_drc -file ZYNQ_wrapper_drc_opted.rpt -pb ZYNQ_wrapper_drc_opted.pb -rpx ZYNQ_wrapper_drc_opted.rpx
| Design       : ZYNQ_wrapper
| Device       : xc7z020clg484-1
| Speed File   : -1
| Design State : Synthesized
---------------------------------------------------------------------------------------------------------------------------

Report DRC

Table of Contents
-----------------
1. REPORT SUMMARY
2. REPORT DETAILS

1. REPORT SUMMARY
-----------------
            Netlist: netlist
          Floorplan: design_1
      Design limits: <entire design considered>
           Ruledeck: default
             Max violations: <unlimited>
             Violations found: 1
+-----------+----------+------------------------+------------+
| Rule      | Severity | Description            | Violations |
+-----------+----------+------------------------+------------+
| REQP-1577 | Warning  | Clock output buffering | 1          |
+-----------+----------+------------------------+------------+

2. REPORT DETAILS
-----------------
REQP-1577#1 Warning
Clock output buffering  
MMCME2_ADV connectivity violation. The signal ZYNQ_i/gmii_to_rgmii_0/U0/i_ZYNQ_gmii_to_rgmii_0_0_clocking/clk_10 on the ZYNQ_i/gmii_to_rgmii_0/U0/i_ZYNQ_gmii_to_rgmii_0_0_clocking/mmcm_adv_inst/CLKOUT2 pin of ZYNQ_i/gmii_to_rgmii_0/U0/i_ZYNQ_gmii_to_rgmii_0_0_clocking/mmcm_adv_inst does not drive the same kind of BUFFER load as the other CLKOUT pins. Routing from the different buffer types will not be phase aligned.
Related violations: <none>


