Copyright 1986-2018 Xilinx, Inc. All Rights Reserved.
------------------------------------------------------------------------------------------
| Tool Version : Vivado v.2018.3 (win64) Build 2405991 Thu Dec  6 23:38:27 MST 2018
| Date         : Sat Aug 19 10:52:03 2023
| Host         : LAPTOP-IBQPOVJO running 64-bit major release  (build 9200)
| Command      : report_clock_utilization -file ZYNQ_wrapper_clock_utilization_routed.rpt
| Design       : ZYNQ_wrapper
| Device       : 7z020-clg484
| Speed File   : -1  PRODUCTION 1.11 2014-09-11
------------------------------------------------------------------------------------------

Clock Utilization Report

Table of Contents
-----------------
1. Clock Primitive Utilization
2. Global Clock Resources
3. Global Clock Source Details
4. Clock Regions: Key Resource Utilization
5. Clock Regions : Global Clock Summary
6. Device Cell Placement Summary for Global Clock g0
7. Device Cell Placement Summary for Global Clock g1
8. Device Cell Placement Summary for Global Clock g2
9. Device Cell Placement Summary for Global Clock g3
10. Device Cell Placement Summary for Global Clock g4
11. Clock Region Cell Placement per Global Clock: Region X0Y2
12. Clock Region Cell Placement per Global Clock: Region X1Y2

1. Clock Primitive Utilization
------------------------------

+----------+------+-----------+-----+--------------+--------+
| Type     | Used | Available | LOC | Clock Region | Pblock |
+----------+------+-----------+-----+--------------+--------+
| BUFGCTRL |    4 |        32 |   0 |            0 |      0 |
| BUFH     |    0 |        72 |   0 |            0 |      0 |
| BUFIO    |    1 |        16 |   1 |            0 |      0 |
| BUFMR    |    0 |         8 |   0 |            0 |      0 |
| BUFR     |    1 |        16 |   0 |            0 |      0 |
| MMCM     |    1 |         4 |   0 |            0 |      0 |
| PLL      |    0 |         4 |   0 |            0 |      0 |
+----------+------+-----------+-----+--------------+--------+


2. Global Clock Resources
-------------------------

+-----------+-----------+-----------------+------------+----------------+--------------+-------------------+-------------+-----------------+--------------+-------------------+---------------------------------------------------------------------------------------------------------------------------------+-------------------------------------------------------------------------------------------------------------------------+
| Global Id | Source Id | Driver Type/Pin | Constraint | Site           | Clock Region | Load Clock Region | Clock Loads | Non-Clock Loads | Clock Period | Clock             | Driver Pin                                                                                                                      | Net                                                                                                                     |
+-----------+-----------+-----------------+------------+----------------+--------------+-------------------+-------------+-----------------+--------------+-------------------+---------------------------------------------------------------------------------------------------------------------------------+-------------------------------------------------------------------------------------------------------------------------+
| g0        | src0      | BUFG/O          | None       | BUFGCTRL_X0Y18 | n/a          |                 1 |         109 |               0 |        5.000 | clk_fpga_0        | ZYNQ_i/gmii_to_rgmii_0/U0/i_ZYNQ_gmii_to_rgmii_0_0_clocking/i_bufg_clk_in/O                                                     | ZYNQ_i/gmii_to_rgmii_0/U0/i_ZYNQ_gmii_to_rgmii_0_0_clocking/clkin_out                                                   |
| g1        | src1      | BUFGCTRL/O      | None       | BUFGCTRL_X0Y16 | n/a          |                 2 |          47 |               0 |        8.000 | gmii_clk_125m_out | ZYNQ_i/gmii_to_rgmii_0/U0/i_gmii_to_rgmii_block/i_bufgmux_gmii_clk/O                                                            | ZYNQ_i/gmii_to_rgmii_0/U0/i_gmii_to_rgmii_block/gmii_tx_clk                                                             |
| g2        | src2      | BUFG/O          | None       | BUFGCTRL_X0Y19 | n/a          |                 2 |          13 |               0 |        8.000 | RGMII_0_rxc       | ZYNQ_i/gmii_to_rgmii_0/U0/i_gmii_to_rgmii_block/ZYNQ_gmii_to_rgmii_0_0_core/i_gmii_to_rgmii/i_gmii_to_rgmii/bufg_rgmii_rx_clk/O | ZYNQ_i/gmii_to_rgmii_0/U0/i_gmii_to_rgmii_block/ZYNQ_gmii_to_rgmii_0_0_core/i_gmii_to_rgmii/i_gmii_to_rgmii/rgmii_rxc_0 |
| g3        | src3      | BUFR/O          | None       | BUFR_X1Y9      | X1Y2         |                 1 |           1 |               0 |      400.000 | gmii_clk_2_5m_out | ZYNQ_i/gmii_to_rgmii_0/U0/i_ZYNQ_gmii_to_rgmii_0_0_clocking/clk10_div_buf/O                                                     | ZYNQ_i/gmii_to_rgmii_0/U0/i_ZYNQ_gmii_to_rgmii_0_0_clocking/gmii_clk_2_5m_out                                           |
| g4        | src4      | BUFGCTRL/O      | None       | BUFGCTRL_X0Y17 | n/a          |                 1 |           1 |               0 |       40.000 | Multiple          | ZYNQ_i/gmii_to_rgmii_0/U0/i_gmii_to_rgmii_block/i_bufgmux_gmii_clk_25m_2_5m/O                                                   | ZYNQ_i/gmii_to_rgmii_0/U0/i_gmii_to_rgmii_block/gmii_clk_25m_or_2_5m                                                    |
+-----------+-----------+-----------------+------------+----------------+--------------+-------------------+-------------+-----------------+--------------+-------------------+---------------------------------------------------------------------------------------------------------------------------------+-------------------------------------------------------------------------------------------------------------------------+
* Clock Loads column represents the clock pin loads (pin count)
** Non-Clock Loads column represents the non-clock pin loads (pin count)


3. Global Clock Source Details
------------------------------

+-----------+-----------+--------------------+------------+-----------------+--------------+-------------+-----------------+---------------------+-------------------+-----------------------------------------------------------------------------------+-------------------------------------------------------------------------------+
| Source Id | Global Id | Driver Type/Pin    | Constraint | Site            | Clock Region | Clock Loads | Non-Clock Loads | Source Clock Period | Source Clock      | Driver Pin                                                                        | Net                                                                           |
+-----------+-----------+--------------------+------------+-----------------+--------------+-------------+-----------------+---------------------+-------------------+-----------------------------------------------------------------------------------+-------------------------------------------------------------------------------+
| src0      | g0        | PS7/FCLKCLK[0]     | PS7_X0Y0   | PS7_X0Y0        | X0Y2         |           1 |               0 |               5.000 | clk_fpga_0        | ZYNQ_i/processing_system7_0/inst/PS7_i/FCLKCLK[0]                                 | ZYNQ_i/processing_system7_0/inst/FCLK_CLK_unbuffered[0]                       |
| src1      | g1        | BUFGCTRL/O         | None       | BUFGCTRL_X0Y17  | n/a          |           1 |               0 |              40.000 | Multiple          | ZYNQ_i/gmii_to_rgmii_0/U0/i_gmii_to_rgmii_block/i_bufgmux_gmii_clk_25m_2_5m/O     | ZYNQ_i/gmii_to_rgmii_0/U0/i_gmii_to_rgmii_block/gmii_clk_25m_or_2_5m          |
| src2      | g2,       | IBUF/O             | IOB_X1Y124 | IOB_X1Y124      | X1Y2         |           2 |               0 |               8.000 | RGMII_0_rxc       | ZYNQ_i/gmii_to_rgmii_0/U0/i_gmii_to_rgmii_block/rgmii_rxc_ibuf_i/O                | ZYNQ_i/gmii_to_rgmii_0/U0/i_gmii_to_rgmii_block/rgmii_rxc_ibuf                |
| src3      | g3        | MMCME2_ADV/CLKOUT2 | None       | MMCME2_ADV_X1Y2 | X1Y2         |           1 |               0 |             100.000 | clk_10            | ZYNQ_i/gmii_to_rgmii_0/U0/i_ZYNQ_gmii_to_rgmii_0_0_clocking/mmcm_adv_inst/CLKOUT2 | ZYNQ_i/gmii_to_rgmii_0/U0/i_ZYNQ_gmii_to_rgmii_0_0_clocking/clk_10            |
| src4      | g4        | BUFR/O             | None       | BUFR_X1Y9       | X1Y2         |           1 |               0 |             400.000 | gmii_clk_2_5m_out | ZYNQ_i/gmii_to_rgmii_0/U0/i_ZYNQ_gmii_to_rgmii_0_0_clocking/clk10_div_buf/O       | ZYNQ_i/gmii_to_rgmii_0/U0/i_ZYNQ_gmii_to_rgmii_0_0_clocking/gmii_clk_2_5m_out |
+-----------+-----------+--------------------+------------+-----------------+--------------+-------------+-----------------+---------------------+-------------------+-----------------------------------------------------------------------------------+-------------------------------------------------------------------------------+
* Clock Loads column represents the clock pin loads (pin count)
** Non-Clock Loads column represents the non-clock pin loads (pin count)


4. Clock Regions: Key Resource Utilization
------------------------------------------

+-------------------+--------------+--------------+--------------+--------------+--------------+--------------+--------------+--------------+--------------+--------------+--------------+--------------+--------------+--------------+--------------+
|                   | Global Clock |     BUFRs    |    BUFMRs    |    BUFIOs    |     MMCM     |      PLL     |      GT      |      PCI     |    ILOGIC    |    OLOGIC    |      FF      |     LUTM     |    RAMB18    |    RAMB36    |    DSP48E2   |
+-------------------+------+-------+------+-------+------+-------+------+-------+------+-------+------+-------+------+-------+------+-------+------+-------+------+-------+------+-------+------+-------+------+-------+------+-------+------+-------+
| Clock Region Name | Used | Avail | Used | Avail | Used | Avail | Used | Avail | Used | Avail | Used | Avail | Used | Avail | Used | Avail | Used | Avail | Used | Avail | Used | Avail | Used | Avail | Used | Avail | Used | Avail | Used | Avail |
+-------------------+------+-------+------+-------+------+-------+------+-------+------+-------+------+-------+------+-------+------+-------+------+-------+------+-------+------+-------+------+-------+------+-------+------+-------+------+-------+
| X0Y0              |    0 |    12 |    0 |     4 |    0 |     2 |    0 |     4 |    0 |     1 |    0 |     1 |    0 |     0 |    0 |     0 |    0 |    50 |    0 |    50 |    0 |  2500 |    0 |  1000 |    0 |    60 |    0 |    30 |    0 |    60 |
| X1Y0              |    0 |    12 |    0 |     4 |    0 |     2 |    0 |     4 |    0 |     1 |    0 |     1 |    0 |     0 |    0 |     0 |    0 |    50 |    0 |    50 |    0 |  3200 |    0 |   850 |    0 |    60 |    0 |    30 |    0 |    40 |
| X0Y1              |    0 |    12 |    0 |     0 |    0 |     0 |    0 |     0 |    0 |     0 |    0 |     0 |    0 |     0 |    0 |     0 |    0 |     0 |    0 |     0 |    0 |  1200 |    0 |   400 |    0 |    20 |    0 |    10 |    0 |    20 |
| X1Y1              |    0 |    12 |    0 |     4 |    0 |     2 |    0 |     4 |    0 |     1 |    0 |     1 |    0 |     0 |    0 |     0 |    0 |    50 |    0 |    50 |    0 |  2600 |    0 |   850 |    0 |    60 |    0 |    30 |    0 |    40 |
| X0Y2              |    2 |    12 |    0 |     0 |    0 |     0 |    0 |     0 |    0 |     0 |    0 |     0 |    0 |     0 |    0 |     0 |    0 |     0 |    0 |     0 |    0 |  1200 |    0 |   400 |    0 |    20 |    0 |    10 |    0 |    20 |
| X1Y2              |    4 |    12 |    1 |     4 |    0 |     2 |    1 |     4 |    1 |     1 |    0 |     1 |    0 |     0 |    0 |     0 |    5 |    50 |    6 |    50 |  159 |  2600 |   92 |   850 |    0 |    60 |    0 |    30 |    0 |    40 |
+-------------------+------+-------+------+-------+------+-------+------+-------+------+-------+------+-------+------+-------+------+-------+------+-------+------+-------+------+-------+------+-------+------+-------+------+-------+------+-------+
* Global Clock column represents track count; while other columns represents cell counts


5. Clock Regions : Global Clock Summary
---------------------------------------

All Modules
+----+----+----+
|    | X0 | X1 |
+----+----+----+
| Y2 |  2 |  4 |
| Y1 |  0 |  0 |
| Y0 |  0 |  0 |
+----+----+----+


6. Device Cell Placement Summary for Global Clock g0
----------------------------------------------------

+-----------+-----------------+-------------------+------------+-------------+---------------+-------------+----------+----------------+----------+-----------------------------------------------------------------------+
| Global Id | Driver Type/Pin | Driver Region (D) | Clock      | Period (ns) | Waveform (ns) | Slice Loads | IO Loads | Clocking Loads | GT Loads | Net                                                                   |
+-----------+-----------------+-------------------+------------+-------------+---------------+-------------+----------+----------------+----------+-----------------------------------------------------------------------+
| g0        | BUFG/O          | n/a               | clk_fpga_0 |       5.000 | {0.000 2.500} |         108 |        0 |              1 |        0 | ZYNQ_i/gmii_to_rgmii_0/U0/i_ZYNQ_gmii_to_rgmii_0_0_clocking/clkin_out |
+-----------+-----------------+-------------------+------------+-------------+---------------+-------------+----------+----------------+----------+-----------------------------------------------------------------------+
* Logic Loads column represents load cell count of all cell types other than IO, GT and clock resources
** IO Loads column represents load cell count of IO types
*** Clocking Loads column represents load cell count that are clock resources (global clock buffer, MMCM, PLL, etc)
**** GT Loads column represents load cell count of GT types


+----+----+------+
|    | X0 | X1   |
+----+----+------+
| Y2 |  0 |  109 |
| Y1 |  0 |    0 |
| Y0 |  0 |    0 |
+----+----+------+


7. Device Cell Placement Summary for Global Clock g1
----------------------------------------------------

+-----------+-----------------+-------------------+-------------------+-------------+---------------+-------------+----------+----------------+----------+-------------------------------------------------------------+
| Global Id | Driver Type/Pin | Driver Region (D) | Clock             | Period (ns) | Waveform (ns) | Slice Loads | IO Loads | Clocking Loads | GT Loads | Net                                                         |
+-----------+-----------------+-------------------+-------------------+-------------+---------------+-------------+----------+----------------+----------+-------------------------------------------------------------+
| g1        | BUFGCTRL/O      | n/a               | gmii_clk_125m_out |       8.000 | {0.000 4.000} |          47 |        0 |              0 |        0 | ZYNQ_i/gmii_to_rgmii_0/U0/i_gmii_to_rgmii_block/gmii_tx_clk |
+-----------+-----------------+-------------------+-------------------+-------------+---------------+-------------+----------+----------------+----------+-------------------------------------------------------------+
* Logic Loads column represents load cell count of all cell types other than IO, GT and clock resources
** IO Loads column represents load cell count of IO types
*** Clocking Loads column represents load cell count that are clock resources (global clock buffer, MMCM, PLL, etc)
**** GT Loads column represents load cell count of GT types


+----+----+-----+
|    | X0 | X1  |
+----+----+-----+
| Y2 |  1 |  46 |
| Y1 |  0 |   0 |
| Y0 |  0 |   0 |
+----+----+-----+


8. Device Cell Placement Summary for Global Clock g2
----------------------------------------------------

+-----------+-----------------+-------------------+-------------+-------------+---------------+-------------+----------+----------------+----------+-------------------------------------------------------------------------------------------------------------------------+
| Global Id | Driver Type/Pin | Driver Region (D) | Clock       | Period (ns) | Waveform (ns) | Slice Loads | IO Loads | Clocking Loads | GT Loads | Net                                                                                                                     |
+-----------+-----------------+-------------------+-------------+-------------+---------------+-------------+----------+----------------+----------+-------------------------------------------------------------------------------------------------------------------------+
| g2        | BUFG/O          | n/a               | RGMII_0_rxc |       8.000 | {0.000 4.000} |          13 |        0 |              0 |        0 | ZYNQ_i/gmii_to_rgmii_0/U0/i_gmii_to_rgmii_block/ZYNQ_gmii_to_rgmii_0_0_core/i_gmii_to_rgmii/i_gmii_to_rgmii/rgmii_rxc_0 |
+-----------+-----------------+-------------------+-------------+-------------+---------------+-------------+----------+----------------+----------+-------------------------------------------------------------------------------------------------------------------------+
* Logic Loads column represents load cell count of all cell types other than IO, GT and clock resources
** IO Loads column represents load cell count of IO types
*** Clocking Loads column represents load cell count that are clock resources (global clock buffer, MMCM, PLL, etc)
**** GT Loads column represents load cell count of GT types


+----+----+-----+
|    | X0 | X1  |
+----+----+-----+
| Y2 |  1 |  12 |
| Y1 |  0 |   0 |
| Y0 |  0 |   0 |
+----+----+-----+


9. Device Cell Placement Summary for Global Clock g3
----------------------------------------------------

+-----------+-----------------+-------------------+-------------------+-------------+-----------------+-------------+----------+----------------+----------+-------------------------------------------------------------------------------+
| Global Id | Driver Type/Pin | Driver Region (D) | Clock             | Period (ns) | Waveform (ns)   | Slice Loads | IO Loads | Clocking Loads | GT Loads | Net                                                                           |
+-----------+-----------------+-------------------+-------------------+-------------+-----------------+-------------+----------+----------------+----------+-------------------------------------------------------------------------------+
| g3        | BUFR/O          | X1Y2              | gmii_clk_2_5m_out |     400.000 | {0.000 200.000} |           0 |        0 |              1 |        0 | ZYNQ_i/gmii_to_rgmii_0/U0/i_ZYNQ_gmii_to_rgmii_0_0_clocking/gmii_clk_2_5m_out |
+-----------+-----------------+-------------------+-------------------+-------------+-----------------+-------------+----------+----------------+----------+-------------------------------------------------------------------------------+
* Logic Loads column represents load cell count of all cell types other than IO, GT and clock resources
** IO Loads column represents load cell count of IO types
*** Clocking Loads column represents load cell count that are clock resources (global clock buffer, MMCM, PLL, etc)
**** GT Loads column represents load cell count of GT types


+----+----+--------+
|    | X0 | X1     |
+----+----+--------+
| Y2 |  0 |  (D) 0 |
| Y1 |  0 |      0 |
| Y0 |  0 |      0 |
+----+----+--------+


10. Device Cell Placement Summary for Global Clock g4
-----------------------------------------------------

+-----------+-----------------+-------------------+----------+-------------+----------------+-------------+----------+----------------+----------+----------------------------------------------------------------------+
| Global Id | Driver Type/Pin | Driver Region (D) | Clock    | Period (ns) | Waveform (ns)  | Slice Loads | IO Loads | Clocking Loads | GT Loads | Net                                                                  |
+-----------+-----------------+-------------------+----------+-------------+----------------+-------------+----------+----------------+----------+----------------------------------------------------------------------+
| g4        | BUFGCTRL/O      | n/a               | Multiple |      40.000 | {0.000 20.000} |           0 |        0 |              1 |        0 | ZYNQ_i/gmii_to_rgmii_0/U0/i_gmii_to_rgmii_block/gmii_clk_25m_or_2_5m |
+-----------+-----------------+-------------------+----------+-------------+----------------+-------------+----------+----------------+----------+----------------------------------------------------------------------+
* Logic Loads column represents load cell count of all cell types other than IO, GT and clock resources
** IO Loads column represents load cell count of IO types
*** Clocking Loads column represents load cell count that are clock resources (global clock buffer, MMCM, PLL, etc)
**** GT Loads column represents load cell count of GT types


+----+----+----+
|    | X0 | X1 |
+----+----+----+
| Y2 |  0 |  0 |
| Y1 |  0 |  0 |
| Y0 |  0 |  0 |
+----+----+----+


11. Clock Region Cell Placement per Global Clock: Region X0Y2
-------------------------------------------------------------

+-----------+-------+-----------------+------------+-------------+-----------------+----+--------+------+-----+----+------+-----+---------+-------------------------------------------------------------------------------------------------------------------------+
| Global Id | Track | Driver Type/Pin | Constraint | Clock Loads | Non-Clock Loads | FF | LUTRAM | RAMB | DSP | GT | MMCM | PLL | Hard IP | Net                                                                                                                     |
+-----------+-------+-----------------+------------+-------------+-----------------+----+--------+------+-----+----+------+-----+---------+-------------------------------------------------------------------------------------------------------------------------+
| g1        | n/a   | BUFGCTRL/O      | None       |           1 |               0 |  0 |      0 |    0 |   0 |  0 |    0 |   0 |       0 | ZYNQ_i/gmii_to_rgmii_0/U0/i_gmii_to_rgmii_block/gmii_tx_clk                                                             |
| g2        | n/a   | BUFG/O          | None       |           1 |               0 |  0 |      0 |    0 |   0 |  0 |    0 |   0 |       0 | ZYNQ_i/gmii_to_rgmii_0/U0/i_gmii_to_rgmii_block/ZYNQ_gmii_to_rgmii_0_0_core/i_gmii_to_rgmii/i_gmii_to_rgmii/rgmii_rxc_0 |
+-----------+-------+-----------------+------------+-------------+-----------------+----+--------+------+-----+----+------+-----+---------+-------------------------------------------------------------------------------------------------------------------------+
* Clock Loads column represents the clock pin loads (pin count)
** Non-Clock Loads column represents the non-clock pin loads (pin count)
*** Columns FF, LUTRAM, RAMB through 'Hard IP' represents load cell counts


12. Clock Region Cell Placement per Global Clock: Region X1Y2
-------------------------------------------------------------

+-----------+-------+-----------------+------------+-------------+-----------------+-----+--------+------+-----+----+------+-----+---------+-------------------------------------------------------------------------------------------------------------------------+
| Global Id | Track | Driver Type/Pin | Constraint | Clock Loads | Non-Clock Loads | FF  | LUTRAM | RAMB | DSP | GT | MMCM | PLL | Hard IP | Net                                                                                                                     |
+-----------+-------+-----------------+------------+-------------+-----------------+-----+--------+------+-----+----+------+-----+---------+-------------------------------------------------------------------------------------------------------------------------+
| g0        | n/a   | BUFG/O          | None       |         109 |               0 | 107 |      0 |    0 |   0 |  0 |    1 |   0 |       0 | ZYNQ_i/gmii_to_rgmii_0/U0/i_ZYNQ_gmii_to_rgmii_0_0_clocking/clkin_out                                                   |
| g1        | n/a   | BUFGCTRL/O      | None       |          46 |               0 |  40 |      0 |    0 |   0 |  0 |    0 |   0 |       0 | ZYNQ_i/gmii_to_rgmii_0/U0/i_gmii_to_rgmii_block/gmii_tx_clk                                                             |
| g2        | n/a   | BUFG/O          | None       |          12 |               0 |  12 |      0 |    0 |   0 |  0 |    0 |   0 |       0 | ZYNQ_i/gmii_to_rgmii_0/U0/i_gmii_to_rgmii_block/ZYNQ_gmii_to_rgmii_0_0_core/i_gmii_to_rgmii/i_gmii_to_rgmii/rgmii_rxc_0 |
+-----------+-------+-----------------+------------+-------------+-----------------+-----+--------+------+-----+----+------+-----+---------+-------------------------------------------------------------------------------------------------------------------------+
* Clock Loads column represents the clock pin loads (pin count)
** Non-Clock Loads column represents the non-clock pin loads (pin count)
*** Columns FF, LUTRAM, RAMB through 'Hard IP' represents load cell counts



# Location of BUFG Primitives 
set_property LOC BUFGCTRL_X0Y16 [get_cells ZYNQ_i/gmii_to_rgmii_0/U0/i_gmii_to_rgmii_block/i_bufgmux_gmii_clk]
set_property LOC BUFGCTRL_X0Y17 [get_cells ZYNQ_i/gmii_to_rgmii_0/U0/i_gmii_to_rgmii_block/i_bufgmux_gmii_clk_25m_2_5m]
set_property LOC BUFGCTRL_X0Y19 [get_cells ZYNQ_i/gmii_to_rgmii_0/U0/i_gmii_to_rgmii_block/ZYNQ_gmii_to_rgmii_0_0_core/i_gmii_to_rgmii/i_gmii_to_rgmii/bufg_rgmii_rx_clk]
set_property LOC BUFGCTRL_X0Y18 [get_cells ZYNQ_i/gmii_to_rgmii_0/U0/i_ZYNQ_gmii_to_rgmii_0_0_clocking/i_bufg_clk_in]

# Location of BUFIO Primitives 
set_property LOC BUFIO_X1Y9 [get_cells ZYNQ_i/gmii_to_rgmii_0/U0/i_gmii_to_rgmii_block/ZYNQ_gmii_to_rgmii_0_0_core/i_gmii_to_rgmii/i_gmii_to_rgmii/bufio_rgmii_rx_clk]

# Location of BUFR Primitives 
set_property LOC BUFR_X1Y9 [get_cells ZYNQ_i/gmii_to_rgmii_0/U0/i_ZYNQ_gmii_to_rgmii_0_0_clocking/clk10_div_buf]

# Location of IO Primitives which is load of clock spine

# Location of clock ports
set_property LOC IOB_X1Y124 [get_ports RGMII_0_rxc]

# Clock net "ZYNQ_i/gmii_to_rgmii_0/U0/i_gmii_to_rgmii_block/gmii_tx_clk" driven by instance "ZYNQ_i/gmii_to_rgmii_0/U0/i_gmii_to_rgmii_block/i_bufgmux_gmii_clk" located at site "BUFGCTRL_X0Y16"
#startgroup
create_pblock {CLKAG_ZYNQ_i/gmii_to_rgmii_0/U0/i_gmii_to_rgmii_block/gmii_tx_clk}
add_cells_to_pblock [get_pblocks  {CLKAG_ZYNQ_i/gmii_to_rgmii_0/U0/i_gmii_to_rgmii_block/gmii_tx_clk}] [get_cells -filter { PRIMITIVE_GROUP != I/O && IS_PRIMITIVE==1 && PRIMITIVE_LEVEL !=INTERNAL } -of_object [get_pins -filter {DIRECTION==IN} -of_objects [get_nets -hierarchical -filter {PARENT=="ZYNQ_i/gmii_to_rgmii_0/U0/i_gmii_to_rgmii_block/gmii_tx_clk"}]]]
resize_pblock [get_pblocks {CLKAG_ZYNQ_i/gmii_to_rgmii_0/U0/i_gmii_to_rgmii_block/gmii_tx_clk}] -add {CLOCKREGION_X0Y2:CLOCKREGION_X0Y2 CLOCKREGION_X1Y2:CLOCKREGION_X1Y2}
#endgroup

# Clock net "ZYNQ_i/gmii_to_rgmii_0/U0/i_gmii_to_rgmii_block/ZYNQ_gmii_to_rgmii_0_0_core/i_gmii_to_rgmii/i_gmii_to_rgmii/rgmii_rxc_0" driven by instance "ZYNQ_i/gmii_to_rgmii_0/U0/i_gmii_to_rgmii_block/ZYNQ_gmii_to_rgmii_0_0_core/i_gmii_to_rgmii/i_gmii_to_rgmii/bufg_rgmii_rx_clk" located at site "BUFGCTRL_X0Y19"
#startgroup
create_pblock {CLKAG_ZYNQ_i/gmii_to_rgmii_0/U0/i_gmii_to_rgmii_block/ZYNQ_gmii_to_rgmii_0_0_core/i_gmii_to_rgmii/i_gmii_to_rgmii/rgmii_rxc_0}
add_cells_to_pblock [get_pblocks  {CLKAG_ZYNQ_i/gmii_to_rgmii_0/U0/i_gmii_to_rgmii_block/ZYNQ_gmii_to_rgmii_0_0_core/i_gmii_to_rgmii/i_gmii_to_rgmii/rgmii_rxc_0}] [get_cells -filter { PRIMITIVE_GROUP != I/O && IS_PRIMITIVE==1 && PRIMITIVE_LEVEL !=INTERNAL } -of_object [get_pins -filter {DIRECTION==IN} -of_objects [get_nets -hierarchical -filter {PARENT=="ZYNQ_i/gmii_to_rgmii_0/U0/i_gmii_to_rgmii_block/ZYNQ_gmii_to_rgmii_0_0_core/i_gmii_to_rgmii/i_gmii_to_rgmii/rgmii_rxc_0"}]]]
resize_pblock [get_pblocks {CLKAG_ZYNQ_i/gmii_to_rgmii_0/U0/i_gmii_to_rgmii_block/ZYNQ_gmii_to_rgmii_0_0_core/i_gmii_to_rgmii/i_gmii_to_rgmii/rgmii_rxc_0}] -add {CLOCKREGION_X0Y2:CLOCKREGION_X0Y2 CLOCKREGION_X1Y2:CLOCKREGION_X1Y2}
#endgroup

# Clock net "ZYNQ_i/gmii_to_rgmii_0/U0/i_ZYNQ_gmii_to_rgmii_0_0_clocking/clkin_out" driven by instance "ZYNQ_i/gmii_to_rgmii_0/U0/i_ZYNQ_gmii_to_rgmii_0_0_clocking/i_bufg_clk_in" located at site "BUFGCTRL_X0Y18"
#startgroup
create_pblock {CLKAG_ZYNQ_i/gmii_to_rgmii_0/U0/i_ZYNQ_gmii_to_rgmii_0_0_clocking/clkin_out}
add_cells_to_pblock [get_pblocks  {CLKAG_ZYNQ_i/gmii_to_rgmii_0/U0/i_ZYNQ_gmii_to_rgmii_0_0_clocking/clkin_out}] [get_cells -filter { PRIMITIVE_GROUP != I/O && IS_PRIMITIVE==1 && PRIMITIVE_LEVEL !=INTERNAL && NAME!=ZYNQ_i/gmii_to_rgmii_0/U0/i_ZYNQ_gmii_to_rgmii_0_0_clocking/mmcm_adv_inst} -of_object [get_pins -filter {DIRECTION==IN} -of_objects [get_nets -hierarchical -filter {PARENT=="ZYNQ_i/gmii_to_rgmii_0/U0/i_ZYNQ_gmii_to_rgmii_0_0_clocking/clkin_out"}]]]
resize_pblock [get_pblocks {CLKAG_ZYNQ_i/gmii_to_rgmii_0/U0/i_ZYNQ_gmii_to_rgmii_0_0_clocking/clkin_out}] -add {CLOCKREGION_X1Y2:CLOCKREGION_X1Y2}
#endgroup
